class
org.junit.runner.notification.RunNotifierTest
org.junit.tests.experimental.theories.internal.AllTheoriesInternalTests
org.junit.tests.running.classes.ParentRunnerTest.FruitTest
org.junit.tests.manipulation.FilterableTest.FilteredTest
org.junit.runner.Request
org.junit.rules.TestRuleTest.MethodWrongTypedField
org.junit.validator.AnnotationsValidator.AnnotatableValidator
org.junit.tests.experimental.theories.internal.ParameterizedAssertionErrorTest.1
org.junit.rules.TestRuleTest.MethodMultipleRuleTest.Increment
junit.tests.extensions.RepeatedTestTest
org.junit.tests.running.methods.AnnotationTest.SubFieldShadowing
org.junit.tests.experimental.AllExperimentalTests
org.junit.internal.builders.NullBuilder
org.junit.rules.ClassRulesTest.CustomCounter.1
org.junit.tests.running.methods.TimeoutTest.InfiniteLoopMultithreaded
junit.framework.TestSuite
org.junit.rules.ExpectedExceptionTest.ExpectsMatcher
org.junit.tests.running.methods.TimeoutTest.ImpatientLoopTest
org.junit.experimental.categories.JavadocTest.SmokeTests
org.junit.tests.running.methods.AnnotationTest.OldSuiteTest
org.junit.rules.ExpectedExceptionTest.UseCustomMessageWithoutPlaceHolder
org.junit.rules.ClassRulesTest.CallMethodOnlyOnceRule.Dummy
org.junit.tests.running.methods.TestMethodTest.Confused
org.junit.runners.parameterized.BlockJUnit4ClassRunnerWithParameters.InjectionType
org.junit.rules.ExpectedExceptionTest.ThrowNoExceptionButExpectExceptionWithType
org.junit.internal.ArrayComparisonFailure
org.junit.rules.TestRuleTest.MethodNoRulesTest
org.junit.runners.model.FrameworkMethodTest.ClassWithDummyMethod
org.junit.tests.running.core.JUnitCoreReturnsCorrectExitCodeTest.Fail
org.junit.runners.BlockJUnit4ClassRunner.2
org.junit.internal.runners.InitializationError
org.junit.runners.BlockJUnit4ClassRunner.1
org.junit.runner.FilterFactoriesTest.DummySuite
org.junit.rules.ClassRulesTest
org.junit.runner.notification.ConcurrentRunNotifierTest.4
org.junit.experimental.categories.CategoryTest.B
org.junit.internal.builders.AnnotatedBuilderTest.OuterClass.InnerClassWithOwnRunWith
junit.textui.ResultPrinter
org.junit.experimental.categories.CategoryTest.C
org.junit.runner.notification.ConcurrentRunNotifierTest.3
org.junit.tests.experimental.max.DescriptionTest
org.junit.tests.running.classes.RunWithTest.SubExampleTest
org.junit.internal.management.ReflectiveRuntimeMXBean
org.junit.ComparisonFailure.ComparisonCompactor.DiffExtractor
org.junit.experimental.categories.CategoryTest.A
org.junit.runner.notification.ConcurrentRunNotifierTest.1
org.junit.tests.experimental.theories.runner.SuccessfulWithDataPointFields.PositiveIntsWithMethodParams
org.junit.experimental.categories.CategoriesAndParameterizedTest.SuiteWithParameterizedTestWithCategory
org.junit.tests.experimental.theories.runner.SuccessfulWithDataPointFields.DifferentTypesInConstructor
org.junit.tests.junit3compatibility.JUnit38ClassRunnerTest.1
org.junit.tests.validation.BadlyFormedClassesTest.FaultyConstructor
org.junit.tests.running.classes.ClassLevelMethodsWithIgnoredTestsTest.BeforeClassWithIgnoredTest
junit.tests.extensions.RepeatedTestTest.SuccessTest
org.junit.runner.FilterFactoriesTest.DummyTest
org.junit.tests.junit3compatibility.ForwardCompatibilityTest.NoExceptionTest
org.junit.experimental.categories.CategoryTest.ExcludedTest1
org.junit.internal.management.FakeRuntimeMXBean
org.junit.rules.ErrorCollectorTest.CheckRunnableThatThrowsUnexpectedTypeOfException.8
junit.extensions.ActiveTestSuite
org.junit.experimental.theories.Theories
org.junit.rules.StopwatchTest.SuccessfulTest
org.junit.rules.ExpectedExceptionTest.ThrowExceptionWithExpectedType
org.junit.tests.experimental.theories.runner.SuccessfulWithDataPointFields.StaticPublicNonDataPoints
org.junit.tests.junit3compatibility.InitializationErrorForwardCompatibilityTest.InitializesWithError
org.junit.experimental.categories.CategoryTest.OneFast
org.junit.runner.RequestTest.FailingComputer
org.junit.tests.SampleJUnit4Tests
org.junit.experimental.categories.CategoryTest.ExcludedTest2
org.junit.tests.experimental.theories.internal.AllMembersSupplierTest.HasDataPointsArrayWithMatchingButInaccurateTypes
org.junit.tests.listening.TextListenerTest.OneTest
org.junit.tests.running.methods.TestMethodTest.ConstructorParameter
org.junit.runner.manipulation.Filter
org.junit.tests.running.classes.ParameterizedTestTest.AdditionTest
org.junit.internal.runners.ErrorReportingRunnerTest.TestClassWithErrors
org.junit.validator.PublicClassValidatorTest.PublicClass
org.junit.rules.EventCollector
org.junit.tests.manipulation.FilterTest.NamedFilter
org.junit.internal.MethodSorterTest.Super
org.junit.runners.model.TestClassTest.OuterClass
org.junit.rules.RuleMemberValidatorTest.MethodTestWithStaticClassAndTestRule
org.junit.rules.TestRuleTest.PrivateRule
org.junit.tests.experimental.theories.runner.FailingDataPointMethods.HasIgnoredFailingSingleDataPointMethod
org.junit.internal.runners.statements.ExpectExceptionTest
org.junit.tests.running.methods.AnnotationTest.TwoTests
junit.tests.extensions.AllTests
org.junit.experimental.categories.CategoryValidator
org.junit.tests.running.classes.EnclosedTest
org.junit.rules.ErrorCollectorTest.CheckCallableThatThrowsAnException.1
org.junit.runners.parameterized.TestWithParametersTest.DummyClass
org.junit.validator.PublicClassValidatorTest
org.junit.ComparisonFailure
org.junit.runners.model.RunnerBuilder
org.junit.runners.model.TestClassTest.AnnotatedClass
org.junit.internal.Checks
org.junit.runner.notification.SynchronizedRunListenerTest
org.junit.rules.TestWatcherTest.Callbacks
org.junit.tests.experimental.theories.runner.WithAutoGeneratedDataPoints.TheoryTestClassWithSpecificBooleanDataPoint
org.junit.tests.SampleJUnit4Tests.TestWithOneThrowingTestMethodWithCause
org.junit.internal.management.ManagementFactory
org.junit.rules.Timeout.1
org.junit.tests.experimental.theories.runner.WithParameterSupplier.SupplierWithUnknownConstructor
org.junit.runner.notification.ConcurrentRunNotifierTest.ConcurrentRunListener
org.junit.runner.RunnerSpy
org.junit.tests.running.classes.ClassLevelMethodsWithIgnoredTestsTest.AfterClassWithIgnoredTest
junit.samples.money.MoneyTest
org.junit.rules.BlockJUnit4ClassRunnerOverrideTest.OverrideTestRulesRunner.2
org.junit.runner.RequestTest.BarTest
org.junit.validator.AnnotationsValidator.MethodValidator
org.junit.internal.runners.statements.FailOnTimeoutTest
org.junit.internal.MethodSorter
org.junit.internal.Throwables
junit.tests.framework.NoTestCases
org.junit.tests.manipulation.SortableTest.TestOnlySortableClassRunnerIsSortable.SortMe
org.junit.tests.running.methods.TestMethodTest.SubWrong
org.junit.tests.junit3compatibility.ForwardCompatibilityTest.MarkerRunner
org.junit.tests.manipulation.OrderableTest.TestOrderableClassRunnerIsSortable.OrderableRunner
org.junit.tests.manipulation.SingleMethodTest.1
org.junit.tests.manipulation.SortableTest.TestClassRunnerIsSortableWithSuiteMethod
org.junit.rules.ErrorCollectorTest.ErrorCollectorNotCalledByFailingTest
org.junit.runner.notification.RunListener
junit.tests.extensions.ExtensionTest.TornDown
org.junit.tests.running.classes.BlockJUnit4ClassRunnerTest.OuterClass
org.junit.tests.junit3compatibility.JUnit38ClassRunnerTest.RejectAllTestsFilter
org.junit.tests.running.classes.ParameterizedTestTest
junit.tests.framework.TestCaseTest.10
org.junit.tests.running.classes.SuiteTest.AllWithOutAnnotation
org.junit.experimental.theories.PotentialAssignment.1
org.junit.internal.runners.statements.FailOnTimeout
org.junit.internal.builders.AllDefaultPossibilitiesBuilder
org.junit.tests.junit3compatibility.AllTestsTest.JUnit4Test
junit.tests.runner.BaseTestRunnerTest.MockRunner
org.junit.tests.junit3compatibility.ForwardCompatibilityPrintingTest.2
org.junit.tests.junit3compatibility.ForwardCompatibilityPrintingTest.1
org.junit.tests.manipulation.SortableTest.TestClassRunnerIsSortable
org.junit.rules.DisableOnDebug
org.junit.tests.junit3compatibility.ForwardCompatibilityPrintingTest.3
org.junit.experimental.categories.CategoryTest.MultiIncludeWithExcludeCategorySuite
org.junit.tests.running.methods.AnnotationTest.RunAllAftersRegardless
org.junit.runners.model.NoGenericTypeParametersValidator
org.junit.tests.manipulation.OrderWithTest.TestClassRunnerIsOrderableViaOrderWith.OrderedReverseAlphanumerically
org.junit.experimental.theories.Theories.TheoryAnchor.1.2
org.junit.experimental.categories.CategoryTest.SomeAreSlow
org.junit.rules.DisableOnDebugTest
org.junit.experimental.categories.AllCategoriesTests
org.junit.experimental.categories.Categories.CategoryFilter
org.junit.tests.junit3compatibility.InitializationErrorForwardCompatibilityTest.CantInitializeTests
org.junit.tests.running.classes.ParameterizedTestTest.BeforeAndAfter
org.junit.internal.management.ManagementFactory.FactoryHolder
org.junit.internal.matchers.StacktracePrintingMatcher
org.junit.experimental.categories.CategoryTest.ReallySlowTests
junit.tests.runner.TextRunnerSingleMethodTest.InvocationTest
org.junit.tests.manipulation.SingleMethodTest.ParameterizedOneTimeBeforeClass
org.junit.tests.running.methods.AnnotationTest.SuperTest
org.junit.internal.runners.MethodValidator
org.junit.tests.running.classes.RunWithTest
org.junit.tests.running.methods.AllMethodsTests
org.junit.runner.Result.Listener
org.junit.internal.builders.AnnotatedBuilderTest.InnerRunner
org.junit.tests.manipulation.SortableTest
org.junit.tests.experimental.theories.runner.WithUnresolvedGenericTypeVariablesOnTheoryParms.TypeVariableOnComponentOfArrayTypeOnTheoryParm
org.junit.tests.manipulation.OrderWithTest.UnOrderableRunnersAreHandledWithoutCrashing
org.junit.Assume
org.junit.internal.StackTracesTest.ExceptionMessageMatcher
org.junit.rules.TestRuleTest.TestRuleIsAroundMethodRule
org.junit.experimental.categories.CategoryTest.FastTests
org.junit.internal.JUnitSystem
org.junit.tests.running.classes.parent.ParentRunnerClassLoaderTest
org.junit.tests.assertion.AssertionTest.NestedException
org.junit.tests.experimental.theories.runner.WithDataPointMethod.HasDataPointMethod
org.junit.internal.Throwables.State
org.junit.tests.experimental.max.MaxStarterTest
org.junit.rules.ExpectedExceptionTest.ExpectsMultipleMatchers
org.junit.rules.ErrorCollectorTest.AddTwoErrors
org.junit.runners.JUnit4
org.junit.rules.TestRuleTest.CustomTestName.4
org.junit.tests.experimental.AssumptionTest.HasAssumeWithMessageAndCause
org.junit.runner.JUnitCommandLineParseResult
junit.framework.Assert
junit.samples.AllTests
org.junit.rules.ErrorCollectorTest.CheckCallableThatDoesNotThrowAnException.6
org.junit.internal.requests.MemoizingRequest
org.junit.tests.experimental.theories.runner.AllTheoriesRunnerTests
org.junit.experimental.results.ResultMatchers.3
org.junit.experimental.results.ResultMatchers.4
org.junit.rules.ClassRulesTest.ClassRuleOrderingDefault
junit.textui.TestRunner
org.junit.experimental.results.ResultMatchers.1
org.junit.internal.InexactComparisonCriteria
org.junit.tests.experimental.theories.runner.WithAutoGeneratedDataPoints
org.junit.experimental.results.ResultMatchers.2
org.junit.tests.manipulation.SortableTest.TestClassRunnerIsSortable.DoNotSortMe
org.junit.tests.running.methods.AnnotationTest.SubShadowing.2
org.junit.experimental.categories.CategoryTest.ClassAsCategory
junit.extensions.TestSetup.1
org.junit.runner.FilterFactories
junit.tests.framework.DoublePrecisionAssertTest
org.junit.experimental.max.MaxCore
org.junit.rules.MethodRulesTest.Increment.2
org.junit.internal.management.ReflectiveThreadMXBean
org.junit.runners.RuleContainer
org.junit.tests.experimental.parallel.ParallelClassTest
org.junit.tests.experimental.theories.runner.SuccessfulWithDataPointFields.PositiveIntsWithNegativeField
org.junit.tests.running.core.JUnitCoreReturnsCorrectExitCodeTest.Succeed
org.junit.tests.running.classes.ParameterizedTestTest.BadNumberOfAnnotatedFieldTest
junit.framework.ComparisonFailure
junit.tests.framework.AssertTest
org.junit.tests.manipulation.OrderableTest.TestClassRunnerIsOrderable.Enclosing
org.junit.internal.builders.JUnit4Builder
org.junit.internal.runners.JUnit38ClassRunner.OldTestClassAdaptingListener
org.junit.runners.parameterized.TestWithParameters
org.junit.rules.TestRuleTest.SonOfWrongTypedField
org.junit.rules.ErrorCollectorTest.CheckTwoCallablesThatThrowExceptions
org.junit.tests.manipulation.OrderWithTest.TestClassRunnerIsOrderableViaOrderWith.Unordered
org.junit.tests.assertion.MultipleFailureExceptionTest.ExpectedException
org.junit.tests.experimental.max.MaxStarterTest.TwoOldTests
org.junit.tests.experimental.theories.runner.FailingDataPointMethods.HasWronglyIgnoredFailingMultipleDataPointMethod
org.junit.rules.TestWatcherTest.CallbackArguments.Skipped
org.junit.tests.experimental.theories.runner.FailingDataPointMethods.HasFailingDataPointArrayMethod
junit.tests.framework.NoArgTestCaseTest
org.junit.experimental.theories.suppliers.TestedOnSupplier
org.junit.internal.matchers.TypeSafeMatcher
org.junit.runner.FilterOptionIntegrationTest
org.junit.tests.SampleJUnit4Tests.ThrowingMethodRule
org.junit.internal.RealSystem
org.junit.tests.running.classes.ParameterizedTestTest.SingleArgumentTestWithCollection
org.junit.rules.RuleMemberValidatorTest.TestWithStaticTestRule
org.junit.tests.deprecated.AllDeprecatedTests
org.junit.tests.description.TestDescriptionMethodNameTest
org.junit.tests.running.methods.TimeoutTest.TimeoutFailureTest
org.junit.runner.manipulation.Alphanumeric.1
org.junit.rules.DisableOnDebugTest.PreJava5DebugArgumentsReversedTest
org.junit.tests.experimental.theories.runner.WithUnresolvedGenericTypeVariablesOnTheoryParms
org.junit.tests.junit3compatibility.JUnit38ClassRunnerTest.OneTest
junit.tests.framework.TestCaseTest.1
org.junit.tests.running.core.SystemExitTest
junit.tests.framework.TestCaseTest.4
org.junit.rules.ClassRulesTest.OrderTestRule.2
org.junit.runner.FilterFactoriesTest.NonInstantiableFilterFactory
org.junit.tests.experimental.theories.runner.SuccessfulWithDataPointFields.BeforeAndAfterOnSameInstance
junit.tests.framework.TestCaseTest.5
junit.tests.framework.TestCaseTest.2
junit.tests.framework.TestCaseTest.3
org.junit.tests.junit3compatibility.JUnit38ClassRunnerTest.ClassWithInvalidMethod
org.junit.runners.model.MultipleFailureException
junit.tests.framework.TestCaseTest.8
org.junit.tests.running.classes.ParentRunnerFilteringTest.ExampleSuite
junit.tests.framework.TestCaseTest.9
junit.tests.framework.TestCaseTest.6
junit.tests.framework.TestCaseTest.7
org.junit.internal.runners.JUnit4ClassRunner.2
org.junit.internal.runners.JUnit4ClassRunner.1
org.junit.internal.MethodSorterTest.DummySortWithoutAnnotation
org.junit.rules.TestRuleTest.OneFieldTwoKindsOfRule
org.junit.internal.runners.rules.RuleMemberValidator.FieldMustBeATestRule
org.junit.rules.RuleMemberValidatorTest.MethodTestWithMethodRule.4
org.junit.tests.running.classes.ParentRunnerTest.1
org.junit.tests.manipulation.OrderableTest.TestClassRunnerIsOrderableWithSuiteMethod
org.junit.tests.running.classes.ParentRunnerTest.2
junit.tests.AllTests
org.junit.tests.listening.UserStopTest.OneTest
org.junit.internal.TextListener
org.junit.experimental.categories.JavadocTest.SlowTests
org.junit.runners.model.TestClassTest.MethodsAnnotated
org.junit.internal.ChecksTest
org.junit.tests.description.AllDescriptionTests
org.junit.tests.description.AnnotatedDescriptionTest
junit.tests.runner.ResultTest.AssumptionFailedTest
org.junit.experimental.categories.CategoryTest.InheritanceSuite
org.junit.tests.experimental.theories.runner.WithOnlyTestAnnotations.HonorTimeout
org.junit.rules.TestRuleTest.MultipleRuleTest.Increment
org.junit.tests.manipulation.OrderWithTest.TestClassRunnerIsOrderableViaOrderWith.OrderedAlphanumerically
org.junit.internal.StackTracesTest.StackTraceLineMatcher
org.junit.samples.ListTest
org.junit.rules.ExpectedExceptionTest.UseCustomMessageWithPlaceHolder
org.junit.internal.MethodSorter.2
org.junit.internal.MethodSorter.1
org.junit.runners.ParentRunner
org.junit.samples.AllSamplesTests
org.junit.experimental.runners.Enclosed
org.junit.rules.TestWatcherTest.CallbackArguments.Succeeded
org.junit.runner.Computer.2
org.junit.runner.Computer.1
org.junit.internal.matchers.ThrowableCauseMatcherTest
org.junit.tests.experimental.max.MaxStarterTest.MalformedJUnit38Test
org.junit.tests.running.methods.TimeoutTest.FailureWithTimeoutRunTimeExceptionTest
org.junit.tests.assertion.AssertionTest.NullToString
org.junit.runners.model.InvalidTestClassErrorTest.SampleTestClass
org.junit.tests.junit3compatibility.JUnit4TestAdapterTest.Test3
org.junit.runner.manipulation.Ordering.Context
org.junit.tests.junit3compatibility.JUnit4TestAdapterTest.Test4
org.junit.validator.AnnotationValidatorFactoryTest.ValidatorThatThrowsException
org.junit.tests.experimental.theories.runner.WithExtendedParameterSources.DataPointArrayMethod
org.junit.rules.Stopwatch.InternalWatcher
org.junit.rules.ExpectedExceptionTest
junit.framework.ComparisonCompactor
org.junit.tests.junit3compatibility.AllTestsTest.BadSuiteMethod
org.junit.rules.TestWatchman.1
org.junit.rules.MethodRulesTest.CustomTestName.6
org.junit.tests.experimental.theories.runner.FailingDataPointMethods.HasFailingSingleDataPointMethod
org.junit.rules.TestWatcherTest.CallbackArguments.Finished
org.junit.rules.ErrorCollectorTest.CheckRunnableThatThrowsUnexpectedTypeOfException
org.junit.tests.junit3compatibility.ForwardCompatibilityPrintingTest.ATest
org.junit.tests.running.classes.AllClassesTests
org.junit.rules.ErrorCollector.1
org.junit.experimental.categories.CategoryTest.SomeAreSlowSuite
org.junit.tests.running.methods.TestMethodTest
org.junit.runners.model.TestClass
org.junit.runners.model.FrameworkFieldTest.ClassWithDummyField
org.junit.internal.Classes
org.junit.experimental.categories.CategoryTest.AllIncludedMustMatched
org.junit.internal.Throwables.State.2
org.junit.rules.BlockJUnit4ClassRunnerOverrideTest.OverrideRulesTest
org.junit.tests.running.core.AllCoreTests
org.junit.internal.Throwables.State.3
org.junit.internal.Throwables.State.4
org.junit.internal.Throwables.State.5
org.junit.rules.TestRuleTest.OrderTestRule
org.junit.internal.management.RuntimeMXBean
org.junit.validator.AnnotationsValidator.ClassValidator
org.junit.rules.TestWatcherTest.Callbacks.SuccessfulTest
org.junit.runner.manipulation.Sorter
org.junit.runners.parameterized.BlockJUnit4ClassRunnerWithParameters
org.junit.tests.manipulation.SortableTest.TestClassRunnerIsSortableWithSuiteMethod.SortMe
org.junit.tests.experimental.parallel.ParallelClassTest.Example2
org.junit.tests.experimental.parallel.ParallelClassTest.Example1
org.junit.tests.experimental.theories.runner.WithUnresolvedGenericTypeVariablesOnTheoryParms.TypeVariableOnTheoryParm
org.junit.tests.listening.RunnerTest.ExampleTest
org.junit.tests.running.classes.ParameterizedTestTest.ParameterizedWithoutSpecialTestname
org.junit.experimental.theories.internal.AllMembersSupplier
org.junit.rules.MethodRulesTest.CallsMethodReturningRuleOnlyOnce.Dummy
org.junit.tests.experimental.results.PrintableResultTest
org.junit.tests.experimental.max.MaxStarterTest.TwoUnEqualTests
org.junit.tests.experimental.theories.AssumingInTheoriesTest.TheoryWithNoUnassumedParameters
junit.tests.runner.StackFilterTest
org.junit.runner.notification.StoppedByUserException
org.junit.rules.ErrorCollectorTest.CheckCallableThatThrowsInternalAssumptionViolatedException
org.junit.tests.experimental.theories.runner.TheoriesPerformanceTest.UpToTen
org.junit.rules.MethodRulesTest.PrivateRule
org.junit.tests.manipulation.OrderWithTest
org.junit.rules.TempFolderRuleTest
org.junit.tests.listening.TestListenerTest
org.junit.tests.running.methods.AnnotationTest.SuperFieldShadowing
org.junit.tests.manipulation.FilterableTest
org.junit.rules.MethodRulesTest.TestMethodRule.1
org.junit.tests.running.core.CommandLineTest
org.junit.rules.TestRuleTest.BeforesAndAfters
org.junit.rules.ExternalResourceRuleTest.UsesExternalResource
org.junit.rules.TestRuleTest.MethodUsesCustomMethodRule
org.junit.tests.experimental.max.JUnit38SortingTest.JUnit38Test
org.junit.rules.TestRule
org.junit.internal.MethodSorterTest
org.junit.rules.ErrorCollectorTest.CheckTwoCallablesThatThrowExceptions.2
org.junit.rules.TestRuleTest.UsesFieldAndMethodRule
org.junit.rules.ErrorCollectorTest.CheckTwoCallablesThatThrowExceptions.3
org.junit.tests.experimental.theories.runner.WhenNoParametersMatch
org.junit.tests.running.methods.AnnotationTest.FailureTest
org.junit.rules.BlockJUnit4ClassRunnerOverrideTest
org.junit.rules.TempFolderRuleTest.NameClashes
org.junit.samples.money.MoneyTest
org.junit.tests.running.methods.AnnotationTest.SuperStaticFieldShadowing.7
org.junit.runners.model.TestClassTest.OuterClass.NonStaticInnerClass
org.junit.experimental.theories.PotentialAssignment
org.junit.internal.management.ManagementFactory.RuntimeHolder
org.junit.tests.experimental.theories.runner.WithNamedDataPoints.HasSpecificDatapointsParameters
org.junit.rules.VerifierRuleTest.UsesVerifier.1
org.junit.rules.BlockJUnit4ClassRunnerOverrideTest.OverrideCreateTest
org.junit.rules.MethodRulesTest.UsesCustomMethodRule
org.junit.tests.running.classes.SuiteTest.Hydra
junit.samples.money.IMoney
org.junit.rules.StopwatchTest.Record
org.junit.internal.runners.rules.RuleMemberValidator.MethodMustBeATestRule
org.junit.rules.RuleMemberValidatorTest.TestWithClassRuleMethodThatReturnsMethodRule.2
org.junit.tests.running.classes.ParameterizedTestTest.IncorrectTest
org.junit.tests.validation.ValidationTest.WrongBeforeClass
org.junit.rules.TempFolderRuleTest.CreatesRandomFiles
org.junit.tests.junit3compatibility.JUnit4TestAdapterTest
org.junit.internal.runners.model.ReflectiveCallable
org.junit.runners.model.TestClassTest.PublicClass
org.junit.runner.notification.ConcurrentRunNotifierTest
org.junit.tests.experimental.theories.runner.WithParameterSupplier
junit.framework.JUnit4TestAdapterCache.1
org.junit.experimental.max.CouldNotReadCoreException
org.junit.tests.junit3compatibility.AllTestsTest.AllJUnit4
org.junit.tests.running.methods.TestMethodTest.OnlyTestIsIgnored
org.junit.rules.ClassRulesTest.MethodSubclassOfTestWithClassRule
junit.tests.framework.InheritedTestCase
org.junit.tests.experimental.theories.extendingwithstubs.GuesserQueue
org.junit.tests.running.classes.parent.ParentRunnerClassLoaderTest.1
org.junit.tests.experimental.theories.extendingwithstubs.MethodCall
org.junit.experimental.categories.CategoryTest.Inherited
org.junit.tests.experimental.theories.internal.AllMembersSupplierTest.HasDataPointsListMethod
org.junit.tests.running.classes.BlockJUnit4ClassRunnerTest.1
org.junit.tests.running.core.MainRunner.ExitException
org.junit.rules.TestRuleTest.CallMethodOnlyOnceRule.Dummy.9
org.junit.tests.experimental.theories.runner.TypeMatchingBetweenMultiDataPointsMethod
org.junit.tests.running.classes.SuiteTest.All
org.junit.tests.running.methods.AnnotationTest.SetupFailureTest
org.junit.experimental.categories.CategoryTest.RunSlowFromVerySlow
org.junit.experimental.theories.ParameterSignature
org.junit.tests.experimental.max.DescriptionTest.1URLClassLoader2
org.junit.tests.junit3compatibility.ForwardCompatibilityTest.NoTests
org.junit.ComparisonFailure.ComparisonCompactor
org.junit.rules.TestRuleTest.ExampleTest.1.2
org.junit.tests.running.classes.ThreadsTest.TestWithInterruptFromAfterClass
org.junit.tests.manipulation.OrderableTest.UnOrderableRunnersAreHandledWithoutCrashing
org.junit.internal.runners.rules.RuleMemberValidator.DeclaringClassMustBePublic
org.junit.tests.running.classes.RunWithTest.BadRunner
org.junit.rules.ExpectedExceptionTest.FailBeforeExpectingException
org.junit.runner.FilterFactoriesTest.DummyCategory
org.junit.tests.manipulation.OrderWithTest.TestClassRunnerIsOrderableViaOrderWith.SuiteOrderedAlphanumerically
org.junit.runner.notification.RunNotifierTest.CountingListener
org.junit.internal.requests.SortingRequest
org.junit.rules.MethodRulesTest.HasMultipleMethodsReturningMethodRule
org.junit.tests.running.classes.ParameterizedTestTest.ParametersNotIterable
org.junit.rules.RuleChainTest.RuleChainWithNullRules
org.junit.rules.EventCollector.3
org.junit.rules.EventCollector.4
org.junit.tests.experimental.theories.internal.AllMembersSupplierTest.HasDataPointMethodWithOverlyGeneralTypes
org.junit.rules.EventCollector.1
org.junit.rules.EventCollector.2
junit.tests.runner.ResultTest
org.junit.rules.BlockJUnit4ClassRunnerOverrideTest.OverrideTestRulesRunner
junit.tests.extensions.ExtensionTest
junit.tests.framework.NotPublicTestCase
org.junit.tests.running.classes.ParameterizedTestTest.OneShotIterable
org.junit.runners.parameterized.BlockJUnit4ClassRunnerWithParameters.RunAfterParams
org.junit.rules.RuleMemberValidatorTest.TestWithMethodRule
org.junit.rules.StopwatchTest.AbstractStopwatchTest.2
org.junit.rules.TestRuleTest.TestRuleOrderingWithMethodRule
org.junit.rules.StopwatchTest.AbstractStopwatchTest.3
org.junit.internal.runners.statements.FailOnTimeoutTest.DelegatingStatement
org.junit.function.ThrowingRunnable
org.junit.rules.ExternalResource
org.junit.rules.StopwatchTest.AbstractStopwatchTest.1
org.junit.tests.junit3compatibility.ForwardCompatibilityTest.UnExpectedExceptionTest
junit.tests.runner.TextRunnerSingleMethodTest
org.junit.tests.running.methods.AnnotationTest.OldTest
org.junit.tests.running.methods.AnnotationTest.SuperFieldShadowing.5
org.junit.tests.running.classes.ThreadsTest.TestWithInterrupt
org.junit.experimental.categories.CategoryTest
org.junit.rules.MethodRulesTest.WatchmanTest.4
org.junit.tests.experimental.theories.runner.TypeMatchingBetweenMultiDataPointsMethod.WithCorrectlyTypedDataPointsMethod
org.junit.rules.NameRulesTest
org.junit.rules.TestRuleTest.CallMethodOnlyOnceRule.Dummy
org.junit.rules.RuleMemberValidatorTest.TestMethodWithStaticMethodRule
org.junit.tests.running.methods.AnnotationTest.OneTimeSetup
org.junit.tests.running.methods.TimeoutTest.TimeOutOneSecond
org.junit.tests.running.methods.AnnotationTest.SubInheritance
org.junit.internal.runners.statements.InvokeMethod
org.junit.tests.manipulation.ReverseAlphanumericOrdering
org.junit.rules.ClassRulesTest.ExampleTestWithClassRule
org.junit.tests.running.classes.ParameterizedTestTest.ExceptionThrowingRunnerFactory
org.junit.tests.experimental.parallel.ParallelMethodTest.Example
org.junit.internal.ComparisonCriteria
org.junit.tests.experimental.theories.runner.UnsuccessfulWithDataPointFields.DataPointMethodsMustBePublic
org.junit.rules.MethodRulesTest.BeforesAndAfters.5
org.junit.tests.manipulation.OrderWithTest.TestClassRunnerIsSortableViaOrderWith.SortedAlphanumerically
org.junit.internal.ArrayComparisonFailureTest
org.junit.tests.running.classes.UseSuiteAsASuperclassTest
org.junit.rules.ErrorCollectorTest.AddInternalAssumptionViolatedException
org.junit.tests.experimental.parallel.AllParallelTests
org.junit.rules.TestWatcherTest.CallbackArguments
org.junit.tests.manipulation.OrderableTest
org.junit.tests.running.methods.TimeoutTest.FailureWithTimeoutTest
org.junit.experimental.max.MaxCore.1
junit.tests.WasRun
org.junit.tests.experimental.results.PrintableResultTest.1
junit.tests.framework.ComparisonCompactorTest
org.junit.rules.TestRuleTest.MethodPrivateRule
org.junit.rules.MethodRulesTest.HasMethodReturningMethodRule
org.junit.rules.TestWatcherTest.CallbackArguments.Starting.5
org.junit.tests.deprecated.JUnit4ClassRunnerTest.Example
org.junit.tests.junit3compatibility.AllTestsTest
org.junit.tests.listening.ListenerTest
org.junit.tests.running.classes.ParentRunnerTest.CountingRunListener
org.junit.runners.model.TestClassTest
org.junit.rules.TestWatcherTest.CallbackArguments.Starting
org.junit.validator.AnnotationsValidatorTest.AnnotationValidatorFieldTest
org.junit.tests.experimental.theories.extendingwithstubs.Guesser.1
org.junit.tests.listening.RunnerTest
junit.tests.framework.SuiteTest
junit.tests.runner.TextFeedbackTest
org.junit.rules.RuleMemberValidatorTest.TestWithNonStaticClassRule
org.junit.tests.junit3compatibility.JUnit38ClassRunnerTest.DerivedAnnotatedMethod
org.junit.AssumptionViolatedExceptionTest
junit.tests.framework.TestImplementorTest.2
org.junit.tests.experimental.theories.extendingwithstubs.Correspondent
org.junit.rules.VerifierRuleTest.UsesVerifier
org.junit.tests.TestSystem
org.junit.internal.runners.statements.ExpectExceptionTest.AssumptionViolatedExceptionSubclass
org.junit.rules.TestRuleTest.MethodOneFieldTwoKindsOfRule
org.junit.rules.ErrorCollectorTest.CheckCallableThatThrowsInternalAssumptionViolatedException.4
org.junit.rules.NameRulesTest.BeforeAndAfterTest
org.junit.rules.ExternalResourceRuleTest.UsesExternalResource.1
junit.samples.SimpleTest
junit.tests.framework.OverrideTestCase
org.junit.tests.running.methods.InheritedTestTest.Sub
org.junit.tests.running.methods.AnnotationTest.SuperInheritance
org.junit.tests.experimental.theories.runner.TheoriesPerformanceTest
org.junit.runners.model.TestClassTest.SubclassWithField
org.junit.rules.MethodRulesTest.Increment
org.junit.tests.listening.RunnerTest.1
org.junit.tests.running.classes.ParameterizedTestTest.AssumptionInParametersMethod
org.junit.tests.running.classes.ParentRunnerFilteringTest.SuiteWithUnmodifiableChildList
org.junit.runners.model.FrameworkMethod.1
org.junit.rules.TestRuleTest.SonOfExampleTest
org.junit.rules.ExpectedExceptionTest.ExpectsSubstring
org.junit.validator.AnnotationValidator
org.junit.tests.manipulation.SortableTest.TestClassRunnerIsSortable.Enclosing
org.junit.tests.experimental.theories.runner.UnsuccessfulWithDataPointFields.DoesntUseParams
org.junit.runner.notification.ConcurrentRunNotifierTest.AbstractConcurrentFailuresTest.2
org.junit.tests.running.methods.AnnotationTest.SuperShadowing.1
org.junit.tests.running.methods.AnnotationTest.TeardownAfterFailureTest
org.junit.runners.model.InvalidTestClassError
org.junit.experimental.categories.CategoriesAndParameterizedTest.ParameterizedTestWithCategory
org.junit.tests.junit3compatibility.ForwardCompatibilityTest.BeforeClassTest
org.junit.runners.Parameterized.RunnersFactory
org.junit.tests.junit3compatibility.JUnit4TestAdapterTest.TestSuite4ForTestSuite3
org.junit.runner.FilterOptionIntegrationTest.DummyTestClass0TestMethod1
org.junit.runner.manipulation.Ordering.Factory
org.junit.tests.deprecated.JUnit4ClassRunnerTest
org.junit.runners.Parameterized.AssumptionViolationRunner
org.junit.internal.runners.statements.ExpectExceptionTest.PassingStatement
org.junit.rules.ExternalResourceRuleTest.TestFailsAndTwoClosingResourcesFail.4
org.junit.rules.ExternalResourceRuleTest.TestFailsAndTwoClosingResourcesFail.3
org.junit.matchers.JUnitMatchers
org.junit.runners.model.MemberValueConsumer
junit.framework.JUnit4TestAdapter
junit.samples.money.Money
junit.tests.runner.BaseTestRunnerTest.DoesntExtendTestCase
org.junit.rules.TestWatcherTest.Callbacks.InternalViolatedAssumptionTest
org.junit.internal.runners.TestClass
org.junit.experimental.categories.CategoryTest.OneVerySlowTest
org.junit.experimental.categories.CategoryTest.NoIncludeCategoryAnnotationSuite
org.junit.experimental.categories.CategoryFilterFactoryTest.CategoryFilterFactoryStub
org.junit.tests.running.methods.ExpectedTest.Unexpected
org.junit.runners.BlockJUnit4ClassRunner.RuleCollector
org.junit.experimental.categories.CategoryTest.IncludeAndExcludeSuite
org.junit.internal.runners.statements.ExpectExceptionTest.SomeException
org.junit.tests.experimental.theories.runner.WhenNoParametersMatch.AssumptionsFail
org.junit.tests.manipulation.OrderWithTest.TestClassRunnerIsOrderableWithSuiteMethod
org.junit.tests.running.methods.AnnotationTest.TeardownFailureTest
org.junit.experimental.categories.ExcludeCategories
org.junit.rules.ExpectedExceptionTest.EmptyTestExpectingNoException
org.junit.validator.AnnotationsValidator
org.junit.tests.junit3compatibility.ForwardCompatibilityPrintingTest.TestResultPrinter
org.junit.tests.running.methods.InheritedTestTest
org.junit.tests.running.methods.AnnotationTest.NoExceptionTest
org.junit.tests.experimental.theories.runner.WithUnresolvedGenericTypeVariablesOnTheoryParms.TypeVariableOnArrayTypeOnTheoryParm
org.junit.rules.Stopwatch.Clock
org.junit.tests.running.classes.ClassLevelMethodsWithIgnoredTestsTest.BeforeClassWithIgnoredClass
org.junit.runners.model.FrameworkMethod
org.junit.tests.experimental.theories.extendingwithstubs.Guesser
org.junit.tests.junit3compatibility.ClassRequestTest
org.junit.tests.junit3compatibility.AllJUnit3CompatibilityTests
org.junit.tests.running.classes.SuiteTest.NoSuiteClassesAnnotation
org.junit.internal.builders.AnnotatedBuilderTest
org.junit.tests.running.classes.EnclosedTest.Enclosing
org.junit.tests.running.methods.TimeoutTest
junit.tests.runner.TextFeedbackTest.6
junit.tests.runner.TextFeedbackTest.7
org.junit.runners.model.TestClassTest.OuterClass2.StaticInnerClass
org.junit.rules.ErrorCollectorTest.CheckCallableThatDoesNotThrowAnException
junit.tests.framework.AssertionFailedErrorTest
org.junit.tests.junit3compatibility.SuiteMethodTest.NewTestSuiteNotUsed
junit.tests.runner.TextFeedbackTest.1
org.junit.runner.notification.SynchronizedRunListenerTest.MethodSignature
org.junit.tests.junit3compatibility.ClassRequestTest.PrivateSuiteMethod
junit.tests.runner.TextFeedbackTest.4
junit.tests.runner.TextFeedbackTest.5
junit.tests.runner.TextFeedbackTest.2
junit.tests.runner.TextFeedbackTest.3
org.junit.tests.running.classes.SuiteTest
org.junit.tests.running.methods.TimeoutTest.TimeOutZero
org.junit.runner.JUnitCore
org.junit.runner.Result
org.junit.tests.experimental.theories.runner.WithNamedDataPoints
org.junit.rules.TestRuleTest.MethodSonOfExampleTest
org.junit.tests.experimental.AssumptionTest.AssumptionFailureInConstructor
org.junit.tests.experimental.theories.internal.SpecificDataPointsSupplierTest
org.junit.internal.AssumptionViolatedException
org.junit.internal.matchers.ThrowableMessageMatcher
org.junit.tests.experimental.theories.internal.AllMembersSupplierTest.HasDataPointsMethodWithNullValue
org.junit.tests.experimental.theories.runner.WithExtendedParameterSources.DataPointArrays
org.junit.tests.listening.TextListenerTest
junit.tests.framework.NotVoidTestCase
org.junit.tests.running.classes.ParentRunnerFilteringTest.ExampleTest
org.junit.experimental.categories.CategoryTest.IgnoredTestCategoriesSuite
org.junit.runners.model.FrameworkMember
org.junit.experimental.ParallelComputer.1
org.junit.tests.manipulation.AllManipulationTests
org.junit.internal.builders.SuiteMethodBuilder
junit.tests.runner.AllTests
org.junit.tests.deprecated.JUnit4ClassRunnerTest.UnconstructableExample
org.junit.tests.junit3compatibility.ForwardCompatibilityTest
org.junit.rules.StopwatchTest.AbstractStopwatchTest
org.junit.tests.junit3compatibility.SuiteMethodTest.OldTest
org.junit.internal.runners.MethodRoadie.3
org.junit.internal.runners.MethodRoadie.1
org.junit.tests.running.methods.AnnotationTest.ErrorInBeforeClass
org.junit.tests.experimental.max.AllMaxTests
org.junit.tests.experimental.theories.runner.WithOnlyTestAnnotations.HonorExpectedException
org.junit.internal.runners.MethodRoadie
org.junit.rules.RuleMemberValidatorTest.TestWithArbitraryObjectWithRuleAnnotation
org.junit.rules.ErrorCollectorTest.CheckTwoMatchersThatFail
org.junit.experimental.theories.internal.Assignments
org.junit.internal.builders.IgnoredClassRunner
org.junit.rules.MethodRulesTest.MultipleRuleTest
org.junit.rules.TestWatchmanTest.ViolatedAssumptionTest
org.junit.rules.TestRuleTest.ExampleTest
org.junit.internal.runners.FailedBefore
org.junit.runners.model.FrameworkField
org.junit.internal.runners.statements.FailOnTimeoutTest.FastStatement
org.junit.rules.TimeoutRuleTest
org.junit.tests.running.methods.TimeoutTest.SuccessWithTimeoutTest
org.junit.tests.running.classes.SuiteTest.BiInfiniteLoop
org.junit.tests.manipulation.OrderWithTest.TestClassRunnerIsOrderableWithSuiteMethod.OrderedAlphanumerically
org.junit.experimental.theories.internal.ParameterizedAssertionError
org.junit.runners.model.Annotatable
org.junit.runner.JUnitCommandLineParseResultTest
org.junit.tests.description.TestDescriptionTest
junit.tests.runner.TextRunnerTest.1
org.junit.runners.ParentRunner.5
org.junit.runners.ParentRunner.4
org.junit.tests.experimental.theories.internal.SpecificDataPointsSupplierTest.TestClassWithNamedDataPoints
org.junit.runners.ParentRunner.3
org.junit.internal.ComparisonCriteria.1
org.junit.runner.Runner
org.junit.runners.ParentRunner.2
org.junit.rules.TestWatchmanTest
org.junit.runners.ParentRunner.1
org.junit.tests.manipulation.OrderWithTest.TestClassRunnerIsOrderableViaOrderWith.UnorderedSuite.B
org.junit.experimental.categories.CategoryFilterFactory
org.junit.tests.experimental.theories.runner.UnsuccessfulWithDataPointFields.DataPointMethodsMustBeStatic
org.junit.rules.ClassRulesTest.CustomCounter
org.junit.tests.assertion.AssertionTest
org.junit.internal.StackTracesTest.1
org.junit.rules.TestWatcherTest.CallbackArguments.DeprecatedSkipped
junit.tests.framework.ComparisonFailureTest
org.junit.tests.running.classes.ClassLevelMethodsWithIgnoredTestsTest
org.junit.experimental.categories.CategoryTest.NoIncludeCategoryAnnotationTest
org.junit.tests.listening.TextListenerTest.ErrorTest
org.junit.tests.manipulation.OrderWithTest.TestClassRunnerIsOrderableViaOrderWith.UnorderedSuite.A
junit.framework.AssertionFailedError
org.junit.runner.RequestTest.FooTest
org.junit.tests.junit3compatibility.JUnit38ClassRunnerTest.JUnit3ClassWithAnnotatedMethod
org.junit.rules.TestRuleTest.BothKindsOfRule
org.junit.runners.model.TestClassTest.NonPublicClass
org.junit.tests.experimental.theories.runner.WithUnresolvedGenericTypeVariablesOnTheoryParms.TypeVariableOnTheoryClass
org.junit.rules.StopwatchTest
org.junit.tests.experimental.theories.runner.WithDataPointMethod.HasDateMethod
org.junit.rules.BlockJUnit4ClassRunnerOverrideTest.FlipBitRule
org.junit.tests.running.classes.ParentRunnerFilteringTest
org.junit.rules.TestWatcher.1
org.junit.tests.manipulation.SingleMethodTest.TestOne
org.junit.tests.running.methods.AnnotationTest.SuperStaticMethodShadowing
org.junit.runner.FilterOptionIntegrationTest.DummyTestClass
org.junit.rules.StopwatchTest.TestStatus
org.junit.internal.builders.AnnotatedBuilderTest.OuterClass.InnerClassWithOwnRunWith.MostInnerClass
org.junit.tests.junit3compatibility.JUnit38ClassRunnerTest
org.junit.rules.MethodRulesTest.OnFailureTest
org.junit.tests.junit3compatibility.ForwardCompatibilityTest.InvalidMethodTest
org.junit.tests.running.methods.AnnotationTest.RunAllAfters
org.junit.tests.experimental.theories.extendingwithstubs.StubbedTheories.StubbedTheoryAnchor
org.junit.runner.Computer
org.junit.runner.manipulation.Filter.3
org.junit.runner.manipulation.Filter.2
org.junit.runner.notification.SynchronizedRunListener
org.junit.rules.DisableOnDebugTest.PreJava5DebugArgumentsTest
org.junit.experimental.categories.CategoryTest.ChooseSlowFromBoth
org.junit.tests.manipulation.OrderableTest.UnOrderableRunnersAreHandledWithoutCrashing.UnOrderableRunner
org.junit.tests.running.classes.ParameterizedTestTest.SingleArgumentTestWithIterable
org.junit.tests.manipulation.SortableTest.UnsortableRunnersAreHandledWithoutCrashing
org.junit.tests.running.methods.AnnotationTest.ExceptionTest
org.junit.runner.manipulation.Filter.1
org.junit.runner.OrderWithValidatorTest
org.junit.internal.runners.ErrorReportingRunner
org.junit.runners.parameterized.BlockJUnit4ClassRunnerWithParameters.RunBeforeParams
org.junit.samples.SimpleTest
org.junit.tests.running.classes.SuiteTest.NonPublicSuiteWithBeforeClass
org.junit.tests.running.classes.ParameterizedTestTest.MultipleBeforeParamAndAfterParam
org.junit.tests.manipulation.FilterTest
org.junit.tests.running.classes.RunWithTest.ExampleTest
org.junit.tests.experimental.theories.runner.WithParameterSupplier.SimpleSupplier
org.junit.runner.manipulation.NoTestsRemainException
org.junit.tests.running.classes.parent.TestWithClassRule.CustomRule
org.junit.rules.TemporaryFolderRuleAssuredDeletionTest
org.junit.tests.description.AnnotatedDescriptionTest.IgnoredClass
org.junit.tests.running.methods.ParameterizedTestMethodTest.SuperWrong
org.junit.rules.ClassRulesTest.RunnerWithClassRuleAddedProgrammatically
org.junit.internal.runners.rules.RuleMemberValidator
org.junit.tests.running.methods.TimeoutTest.TimeoutSubclass
org.junit.experimental.categories.Categories
org.junit.experimental.categories.CategoryValidatorTest
junit.tests.SampleJUnit3Tests.TestWithOneThrowingTestMethod
org.junit.experimental.categories.CategoryTest.Category2
org.junit.runner.notification.SynchronizedRunListenerTest.NamedListener
org.junit.experimental.categories.CategoryTest.Category1
org.junit.rules.StopwatchTest.DurationDuringTestTest
org.junit.rules.ErrorCollectorTest
org.junit.runner.FilterOptionIntegrationTest.DummyCategory1
org.junit.runner.FilterOptionIntegrationTest.DummyCategory0
org.junit.tests.listening.RunnerTest.NewExample
org.junit.tests.experimental.AssumptionTest.HasFailingAssumeInBefore
org.junit.runner.manipulation.Orderer
org.junit.rules.ExternalResourceRuleTest
org.junit.tests.running.classes.UseSuiteAsASuperclassTest.MySuite
org.junit.rules.TemporaryFolder.Builder
org.junit.internal.StackTracesTest
org.junit.rules.RuleMemberValidatorTest.MethodTestWithProtectedClassRule
org.junit.rules.ExpectedException
org.junit.tests.manipulation.OrderableTest.TestOrderableClassRunnerIsSortable.OrderMe
org.junit.runner.notification.ConcurrentRunNotifierTest.ExaminedListener
org.junit.runners.model.InvalidTestClassErrorTest
org.junit.tests.junit3compatibility.SuiteMethodTest.NewTest
org.junit.rules.TestWatcherTest.CallbackArguments.Failed
org.junit.tests.SampleJUnit4Tests.TestWithThrowingBeforeMethod
org.junit.experimental.max.MaxHistory.TestComparator
org.junit.rules.ClassRulesTest.ClassRulesModifiableListEmpty
org.junit.rules.DisableOnDebugTest.AbstractDisableOnDebugTest
org.junit.rules.TempFolderRuleTest.CreatesSubFolder
org.junit.tests.experimental.theories.internal.AllMembersSupplierTest.HasDataPointsListFieldWithOverlyGenericTypes
org.junit.experimental.categories.CategoriesAndParameterizedTest.TestThatAvoidsNoTestRemainsException
org.junit.rules.MethodRulesTest.CustomTestName
org.junit.internal.runners.statements.ExpectException
org.junit.experimental.categories.CategoriesAndParameterizedTest.ParameterizedTestWithMethodWithCategory
org.junit.tests.running.methods.AnnotationTest.RunAllAfterClassesRegardless
org.junit.internal.runners.rules.RuleMemberValidator.MemberMustBeNonStaticOrAlsoClassRule
org.junit.rules.RuleChain
junit.samples.ListTest
org.junit.rules.TestRuleTest
org.junit.experimental.categories.MultiCategoryTest.MultiCategorySuite
org.junit.tests.running.core.MainRunner
org.junit.internal.matchers.ThrowableCauseMatcher
org.junit.rules.ClassRulesTest.UsesFieldAndMethodRule
org.junit.tests.running.classes.ParameterizedTestTest.BadIndexForAnnotatedFieldTest
org.junit.internal.requests.OrderingRequest
org.junit.rules.MethodRulesTest.OnFailureTest.3
org.junit.experimental.categories.MultiCategoryTest.InheritanceAllAnyTest
org.junit.rules.RuleMemberValidatorTest
org.junit.runner.JUnitCommandLineParseResultTest.FilterFactoryStub
org.junit.runner.notification.RunNotifier
org.junit.experimental.categories.IncludeCategories
org.junit.internal.MethodSorterTest.DummySortWithDefault
org.junit.tests.junit3compatibility.InitializationErrorForwardCompatibilityTest
org.junit.tests.running.methods.InheritedTestTest.SubWithBefore
org.junit.rules.ExpectedExceptionTest.ThrowUnexpectedCause
org.junit.rules.ExpectedException.ExpectedExceptionStatement
org.junit.experimental.categories.MultiCategoryTest.W
junit.tests.framework.TestCaseTest
org.junit.experimental.categories.MultiCategoryTest.X
org.junit.tests.manipulation.OrderableTest.TestClassRunnerIsOrderable.DoNotOrderMe
org.junit.rules.RuleMemberValidatorTest.SomeMethodRule
org.junit.tests.assertion.ComparisonFailureTest
org.junit.runners.model.TestClassTest.SimpleClass
org.junit.experimental.categories.MultiCategoryTest.Q
org.junit.tests.running.classes.ParameterizedTestTest.EmptyTest
org.junit.experimental.categories.MultiCategoryTest.Y
org.junit.experimental.categories.MultiCategoryTest.Z
org.junit.tests.running.classes.parent.ParentRunnerClassLoaderTest.VisibleClassLoader
org.junit.runner.notification.RunNotifier.6
org.junit.experimental.categories.CategoriesAndParameterizedTest.ParameterizedTestWithoutCategory
org.junit.tests.running.classes.EnclosedTest.Enclosing.A
org.junit.runner.notification.RunNotifier.5
org.junit.tests.running.classes.EnclosedTest.Enclosing.B
org.junit.runner.notification.RunNotifier.4
junit.extensions.TestSetup
org.junit.runner.notification.RunNotifier.3
org.junit.runner.notification.RunNotifier.9
org.junit.tests.experimental.theories.runner.SuccessfulWithDataPointFields
org.junit.validator.PublicClassValidatorTest.NonPublicClass
org.junit.runner.notification.RunNotifier.8
org.junit.tests.running.classes.EnclosedTest.Enclosing.C
org.junit.runner.notification.RunNotifier.7
org.junit.tests.running.classes.RunWithTest.Empty
org.junit.tests.assertion.AllAssertionTests
org.junit.tests.manipulation.SortableTest.TestClassRunnerIsSortable.Enclosing.B
org.junit.tests.running.methods.ExpectedTest.ExpectSuperclass
org.junit.runner.manipulation.Ordering.1
junit.tests.framework.TestListenerTest.1
junit.tests.framework.NoTestCaseClass
org.junit.tests.experimental.theories.runner.TypeMatchingBetweenMultiDataPointsMethod.WithWrongfullyTypedDataPointsMethod
org.junit.tests.manipulation.SortableTest.TestClassRunnerIsSortable.Enclosing.A
org.junit.runner.notification.RunNotifier.2
org.junit.runner.notification.RunNotifier.1
org.junit.experimental.categories.CategoryTest.MultipleIncludesAndExcludeOnMethod
junit.tests.framework.TestListenerTest.2
org.junit.tests.listening.TextListenerTest.Time
org.junit.tests.manipulation.OrderableTest.TestClassRunnerIsOrderable
junit.tests.framework.TestListenerTest.3
org.junit.experimental.categories.CategoryFilterFactoryTest.DummyFilter
org.junit.tests.running.classes.ParameterizedTestTest.BeforeParamAndAfterParamError
org.junit.rules.Verifier
org.junit.runner.Request.1
org.junit.tests.running.methods.TimeoutTest.InfiniteLoopWithStuckThreadTest
org.junit.rules.MethodRulesTest.HasMethodReturningMethodRule.7.8
org.junit.experimental.categories.CategoryTest.OneFastOneSlow
org.junit.tests.experimental.AssumptionTest.HasFailingAssumption
org.junit.tests.running.methods.AnnotationTest.SimpleTest
org.junit.tests.AllTests
org.junit.rules.ExpectedExceptionTest.ThrowExceptionWithWrongType
org.junit.rules.BlockJUnit4ClassRunnerOverrideTest.OverrideCreateTestRunner
org.junit.tests.experimental.theories.runner.WithParameterSupplier.TestClassUsingSupplierWithTestClassConstructor
org.junit.internal.runners.rules.ValidationError
org.junit.tests.running.methods.AnnotationTest.SubStaticFieldShadowing
org.junit.internal.runners.rules.RuleMemberValidator.MemberMustBeStatic
org.junit.validator.AnnotationValidatorFactoryTest.Validator
org.junit.tests.running.classes.ClassLevelMethodsWithIgnoredTestsTest.BrokenRule
org.junit.internal.runners.SuiteMethod
org.junit.rules.TestRuleTest.MethodMultipleRuleTest.Increment.7
org.junit.tests.experimental.AssumptionTest.HasPassingAssumption
org.junit.rules.DisableOnDebugTest.PostJava5DebugArgumentsTest
org.junit.rules.MethodRulesTest.TestMethodRule
org.junit.rules.MethodRulesTest.BeforesAndAfters
org.junit.tests.experimental.theories.runner.SuccessfulWithDataPointFields.BeforeAndAfterEachTime
org.junit.tests.running.methods.InheritedTestTest.Super
junit.tests.framework.Failure
org.junit.experimental.results.PrintableResult
org.junit.tests.experimental.theories.runner.WithExtendedParameterSources.ShouldFilterOutNullElementsFromDataPointArrays
org.junit.internal.management.ManagementFactory.ThreadHolder
org.junit.rules.MethodRulesTest.NoRulesTest
org.junit.internal.requests.ClassRequest
org.junit.rules.Timeout
org.junit.runner.FilterFactoriesTest
org.junit.rules.TestWatcherTest.CallbackArguments.Failed.2
org.junit.tests.validation.anotherpackage.Super
org.junit.rules.TemporaryFolderRuleAssuredDeletionTest.TestClass
junit.framework.TestCase
org.junit.runner.manipulation.Sorter.1
org.junit.tests.running.core.JUnitCoreReturnsCorrectExitCodeTest.1
org.junit.tests.description.AnnotatedDescriptionTest.AnnotatedClass
org.junit.tests.running.methods.AnnotationTest.NonStaticOneTimeSetup
org.junit.AssumptionViolatedException
org.junit.Test.None
org.junit.tests.experimental.theories.extendingwithstubs.StringableObject
org.junit.tests.manipulation.OrderWithTest.TestClassRunnerIsOrderableViaOrderWith.SuiteOrderedReverseAlphanumerically
org.junit.experimental.categories.MultiCategoryTest.C
org.junit.internal.runners.statements.FailOnTimeout.CallableStatement
org.junit.experimental.categories.MultiCategoryTest.A
org.junit.rules.RuleMemberValidatorTest.TestWithClassRuleIsAnArbitraryObject
org.junit.tests.manipulation.OrderWithTest.TestClassRunnerIsOrderableWithSuiteMethod.Unordered
org.junit.experimental.categories.MultiCategoryTest.B
org.junit.tests.experimental.theories.runner.UnsuccessfulWithDataPointFields.NullsOK
org.junit.experimental.categories.CategoryTest.RunClassAsCategory
org.junit.experimental.categories.MultiCategoryTest.InheritanceAllAny
org.junit.rules.RuleMemberValidatorTest.TestWithClassRuleIsImplementationOfMethodRule.1
org.junit.tests.junit3compatibility.JUnit4TestAdapterTest.TestSuite3
org.junit.runners.parameterized.AllParameterizedTests
org.junit.rules.MethodRulesTest.CallsMethodReturningRuleOnlyOnce.Dummy.9
org.junit.tests.running.classes.parent.TestWithClassRule.CustomRule.1
org.junit.tests.experimental.theories.AllTheoriesTests
org.junit.internal.requests.FilterRequest
org.junit.rules.TestWatcherTest
org.junit.runners.MethodSorters
org.junit.tests.running.classes.RunWithTest.ExampleRunner
org.junit.rules.RuleChainTest
org.junit.experimental.categories.CategoriesAndParameterizedTest.SuiteWithParameterizedTestWithMethodWithCategory
org.junit.rules.TestWatcherTest.CallbackArguments.DeprecatedSkipped.4
org.junit.rules.TimeoutRuleTest.HasGlobalLongTimeout
org.junit.tests.running.methods.TestMethodTest.SubShadows
org.junit.rules.ErrorCollectorTest.CheckCallableWithFailingAssumption
org.junit.tests.experimental.theories.extendingwithstubs.GuesserQueue.ReguessableDecorator
org.junit.tests.running.classes.IgnoreClassTest.IgnoreMe
org.junit.rules.TemporaryFolderUsageTest
org.junit.tests.listening.AllListeningTests
org.junit.tests.manipulation.OrderWithTest.TestClassRunnerIsOrderableViaOrderWith
org.junit.tests.manipulation.OrderableTest.TestClassRunnerIsOrderable.Enclosing.B
org.junit.tests.running.methods.ExpectedTest.ExpectAssumptionViolatedException
org.junit.tests.junit3compatibility.SuiteMethodTest.NewTestSuiteFails
org.junit.tests.manipulation.OrderableTest.TestClassRunnerIsOrderable.Enclosing.A
org.junit.tests.running.methods.ExpectedTest
org.junit.experimental.categories.CategoryValidatorTest.SampleCategory
org.junit.rules.TestWatcherTest.CallbackArguments.Succeeded.1
org.junit.rules.TestRuleTest.OrderTestRule.8
junit.tests.framework.OneTestCase
org.junit.rules.RunRules
org.junit.experimental.categories.MultiCategoryTest.InheritanceAnyAll
org.junit.runner.OrderWithValidatorTest.TestAnnotatedWithFixMethodOrder
org.junit.runner.notification.AllNotificationTests
org.junit.tests.junit3compatibility.JUnit38ClassRunnerTest.AnnotatedTest
org.junit.internal.runners.statements.FailOnTimeoutTest.2
org.junit.internal.runners.statements.FailOnTimeoutTest.1
org.junit.tests.running.classes.ParameterizedTestTest.PrivateConstructor
junit.tests.runner.ResultTest.ResultWithFixedRunTime
org.junit.internal.runners.statements.FailOnTimeoutTest.3
org.junit.experimental.categories.CategoriesAndParameterizedTest.SuiteWithParameterizedTestWithoutCategory
org.junit.internal.AllInternalTests
org.junit.runner.notification.Failure
org.junit.tests.running.classes.ParameterizedTestTest.BeforeParamAndAfterParamErrorNumberOfParameters
org.junit.rules.RuleChainTest.UseRuleChain
org.junit.runners.model.TestClassTest.DummyClass
org.junit.rules.ExpectedExceptionTest.WronglyExpectsExceptionMessage
org.junit.tests.junit3compatibility.SuiteMethodTest.CompatibilityTest
org.junit.tests.running.methods.ParameterizedTestMethodTest.SubShadows
org.junit.rules.ErrorCollectorTest.CheckMatcherThatDoesNotFailWithProvidedReason
org.junit.runners.model.Statement
org.junit.tests.experimental.theories.TheoryTestUtils
junit.framework.Test
org.junit.tests.listening.UserStopTest
org.junit.internal.builders.AnnotatedBuilderTest.OuterClass.InnerClassWithoutOwnRunWith
org.junit.rules.StopwatchTest.SkippedTest
org.junit.internal.management.FakeThreadMXBean
org.junit.tests.experimental.theories.runner.WithDataPointMethod.DataPointMethodReturnsMutableObject
org.junit.experimental.ParallelComputer
org.junit.runner.notification.RunNotifierTest.ThreadSafeListener
org.junit.tests.manipulation.AlphanumericOrdering
org.junit.tests.experimental.theories.runner.WithExtendedParameterSources.DataPointArrayToBeUsedForWholeParameter
org.junit.tests.running.classes.BlockJUnit4ClassRunnerTest
org.junit.rules.TestWatcherTest.Callbacks.ViolatedAssumptionTest
junit.tests.framework.TestListenerTest
org.junit.tests.description.AnnotatedDescriptionTest.1
org.junit.runners.parameterized.BlockJUnit4ClassRunnerWithParametersFactory
org.junit.tests.running.classes.BlockJUnit4ClassRunnerTest.MethodBlockAfterFireTestStarted
org.junit.internal.runners.ClassRoadie
org.junit.rules.DisableOnDebugTest.WithoutDebugArgumentsTest
org.junit.experimental.categories.CategoryTest.EmptyCategoriesSuite
org.junit.runners.model.FrameworkMethodTest
org.junit.validator.AnnotationsValidatorTest
org.junit.tests.running.methods.AnnotationTest.TestAndTeardownFailureTest
org.junit.tests.running.methods.TestMethodTest.IgnoredTest
org.junit.runners.model.TestTimedOutException
org.junit.tests.junit3compatibility.OldTests
org.junit.tests.manipulation.OrderWithTest.TestClassRunnerIsOrderableViaOrderWith.UnorderedSuite
org.junit.rules.ClassRulesTest.MethodExampleTestWithClassRule
org.junit.rules.ErrorCollectorTest.CheckRunnableThatThrowsExpectedTypeOfException
org.junit.tests.experimental.theories.extendingwithstubs.StubbedTheories
org.junit.tests.junit3compatibility.ForwardCompatibilityTest.1
org.junit.rules.ErrorCollectorTest.CheckCallableThatThrowsAnException
org.junit.runner.FilterFactoriesTest.DummyFilter
org.junit.tests.running.classes.SuiteTest.InfiniteLoop
org.junit.runner.OrderWithValidator
junit.extensions.TestDecorator
org.junit.tests.running.classes.ParentRunnerTest
org.junit.rules.StopwatchTest.DurationAfterTestTest
org.junit.tests.experimental.AssumptionTest.HasFailingAssumptionWithMessage
org.junit.validator.AnnotationsValidatorTest.AnnotationValidatorClassTest
org.junit.tests.experimental.theories.runner.FailingDataPointMethods.HasWronglyIgnoredFailingSingleDataPointMethod
org.junit.validator.TestClassValidator
org.junit.rules.RuleMemberValidatorTest.TestMethodWithStaticTestRule
org.junit.rules.TestWatchmanTest.LoggingTestWatchman
org.junit.tests.running.methods.AnnotationTest.SuperStaticMethodShadowing.3
org.junit.experimental.theories.Theories.TheoryAnchor
org.junit.tests.junit3compatibility.AllTestsTest.All
org.junit.tests.experimental.theories.runner.WithUnresolvedGenericTypeVariablesOnTheoryParms.TypeVariableOnParameterizedTheoryParm
org.junit.runners.model.RunnerScheduler
org.junit.tests.junit3compatibility.InitializationErrorForwardCompatibilityTest.CantInitialize
org.junit.tests.experimental.results.AllResultsTests
org.junit.tests.SampleJUnit4Tests.ThrowingTestRule
org.junit.experimental.max.MaxCore.1.2
org.junit.rules.TestRuleTest.TestRuleOrdering
org.junit.experimental.theories.ParameterSupplier
org.junit.rules.ErrorCollectorTest.CheckMatcherThatFailsWithoutProvidedReason
org.junit.experimental.categories.CategoryValidatorTest.CategoryTest
org.junit.tests.assertion.AssertionTest.1
org.junit.experimental.categories.CategoryTest.SameAsNoIncludeCategoryAnnotationSuite
org.junit.experimental.categories.CategoryTest.AllIncludedMustBeMatchedSuite
org.junit.tests.running.classes.SuiteTest.InheritsAll
org.junit.experimental.categories.MultiCategoryTest
org.junit.runner.FilterFactory.FilterNotCreatedException
org.junit.internal.MethodSorterTest.DummySortWithNameAsc
org.junit.rules.ExternalResourceRuleTest.2
org.junit.rules.RuleMemberValidatorTest.TestWithStaticClassAndTestRule
org.junit.tests.assertion.AssertionTest.2
org.junit.tests.assertion.AssertionTest.3
org.junit.rules.ExternalResourceRuleTest.5
org.junit.internal.runners.rules.RuleMemberValidator.MethodMustBeARule
org.junit.rules.ExternalResourceRuleTest.6
org.junit.rules.LoggingTestWatcher
org.junit.experimental.categories.CategoryTest.MultiC
org.junit.internal.runners.rules.RuleMemberValidator.MemberMustBePublic
org.junit.experimental.categories.CategoryTest.MultiB
org.junit.tests.running.classes.parent.TestWithClassRule
org.junit.experimental.theories.Theories.TheoryAnchor.1
org.junit.experimental.categories.CategoryTest.MultiA
org.junit.rules.BlockJUnit4ClassRunnerOverrideTest.CreateTestDefersToNoArgCreateTestTest
org.junit.tests.manipulation.OrderableTest.TestOrderableClassRunnerIsSortable
org.junit.experimental.theories.Theories.TheoryAnchor.3
org.junit.rules.TestWatcher
org.junit.tests.running.classes.ParentRunnerTest.TestTest
org.junit.tests.experimental.theories.runner.WithParameterSupplier.SimplePotentialAssignment
org.junit.tests.running.classes.ClassLevelMethodsWithIgnoredTestsTest.FilteredTests
org.junit.runner.RequestTest
org.junit.rules.ClassRulesTest.CallMethodOnlyOnceRule
org.junit.tests.experimental.theories.runner.WithParameterSupplier.TestClassUsingSupplierWithUnknownConstructor
org.junit.internal.builders.AnnotatedBuilderTest.OuterClass.InnerClassWithoutOwnRunWith.MostInnerClass
org.junit.tests.running.methods.AnnotationTest.RunAllAfterClasses
org.junit.internal.management.ThreadMXBean
org.junit.tests.running.core.CommandLineTest.Count
org.junit.tests.running.methods.ParameterizedTestMethodTest.SubWrong
org.junit.rules.TestRuleTest.WrongTypedField
org.junit.rules.TestRuleTest.UsesCustomMethodRule
org.junit.tests.running.classes.SuiteTest.TestA
org.junit.internal.runners.statements.RunAfters
org.junit.rules.Stopwatch
org.junit.runners.CustomBlockJUnit4ClassRunnerTest.CustomBlockJUnit4ClassRunnerTestCase
org.junit.tests.running.methods.AnnotationTest.SubTest
org.junit.tests.experimental.max.MaxStarterTest.TwoTests
org.junit.runner.manipulation.Orderable
org.junit.tests.running.classes.SuiteTest.TestB
org.junit.experimental.categories.CategoryTest.NoTest
org.junit.internal.Throwables.1
org.junit.rules.RuleChainTest.LoggingRule
org.junit.internal.runners.MethodRoadie.1.2
org.junit.rules.TestName
org.junit.internal.StackTracesTest.StringMatcher
org.junit.tests.listening.RunnerTest.Example
org.junit.internal.StackTracesTest.FramesRemovedMatcher
org.junit.rules.RuleMemberValidatorTest.TestWithNonStaticTestRule
org.junit.rules.TestRuleTest.MethodExampleTest.5.6
org.junit.runner.FilterOptionIntegrationTest.DummyTestClass1
org.junit.rules.TestRuleTest.MethodExampleTest.5
org.junit.internal.runners.rules.RuleMemberValidator.RuleValidator
org.junit.rules.ExternalResourceRuleTest.TestFailsAndTwoClosingResourcesFail
org.junit.runner.FilterOptionIntegrationTest.DummyTestClass0
org.junit.tests.ObjectContractTest
org.junit.tests.running.classes.ParameterizedTestTest.TestWithUseParametersRunnerFactoryAnnotation
org.junit.tests.running.methods.AnnotationTest.SubStaticMethodShadowing
org.junit.experimental.categories.MultiCategoryTest.InheritanceAnyAllTest
org.junit.rules.ExpectedExceptionTest.ExpectsSubstringNullMessage
org.junit.rules.TimeoutRuleTest.HasGlobalTimeUnitTimeout
org.junit.tests.experimental.max.JUnit38SortingTest.JUnit4Test
org.junit.tests.experimental.AssumptionTest
org.junit.tests.running.classes.BlockJUnit4ClassRunnerTest.OuterClass.Enclosed
org.junit.internal.MethodSorterTest.Sub
org.junit.rules.MethodRulesTest.SonOfExampleTest
org.junit.tests.experimental.AssumptionTest.HasFailingAssumeInBeforeClass
org.junit.tests.experimental.AssumptionTest.TestClassWithAssumptionFailure
org.junit.tests.junit3compatibility.ForwardCompatibilityTest.NewTest
org.junit.experimental.theories.internal.EnumSupplier
org.junit.rules.TempFolderRuleTest.CreatesRandomSubFolders
junit.framework.TestListener
org.junit.rules.ExpectedExceptionTest.ExpectedMessageMatcherFails
org.junit.runners.CustomBlockJUnit4ClassRunnerTest
org.junit.tests.junit3compatibility.ForwardCompatibilityTest.ExpectedTest
org.junit.tests.validation.anotherpackage.Sub
org.junit.Assert
org.junit.runner.notification.RunNotifierTest.CorruptListener
org.junit.rules.TestWatcherTest.InterplayWithOtherRules
org.junit.tests.experimental.theories.internal.AllMembersSupplierTest.HasFailingDataPointsArrayMethod
org.junit.internal.runners.JUnit4ClassRunner
org.junit.rules.TestWatcherTest.InterplayWithOtherRules.ExpectedExceptionTest
org.junit.tests.running.classes.ThreadsTest.1
org.junit.runner.FilterFactory
org.junit.tests.running.classes.ThreadsTest.2
org.junit.experimental.categories.CategoryTest.OneOfEach
org.junit.rules.MethodRule
org.junit.internal.runners.ErrorReportingRunnerTest
org.junit.tests.running.methods.AnnotationTest.SubStaticMethodShadowing.4
org.junit.experimental.theories.PotentialAssignment.CouldNotGenerateValueException
junit.tests.framework.TestImplementorTest
org.junit.tests.running.core.SystemExitTest.Exit
org.junit.tests.description.SuiteDescriptionTest
org.junit.rules.MethodRulesTest.WatchmanTest
org.junit.tests.running.classes.ParameterizedTestTest.ProtectedParametersTest
org.junit.runner.FilterFactoryParams
org.junit.tests.experimental.theories.runner.WithOnlyTestAnnotations.HonorExpectedExceptionPasses
junit.runner.BaseTestRunner
org.junit.tests.SampleJUnit4Tests.TestWithOneThrowingTestMethod
org.junit.rules.ClassRulesTest.OrderTestRule
org.junit.rules.MethodRulesTest.ExampleTest
org.junit.tests.experimental.theories.runner.WithOnlyTestAnnotations
org.junit.internal.builders.AnnotatedBuilder
org.junit.tests.experimental.theories.runner.WithExtendedParameterSources.ShouldRejectTheoriesWithOnlyDisallowedNullData
org.junit.runner.manipulation.Alphanumeric
org.junit.tests.experimental.theories.extendingwithstubs.StubbedTheoriesTest
org.junit.internal.runners.statements.Fail
org.junit.tests.listening.TestListenerTest.OneTest
org.junit.tests.experimental.theories.runner.WithUnresolvedGenericTypeVariablesOnTheoryParms.TypeVariableOnWildcardLowerBoundOnTheoryParm
junit.tests.framework.AllTests
org.junit.runner.JUnitCoreTest
org.junit.tests.experimental.theories.runner.UnsuccessfulWithDataPointFields
junit.tests.SampleJUnit3Tests.FakeClassUnderTest
org.junit.runner.notification.ConcurrentRunNotifierTest.AbstractConcurrentFailuresTest
org.junit.runners.parameterized.BlockJUnit4ClassRunnerWithParametersTest
junit.tests.runner.TextRunnerTest
org.junit.tests.experimental.theories.runner.WithOnlyTestAnnotations.ErrorWhenTestHasParametersDespiteTheories
junit.tests.runner.BaseTestRunnerTest
org.junit.runners.parameterized.TestWithParametersTest.AnotherDummyClass
org.junit.tests.manipulation.SingleMethodTest.OneTwoSuite
org.junit.runners.RuleContainerTest.Rule
org.junit.rules.RuleMemberValidatorTest.TestWithClassRuleMethodThatReturnsMethodRule
org.junit.tests.manipulation.SortableTest.TestOnlySortableClassRunnerIsSortable.SortableRunner
junit.tests.framework.TestImplementorTest.DoubleTestCase
org.junit.tests.experimental.theories.ParameterSignatureTest
org.junit.experimental.max.MaxHistory
org.junit.rules.LoggingStatement
org.junit.tests.running.classes.UseSuiteAsASuperclassTest.TestB
org.junit.tests.experimental.theories.runner.WithParameterSupplier.TestClassUsingSupplierWithTwoConstructors
org.junit.tests.running.classes.UseSuiteAsASuperclassTest.TestA
org.junit.rules.ClassRulesTest.SubclassOfTestWithClassRule
org.junit.internal.MethodSorterTest.DummySortJvm
org.junit.AssumptionViolatedExceptionTest.UnserializableClass
org.junit.internal.runners.JUnit38ClassRunner
org.junit.tests.experimental.max.MaxStarterTest.HalfMalformedJUnit38TestMethod
org.junit.experimental.categories.CategoryTest.IgnoredTest
org.junit.tests.manipulation.ComparatorBasedOrdering
org.junit.rules.MethodRulesTest.SonOfWrongTypedField
org.junit.tests.experimental.theories.TestedOnSupplierTest
org.junit.tests.junit3compatibility.JUnit4TestAdapterTest.TestSuiteFor3
org.junit.tests.junit3compatibility.JUnit4TestAdapterTest.TestSuiteFor4
org.junit.runners.model.TestClassTest.TwoConstructors
org.junit.tests.junit3compatibility.JUnit38ClassRunnerTest.MyTest
org.junit.validator.AnnotationValidatorFactory
org.junit.tests.junit3compatibility.ForwardCompatibilityTest.ExceptionInBeforeTest
org.junit.rules.MethodRulesTest.WrongTypedField
org.junit.tests.manipulation.SingleMethodTest
org.junit.internal.management.ReflectiveRuntimeMXBean.Holder
org.junit.tests.experimental.max.JUnit38SortingTest
org.junit.rules.BlockJUnit4ClassRunnerOverrideTest.CreateTestDefersToNoArgCreateTestRunner
org.junit.tests.running.classes.ParameterizedTestTest.UseParameterizedFactoryTest
org.junit.tests.running.classes.SuiteTest.WithoutDefaultConstructor
org.junit.internal.runners.model.MultipleFailureException
junit.runner.Version
org.junit.rules.DisableOnDebugTest.FailOnExecution
org.junit.runner.JUnitCommandLineParseResultTest.DummyTest
org.junit.runners.model.TestClassTest.SuperclassWithField
org.junit.rules.StopwatchTest.FailedTest
org.junit.tests.validation.FailedConstructionTest.CantConstruct
org.junit.runners.model.TestClass.MethodComparator
org.junit.rules.ClassRulesTest.ClassRulesModifiableList
org.junit.tests.experimental.theories.runner.SuccessfulWithDataPointFields.OneTestTwoAnnotations
org.junit.rules.TestRuleTest.MethodBothKindsOfRule
org.junit.tests.experimental.theories.runner.WithUnresolvedGenericTypeVariablesOnTheoryParms.TypeVariableOnTheoryOnly
org.junit.tests.running.methods.AnnotationTest.OneTimeTeardown
org.junit.tests.running.methods.TimeoutTest.InfiniteLoopStuckInMainThreadTest
org.junit.tests.running.methods.ParameterizedTestMethodTest.EverythingWrong
org.junit.experimental.categories.JavadocTest.SlowTestSuite
org.junit.internal.matchers.StacktracePrintingMatcherTest
org.junit.validator.AnnotationValidatorFactoryTest
org.junit.tests.listening.RunnerTest.MyListener
org.junit.rules.DisableOnDebugTest.FailOnExecution.1
org.junit.rules.TemporaryFolder
org.junit.internal.requests.ClassRequest.CustomSuiteMethodBuilder
org.junit.experimental.categories.CategoryTest.SlowTests
org.junit.tests.manipulation.OrderWithTest.UnOrderableRunnersAreHandledWithoutCrashing.UnOrderableRunner
org.junit.tests.running.methods.AnnotationTest.SubStaticFieldShadowing.8
org.junit.tests.SampleJUnit4Tests.TestWithThrowingClassRule
org.junit.tests.experimental.theories.runner.WithExtendedParameterSources.ParameterAnnotations
org.junit.rules.ClassRulesTest.CallMethodOnlyOnceRule.Dummy.3
org.junit.rules.ErrorCollectorTest.ErrorCollectorNotCalledBySuccessfulTest
org.junit.runner.manipulation.Ordering
org.junit.tests.manipulation.ReverseAlphanumericSorter
org.junit.runners.model.AllModelTests
org.junit.tests.running.classes.SuiteTest.Hercules
org.junit.validator.AnnotationsValidator.FieldValidator
org.junit.tests.validation.BadlyFormedClassesTest.BadBeforeMethodWithLegacyRunner
org.junit.rules.ExpectedExceptionMatcherBuilder
org.junit.tests.manipulation.SingleMethodTest.OneTimeSetup
org.junit.tests.experimental.theories.extendingwithstubs.Guesser.GuessMap
org.junit.tests.experimental.theories.internal.AllMembersSupplierTest.HasDataPointsWithObjectParameter
org.junit.experimental.categories.CategoryTest.Ancestor
org.junit.tests.manipulation.OrderWithTest.TestClassRunnerIsSortableViaOrderWith.Unordered
org.junit.tests.experimental.theories.runner.WithUnresolvedGenericTypeVariablesOnTheoryParms.TypeVariablesAbound
org.junit.runners.RuleContainer.1
org.junit.runners.model.TestClass.2
org.junit.tests.experimental.theories.internal.ParameterizedAssertionErrorTest
org.junit.runners.model.TestClass.1
org.junit.rules.TestWatcherTest.Callbacks.NoOpRule
org.junit.internal.builders.AnnotatedBuilderTest.OuterClass
org.junit.rules.MethodRulesTest.SonOfNonPublicExampleTest
org.junit.tests.manipulation.OrderWithTest.TestClassRunnerIsSortableViaOrderWith.SortedReverseAlphanumerically
org.junit.rules.ErrorCollector
org.junit.rules.MethodRulesTest
org.junit.tests.experimental.results.ResultMatchersTest
org.junit.rules.ErrorCollectorTest.CheckMatcherThatFailsWithProvidedReason
org.junit.rules.LoggingTestRule
org.junit.tests.running.classes.ClassLevelMethodsWithIgnoredTestsTest.ClassRuleWithIgnoredTest
org.junit.rules.TestRuleTest.NoRulesTest
org.junit.tests.experimental.theories.internal.AllMembersSupplierTest.HasDataPointsListField
org.junit.experimental.results.FailureList
org.junit.rules.TestRuleTest.MethodSonOfWrongTypedField
org.junit.runners.parameterized.BlockJUnit4ClassRunnerWithParametersTest.ClassWithParameterizedAnnotation
org.junit.runner.FilterOptionIntegrationTest.DummyTestClass01
org.junit.rules.BlockJUnit4ClassRunnerOverrideTest.OverrideRulesRunner
org.junit.tests.running.methods.TimeoutTest.WillTimeOut
org.junit.tests.experimental.max.DescriptionTest.Sweet
org.junit.experimental.categories.CategoryTest.OneFastSuite
org.junit.runners.model.TestClassTest.AnotherDummyClass
org.junit.internal.SerializableMatcherDescription
junit.tests.runner.ResultTest.SerializationFormat
org.junit.tests.assertion.MultipleFailureExceptionTest
org.junit.tests.experimental.theories.runner.SuccessfulWithDataPointFields.HasATwoParameterTheory
org.junit.rules.ErrorCollectorTest.CheckCallableWithFailingAssumption.5
org.junit.rules.TestWatchmanTest.FailingTest
org.junit.rules.MethodRulesTest.NonPublicExampleTest
org.junit.rules.RuleMemberValidatorTest.TestWithStaticMethodRule
org.junit.rules.ErrorCollectorTest.CheckRunnableThatThrowsExpectedTypeOfException.7
org.junit.tests.junit3compatibility.OldTestClassAdaptingListenerTest
org.junit.tests.experimental.AssumptionTest.HasAssumeWithMessage
org.junit.rules.ExpectedExceptionTest.UseNoCustomMessage
org.junit.tests.experimental.theories.internal.AllMembersSupplierTest.HasDataPointsArrayField
org.junit.rules.MethodRulesTest.HasMethodReturningMethodRule.7
org.junit.runners.CustomBlockJUnit4ClassRunnerTest.TrackingRunListener
org.junit.rules.TestRuleTest.MultipleRuleTest
org.junit.tests.experimental.theories.runner.WithExtendedParameterSources.DataPointMalformedArrayMethods
org.junit.tests.validation.BadlyFormedClassesTest
org.junit.experimental.categories.IncludeCategories.IncludesAny
junit.tests.framework.ThreeTestCases
org.junit.tests.experimental.theories.runner.WithAutoGeneratedDataPoints.TheoryTestClassWithAutogeneratedParameterValues
org.junit.experimental.categories.JavadocTest.FastOrSmokeTestSuite
org.junit.runner.notification.RunNotifier.SafeNotifier
org.junit.tests.experimental.theories.runner.WithParameterSupplier.SupplierWithTestClassConstructor
org.junit.experimental.categories.CategoryTest.IncludedTest
org.junit.experimental.categories.JavadocTest
org.junit.tests.experimental.AssumptionTest.1
junit.framework.JUnit4TestCaseFacade
org.junit.runners.parameterized.ParameterizedNamesTest
org.junit.tests.experimental.AssumptionTest.2
org.junit.tests.manipulation.OrderableTest.UnOrderableRunnersAreHandledWithoutCrashing.UnOrderable
org.junit.rules.MethodRulesTest.CallsMethodReturningRuleOnlyOnce
org.junit.runners.AllRunnersTests
org.junit.rules.ClassRulesTest.ClassRuleOrdering
org.junit.tests.running.core.CommandLineTest.1
org.junit.experimental.theories.internal.AllMembersSupplier.MethodParameterValue
junit.samples.money.MoneyBag
org.junit.tests.experimental.parallel.ParallelMethodTest
org.junit.tests.experimental.theories.extendingwithstubs.ReguessableValue
org.junit.tests.running.classes.ParentRunnerTest.NonPublicTestClass
org.junit.tests.manipulation.SortableTest.UnsortableRunnersAreHandledWithoutCrashing.Unsortable
org.junit.rules.BlockJUnit4ClassRunnerOverrideTest.OverrideTestRulesTest
org.junit.runner.manipulation.Filterable
org.junit.experimental.categories.JavadocTest.A
org.junit.tests.running.classes.ParentRunnerTest.AssertionErrorAtParentLevelTest
org.junit.runner.FilterOptionIntegrationTest.TestListener
junit.tests.framework.TestCaseTest.TornDown
org.junit.experimental.categories.CategoryTest.SlowTestSuite
org.junit.tests.listening.TestListenerTest.ExceptionListener
org.junit.rules.RuleMemberValidatorTest.MethodTestWithMethodRule
org.junit.rules.TestRuleTest.MethodExampleTest
junit.tests.extensions.ExtensionTest.4
junit.tests.extensions.ExtensionTest.3
junit.tests.extensions.ExtensionTest.2
junit.tests.extensions.ExtensionTest.1
org.junit.tests.validation.AllValidationTests
org.junit.experimental.categories.JavadocTest.B
org.junit.rules.LoggingMethodRule
org.junit.rules.ExpectedExceptionTest.ThrowExpectedNullCause
org.junit.tests.running.methods.AnnotationTest.SuperShadowing
org.junit.tests.experimental.theories.AssumingInTheoriesTest
junit.tests.extensions.ExtensionTest.5
org.junit.internal.runners.model.EachTestNotifier
org.junit.tests.experimental.theories.runner.WithParameterSupplier.SupplierWithTwoConstructors
org.junit.tests.running.classes.IgnoreClassTest
org.junit.rules.RuleMemberValidatorTest.MethodTestWithArbitraryObjectWithRuleAnnotation
junit.framework.TestFailure
org.junit.runner.Description
org.junit.rules.ClassRulesTest.ExampleTestWithCustomClassRule
org.junit.tests.validation.ValidationTest.NonStaticBeforeClass
junit.framework.TestSuite.1
org.junit.runner.Result.SerializedForm
org.junit.experimental.categories.CategoriesAndParameterizedTest
org.junit.rules.TestWatcherTest.InterplayWithOtherRules.ErrorCollectorTest
org.junit.runners.RuleContainerTest.MRule
org.junit.tests.running.methods.AnnotationTest.SubFieldShadowing.6
org.junit.rules.AllRulesTests
junit.tests.runner.TextFeedbackTest.TestResultPrinter
org.junit.runner.JUnitCommandLineParseResultTest.DummyCategory0
org.junit.tests.junit3compatibility.ForwardCompatibilityPrintingTest
junit.extensions.ActiveTestSuite.1
org.junit.tests.experimental.theories.PotentialAssignmentTest
org.junit.runner.manipulation.InvalidOrderingException
org.junit.experimental.categories.MultiCategoryTest.InheritanceAnyTest
org.junit.internal.runners.statements.FailOnTimeout.Builder
org.junit.runner.JUnitCommandLineParseResult.CommandLineParserError
org.junit.tests.running.classes.ParentRunnerTest.ExampleTest
org.junit.tests.experimental.theories.PotentialAssignmentTest.2
junit.tests.extensions.ActiveTestTest.SuccessTest
org.junit.rules.ExpectedExceptionTest.ExpectAssertionErrorWhichIsNotThrown
org.junit.internal.ExactComparisonCriteria
org.junit.rules.RuleMemberValidatorTest.MethodTestWithNonStaticClassRule
org.junit.tests.running.methods.AnnotationTest.SuperStaticFieldShadowing
org.junit.TestCouldNotBeSkippedException
org.junit.tests.experimental.theories.PotentialAssignmentTest.1
org.junit.tests.experimental.theories.runner.FailingDataPointMethods.HasIgnoredFailingMultipleDataPointMethod
org.junit.tests.experimental.theories.runner.SuccessfulWithDataPointFields.NewObjectEachTime
org.junit.internal.builders.JUnit3Builder
org.junit.experimental.categories.CategoryTest.TestSuiteWithNoCategories
org.junit.internal.builders.IgnoredBuilder
org.junit.tests.listening.TestListenerTest.ErrorListener
org.junit.rules.VerifierRuleTest
org.junit.experimental.theories.internal.SpecificDataPointsSupplier
org.junit.tests.experimental.theories.runner.WithAutoGeneratedDataPoints.ENUM
org.junit.rules.ClassRulesTest.MethodExampleTestWithCustomClassRule
org.junit.tests.running.methods.ParameterizedTestMethodTest
org.junit.tests.running.classes.ParameterizedTestTest.UseParameterizedFactoryAbstractTest
org.junit.tests.running.methods.AnnotationTest.TeardownTest
org.junit.internal.runners.statements.FailOnTimeoutTest.RunForASecond
org.junit.rules.TempFolderRuleTest.HasTempFolder
org.junit.runners.parameterized.ParametersRunnerFactory
org.junit.tests.running.classes.ParentRunnerFilteringTest.1
org.junit.rules.ExpectedExceptionTest.ThrowExceptionWithExpectedPartOfMessage
org.junit.tests.experimental.theories.runner.UnsuccessfulWithDataPointFields.DataPointFieldsMustBePublic
org.junit.tests.running.methods.TestMethodTest.EverythingWrong
org.junit.tests.experimental.theories.runner.WithAutoGeneratedDataPoints.TheoryTestClassWithSpecificEnumDataPoint
org.junit.tests.running.methods.ExpectedTest.NoneThrown
org.junit.tests.running.methods.AnnotationTest.OrderTest
junit.tests.SampleJUnit3Tests.TestWithThrowingSetUpMethod
org.junit.AssumptionViolatedExceptionTest.SerializableIsThreeMatcher
org.junit.experimental.categories.CategoryTest.IncludedExcludedSameSuite
org.junit.rules.RuleMemberValidatorTest.TestMethodWithNonStaticTestRule
org.junit.tests.running.methods.AnnotationTest.ErrorInAfterClass
org.junit.tests.validation.ValidationTest
org.junit.tests.junit3compatibility.ForwardCompatibilityTest.ErrorTest
org.junit.tests.experimental.MatcherTest
org.junit.experimental.categories.JavadocTest.FastTests
org.junit.rules.TestWatcherTest.CallbackArguments.Finished.6
org.junit.runners.BlockJUnit4ClassRunner
org.junit.tests.running.classes.ParameterizedTestTest.AdditionTestWithArray
org.junit.tests.running.methods.TimeoutTest.InfiniteLoopMultithreaded.ThreadTest
org.junit.rules.ErrorCollectorTest.CheckMatcherThatDoesNotFailWithoutProvidedReason
org.junit.tests.SampleJUnit4Tests.TestWithThrowingTestRule
org.junit.rules.TimeoutRuleTest.HasNullTimeUnit
org.junit.tests.manipulation.OrderWithTest.TestClassRunnerIsOrderableWithSuiteMethod.OrderedReverseAlphanumerically
org.junit.tests.manipulation.SingleMethodTest.ParameterizedOneTimeSetup
org.junit.rules.Verifier.1
org.junit.tests.experimental.max.MaxStarterTest.MalformedJUnit38TestMethod
org.junit.tests.experimental.theories.internal.AllMembersSupplierTest
org.junit.tests.running.classes.ClassLevelMethodsWithIgnoredTestsTest.HasUnfilteredTest
org.junit.tests.manipulation.OrderableTest.TestClassRunnerIsOrderableWithSuiteMethod.OrderMe
org.junit.runners.Suite
org.junit.rules.RuleMemberValidatorTest.TestWithMethodRule.3
org.junit.tests.running.core.CommandLineTest.Example
org.junit.internal.runners.rules.RuleMemberValidator.FieldMustBeARule
org.junit.experimental.categories.MultiCategoryTest.CategoriesTest
org.junit.tests.experimental.theories.runner.UnsuccessfulWithDataPointFields.TheoriesMustBePublic
org.junit.tests.running.methods.AnnotationTest.SimpleTestWithFutureProofExplicitRunner
org.junit.internal.management.ReflectiveThreadMXBean.Holder
org.junit.internal.requests.ClassRequest.CustomAllDefaultPossibilitiesBuilder
org.junit.tests.running.methods.AnnotationTest
org.junit.tests.experimental.theories.runner.WithDataPointMethod
org.junit.experimental.max.MaxHistory.RememberingListener
org.junit.rules.RuleMemberValidatorTest.NonPublicTestWithClassRule
org.junit.experimental.categories.CategoriesAndParameterizedTest.Token
junit.tests.runner.BaseTestRunnerTest.NonStatic
org.junit.rules.TestRuleTest.MultipleRuleTest.Increment.3
org.junit.rules.TestWatchman
org.junit.rules.ExternalResource.1
org.junit.runner.Describable
org.junit.tests.running.classes.ClassLevelMethodsWithIgnoredTestsTest.BeforeClassWithFilteredTest
org.junit.tests.listening.ListenerTest.OneTest
org.junit.tests.running.classes.SuiteTest.AllWithBeforeAndAfterClass
org.junit.rules.ErrorCollectorTest.CheckRunnableThatThrowsNoExceptionAlthoughOneIsExpected
org.junit.tests.running.classes.ParentRunnerFilteringTest.ExampleSuiteWithUnmodifiableChildList
org.junit.experimental.theories.internal.BooleanSupplier
org.junit.runners.model.InitializationError
org.junit.runners.model.FrameworkFieldTest
org.junit.tests.running.core.MainRunner.NoExitSecurityManager
org.junit.internal.runners.TestMethod
org.junit.rules.TestWatcherTest.Callbacks.ErroneousTestWatcher
junit.tests.framework.FloatAssertTest
org.junit.rules.RuleMemberValidatorTest.TestWithProtectedClassRule
org.junit.runners.parameterized.TestWithParametersTest
org.junit.runners.ParentRunner.ClassRuleCollector
org.junit.runner.AllRunnerTests
org.junit.tests.manipulation.SortableTest.TestClassRunnerIsSortable.SortMe
org.junit.tests.manipulation.OrderWithTest.UnOrderableRunnersAreHandledWithoutCrashing.UnOrderable
org.junit.tests.manipulation.OrderWithTest.TestClassRunnerIsSortableViaOrderWith
org.junit.tests.running.classes.ParameterizedTestTest.BeforeParamAndAfterParam
org.junit.rules.ClassRulesTest.Counter
org.junit.experimental.categories.CategoryFilterFactoryTest
org.junit.tests.junit3compatibility.SuiteMethodTest
org.junit.validator.PublicClassValidator
org.junit.experimental.categories.ExcludeCategories.ExcludesAny
org.junit.rules.TestRuleTest.ExampleTest.1
junit.framework.JUnit4TestAdapterCache
org.junit.experimental.categories.CategoryTest.JustA
org.junit.tests.manipulation.OrderableTest.TestClassRunnerIsOrderable.OrderMe
org.junit.tests.validation.FailedConstructionTest
junit.tests.framework.Success
org.junit.rules.TimeoutRuleTest.AbstractTimeoutTest
org.junit.tests.running.classes.ParentRunnerFilteringTest.CountingFilter
org.junit.rules.TestRuleTest.MethodMultipleRuleTest
org.junit.tests.manipulation.FilterableTest.FilteredRunner
org.junit.runners.parameterized.ParameterizedNamesTest.ParameterizedWithSpecialCharsInName
org.junit.experimental.categories.CategoryTest.OneThatIsBothFastAndSlow
org.junit.tests.running.classes.UseSuiteAsASuperclassTest.AllWithMySuite
org.junit.tests.running.core.JUnitCoreReturnsCorrectExitCodeTest
junit.framework.Protectable
org.junit.experimental.categories.MultiCategoryTest.InheritanceAll
org.junit.rules.TestRuleTest.BeforesAndAftersAreEnclosedByRule
org.junit.tests.running.classes.ThreadsTest
org.junit.validator.AnnotationsValidatorTest.ExampleAnnotationValidator
org.junit.tests.description.AnnotatedDescriptionTest.ValueAnnotatedClass
org.junit.rules.Timeout.Builder
org.junit.runners.CustomBlockJUnit4ClassRunnerTest.CustomBlockJUnit4ClassRunner
org.junit.tests.junit3compatibility.InitializationErrorForwardCompatibilityTest.ErrorRememberingListener
org.junit.rules.ExpectedExceptionTest.FailedAssumptionAndExpectException
org.junit.experimental.categories.MultiCategoryTest.InheritanceAllTest
org.junit.tests.experimental.theories.runner.WithParameterSupplier.TestClassUsingParameterSupplier
org.junit.tests.running.methods.TestMethodTest.SuperWrong
org.junit.rules.RuleMemberValidatorTest.TestWithClassRuleIsImplementationOfMethodRule
org.junit.tests.running.classes.ParentRunnerTest.Exclude
org.junit.rules.ExpectedExceptionTest.HasWrongMessage
org.junit.runner.manipulation.Sortable
org.junit.runners.model.TestClass.FieldComparator
junit.framework.TestResult
org.junit.tests.manipulation.Comparators
org.junit.tests.manipulation.FilterableTest.FilteredRunner.1
org.junit.tests.experimental.theories.runner.UnsuccessfulWithDataPointFields.DataPointFieldsMustBeStatic
org.junit.internal.SerializableValueDescription
org.junit.runners.Parameterized
org.junit.tests.running.methods.AnnotationTest.SetupTest
org.junit.runner.FilterFactoriesTest.FilterFactoryStub
org.junit.runner.notification.RunNotifierTest.FailureListener
org.junit.rules.ErrorCollectorTest.AddSingleError
org.junit.experimental.results.ResultMatchers
org.junit.runners.parameterized.BlockJUnit4ClassRunnerWithParametersTest.ClassWithPrivateParameter
org.junit.runners.AllTests
org.junit.rules.TestWatcherTest.Callbacks.FailingTest
org.junit.experimental.categories.CategoryTest.VerySlowTests
org.junit.tests.running.classes.ParameterizedTestTest.MultipleParametersBeforeParamAndAfterParam
org.junit.experimental.categories.CategoryTest.OneMoreTest
org.junit.tests.running.classes.ParameterizedTestTest.SingleArgumentTestWithArray
org.junit.tests.running.classes.SuiteTest.NonPublicSuite
org.junit.validator.AnnotationsValidatorTest.AnnotationValidatorMethodTest
org.junit.tests.manipulation.SingleMethodTest.TestTwo
org.junit.tests.manipulation.SortableTest.UnsortableRunnersAreHandledWithoutCrashing.UnsortableRunner
org.junit.tests.junit3compatibility.AllTestsTest.OneTest
org.junit.validator.AllValidatorTests
org.junit.tests.validation.BadlyFormedClassesTest.NoTests
org.junit.runners.model.TestClassTest.FieldAnnotated
junit.runner.TestRunListener
org.junit.rules.ExpectedExceptionTest.ExpectsMessageMatcher
org.junit.runners.model.RunnerBuilderStub
org.junit.rules.TempFolderRuleTest.IncorrectUsage
org.junit.tests.experimental.theories.runner.FailingDataPointMethods
org.junit.internal.runners.statements.RunBefores
org.junit.tests.experimental.theories.runner.WithExtendedParameterSources
org.junit.tests.running.classes.ParentRunnerTest.AssumptionViolatedAtParentLevelTest
org.junit.tests.running.methods.ExpectedTest.Expected
org.junit.rules.NameRulesTest.TestNames
org.junit.rules.ErrorCollectorTest.CheckRunnableThatThrowsNoExceptionAlthoughOneIsExpected.9
org.junit.rules.ExpectedExceptionTest.ErrorCollectorShouldFailAlthoughExpectedExceptionDoesNot
org.junit.tests.experimental.theories.runner.WithUnresolvedGenericTypeVariablesOnTheoryParms.TypeVariableOnWildcardUpperBoundOnTheoryParm
org.junit.tests.manipulation.SortableTest.TestOnlySortableClassRunnerIsSortable
org.junit.tests.junit3compatibility.OldTestClassAdaptingListenerTest.1
org.junit.rules.BlockJUnit4ClassRunnerOverrideTest.FlipBitRule.1
junit.extensions.RepeatedTest
org.junit.internal.runners.ErrorReportingRunnerTest.1
junit.tests.SampleJUnit3Tests
junit.tests.extensions.ActiveTestTest
org.junit.experimental.categories.MultiCategoryTest.InheritanceAny
org.junit.tests.experimental.max.MaxStarterTest.2
org.junit.runner.FilterFactoriesTest.NonFilterFactory
org.junit.tests.experimental.max.MaxStarterTest.1
org.junit.runners.RuleContainer.RuleEntry
org.junit.tests.running.methods.AnnotationTest.SubShadowing
org.junit.tests.experimental.theories.runner.SuccessfulWithDataPointFields.PositiveInts
org.junit.tests.listening.ListenerTest.1
org.junit.tests.listening.ListenerTest.2
junit.tests.framework.TestImplementorTest.DoubleTestCase.1
org.junit.runner.OrderWithValidatorTest.TestWithNoValidationErrors
org.junit.tests.SampleJUnit4Tests.FakeClassUnderTest
org.junit.tests.running.methods.TimeoutTest.InfiniteLoopTest
org.junit.rules.TestRuleTest.CustomTestName
org.junit.internal.runners.rules.RuleMemberValidator.Builder
org.junit.tests.experimental.theories.runner.UnsuccessfulWithDataPointFields.HasAFailingTheory
org.junit.runners.RuleContainerTest
org.junit.tests.SampleJUnit4Tests.TestWithThrowingMethodRule
org.junit.runners.model.TestClassTest.OuterClass2
org.junit.tests.experimental.theories.runner.WithExtendedParameterSources.ShouldFilterOutNullSingleDataPoints
org.junit.tests.SampleJUnit4Tests.TestWithSuppressedException
org.junit.tests.running.classes.ParameterizedTestTest.ThreeFailures
org.junit.tests.manipulation.SingleMethodTest.HasSuiteMethod
org.junit.rules.TestRuleTest.CallMethodOnlyOnceRule
org.junit.tests.experimental.theories.internal.AllMembersSupplierTest.HasDataPointsFieldWithNullValue
org.junit.rules.ExpectedExceptionTest.ThrowExceptionWithMatchingCause
org.junit.tests.running.AllRunningTests
org.junit.rules.TestWatcherTest.CallbackArguments.Skipped.3
org.junit.internal.runners.statements.FailOnTimeoutTest.StuckStatement
junit.framework.TestResult.1
org.junit.rules.RuleMemberValidatorTest.TestWithClassRuleMethodReturnsAnArbitraryObject
org.junit.tests.running.classes.ParameterizedTestTest.AdditionTestWithAnnotatedFields
