,class,GodClass
0,org.junit.runner.notification.RunNotifierTest,0.0
1,org.junit.tests.experimental.theories.internal.AllTheoriesInternalTests,0.0
2,org.junit.tests.running.classes.ParentRunnerTest.FruitTest,0.0
3,org.junit.tests.manipulation.FilterableTest.FilteredTest,0.0
4,org.junit.runner.Request,0.0
5,org.junit.rules.TestRuleTest.MethodWrongTypedField,0.0
6,org.junit.validator.AnnotationsValidator.AnnotatableValidator,0.0
7,org.junit.tests.experimental.theories.internal.ParameterizedAssertionErrorTest.1,0.0
8,org.junit.rules.TestRuleTest.MethodMultipleRuleTest.Increment,0.0
9,junit.tests.extensions.RepeatedTestTest,0.0
10,org.junit.tests.running.methods.AnnotationTest.SubFieldShadowing,0.0
11,org.junit.tests.experimental.AllExperimentalTests,0.0
12,org.junit.internal.builders.NullBuilder,0.0
13,org.junit.rules.ClassRulesTest.CustomCounter.1,0.0
14,org.junit.tests.running.methods.TimeoutTest.InfiniteLoopMultithreaded,0.0
15,junit.framework.TestSuite,0.0
16,org.junit.rules.ExpectedExceptionTest.ExpectsMatcher,0.0
17,org.junit.tests.running.methods.TimeoutTest.ImpatientLoopTest,0.0
18,org.junit.experimental.categories.JavadocTest.SmokeTests,0.0
19,org.junit.tests.running.methods.AnnotationTest.OldSuiteTest,0.0
20,org.junit.rules.ExpectedExceptionTest.UseCustomMessageWithoutPlaceHolder,0.0
21,org.junit.rules.ClassRulesTest.CallMethodOnlyOnceRule.Dummy,0.0
22,org.junit.tests.running.methods.TestMethodTest.Confused,0.0
23,org.junit.runners.parameterized.BlockJUnit4ClassRunnerWithParameters.InjectionType,0.0
24,org.junit.rules.ExpectedExceptionTest.ThrowNoExceptionButExpectExceptionWithType,0.0
25,org.junit.internal.ArrayComparisonFailure,0.0
26,org.junit.rules.TestRuleTest.MethodNoRulesTest,0.0
27,org.junit.runners.model.FrameworkMethodTest.ClassWithDummyMethod,0.0
28,org.junit.tests.running.core.JUnitCoreReturnsCorrectExitCodeTest.Fail,0.0
29,org.junit.runners.BlockJUnit4ClassRunner.2,0.0
30,org.junit.internal.runners.InitializationError,0.0
31,org.junit.runners.BlockJUnit4ClassRunner.1,0.0
32,org.junit.runner.FilterFactoriesTest.DummySuite,0.0
33,org.junit.rules.ClassRulesTest,0.0
34,org.junit.runner.notification.ConcurrentRunNotifierTest.4,0.0
35,org.junit.experimental.categories.CategoryTest.B,0.0
36,org.junit.internal.builders.AnnotatedBuilderTest.OuterClass.InnerClassWithOwnRunWith,0.0
37,junit.textui.ResultPrinter,0.0
38,org.junit.experimental.categories.CategoryTest.C,0.0
39,org.junit.runner.notification.ConcurrentRunNotifierTest.3,0.0
40,org.junit.tests.experimental.max.DescriptionTest,0.0
41,org.junit.tests.running.classes.RunWithTest.SubExampleTest,0.0
42,org.junit.internal.management.ReflectiveRuntimeMXBean,0.0
43,org.junit.ComparisonFailure.ComparisonCompactor.DiffExtractor,0.0
44,org.junit.experimental.categories.CategoryTest.A,0.0
45,org.junit.runner.notification.ConcurrentRunNotifierTest.1,0.0
46,org.junit.tests.experimental.theories.runner.SuccessfulWithDataPointFields.PositiveIntsWithMethodParams,0.0
47,org.junit.experimental.categories.CategoriesAndParameterizedTest.SuiteWithParameterizedTestWithCategory,0.0
48,org.junit.tests.experimental.theories.runner.SuccessfulWithDataPointFields.DifferentTypesInConstructor,0.0
49,org.junit.tests.junit3compatibility.JUnit38ClassRunnerTest.1,0.0
50,org.junit.tests.validation.BadlyFormedClassesTest.FaultyConstructor,0.0
51,org.junit.tests.running.classes.ClassLevelMethodsWithIgnoredTestsTest.BeforeClassWithIgnoredTest,0.0
52,junit.tests.extensions.RepeatedTestTest.SuccessTest,0.0
53,org.junit.runner.FilterFactoriesTest.DummyTest,0.0
54,org.junit.tests.junit3compatibility.ForwardCompatibilityTest.NoExceptionTest,0.0
55,org.junit.experimental.categories.CategoryTest.ExcludedTest1,0.0
56,org.junit.internal.management.FakeRuntimeMXBean,0.0
57,org.junit.rules.ErrorCollectorTest.CheckRunnableThatThrowsUnexpectedTypeOfException.8,0.0
58,junit.extensions.ActiveTestSuite,0.0
59,org.junit.experimental.theories.Theories,0.0
60,org.junit.rules.StopwatchTest.SuccessfulTest,0.0
61,org.junit.rules.ExpectedExceptionTest.ThrowExceptionWithExpectedType,0.0
62,org.junit.tests.experimental.theories.runner.SuccessfulWithDataPointFields.StaticPublicNonDataPoints,0.0
63,org.junit.tests.junit3compatibility.InitializationErrorForwardCompatibilityTest.InitializesWithError,0.0
64,org.junit.experimental.categories.CategoryTest.OneFast,0.0
65,org.junit.runner.RequestTest.FailingComputer,0.0
66,org.junit.tests.SampleJUnit4Tests,0.0
67,org.junit.experimental.categories.CategoryTest.ExcludedTest2,0.0
68,org.junit.tests.experimental.theories.internal.AllMembersSupplierTest.HasDataPointsArrayWithMatchingButInaccurateTypes,0.0
69,org.junit.tests.listening.TextListenerTest.OneTest,0.0
70,org.junit.tests.running.methods.TestMethodTest.ConstructorParameter,0.0
71,org.junit.runner.manipulation.Filter,0.0
72,org.junit.tests.running.classes.ParameterizedTestTest.AdditionTest,0.0
73,org.junit.internal.runners.ErrorReportingRunnerTest.TestClassWithErrors,0.0
74,org.junit.validator.PublicClassValidatorTest.PublicClass,0.0
75,org.junit.rules.EventCollector,0.0
76,org.junit.tests.manipulation.FilterTest.NamedFilter,0.0
77,org.junit.internal.MethodSorterTest.Super,0.0
78,org.junit.runners.model.TestClassTest.OuterClass,0.0
79,org.junit.rules.RuleMemberValidatorTest.MethodTestWithStaticClassAndTestRule,0.0
80,org.junit.rules.TestRuleTest.PrivateRule,0.0
81,org.junit.tests.experimental.theories.runner.FailingDataPointMethods.HasIgnoredFailingSingleDataPointMethod,0.0
82,org.junit.internal.runners.statements.ExpectExceptionTest,0.0
83,org.junit.tests.running.methods.AnnotationTest.TwoTests,0.0
84,junit.tests.extensions.AllTests,0.0
85,org.junit.experimental.categories.CategoryValidator,0.0
86,org.junit.tests.running.classes.EnclosedTest,0.0
87,org.junit.rules.ErrorCollectorTest.CheckCallableThatThrowsAnException.1,0.0
88,org.junit.runners.parameterized.TestWithParametersTest.DummyClass,0.0
89,org.junit.validator.PublicClassValidatorTest,0.0
90,org.junit.ComparisonFailure,0.0
91,org.junit.runners.model.RunnerBuilder,0.0
92,org.junit.runners.model.TestClassTest.AnnotatedClass,0.0
93,org.junit.internal.Checks,0.0
94,org.junit.runner.notification.SynchronizedRunListenerTest,0.0
95,org.junit.rules.TestWatcherTest.Callbacks,0.0
96,org.junit.tests.experimental.theories.runner.WithAutoGeneratedDataPoints.TheoryTestClassWithSpecificBooleanDataPoint,0.0
97,org.junit.tests.SampleJUnit4Tests.TestWithOneThrowingTestMethodWithCause,0.0
98,org.junit.internal.management.ManagementFactory,0.0
99,org.junit.rules.Timeout.1,0.0
100,org.junit.tests.experimental.theories.runner.WithParameterSupplier.SupplierWithUnknownConstructor,0.0
101,org.junit.runner.notification.ConcurrentRunNotifierTest.ConcurrentRunListener,0.0
102,org.junit.runner.RunnerSpy,0.0
103,org.junit.tests.running.classes.ClassLevelMethodsWithIgnoredTestsTest.AfterClassWithIgnoredTest,0.0
104,junit.samples.money.MoneyTest,0.0
105,org.junit.rules.BlockJUnit4ClassRunnerOverrideTest.OverrideTestRulesRunner.2,0.0
106,org.junit.runner.RequestTest.BarTest,0.0
107,org.junit.validator.AnnotationsValidator.MethodValidator,0.0
108,org.junit.internal.runners.statements.FailOnTimeoutTest,0.0
109,org.junit.internal.MethodSorter,0.0
110,org.junit.internal.Throwables,0.0
111,junit.tests.framework.NoTestCases,0.0
112,org.junit.tests.manipulation.SortableTest.TestOnlySortableClassRunnerIsSortable.SortMe,0.0
113,org.junit.tests.running.methods.TestMethodTest.SubWrong,0.0
114,org.junit.tests.junit3compatibility.ForwardCompatibilityTest.MarkerRunner,0.0
115,org.junit.tests.manipulation.OrderableTest.TestOrderableClassRunnerIsSortable.OrderableRunner,0.0
116,org.junit.tests.manipulation.SingleMethodTest.1,0.0
117,org.junit.tests.manipulation.SortableTest.TestClassRunnerIsSortableWithSuiteMethod,0.0
118,org.junit.rules.ErrorCollectorTest.ErrorCollectorNotCalledByFailingTest,0.0
119,org.junit.runner.notification.RunListener,0.0
120,junit.tests.extensions.ExtensionTest.TornDown,0.0
121,org.junit.tests.running.classes.BlockJUnit4ClassRunnerTest.OuterClass,0.0
122,org.junit.tests.junit3compatibility.JUnit38ClassRunnerTest.RejectAllTestsFilter,0.0
123,org.junit.tests.running.classes.ParameterizedTestTest,0.0
124,junit.tests.framework.TestCaseTest.10,0.0
125,org.junit.tests.running.classes.SuiteTest.AllWithOutAnnotation,0.0
126,org.junit.experimental.theories.PotentialAssignment.1,0.0
127,org.junit.internal.runners.statements.FailOnTimeout,0.0
128,org.junit.internal.builders.AllDefaultPossibilitiesBuilder,0.0
129,org.junit.tests.junit3compatibility.AllTestsTest.JUnit4Test,0.0
130,junit.tests.runner.BaseTestRunnerTest.MockRunner,0.0
131,org.junit.tests.junit3compatibility.ForwardCompatibilityPrintingTest.2,0.0
132,org.junit.tests.junit3compatibility.ForwardCompatibilityPrintingTest.1,0.0
133,org.junit.tests.manipulation.SortableTest.TestClassRunnerIsSortable,0.0
134,org.junit.rules.DisableOnDebug,0.0
135,org.junit.tests.junit3compatibility.ForwardCompatibilityPrintingTest.3,0.0
136,org.junit.experimental.categories.CategoryTest.MultiIncludeWithExcludeCategorySuite,0.0
137,org.junit.tests.running.methods.AnnotationTest.RunAllAftersRegardless,0.0
138,org.junit.runners.model.NoGenericTypeParametersValidator,0.0
139,org.junit.tests.manipulation.OrderWithTest.TestClassRunnerIsOrderableViaOrderWith.OrderedReverseAlphanumerically,0.0
140,org.junit.experimental.theories.Theories.TheoryAnchor.1.2,0.0
141,org.junit.experimental.categories.CategoryTest.SomeAreSlow,0.0
142,org.junit.rules.DisableOnDebugTest,0.0
143,org.junit.experimental.categories.AllCategoriesTests,0.0
144,org.junit.experimental.categories.Categories.CategoryFilter,0.0
145,org.junit.tests.junit3compatibility.InitializationErrorForwardCompatibilityTest.CantInitializeTests,0.0
146,org.junit.tests.running.classes.ParameterizedTestTest.BeforeAndAfter,0.0
147,org.junit.internal.management.ManagementFactory.FactoryHolder,0.0
148,org.junit.internal.matchers.StacktracePrintingMatcher,0.0
149,org.junit.experimental.categories.CategoryTest.ReallySlowTests,0.0
150,junit.tests.runner.TextRunnerSingleMethodTest.InvocationTest,0.0
151,org.junit.tests.manipulation.SingleMethodTest.ParameterizedOneTimeBeforeClass,0.0
152,org.junit.tests.running.methods.AnnotationTest.SuperTest,0.0
153,org.junit.internal.runners.MethodValidator,0.0
154,org.junit.tests.running.classes.RunWithTest,0.0
155,org.junit.tests.running.methods.AllMethodsTests,0.0
156,org.junit.runner.Result.Listener,0.0
157,org.junit.internal.builders.AnnotatedBuilderTest.InnerRunner,0.0
158,org.junit.tests.manipulation.SortableTest,0.0
159,org.junit.tests.experimental.theories.runner.WithUnresolvedGenericTypeVariablesOnTheoryParms.TypeVariableOnComponentOfArrayTypeOnTheoryParm,0.0
160,org.junit.tests.manipulation.OrderWithTest.UnOrderableRunnersAreHandledWithoutCrashing,0.0
161,org.junit.Assume,0.0
162,org.junit.internal.StackTracesTest.ExceptionMessageMatcher,0.0
163,org.junit.rules.TestRuleTest.TestRuleIsAroundMethodRule,0.0
164,org.junit.experimental.categories.CategoryTest.FastTests,0.0
165,org.junit.internal.JUnitSystem,0.0
166,org.junit.tests.running.classes.parent.ParentRunnerClassLoaderTest,0.0
167,org.junit.tests.assertion.AssertionTest.NestedException,0.0
168,org.junit.tests.experimental.theories.runner.WithDataPointMethod.HasDataPointMethod,0.0
169,org.junit.internal.Throwables.State,0.0
170,org.junit.tests.experimental.max.MaxStarterTest,0.0
171,org.junit.rules.ExpectedExceptionTest.ExpectsMultipleMatchers,0.0
172,org.junit.rules.ErrorCollectorTest.AddTwoErrors,0.0
173,org.junit.runners.JUnit4,0.0
174,org.junit.rules.TestRuleTest.CustomTestName.4,0.0
175,org.junit.tests.experimental.AssumptionTest.HasAssumeWithMessageAndCause,0.0
176,org.junit.runner.JUnitCommandLineParseResult,0.0
177,junit.framework.Assert,0.0
178,junit.samples.AllTests,0.0
179,org.junit.rules.ErrorCollectorTest.CheckCallableThatDoesNotThrowAnException.6,0.0
180,org.junit.internal.requests.MemoizingRequest,0.0
181,org.junit.tests.experimental.theories.runner.AllTheoriesRunnerTests,0.0
182,org.junit.experimental.results.ResultMatchers.3,0.0
183,org.junit.experimental.results.ResultMatchers.4,0.0
184,org.junit.rules.ClassRulesTest.ClassRuleOrderingDefault,0.0
185,junit.textui.TestRunner,0.0
186,org.junit.experimental.results.ResultMatchers.1,0.0
187,org.junit.internal.InexactComparisonCriteria,0.0
188,org.junit.tests.experimental.theories.runner.WithAutoGeneratedDataPoints,0.0
189,org.junit.experimental.results.ResultMatchers.2,0.0
190,org.junit.tests.manipulation.SortableTest.TestClassRunnerIsSortable.DoNotSortMe,0.0
191,org.junit.tests.running.methods.AnnotationTest.SubShadowing.2,0.0
192,org.junit.experimental.categories.CategoryTest.ClassAsCategory,0.0
193,junit.extensions.TestSetup.1,0.0
194,org.junit.runner.FilterFactories,0.0
195,junit.tests.framework.DoublePrecisionAssertTest,0.0
196,org.junit.experimental.max.MaxCore,0.0
197,org.junit.rules.MethodRulesTest.Increment.2,0.0
198,org.junit.internal.management.ReflectiveThreadMXBean,0.0
199,org.junit.runners.RuleContainer,0.0
200,org.junit.tests.experimental.parallel.ParallelClassTest,0.0
201,org.junit.tests.experimental.theories.runner.SuccessfulWithDataPointFields.PositiveIntsWithNegativeField,0.0
202,org.junit.tests.running.core.JUnitCoreReturnsCorrectExitCodeTest.Succeed,0.0
203,org.junit.tests.running.classes.ParameterizedTestTest.BadNumberOfAnnotatedFieldTest,0.0
204,junit.framework.ComparisonFailure,0.0
205,junit.tests.framework.AssertTest,0.0
206,org.junit.tests.manipulation.OrderableTest.TestClassRunnerIsOrderable.Enclosing,0.0
207,org.junit.internal.builders.JUnit4Builder,0.0
208,org.junit.internal.runners.JUnit38ClassRunner.OldTestClassAdaptingListener,0.0
209,org.junit.runners.parameterized.TestWithParameters,0.0
210,org.junit.rules.TestRuleTest.SonOfWrongTypedField,0.0
211,org.junit.rules.ErrorCollectorTest.CheckTwoCallablesThatThrowExceptions,0.0
212,org.junit.tests.manipulation.OrderWithTest.TestClassRunnerIsOrderableViaOrderWith.Unordered,0.0
213,org.junit.tests.assertion.MultipleFailureExceptionTest.ExpectedException,0.0
214,org.junit.tests.experimental.max.MaxStarterTest.TwoOldTests,0.0
215,org.junit.tests.experimental.theories.runner.FailingDataPointMethods.HasWronglyIgnoredFailingMultipleDataPointMethod,0.0
216,org.junit.rules.TestWatcherTest.CallbackArguments.Skipped,0.0
217,org.junit.tests.experimental.theories.runner.FailingDataPointMethods.HasFailingDataPointArrayMethod,0.0
218,junit.tests.framework.NoArgTestCaseTest,0.0
219,org.junit.experimental.theories.suppliers.TestedOnSupplier,0.0
220,org.junit.internal.matchers.TypeSafeMatcher,0.0
221,org.junit.runner.FilterOptionIntegrationTest,0.0
222,org.junit.tests.SampleJUnit4Tests.ThrowingMethodRule,0.0
223,org.junit.internal.RealSystem,0.0
224,org.junit.tests.running.classes.ParameterizedTestTest.SingleArgumentTestWithCollection,0.0
225,org.junit.rules.RuleMemberValidatorTest.TestWithStaticTestRule,0.0
226,org.junit.tests.deprecated.AllDeprecatedTests,0.0
227,org.junit.tests.description.TestDescriptionMethodNameTest,0.0
228,org.junit.tests.running.methods.TimeoutTest.TimeoutFailureTest,0.0
229,org.junit.runner.manipulation.Alphanumeric.1,0.0
230,org.junit.rules.DisableOnDebugTest.PreJava5DebugArgumentsReversedTest,0.0
231,org.junit.tests.experimental.theories.runner.WithUnresolvedGenericTypeVariablesOnTheoryParms,0.0
232,org.junit.tests.junit3compatibility.JUnit38ClassRunnerTest.OneTest,0.0
233,junit.tests.framework.TestCaseTest.1,0.0
234,org.junit.tests.running.core.SystemExitTest,0.0
235,junit.tests.framework.TestCaseTest.4,0.0
236,org.junit.rules.ClassRulesTest.OrderTestRule.2,0.0
237,org.junit.runner.FilterFactoriesTest.NonInstantiableFilterFactory,0.0
238,org.junit.tests.experimental.theories.runner.SuccessfulWithDataPointFields.BeforeAndAfterOnSameInstance,0.0
239,junit.tests.framework.TestCaseTest.5,0.0
240,junit.tests.framework.TestCaseTest.2,0.0
241,junit.tests.framework.TestCaseTest.3,0.0
242,org.junit.tests.junit3compatibility.JUnit38ClassRunnerTest.ClassWithInvalidMethod,0.0
243,org.junit.runners.model.MultipleFailureException,0.0
244,junit.tests.framework.TestCaseTest.8,0.0
245,org.junit.tests.running.classes.ParentRunnerFilteringTest.ExampleSuite,0.0
246,junit.tests.framework.TestCaseTest.9,0.0
247,junit.tests.framework.TestCaseTest.6,0.0
248,junit.tests.framework.TestCaseTest.7,0.0
249,org.junit.internal.runners.JUnit4ClassRunner.2,0.0
250,org.junit.internal.runners.JUnit4ClassRunner.1,0.0
251,org.junit.internal.MethodSorterTest.DummySortWithoutAnnotation,0.0
252,org.junit.rules.TestRuleTest.OneFieldTwoKindsOfRule,0.0
253,org.junit.internal.runners.rules.RuleMemberValidator.FieldMustBeATestRule,0.0
254,org.junit.rules.RuleMemberValidatorTest.MethodTestWithMethodRule.4,0.0
255,org.junit.tests.running.classes.ParentRunnerTest.1,0.0
256,org.junit.tests.manipulation.OrderableTest.TestClassRunnerIsOrderableWithSuiteMethod,0.0
257,org.junit.tests.running.classes.ParentRunnerTest.2,0.0
258,junit.tests.AllTests,0.0
259,org.junit.tests.listening.UserStopTest.OneTest,0.0
260,org.junit.internal.TextListener,0.0
261,org.junit.experimental.categories.JavadocTest.SlowTests,0.0
262,org.junit.runners.model.TestClassTest.MethodsAnnotated,0.0
263,org.junit.internal.ChecksTest,0.0
264,org.junit.tests.description.AllDescriptionTests,0.0
265,org.junit.tests.description.AnnotatedDescriptionTest,0.0
266,junit.tests.runner.ResultTest.AssumptionFailedTest,0.0
267,org.junit.experimental.categories.CategoryTest.InheritanceSuite,0.0
268,org.junit.tests.experimental.theories.runner.WithOnlyTestAnnotations.HonorTimeout,0.0
269,org.junit.rules.TestRuleTest.MultipleRuleTest.Increment,0.0
270,org.junit.tests.manipulation.OrderWithTest.TestClassRunnerIsOrderableViaOrderWith.OrderedAlphanumerically,0.0
271,org.junit.internal.StackTracesTest.StackTraceLineMatcher,0.0
272,org.junit.samples.ListTest,0.0
273,org.junit.rules.ExpectedExceptionTest.UseCustomMessageWithPlaceHolder,0.0
274,org.junit.internal.MethodSorter.2,0.0
275,org.junit.internal.MethodSorter.1,0.0
276,org.junit.runners.ParentRunner,1.0
277,org.junit.samples.AllSamplesTests,0.0
278,org.junit.experimental.runners.Enclosed,0.0
279,org.junit.rules.TestWatcherTest.CallbackArguments.Succeeded,0.0
280,org.junit.runner.Computer.2,0.0
281,org.junit.runner.Computer.1,0.0
282,org.junit.internal.matchers.ThrowableCauseMatcherTest,0.0
283,org.junit.tests.experimental.max.MaxStarterTest.MalformedJUnit38Test,0.0
284,org.junit.tests.running.methods.TimeoutTest.FailureWithTimeoutRunTimeExceptionTest,0.0
285,org.junit.tests.assertion.AssertionTest.NullToString,0.0
286,org.junit.runners.model.InvalidTestClassErrorTest.SampleTestClass,0.0
287,org.junit.tests.junit3compatibility.JUnit4TestAdapterTest.Test3,0.0
288,org.junit.runner.manipulation.Ordering.Context,0.0
289,org.junit.tests.junit3compatibility.JUnit4TestAdapterTest.Test4,0.0
290,org.junit.validator.AnnotationValidatorFactoryTest.ValidatorThatThrowsException,0.0
291,org.junit.tests.experimental.theories.runner.WithExtendedParameterSources.DataPointArrayMethod,0.0
292,org.junit.rules.Stopwatch.InternalWatcher,0.0
293,org.junit.rules.ExpectedExceptionTest,0.0
294,junit.framework.ComparisonCompactor,0.0
295,org.junit.tests.junit3compatibility.AllTestsTest.BadSuiteMethod,0.0
296,org.junit.rules.TestWatchman.1,0.0
297,org.junit.rules.MethodRulesTest.CustomTestName.6,0.0
298,org.junit.tests.experimental.theories.runner.FailingDataPointMethods.HasFailingSingleDataPointMethod,0.0
299,org.junit.rules.TestWatcherTest.CallbackArguments.Finished,0.0
300,org.junit.rules.ErrorCollectorTest.CheckRunnableThatThrowsUnexpectedTypeOfException,0.0
301,org.junit.tests.junit3compatibility.ForwardCompatibilityPrintingTest.ATest,0.0
302,org.junit.tests.running.classes.AllClassesTests,0.0
303,org.junit.rules.ErrorCollector.1,0.0
304,org.junit.experimental.categories.CategoryTest.SomeAreSlowSuite,0.0
305,org.junit.tests.running.methods.TestMethodTest,0.0
306,org.junit.runners.model.TestClass,1.0
307,org.junit.runners.model.FrameworkFieldTest.ClassWithDummyField,0.0
308,org.junit.internal.Classes,0.0
309,org.junit.experimental.categories.CategoryTest.AllIncludedMustMatched,0.0
310,org.junit.internal.Throwables.State.2,0.0
311,org.junit.rules.BlockJUnit4ClassRunnerOverrideTest.OverrideRulesTest,0.0
312,org.junit.tests.running.core.AllCoreTests,0.0
313,org.junit.internal.Throwables.State.3,0.0
314,org.junit.internal.Throwables.State.4,0.0
315,org.junit.internal.Throwables.State.5,0.0
316,org.junit.rules.TestRuleTest.OrderTestRule,0.0
317,org.junit.internal.management.RuntimeMXBean,0.0
318,org.junit.validator.AnnotationsValidator.ClassValidator,0.0
319,org.junit.rules.TestWatcherTest.Callbacks.SuccessfulTest,0.0
320,org.junit.runner.manipulation.Sorter,0.0
321,org.junit.runners.parameterized.BlockJUnit4ClassRunnerWithParameters,0.0
322,org.junit.tests.manipulation.SortableTest.TestClassRunnerIsSortableWithSuiteMethod.SortMe,0.0
323,org.junit.tests.experimental.parallel.ParallelClassTest.Example2,0.0
324,org.junit.tests.experimental.parallel.ParallelClassTest.Example1,0.0
325,org.junit.tests.experimental.theories.runner.WithUnresolvedGenericTypeVariablesOnTheoryParms.TypeVariableOnTheoryParm,0.0
326,org.junit.tests.listening.RunnerTest.ExampleTest,0.0
327,org.junit.tests.running.classes.ParameterizedTestTest.ParameterizedWithoutSpecialTestname,0.0
328,org.junit.experimental.theories.internal.AllMembersSupplier,0.0
329,org.junit.rules.MethodRulesTest.CallsMethodReturningRuleOnlyOnce.Dummy,0.0
330,org.junit.tests.experimental.results.PrintableResultTest,0.0
331,org.junit.tests.experimental.max.MaxStarterTest.TwoUnEqualTests,0.0
332,org.junit.tests.experimental.theories.AssumingInTheoriesTest.TheoryWithNoUnassumedParameters,0.0
333,junit.tests.runner.StackFilterTest,0.0
334,org.junit.runner.notification.StoppedByUserException,0.0
335,org.junit.rules.ErrorCollectorTest.CheckCallableThatThrowsInternalAssumptionViolatedException,0.0
336,org.junit.tests.experimental.theories.runner.TheoriesPerformanceTest.UpToTen,0.0
337,org.junit.rules.MethodRulesTest.PrivateRule,0.0
338,org.junit.tests.manipulation.OrderWithTest,0.0
339,org.junit.rules.TempFolderRuleTest,0.0
340,org.junit.tests.listening.TestListenerTest,0.0
341,org.junit.tests.running.methods.AnnotationTest.SuperFieldShadowing,0.0
342,org.junit.tests.manipulation.FilterableTest,0.0
343,org.junit.rules.MethodRulesTest.TestMethodRule.1,0.0
344,org.junit.tests.running.core.CommandLineTest,0.0
345,org.junit.rules.TestRuleTest.BeforesAndAfters,0.0
346,org.junit.rules.ExternalResourceRuleTest.UsesExternalResource,0.0
347,org.junit.rules.TestRuleTest.MethodUsesCustomMethodRule,0.0
348,org.junit.tests.experimental.max.JUnit38SortingTest.JUnit38Test,0.0
349,org.junit.rules.TestRule,0.0
350,org.junit.internal.MethodSorterTest,0.0
351,org.junit.rules.ErrorCollectorTest.CheckTwoCallablesThatThrowExceptions.2,0.0
352,org.junit.rules.TestRuleTest.UsesFieldAndMethodRule,0.0
353,org.junit.rules.ErrorCollectorTest.CheckTwoCallablesThatThrowExceptions.3,0.0
354,org.junit.tests.experimental.theories.runner.WhenNoParametersMatch,0.0
355,org.junit.tests.running.methods.AnnotationTest.FailureTest,0.0
356,org.junit.rules.BlockJUnit4ClassRunnerOverrideTest,0.0
357,org.junit.rules.TempFolderRuleTest.NameClashes,0.0
358,org.junit.samples.money.MoneyTest,0.0
359,org.junit.tests.running.methods.AnnotationTest.SuperStaticFieldShadowing.7,0.0
360,org.junit.runners.model.TestClassTest.OuterClass.NonStaticInnerClass,0.0
361,org.junit.experimental.theories.PotentialAssignment,0.0
362,org.junit.internal.management.ManagementFactory.RuntimeHolder,0.0
363,org.junit.tests.experimental.theories.runner.WithNamedDataPoints.HasSpecificDatapointsParameters,0.0
364,org.junit.rules.VerifierRuleTest.UsesVerifier.1,0.0
365,org.junit.rules.BlockJUnit4ClassRunnerOverrideTest.OverrideCreateTest,0.0
366,org.junit.rules.MethodRulesTest.UsesCustomMethodRule,0.0
367,org.junit.tests.running.classes.SuiteTest.Hydra,0.0
368,junit.samples.money.IMoney,0.0
369,org.junit.rules.StopwatchTest.Record,0.0
370,org.junit.internal.runners.rules.RuleMemberValidator.MethodMustBeATestRule,0.0
371,org.junit.rules.RuleMemberValidatorTest.TestWithClassRuleMethodThatReturnsMethodRule.2,0.0
372,org.junit.tests.running.classes.ParameterizedTestTest.IncorrectTest,0.0
373,org.junit.tests.validation.ValidationTest.WrongBeforeClass,0.0
374,org.junit.rules.TempFolderRuleTest.CreatesRandomFiles,0.0
375,org.junit.tests.junit3compatibility.JUnit4TestAdapterTest,0.0
376,org.junit.internal.runners.model.ReflectiveCallable,0.0
377,org.junit.runners.model.TestClassTest.PublicClass,0.0
378,org.junit.runner.notification.ConcurrentRunNotifierTest,0.0
379,org.junit.tests.experimental.theories.runner.WithParameterSupplier,0.0
380,junit.framework.JUnit4TestAdapterCache.1,0.0
381,org.junit.experimental.max.CouldNotReadCoreException,0.0
382,org.junit.tests.junit3compatibility.AllTestsTest.AllJUnit4,0.0
383,org.junit.tests.running.methods.TestMethodTest.OnlyTestIsIgnored,0.0
384,org.junit.rules.ClassRulesTest.MethodSubclassOfTestWithClassRule,0.0
385,junit.tests.framework.InheritedTestCase,0.0
386,org.junit.tests.experimental.theories.extendingwithstubs.GuesserQueue,0.0
387,org.junit.tests.running.classes.parent.ParentRunnerClassLoaderTest.1,0.0
388,org.junit.tests.experimental.theories.extendingwithstubs.MethodCall,0.0
389,org.junit.experimental.categories.CategoryTest.Inherited,0.0
390,org.junit.tests.experimental.theories.internal.AllMembersSupplierTest.HasDataPointsListMethod,0.0
391,org.junit.tests.running.classes.BlockJUnit4ClassRunnerTest.1,0.0
392,org.junit.tests.running.core.MainRunner.ExitException,0.0
393,org.junit.rules.TestRuleTest.CallMethodOnlyOnceRule.Dummy.9,0.0
394,org.junit.tests.experimental.theories.runner.TypeMatchingBetweenMultiDataPointsMethod,0.0
395,org.junit.tests.running.classes.SuiteTest.All,0.0
396,org.junit.tests.running.methods.AnnotationTest.SetupFailureTest,0.0
397,org.junit.experimental.categories.CategoryTest.RunSlowFromVerySlow,0.0
398,org.junit.experimental.theories.ParameterSignature,0.0
399,org.junit.tests.experimental.max.DescriptionTest.1URLClassLoader2,0.0
400,org.junit.tests.junit3compatibility.ForwardCompatibilityTest.NoTests,0.0
401,org.junit.ComparisonFailure.ComparisonCompactor,0.0
402,org.junit.rules.TestRuleTest.ExampleTest.1.2,0.0
403,org.junit.tests.running.classes.ThreadsTest.TestWithInterruptFromAfterClass,0.0
404,org.junit.tests.manipulation.OrderableTest.UnOrderableRunnersAreHandledWithoutCrashing,0.0
405,org.junit.internal.runners.rules.RuleMemberValidator.DeclaringClassMustBePublic,0.0
406,org.junit.tests.running.classes.RunWithTest.BadRunner,0.0
407,org.junit.rules.ExpectedExceptionTest.FailBeforeExpectingException,0.0
408,org.junit.runner.FilterFactoriesTest.DummyCategory,0.0
409,org.junit.tests.manipulation.OrderWithTest.TestClassRunnerIsOrderableViaOrderWith.SuiteOrderedAlphanumerically,0.0
410,org.junit.runner.notification.RunNotifierTest.CountingListener,0.0
411,org.junit.internal.requests.SortingRequest,0.0
412,org.junit.rules.MethodRulesTest.HasMultipleMethodsReturningMethodRule,0.0
413,org.junit.tests.running.classes.ParameterizedTestTest.ParametersNotIterable,0.0
414,org.junit.rules.RuleChainTest.RuleChainWithNullRules,0.0
415,org.junit.rules.EventCollector.3,0.0
416,org.junit.rules.EventCollector.4,0.0
417,org.junit.tests.experimental.theories.internal.AllMembersSupplierTest.HasDataPointMethodWithOverlyGeneralTypes,0.0
418,org.junit.rules.EventCollector.1,0.0
419,org.junit.rules.EventCollector.2,0.0
420,junit.tests.runner.ResultTest,0.0
421,org.junit.rules.BlockJUnit4ClassRunnerOverrideTest.OverrideTestRulesRunner,0.0
422,junit.tests.extensions.ExtensionTest,0.0
423,junit.tests.framework.NotPublicTestCase,0.0
424,org.junit.tests.running.classes.ParameterizedTestTest.OneShotIterable,0.0
425,org.junit.runners.parameterized.BlockJUnit4ClassRunnerWithParameters.RunAfterParams,0.0
426,org.junit.rules.RuleMemberValidatorTest.TestWithMethodRule,0.0
427,org.junit.rules.StopwatchTest.AbstractStopwatchTest.2,0.0
428,org.junit.rules.TestRuleTest.TestRuleOrderingWithMethodRule,0.0
429,org.junit.rules.StopwatchTest.AbstractStopwatchTest.3,0.0
430,org.junit.internal.runners.statements.FailOnTimeoutTest.DelegatingStatement,0.0
431,org.junit.function.ThrowingRunnable,0.0
432,org.junit.rules.ExternalResource,0.0
433,org.junit.rules.StopwatchTest.AbstractStopwatchTest.1,0.0
434,org.junit.tests.junit3compatibility.ForwardCompatibilityTest.UnExpectedExceptionTest,0.0
435,junit.tests.runner.TextRunnerSingleMethodTest,0.0
436,org.junit.tests.running.methods.AnnotationTest.OldTest,0.0
437,org.junit.tests.running.methods.AnnotationTest.SuperFieldShadowing.5,0.0
438,org.junit.tests.running.classes.ThreadsTest.TestWithInterrupt,0.0
439,org.junit.experimental.categories.CategoryTest,0.0
440,org.junit.rules.MethodRulesTest.WatchmanTest.4,0.0
441,org.junit.tests.experimental.theories.runner.TypeMatchingBetweenMultiDataPointsMethod.WithCorrectlyTypedDataPointsMethod,0.0
442,org.junit.rules.NameRulesTest,0.0
443,org.junit.rules.TestRuleTest.CallMethodOnlyOnceRule.Dummy,0.0
444,org.junit.rules.RuleMemberValidatorTest.TestMethodWithStaticMethodRule,0.0
445,org.junit.tests.running.methods.AnnotationTest.OneTimeSetup,0.0
446,org.junit.tests.running.methods.TimeoutTest.TimeOutOneSecond,0.0
447,org.junit.tests.running.methods.AnnotationTest.SubInheritance,0.0
448,org.junit.internal.runners.statements.InvokeMethod,0.0
449,org.junit.tests.manipulation.ReverseAlphanumericOrdering,0.0
450,org.junit.rules.ClassRulesTest.ExampleTestWithClassRule,0.0
451,org.junit.tests.running.classes.ParameterizedTestTest.ExceptionThrowingRunnerFactory,0.0
452,org.junit.tests.experimental.parallel.ParallelMethodTest.Example,0.0
453,org.junit.internal.ComparisonCriteria,0.0
454,org.junit.tests.experimental.theories.runner.UnsuccessfulWithDataPointFields.DataPointMethodsMustBePublic,0.0
455,org.junit.rules.MethodRulesTest.BeforesAndAfters.5,0.0
456,org.junit.tests.manipulation.OrderWithTest.TestClassRunnerIsSortableViaOrderWith.SortedAlphanumerically,0.0
457,org.junit.internal.ArrayComparisonFailureTest,0.0
458,org.junit.tests.running.classes.UseSuiteAsASuperclassTest,0.0
459,org.junit.rules.ErrorCollectorTest.AddInternalAssumptionViolatedException,0.0
460,org.junit.tests.experimental.parallel.AllParallelTests,0.0
461,org.junit.rules.TestWatcherTest.CallbackArguments,0.0
462,org.junit.tests.manipulation.OrderableTest,0.0
463,org.junit.tests.running.methods.TimeoutTest.FailureWithTimeoutTest,0.0
464,org.junit.experimental.max.MaxCore.1,0.0
465,junit.tests.WasRun,0.0
466,org.junit.tests.experimental.results.PrintableResultTest.1,0.0
467,junit.tests.framework.ComparisonCompactorTest,0.0
468,org.junit.rules.TestRuleTest.MethodPrivateRule,0.0
469,org.junit.rules.MethodRulesTest.HasMethodReturningMethodRule,0.0
470,org.junit.rules.TestWatcherTest.CallbackArguments.Starting.5,0.0
471,org.junit.tests.deprecated.JUnit4ClassRunnerTest.Example,0.0
472,org.junit.tests.junit3compatibility.AllTestsTest,0.0
473,org.junit.tests.listening.ListenerTest,0.0
474,org.junit.tests.running.classes.ParentRunnerTest.CountingRunListener,0.0
475,org.junit.runners.model.TestClassTest,0.0
476,org.junit.rules.TestWatcherTest.CallbackArguments.Starting,0.0
477,org.junit.validator.AnnotationsValidatorTest.AnnotationValidatorFieldTest,0.0
478,org.junit.tests.experimental.theories.extendingwithstubs.Guesser.1,0.0
479,org.junit.tests.listening.RunnerTest,0.0
480,junit.tests.framework.SuiteTest,0.0
481,junit.tests.runner.TextFeedbackTest,0.0
482,org.junit.rules.RuleMemberValidatorTest.TestWithNonStaticClassRule,0.0
483,org.junit.tests.junit3compatibility.JUnit38ClassRunnerTest.DerivedAnnotatedMethod,0.0
484,org.junit.AssumptionViolatedExceptionTest,0.0
485,junit.tests.framework.TestImplementorTest.2,0.0
486,org.junit.tests.experimental.theories.extendingwithstubs.Correspondent,0.0
487,org.junit.rules.VerifierRuleTest.UsesVerifier,0.0
488,org.junit.tests.TestSystem,0.0
489,org.junit.internal.runners.statements.ExpectExceptionTest.AssumptionViolatedExceptionSubclass,0.0
490,org.junit.rules.TestRuleTest.MethodOneFieldTwoKindsOfRule,0.0
491,org.junit.rules.ErrorCollectorTest.CheckCallableThatThrowsInternalAssumptionViolatedException.4,0.0
492,org.junit.rules.NameRulesTest.BeforeAndAfterTest,0.0
493,org.junit.rules.ExternalResourceRuleTest.UsesExternalResource.1,0.0
494,junit.samples.SimpleTest,0.0
495,junit.tests.framework.OverrideTestCase,0.0
496,org.junit.tests.running.methods.InheritedTestTest.Sub,0.0
497,org.junit.tests.running.methods.AnnotationTest.SuperInheritance,0.0
498,org.junit.tests.experimental.theories.runner.TheoriesPerformanceTest,0.0
499,org.junit.runners.model.TestClassTest.SubclassWithField,0.0
500,org.junit.rules.MethodRulesTest.Increment,0.0
501,org.junit.tests.listening.RunnerTest.1,0.0
502,org.junit.tests.running.classes.ParameterizedTestTest.AssumptionInParametersMethod,0.0
503,org.junit.tests.running.classes.ParentRunnerFilteringTest.SuiteWithUnmodifiableChildList,0.0
504,org.junit.runners.model.FrameworkMethod.1,0.0
505,org.junit.rules.TestRuleTest.SonOfExampleTest,0.0
506,org.junit.rules.ExpectedExceptionTest.ExpectsSubstring,0.0
507,org.junit.validator.AnnotationValidator,0.0
508,org.junit.tests.manipulation.SortableTest.TestClassRunnerIsSortable.Enclosing,0.0
509,org.junit.tests.experimental.theories.runner.UnsuccessfulWithDataPointFields.DoesntUseParams,0.0
510,org.junit.runner.notification.ConcurrentRunNotifierTest.AbstractConcurrentFailuresTest.2,0.0
511,org.junit.tests.running.methods.AnnotationTest.SuperShadowing.1,0.0
512,org.junit.tests.running.methods.AnnotationTest.TeardownAfterFailureTest,0.0
513,org.junit.runners.model.InvalidTestClassError,0.0
514,org.junit.experimental.categories.CategoriesAndParameterizedTest.ParameterizedTestWithCategory,0.0
515,org.junit.tests.junit3compatibility.ForwardCompatibilityTest.BeforeClassTest,0.0
516,org.junit.runners.Parameterized.RunnersFactory,0.0
517,org.junit.tests.junit3compatibility.JUnit4TestAdapterTest.TestSuite4ForTestSuite3,0.0
518,org.junit.runner.FilterOptionIntegrationTest.DummyTestClass0TestMethod1,0.0
519,org.junit.runner.manipulation.Ordering.Factory,0.0
520,org.junit.tests.deprecated.JUnit4ClassRunnerTest,0.0
521,org.junit.runners.Parameterized.AssumptionViolationRunner,0.0
522,org.junit.internal.runners.statements.ExpectExceptionTest.PassingStatement,0.0
523,org.junit.rules.ExternalResourceRuleTest.TestFailsAndTwoClosingResourcesFail.4,0.0
524,org.junit.rules.ExternalResourceRuleTest.TestFailsAndTwoClosingResourcesFail.3,0.0
525,org.junit.matchers.JUnitMatchers,0.0
526,org.junit.runners.model.MemberValueConsumer,0.0
527,junit.framework.JUnit4TestAdapter,0.0
528,junit.samples.money.Money,0.0
529,junit.tests.runner.BaseTestRunnerTest.DoesntExtendTestCase,0.0
530,org.junit.rules.TestWatcherTest.Callbacks.InternalViolatedAssumptionTest,0.0
531,org.junit.internal.runners.TestClass,0.0
532,org.junit.experimental.categories.CategoryTest.OneVerySlowTest,0.0
533,org.junit.experimental.categories.CategoryTest.NoIncludeCategoryAnnotationSuite,0.0
534,org.junit.experimental.categories.CategoryFilterFactoryTest.CategoryFilterFactoryStub,0.0
535,org.junit.tests.running.methods.ExpectedTest.Unexpected,0.0
536,org.junit.runners.BlockJUnit4ClassRunner.RuleCollector,0.0
537,org.junit.experimental.categories.CategoryTest.IncludeAndExcludeSuite,0.0
538,org.junit.internal.runners.statements.ExpectExceptionTest.SomeException,0.0
539,org.junit.tests.experimental.theories.runner.WhenNoParametersMatch.AssumptionsFail,0.0
540,org.junit.tests.manipulation.OrderWithTest.TestClassRunnerIsOrderableWithSuiteMethod,0.0
541,org.junit.tests.running.methods.AnnotationTest.TeardownFailureTest,0.0
542,org.junit.experimental.categories.ExcludeCategories,0.0
543,org.junit.rules.ExpectedExceptionTest.EmptyTestExpectingNoException,0.0
544,org.junit.validator.AnnotationsValidator,0.0
545,org.junit.tests.junit3compatibility.ForwardCompatibilityPrintingTest.TestResultPrinter,0.0
546,org.junit.tests.running.methods.InheritedTestTest,0.0
547,org.junit.tests.running.methods.AnnotationTest.NoExceptionTest,0.0
548,org.junit.tests.experimental.theories.runner.WithUnresolvedGenericTypeVariablesOnTheoryParms.TypeVariableOnArrayTypeOnTheoryParm,0.0
549,org.junit.rules.Stopwatch.Clock,0.0
550,org.junit.tests.running.classes.ClassLevelMethodsWithIgnoredTestsTest.BeforeClassWithIgnoredClass,0.0
551,org.junit.runners.model.FrameworkMethod,0.0
552,org.junit.tests.experimental.theories.extendingwithstubs.Guesser,0.0
553,org.junit.tests.junit3compatibility.ClassRequestTest,0.0
554,org.junit.tests.junit3compatibility.AllJUnit3CompatibilityTests,0.0
555,org.junit.tests.running.classes.SuiteTest.NoSuiteClassesAnnotation,0.0
556,org.junit.internal.builders.AnnotatedBuilderTest,0.0
557,org.junit.tests.running.classes.EnclosedTest.Enclosing,0.0
558,org.junit.tests.running.methods.TimeoutTest,0.0
559,junit.tests.runner.TextFeedbackTest.6,0.0
560,junit.tests.runner.TextFeedbackTest.7,0.0
561,org.junit.runners.model.TestClassTest.OuterClass2.StaticInnerClass,0.0
562,org.junit.rules.ErrorCollectorTest.CheckCallableThatDoesNotThrowAnException,0.0
563,junit.tests.framework.AssertionFailedErrorTest,0.0
564,org.junit.tests.junit3compatibility.SuiteMethodTest.NewTestSuiteNotUsed,0.0
565,junit.tests.runner.TextFeedbackTest.1,0.0
566,org.junit.runner.notification.SynchronizedRunListenerTest.MethodSignature,0.0
567,org.junit.tests.junit3compatibility.ClassRequestTest.PrivateSuiteMethod,0.0
568,junit.tests.runner.TextFeedbackTest.4,0.0
569,junit.tests.runner.TextFeedbackTest.5,0.0
570,junit.tests.runner.TextFeedbackTest.2,0.0
571,junit.tests.runner.TextFeedbackTest.3,0.0
572,org.junit.tests.running.classes.SuiteTest,0.0
573,org.junit.tests.running.methods.TimeoutTest.TimeOutZero,0.0
574,org.junit.runner.JUnitCore,0.0
575,org.junit.runner.Result,0.0
576,org.junit.tests.experimental.theories.runner.WithNamedDataPoints,0.0
577,org.junit.rules.TestRuleTest.MethodSonOfExampleTest,0.0
578,org.junit.tests.experimental.AssumptionTest.AssumptionFailureInConstructor,0.0
579,org.junit.tests.experimental.theories.internal.SpecificDataPointsSupplierTest,0.0
580,org.junit.internal.AssumptionViolatedException,0.0
581,org.junit.internal.matchers.ThrowableMessageMatcher,0.0
582,org.junit.tests.experimental.theories.internal.AllMembersSupplierTest.HasDataPointsMethodWithNullValue,0.0
583,org.junit.tests.experimental.theories.runner.WithExtendedParameterSources.DataPointArrays,0.0
584,org.junit.tests.listening.TextListenerTest,0.0
585,junit.tests.framework.NotVoidTestCase,0.0
586,org.junit.tests.running.classes.ParentRunnerFilteringTest.ExampleTest,0.0
587,org.junit.experimental.categories.CategoryTest.IgnoredTestCategoriesSuite,0.0
588,org.junit.runners.model.FrameworkMember,0.0
589,org.junit.experimental.ParallelComputer.1,0.0
590,org.junit.tests.manipulation.AllManipulationTests,0.0
591,org.junit.internal.builders.SuiteMethodBuilder,0.0
592,junit.tests.runner.AllTests,0.0
593,org.junit.tests.deprecated.JUnit4ClassRunnerTest.UnconstructableExample,0.0
594,org.junit.tests.junit3compatibility.ForwardCompatibilityTest,0.0
595,org.junit.rules.StopwatchTest.AbstractStopwatchTest,0.0
596,org.junit.tests.junit3compatibility.SuiteMethodTest.OldTest,0.0
597,org.junit.internal.runners.MethodRoadie.3,0.0
598,org.junit.internal.runners.MethodRoadie.1,0.0
599,org.junit.tests.running.methods.AnnotationTest.ErrorInBeforeClass,0.0
600,org.junit.tests.experimental.max.AllMaxTests,0.0
601,org.junit.tests.experimental.theories.runner.WithOnlyTestAnnotations.HonorExpectedException,0.0
602,org.junit.internal.runners.MethodRoadie,0.0
603,org.junit.rules.RuleMemberValidatorTest.TestWithArbitraryObjectWithRuleAnnotation,0.0
604,org.junit.rules.ErrorCollectorTest.CheckTwoMatchersThatFail,0.0
605,org.junit.experimental.theories.internal.Assignments,0.0
606,org.junit.internal.builders.IgnoredClassRunner,0.0
607,org.junit.rules.MethodRulesTest.MultipleRuleTest,0.0
608,org.junit.rules.TestWatchmanTest.ViolatedAssumptionTest,0.0
609,org.junit.rules.TestRuleTest.ExampleTest,0.0
610,org.junit.internal.runners.FailedBefore,0.0
611,org.junit.runners.model.FrameworkField,0.0
612,org.junit.internal.runners.statements.FailOnTimeoutTest.FastStatement,0.0
613,org.junit.rules.TimeoutRuleTest,0.0
614,org.junit.tests.running.methods.TimeoutTest.SuccessWithTimeoutTest,0.0
615,org.junit.tests.running.classes.SuiteTest.BiInfiniteLoop,0.0
616,org.junit.tests.manipulation.OrderWithTest.TestClassRunnerIsOrderableWithSuiteMethod.OrderedAlphanumerically,0.0
617,org.junit.experimental.theories.internal.ParameterizedAssertionError,0.0
618,org.junit.runners.model.Annotatable,0.0
619,org.junit.runner.JUnitCommandLineParseResultTest,0.0
620,org.junit.tests.description.TestDescriptionTest,0.0
621,junit.tests.runner.TextRunnerTest.1,0.0
622,org.junit.runners.ParentRunner.5,0.0
623,org.junit.runners.ParentRunner.4,0.0
624,org.junit.tests.experimental.theories.internal.SpecificDataPointsSupplierTest.TestClassWithNamedDataPoints,0.0
625,org.junit.runners.ParentRunner.3,0.0
626,org.junit.internal.ComparisonCriteria.1,0.0
627,org.junit.runner.Runner,0.0
628,org.junit.runners.ParentRunner.2,0.0
629,org.junit.rules.TestWatchmanTest,0.0
630,org.junit.runners.ParentRunner.1,0.0
631,org.junit.tests.manipulation.OrderWithTest.TestClassRunnerIsOrderableViaOrderWith.UnorderedSuite.B,0.0
632,org.junit.experimental.categories.CategoryFilterFactory,0.0
633,org.junit.tests.experimental.theories.runner.UnsuccessfulWithDataPointFields.DataPointMethodsMustBeStatic,0.0
634,org.junit.rules.ClassRulesTest.CustomCounter,0.0
635,org.junit.tests.assertion.AssertionTest,1.0
636,org.junit.internal.StackTracesTest.1,0.0
637,org.junit.rules.TestWatcherTest.CallbackArguments.DeprecatedSkipped,0.0
638,junit.tests.framework.ComparisonFailureTest,0.0
639,org.junit.tests.running.classes.ClassLevelMethodsWithIgnoredTestsTest,0.0
640,org.junit.experimental.categories.CategoryTest.NoIncludeCategoryAnnotationTest,0.0
641,org.junit.tests.listening.TextListenerTest.ErrorTest,0.0
642,org.junit.tests.manipulation.OrderWithTest.TestClassRunnerIsOrderableViaOrderWith.UnorderedSuite.A,0.0
643,junit.framework.AssertionFailedError,0.0
644,org.junit.runner.RequestTest.FooTest,0.0
645,org.junit.tests.junit3compatibility.JUnit38ClassRunnerTest.JUnit3ClassWithAnnotatedMethod,0.0
646,org.junit.rules.TestRuleTest.BothKindsOfRule,0.0
647,org.junit.runners.model.TestClassTest.NonPublicClass,0.0
648,org.junit.tests.experimental.theories.runner.WithUnresolvedGenericTypeVariablesOnTheoryParms.TypeVariableOnTheoryClass,0.0
649,org.junit.rules.StopwatchTest,0.0
650,org.junit.tests.experimental.theories.runner.WithDataPointMethod.HasDateMethod,0.0
651,org.junit.rules.BlockJUnit4ClassRunnerOverrideTest.FlipBitRule,0.0
652,org.junit.tests.running.classes.ParentRunnerFilteringTest,0.0
653,org.junit.rules.TestWatcher.1,0.0
654,org.junit.tests.manipulation.SingleMethodTest.TestOne,0.0
655,org.junit.tests.running.methods.AnnotationTest.SuperStaticMethodShadowing,0.0
656,org.junit.runner.FilterOptionIntegrationTest.DummyTestClass,0.0
657,org.junit.rules.StopwatchTest.TestStatus,0.0
658,org.junit.internal.builders.AnnotatedBuilderTest.OuterClass.InnerClassWithOwnRunWith.MostInnerClass,0.0
659,org.junit.tests.junit3compatibility.JUnit38ClassRunnerTest,0.0
660,org.junit.rules.MethodRulesTest.OnFailureTest,0.0
661,org.junit.tests.junit3compatibility.ForwardCompatibilityTest.InvalidMethodTest,0.0
662,org.junit.tests.running.methods.AnnotationTest.RunAllAfters,0.0
663,org.junit.tests.experimental.theories.extendingwithstubs.StubbedTheories.StubbedTheoryAnchor,0.0
664,org.junit.runner.Computer,0.0
665,org.junit.runner.manipulation.Filter.3,0.0
666,org.junit.runner.manipulation.Filter.2,0.0
667,org.junit.runner.notification.SynchronizedRunListener,0.0
668,org.junit.rules.DisableOnDebugTest.PreJava5DebugArgumentsTest,0.0
669,org.junit.experimental.categories.CategoryTest.ChooseSlowFromBoth,0.0
670,org.junit.tests.manipulation.OrderableTest.UnOrderableRunnersAreHandledWithoutCrashing.UnOrderableRunner,0.0
671,org.junit.tests.running.classes.ParameterizedTestTest.SingleArgumentTestWithIterable,0.0
672,org.junit.tests.manipulation.SortableTest.UnsortableRunnersAreHandledWithoutCrashing,0.0
673,org.junit.tests.running.methods.AnnotationTest.ExceptionTest,0.0
674,org.junit.runner.manipulation.Filter.1,0.0
675,org.junit.runner.OrderWithValidatorTest,0.0
676,org.junit.internal.runners.ErrorReportingRunner,0.0
677,org.junit.runners.parameterized.BlockJUnit4ClassRunnerWithParameters.RunBeforeParams,0.0
678,org.junit.samples.SimpleTest,0.0
679,org.junit.tests.running.classes.SuiteTest.NonPublicSuiteWithBeforeClass,0.0
680,org.junit.tests.running.classes.ParameterizedTestTest.MultipleBeforeParamAndAfterParam,0.0
681,org.junit.tests.manipulation.FilterTest,0.0
682,org.junit.tests.running.classes.RunWithTest.ExampleTest,0.0
683,org.junit.tests.experimental.theories.runner.WithParameterSupplier.SimpleSupplier,0.0
684,org.junit.runner.manipulation.NoTestsRemainException,0.0
685,org.junit.tests.running.classes.parent.TestWithClassRule.CustomRule,0.0
686,org.junit.rules.TemporaryFolderRuleAssuredDeletionTest,0.0
687,org.junit.tests.description.AnnotatedDescriptionTest.IgnoredClass,0.0
688,org.junit.tests.running.methods.ParameterizedTestMethodTest.SuperWrong,0.0
689,org.junit.rules.ClassRulesTest.RunnerWithClassRuleAddedProgrammatically,0.0
690,org.junit.internal.runners.rules.RuleMemberValidator,0.0
691,org.junit.tests.running.methods.TimeoutTest.TimeoutSubclass,0.0
692,org.junit.experimental.categories.Categories,0.0
693,org.junit.experimental.categories.CategoryValidatorTest,0.0
694,junit.tests.SampleJUnit3Tests.TestWithOneThrowingTestMethod,0.0
695,org.junit.experimental.categories.CategoryTest.Category2,0.0
696,org.junit.runner.notification.SynchronizedRunListenerTest.NamedListener,0.0
697,org.junit.experimental.categories.CategoryTest.Category1,0.0
698,org.junit.rules.StopwatchTest.DurationDuringTestTest,0.0
699,org.junit.rules.ErrorCollectorTest,0.0
700,org.junit.runner.FilterOptionIntegrationTest.DummyCategory1,0.0
701,org.junit.runner.FilterOptionIntegrationTest.DummyCategory0,0.0
702,org.junit.tests.listening.RunnerTest.NewExample,0.0
703,org.junit.tests.experimental.AssumptionTest.HasFailingAssumeInBefore,0.0
704,org.junit.runner.manipulation.Orderer,0.0
705,org.junit.rules.ExternalResourceRuleTest,0.0
706,org.junit.tests.running.classes.UseSuiteAsASuperclassTest.MySuite,0.0
707,org.junit.rules.TemporaryFolder.Builder,0.0
708,org.junit.internal.StackTracesTest,0.0
709,org.junit.rules.RuleMemberValidatorTest.MethodTestWithProtectedClassRule,0.0
710,org.junit.rules.ExpectedException,0.0
711,org.junit.tests.manipulation.OrderableTest.TestOrderableClassRunnerIsSortable.OrderMe,0.0
712,org.junit.runner.notification.ConcurrentRunNotifierTest.ExaminedListener,0.0
713,org.junit.runners.model.InvalidTestClassErrorTest,0.0
714,org.junit.tests.junit3compatibility.SuiteMethodTest.NewTest,0.0
715,org.junit.rules.TestWatcherTest.CallbackArguments.Failed,0.0
716,org.junit.tests.SampleJUnit4Tests.TestWithThrowingBeforeMethod,0.0
717,org.junit.experimental.max.MaxHistory.TestComparator,0.0
718,org.junit.rules.ClassRulesTest.ClassRulesModifiableListEmpty,0.0
719,org.junit.rules.DisableOnDebugTest.AbstractDisableOnDebugTest,0.0
720,org.junit.rules.TempFolderRuleTest.CreatesSubFolder,0.0
721,org.junit.tests.experimental.theories.internal.AllMembersSupplierTest.HasDataPointsListFieldWithOverlyGenericTypes,0.0
722,org.junit.experimental.categories.CategoriesAndParameterizedTest.TestThatAvoidsNoTestRemainsException,0.0
723,org.junit.rules.MethodRulesTest.CustomTestName,0.0
724,org.junit.internal.runners.statements.ExpectException,0.0
725,org.junit.experimental.categories.CategoriesAndParameterizedTest.ParameterizedTestWithMethodWithCategory,0.0
726,org.junit.tests.running.methods.AnnotationTest.RunAllAfterClassesRegardless,0.0
727,org.junit.internal.runners.rules.RuleMemberValidator.MemberMustBeNonStaticOrAlsoClassRule,0.0
728,org.junit.rules.RuleChain,0.0
729,junit.samples.ListTest,0.0
730,org.junit.rules.TestRuleTest,0.0
731,org.junit.experimental.categories.MultiCategoryTest.MultiCategorySuite,0.0
732,org.junit.tests.running.core.MainRunner,0.0
733,org.junit.internal.matchers.ThrowableCauseMatcher,0.0
734,org.junit.rules.ClassRulesTest.UsesFieldAndMethodRule,0.0
735,org.junit.tests.running.classes.ParameterizedTestTest.BadIndexForAnnotatedFieldTest,0.0
736,org.junit.internal.requests.OrderingRequest,0.0
737,org.junit.rules.MethodRulesTest.OnFailureTest.3,0.0
738,org.junit.experimental.categories.MultiCategoryTest.InheritanceAllAnyTest,0.0
739,org.junit.rules.RuleMemberValidatorTest,0.0
740,org.junit.runner.JUnitCommandLineParseResultTest.FilterFactoryStub,0.0
741,org.junit.runner.notification.RunNotifier,0.0
742,org.junit.experimental.categories.IncludeCategories,0.0
743,org.junit.internal.MethodSorterTest.DummySortWithDefault,0.0
744,org.junit.tests.junit3compatibility.InitializationErrorForwardCompatibilityTest,0.0
745,org.junit.tests.running.methods.InheritedTestTest.SubWithBefore,0.0
746,org.junit.rules.ExpectedExceptionTest.ThrowUnexpectedCause,0.0
747,org.junit.rules.ExpectedException.ExpectedExceptionStatement,0.0
748,org.junit.experimental.categories.MultiCategoryTest.W,0.0
749,junit.tests.framework.TestCaseTest,0.0
750,org.junit.experimental.categories.MultiCategoryTest.X,0.0
751,org.junit.tests.manipulation.OrderableTest.TestClassRunnerIsOrderable.DoNotOrderMe,0.0
752,org.junit.rules.RuleMemberValidatorTest.SomeMethodRule,0.0
753,org.junit.tests.assertion.ComparisonFailureTest,0.0
754,org.junit.runners.model.TestClassTest.SimpleClass,0.0
755,org.junit.experimental.categories.MultiCategoryTest.Q,0.0
756,org.junit.tests.running.classes.ParameterizedTestTest.EmptyTest,0.0
757,org.junit.experimental.categories.MultiCategoryTest.Y,0.0
758,org.junit.experimental.categories.MultiCategoryTest.Z,0.0
759,org.junit.tests.running.classes.parent.ParentRunnerClassLoaderTest.VisibleClassLoader,0.0
760,org.junit.runner.notification.RunNotifier.6,0.0
761,org.junit.experimental.categories.CategoriesAndParameterizedTest.ParameterizedTestWithoutCategory,0.0
762,org.junit.tests.running.classes.EnclosedTest.Enclosing.A,0.0
763,org.junit.runner.notification.RunNotifier.5,0.0
764,org.junit.tests.running.classes.EnclosedTest.Enclosing.B,0.0
765,org.junit.runner.notification.RunNotifier.4,0.0
766,junit.extensions.TestSetup,0.0
767,org.junit.runner.notification.RunNotifier.3,0.0
768,org.junit.runner.notification.RunNotifier.9,0.0
769,org.junit.tests.experimental.theories.runner.SuccessfulWithDataPointFields,0.0
770,org.junit.validator.PublicClassValidatorTest.NonPublicClass,0.0
771,org.junit.runner.notification.RunNotifier.8,0.0
772,org.junit.tests.running.classes.EnclosedTest.Enclosing.C,0.0
773,org.junit.runner.notification.RunNotifier.7,0.0
774,org.junit.tests.running.classes.RunWithTest.Empty,0.0
775,org.junit.tests.assertion.AllAssertionTests,0.0
776,org.junit.tests.manipulation.SortableTest.TestClassRunnerIsSortable.Enclosing.B,0.0
777,org.junit.tests.running.methods.ExpectedTest.ExpectSuperclass,0.0
778,org.junit.runner.manipulation.Ordering.1,0.0
779,junit.tests.framework.TestListenerTest.1,0.0
780,junit.tests.framework.NoTestCaseClass,0.0
781,org.junit.tests.experimental.theories.runner.TypeMatchingBetweenMultiDataPointsMethod.WithWrongfullyTypedDataPointsMethod,0.0
782,org.junit.tests.manipulation.SortableTest.TestClassRunnerIsSortable.Enclosing.A,0.0
783,org.junit.runner.notification.RunNotifier.2,0.0
784,org.junit.runner.notification.RunNotifier.1,0.0
785,org.junit.experimental.categories.CategoryTest.MultipleIncludesAndExcludeOnMethod,0.0
786,junit.tests.framework.TestListenerTest.2,0.0
787,org.junit.tests.listening.TextListenerTest.Time,0.0
788,org.junit.tests.manipulation.OrderableTest.TestClassRunnerIsOrderable,0.0
789,junit.tests.framework.TestListenerTest.3,0.0
790,org.junit.experimental.categories.CategoryFilterFactoryTest.DummyFilter,0.0
791,org.junit.tests.running.classes.ParameterizedTestTest.BeforeParamAndAfterParamError,0.0
792,org.junit.rules.Verifier,0.0
793,org.junit.runner.Request.1,0.0
794,org.junit.tests.running.methods.TimeoutTest.InfiniteLoopWithStuckThreadTest,0.0
795,org.junit.rules.MethodRulesTest.HasMethodReturningMethodRule.7.8,0.0
796,org.junit.experimental.categories.CategoryTest.OneFastOneSlow,0.0
797,org.junit.tests.experimental.AssumptionTest.HasFailingAssumption,0.0
798,org.junit.tests.running.methods.AnnotationTest.SimpleTest,0.0
799,org.junit.tests.AllTests,0.0
800,org.junit.rules.ExpectedExceptionTest.ThrowExceptionWithWrongType,0.0
801,org.junit.rules.BlockJUnit4ClassRunnerOverrideTest.OverrideCreateTestRunner,0.0
802,org.junit.tests.experimental.theories.runner.WithParameterSupplier.TestClassUsingSupplierWithTestClassConstructor,0.0
803,org.junit.internal.runners.rules.ValidationError,0.0
804,org.junit.tests.running.methods.AnnotationTest.SubStaticFieldShadowing,0.0
805,org.junit.internal.runners.rules.RuleMemberValidator.MemberMustBeStatic,0.0
806,org.junit.validator.AnnotationValidatorFactoryTest.Validator,0.0
807,org.junit.tests.running.classes.ClassLevelMethodsWithIgnoredTestsTest.BrokenRule,0.0
808,org.junit.internal.runners.SuiteMethod,0.0
809,org.junit.rules.TestRuleTest.MethodMultipleRuleTest.Increment.7,0.0
810,org.junit.tests.experimental.AssumptionTest.HasPassingAssumption,0.0
811,org.junit.rules.DisableOnDebugTest.PostJava5DebugArgumentsTest,0.0
812,org.junit.rules.MethodRulesTest.TestMethodRule,0.0
813,org.junit.rules.MethodRulesTest.BeforesAndAfters,0.0
814,org.junit.tests.experimental.theories.runner.SuccessfulWithDataPointFields.BeforeAndAfterEachTime,0.0
815,org.junit.tests.running.methods.InheritedTestTest.Super,0.0
816,junit.tests.framework.Failure,0.0
817,org.junit.experimental.results.PrintableResult,0.0
818,org.junit.tests.experimental.theories.runner.WithExtendedParameterSources.ShouldFilterOutNullElementsFromDataPointArrays,0.0
819,org.junit.internal.management.ManagementFactory.ThreadHolder,0.0
820,org.junit.rules.MethodRulesTest.NoRulesTest,0.0
821,org.junit.internal.requests.ClassRequest,0.0
822,org.junit.rules.Timeout,0.0
823,org.junit.runner.FilterFactoriesTest,0.0
824,org.junit.rules.TestWatcherTest.CallbackArguments.Failed.2,0.0
825,org.junit.tests.validation.anotherpackage.Super,0.0
826,org.junit.rules.TemporaryFolderRuleAssuredDeletionTest.TestClass,0.0
827,junit.framework.TestCase,0.0
828,org.junit.runner.manipulation.Sorter.1,0.0
829,org.junit.tests.running.core.JUnitCoreReturnsCorrectExitCodeTest.1,0.0
830,org.junit.tests.description.AnnotatedDescriptionTest.AnnotatedClass,0.0
831,org.junit.tests.running.methods.AnnotationTest.NonStaticOneTimeSetup,0.0
832,org.junit.AssumptionViolatedException,0.0
833,org.junit.Test.None,0.0
834,org.junit.tests.experimental.theories.extendingwithstubs.StringableObject,0.0
835,org.junit.tests.manipulation.OrderWithTest.TestClassRunnerIsOrderableViaOrderWith.SuiteOrderedReverseAlphanumerically,0.0
836,org.junit.experimental.categories.MultiCategoryTest.C,0.0
837,org.junit.internal.runners.statements.FailOnTimeout.CallableStatement,0.0
838,org.junit.experimental.categories.MultiCategoryTest.A,0.0
839,org.junit.rules.RuleMemberValidatorTest.TestWithClassRuleIsAnArbitraryObject,0.0
840,org.junit.tests.manipulation.OrderWithTest.TestClassRunnerIsOrderableWithSuiteMethod.Unordered,0.0
841,org.junit.experimental.categories.MultiCategoryTest.B,0.0
842,org.junit.tests.experimental.theories.runner.UnsuccessfulWithDataPointFields.NullsOK,0.0
843,org.junit.experimental.categories.CategoryTest.RunClassAsCategory,0.0
844,org.junit.experimental.categories.MultiCategoryTest.InheritanceAllAny,0.0
845,org.junit.rules.RuleMemberValidatorTest.TestWithClassRuleIsImplementationOfMethodRule.1,0.0
846,org.junit.tests.junit3compatibility.JUnit4TestAdapterTest.TestSuite3,0.0
847,org.junit.runners.parameterized.AllParameterizedTests,0.0
848,org.junit.rules.MethodRulesTest.CallsMethodReturningRuleOnlyOnce.Dummy.9,0.0
849,org.junit.tests.running.classes.parent.TestWithClassRule.CustomRule.1,0.0
850,org.junit.tests.experimental.theories.AllTheoriesTests,0.0
851,org.junit.internal.requests.FilterRequest,0.0
852,org.junit.rules.TestWatcherTest,0.0
853,org.junit.runners.MethodSorters,0.0
854,org.junit.tests.running.classes.RunWithTest.ExampleRunner,0.0
855,org.junit.rules.RuleChainTest,0.0
856,org.junit.experimental.categories.CategoriesAndParameterizedTest.SuiteWithParameterizedTestWithMethodWithCategory,0.0
857,org.junit.rules.TestWatcherTest.CallbackArguments.DeprecatedSkipped.4,0.0
858,org.junit.rules.TimeoutRuleTest.HasGlobalLongTimeout,0.0
859,org.junit.tests.running.methods.TestMethodTest.SubShadows,0.0
860,org.junit.rules.ErrorCollectorTest.CheckCallableWithFailingAssumption,0.0
861,org.junit.tests.experimental.theories.extendingwithstubs.GuesserQueue.ReguessableDecorator,0.0
862,org.junit.tests.running.classes.IgnoreClassTest.IgnoreMe,0.0
863,org.junit.rules.TemporaryFolderUsageTest,0.0
864,org.junit.tests.listening.AllListeningTests,0.0
865,org.junit.tests.manipulation.OrderWithTest.TestClassRunnerIsOrderableViaOrderWith,0.0
866,org.junit.tests.manipulation.OrderableTest.TestClassRunnerIsOrderable.Enclosing.B,0.0
867,org.junit.tests.running.methods.ExpectedTest.ExpectAssumptionViolatedException,0.0
868,org.junit.tests.junit3compatibility.SuiteMethodTest.NewTestSuiteFails,0.0
869,org.junit.tests.manipulation.OrderableTest.TestClassRunnerIsOrderable.Enclosing.A,0.0
870,org.junit.tests.running.methods.ExpectedTest,0.0
871,org.junit.experimental.categories.CategoryValidatorTest.SampleCategory,0.0
872,org.junit.rules.TestWatcherTest.CallbackArguments.Succeeded.1,0.0
873,org.junit.rules.TestRuleTest.OrderTestRule.8,0.0
874,junit.tests.framework.OneTestCase,0.0
875,org.junit.rules.RunRules,0.0
876,org.junit.experimental.categories.MultiCategoryTest.InheritanceAnyAll,0.0
877,org.junit.runner.OrderWithValidatorTest.TestAnnotatedWithFixMethodOrder,0.0
878,org.junit.runner.notification.AllNotificationTests,0.0
879,org.junit.tests.junit3compatibility.JUnit38ClassRunnerTest.AnnotatedTest,0.0
880,org.junit.internal.runners.statements.FailOnTimeoutTest.2,0.0
881,org.junit.internal.runners.statements.FailOnTimeoutTest.1,0.0
882,org.junit.tests.running.classes.ParameterizedTestTest.PrivateConstructor,0.0
883,junit.tests.runner.ResultTest.ResultWithFixedRunTime,0.0
884,org.junit.internal.runners.statements.FailOnTimeoutTest.3,0.0
885,org.junit.experimental.categories.CategoriesAndParameterizedTest.SuiteWithParameterizedTestWithoutCategory,0.0
886,org.junit.internal.AllInternalTests,0.0
887,org.junit.runner.notification.Failure,0.0
888,org.junit.tests.running.classes.ParameterizedTestTest.BeforeParamAndAfterParamErrorNumberOfParameters,0.0
889,org.junit.rules.RuleChainTest.UseRuleChain,0.0
890,org.junit.runners.model.TestClassTest.DummyClass,0.0
891,org.junit.rules.ExpectedExceptionTest.WronglyExpectsExceptionMessage,0.0
892,org.junit.tests.junit3compatibility.SuiteMethodTest.CompatibilityTest,0.0
893,org.junit.tests.running.methods.ParameterizedTestMethodTest.SubShadows,0.0
894,org.junit.rules.ErrorCollectorTest.CheckMatcherThatDoesNotFailWithProvidedReason,0.0
895,org.junit.runners.model.Statement,0.0
896,org.junit.tests.experimental.theories.TheoryTestUtils,0.0
897,junit.framework.Test,0.0
898,org.junit.tests.listening.UserStopTest,0.0
899,org.junit.internal.builders.AnnotatedBuilderTest.OuterClass.InnerClassWithoutOwnRunWith,0.0
900,org.junit.rules.StopwatchTest.SkippedTest,0.0
901,org.junit.internal.management.FakeThreadMXBean,0.0
902,org.junit.tests.experimental.theories.runner.WithDataPointMethod.DataPointMethodReturnsMutableObject,0.0
903,org.junit.experimental.ParallelComputer,0.0
904,org.junit.runner.notification.RunNotifierTest.ThreadSafeListener,0.0
905,org.junit.tests.manipulation.AlphanumericOrdering,0.0
906,org.junit.tests.experimental.theories.runner.WithExtendedParameterSources.DataPointArrayToBeUsedForWholeParameter,0.0
907,org.junit.tests.running.classes.BlockJUnit4ClassRunnerTest,0.0
908,org.junit.rules.TestWatcherTest.Callbacks.ViolatedAssumptionTest,0.0
909,junit.tests.framework.TestListenerTest,0.0
910,org.junit.tests.description.AnnotatedDescriptionTest.1,0.0
911,org.junit.runners.parameterized.BlockJUnit4ClassRunnerWithParametersFactory,0.0
912,org.junit.tests.running.classes.BlockJUnit4ClassRunnerTest.MethodBlockAfterFireTestStarted,0.0
913,org.junit.internal.runners.ClassRoadie,0.0
914,org.junit.rules.DisableOnDebugTest.WithoutDebugArgumentsTest,0.0
915,org.junit.experimental.categories.CategoryTest.EmptyCategoriesSuite,0.0
916,org.junit.runners.model.FrameworkMethodTest,0.0
917,org.junit.validator.AnnotationsValidatorTest,0.0
918,org.junit.tests.running.methods.AnnotationTest.TestAndTeardownFailureTest,0.0
919,org.junit.tests.running.methods.TestMethodTest.IgnoredTest,0.0
920,org.junit.runners.model.TestTimedOutException,0.0
921,org.junit.tests.junit3compatibility.OldTests,0.0
922,org.junit.tests.manipulation.OrderWithTest.TestClassRunnerIsOrderableViaOrderWith.UnorderedSuite,0.0
923,org.junit.rules.ClassRulesTest.MethodExampleTestWithClassRule,0.0
924,org.junit.rules.ErrorCollectorTest.CheckRunnableThatThrowsExpectedTypeOfException,0.0
925,org.junit.tests.experimental.theories.extendingwithstubs.StubbedTheories,0.0
926,org.junit.tests.junit3compatibility.ForwardCompatibilityTest.1,0.0
927,org.junit.rules.ErrorCollectorTest.CheckCallableThatThrowsAnException,0.0
928,org.junit.runner.FilterFactoriesTest.DummyFilter,0.0
929,org.junit.tests.running.classes.SuiteTest.InfiniteLoop,0.0
930,org.junit.runner.OrderWithValidator,0.0
931,junit.extensions.TestDecorator,0.0
932,org.junit.tests.running.classes.ParentRunnerTest,0.0
933,org.junit.rules.StopwatchTest.DurationAfterTestTest,0.0
934,org.junit.tests.experimental.AssumptionTest.HasFailingAssumptionWithMessage,0.0
935,org.junit.validator.AnnotationsValidatorTest.AnnotationValidatorClassTest,0.0
936,org.junit.tests.experimental.theories.runner.FailingDataPointMethods.HasWronglyIgnoredFailingSingleDataPointMethod,0.0
937,org.junit.validator.TestClassValidator,0.0
938,org.junit.rules.RuleMemberValidatorTest.TestMethodWithStaticTestRule,0.0
939,org.junit.rules.TestWatchmanTest.LoggingTestWatchman,0.0
940,org.junit.tests.running.methods.AnnotationTest.SuperStaticMethodShadowing.3,0.0
941,org.junit.experimental.theories.Theories.TheoryAnchor,0.0
942,org.junit.tests.junit3compatibility.AllTestsTest.All,0.0
943,org.junit.tests.experimental.theories.runner.WithUnresolvedGenericTypeVariablesOnTheoryParms.TypeVariableOnParameterizedTheoryParm,0.0
944,org.junit.runners.model.RunnerScheduler,0.0
945,org.junit.tests.junit3compatibility.InitializationErrorForwardCompatibilityTest.CantInitialize,0.0
946,org.junit.tests.experimental.results.AllResultsTests,0.0
947,org.junit.tests.SampleJUnit4Tests.ThrowingTestRule,0.0
948,org.junit.experimental.max.MaxCore.1.2,0.0
949,org.junit.rules.TestRuleTest.TestRuleOrdering,0.0
950,org.junit.experimental.theories.ParameterSupplier,0.0
951,org.junit.rules.ErrorCollectorTest.CheckMatcherThatFailsWithoutProvidedReason,0.0
952,org.junit.experimental.categories.CategoryValidatorTest.CategoryTest,0.0
953,org.junit.tests.assertion.AssertionTest.1,0.0
954,org.junit.experimental.categories.CategoryTest.SameAsNoIncludeCategoryAnnotationSuite,0.0
955,org.junit.experimental.categories.CategoryTest.AllIncludedMustBeMatchedSuite,0.0
956,org.junit.tests.running.classes.SuiteTest.InheritsAll,0.0
957,org.junit.experimental.categories.MultiCategoryTest,0.0
958,org.junit.runner.FilterFactory.FilterNotCreatedException,0.0
959,org.junit.internal.MethodSorterTest.DummySortWithNameAsc,0.0
960,org.junit.rules.ExternalResourceRuleTest.2,0.0
961,org.junit.rules.RuleMemberValidatorTest.TestWithStaticClassAndTestRule,0.0
962,org.junit.tests.assertion.AssertionTest.2,0.0
963,org.junit.tests.assertion.AssertionTest.3,0.0
964,org.junit.rules.ExternalResourceRuleTest.5,0.0
965,org.junit.internal.runners.rules.RuleMemberValidator.MethodMustBeARule,0.0
966,org.junit.rules.ExternalResourceRuleTest.6,0.0
967,org.junit.rules.LoggingTestWatcher,0.0
968,org.junit.experimental.categories.CategoryTest.MultiC,0.0
969,org.junit.internal.runners.rules.RuleMemberValidator.MemberMustBePublic,0.0
970,org.junit.experimental.categories.CategoryTest.MultiB,0.0
971,org.junit.tests.running.classes.parent.TestWithClassRule,0.0
972,org.junit.experimental.theories.Theories.TheoryAnchor.1,0.0
973,org.junit.experimental.categories.CategoryTest.MultiA,0.0
974,org.junit.rules.BlockJUnit4ClassRunnerOverrideTest.CreateTestDefersToNoArgCreateTestTest,0.0
975,org.junit.tests.manipulation.OrderableTest.TestOrderableClassRunnerIsSortable,0.0
976,org.junit.experimental.theories.Theories.TheoryAnchor.3,0.0
977,org.junit.rules.TestWatcher,0.0
978,org.junit.tests.running.classes.ParentRunnerTest.TestTest,0.0
979,org.junit.tests.experimental.theories.runner.WithParameterSupplier.SimplePotentialAssignment,0.0
980,org.junit.tests.running.classes.ClassLevelMethodsWithIgnoredTestsTest.FilteredTests,0.0
981,org.junit.runner.RequestTest,0.0
982,org.junit.rules.ClassRulesTest.CallMethodOnlyOnceRule,0.0
983,org.junit.tests.experimental.theories.runner.WithParameterSupplier.TestClassUsingSupplierWithUnknownConstructor,0.0
984,org.junit.internal.builders.AnnotatedBuilderTest.OuterClass.InnerClassWithoutOwnRunWith.MostInnerClass,0.0
985,org.junit.tests.running.methods.AnnotationTest.RunAllAfterClasses,0.0
986,org.junit.internal.management.ThreadMXBean,0.0
987,org.junit.tests.running.core.CommandLineTest.Count,0.0
988,org.junit.tests.running.methods.ParameterizedTestMethodTest.SubWrong,0.0
989,org.junit.rules.TestRuleTest.WrongTypedField,0.0
990,org.junit.rules.TestRuleTest.UsesCustomMethodRule,0.0
991,org.junit.tests.running.classes.SuiteTest.TestA,0.0
992,org.junit.internal.runners.statements.RunAfters,0.0
993,org.junit.rules.Stopwatch,0.0
994,org.junit.runners.CustomBlockJUnit4ClassRunnerTest.CustomBlockJUnit4ClassRunnerTestCase,0.0
995,org.junit.tests.running.methods.AnnotationTest.SubTest,0.0
996,org.junit.tests.experimental.max.MaxStarterTest.TwoTests,0.0
997,org.junit.runner.manipulation.Orderable,0.0
998,org.junit.tests.running.classes.SuiteTest.TestB,0.0
999,org.junit.experimental.categories.CategoryTest.NoTest,0.0
1000,org.junit.internal.Throwables.1,0.0
1001,org.junit.rules.RuleChainTest.LoggingRule,0.0
1002,org.junit.internal.runners.MethodRoadie.1.2,0.0
1003,org.junit.rules.TestName,0.0
1004,org.junit.internal.StackTracesTest.StringMatcher,0.0
1005,org.junit.tests.listening.RunnerTest.Example,0.0
1006,org.junit.internal.StackTracesTest.FramesRemovedMatcher,0.0
1007,org.junit.rules.RuleMemberValidatorTest.TestWithNonStaticTestRule,0.0
1008,org.junit.rules.TestRuleTest.MethodExampleTest.5.6,0.0
1009,org.junit.runner.FilterOptionIntegrationTest.DummyTestClass1,0.0
1010,org.junit.rules.TestRuleTest.MethodExampleTest.5,0.0
1011,org.junit.internal.runners.rules.RuleMemberValidator.RuleValidator,0.0
1012,org.junit.rules.ExternalResourceRuleTest.TestFailsAndTwoClosingResourcesFail,0.0
1013,org.junit.runner.FilterOptionIntegrationTest.DummyTestClass0,0.0
1014,org.junit.tests.ObjectContractTest,0.0
1015,org.junit.tests.running.classes.ParameterizedTestTest.TestWithUseParametersRunnerFactoryAnnotation,0.0
1016,org.junit.tests.running.methods.AnnotationTest.SubStaticMethodShadowing,0.0
1017,org.junit.experimental.categories.MultiCategoryTest.InheritanceAnyAllTest,0.0
1018,org.junit.rules.ExpectedExceptionTest.ExpectsSubstringNullMessage,0.0
1019,org.junit.rules.TimeoutRuleTest.HasGlobalTimeUnitTimeout,0.0
1020,org.junit.tests.experimental.max.JUnit38SortingTest.JUnit4Test,0.0
1021,org.junit.tests.experimental.AssumptionTest,0.0
1022,org.junit.tests.running.classes.BlockJUnit4ClassRunnerTest.OuterClass.Enclosed,0.0
1023,org.junit.internal.MethodSorterTest.Sub,0.0
1024,org.junit.rules.MethodRulesTest.SonOfExampleTest,0.0
1025,org.junit.tests.experimental.AssumptionTest.HasFailingAssumeInBeforeClass,0.0
1026,org.junit.tests.experimental.AssumptionTest.TestClassWithAssumptionFailure,0.0
1027,org.junit.tests.junit3compatibility.ForwardCompatibilityTest.NewTest,0.0
1028,org.junit.experimental.theories.internal.EnumSupplier,0.0
1029,org.junit.rules.TempFolderRuleTest.CreatesRandomSubFolders,0.0
1030,junit.framework.TestListener,0.0
1031,org.junit.rules.ExpectedExceptionTest.ExpectedMessageMatcherFails,0.0
1032,org.junit.runners.CustomBlockJUnit4ClassRunnerTest,0.0
1033,org.junit.tests.junit3compatibility.ForwardCompatibilityTest.ExpectedTest,0.0
1034,org.junit.tests.validation.anotherpackage.Sub,0.0
1035,org.junit.Assert,1.0
1036,org.junit.runner.notification.RunNotifierTest.CorruptListener,0.0
1037,org.junit.rules.TestWatcherTest.InterplayWithOtherRules,0.0
1038,org.junit.tests.experimental.theories.internal.AllMembersSupplierTest.HasFailingDataPointsArrayMethod,0.0
1039,org.junit.internal.runners.JUnit4ClassRunner,0.0
1040,org.junit.rules.TestWatcherTest.InterplayWithOtherRules.ExpectedExceptionTest,0.0
1041,org.junit.tests.running.classes.ThreadsTest.1,0.0
1042,org.junit.runner.FilterFactory,0.0
1043,org.junit.tests.running.classes.ThreadsTest.2,0.0
1044,org.junit.experimental.categories.CategoryTest.OneOfEach,0.0
1045,org.junit.rules.MethodRule,0.0
1046,org.junit.internal.runners.ErrorReportingRunnerTest,0.0
1047,org.junit.tests.running.methods.AnnotationTest.SubStaticMethodShadowing.4,0.0
1048,org.junit.experimental.theories.PotentialAssignment.CouldNotGenerateValueException,0.0
1049,junit.tests.framework.TestImplementorTest,0.0
1050,org.junit.tests.running.core.SystemExitTest.Exit,0.0
1051,org.junit.tests.description.SuiteDescriptionTest,0.0
1052,org.junit.rules.MethodRulesTest.WatchmanTest,0.0
1053,org.junit.tests.running.classes.ParameterizedTestTest.ProtectedParametersTest,0.0
1054,org.junit.runner.FilterFactoryParams,0.0
1055,org.junit.tests.experimental.theories.runner.WithOnlyTestAnnotations.HonorExpectedExceptionPasses,0.0
1056,junit.runner.BaseTestRunner,1.0
1057,org.junit.tests.SampleJUnit4Tests.TestWithOneThrowingTestMethod,0.0
1058,org.junit.rules.ClassRulesTest.OrderTestRule,0.0
1059,org.junit.rules.MethodRulesTest.ExampleTest,0.0
1060,org.junit.tests.experimental.theories.runner.WithOnlyTestAnnotations,0.0
1061,org.junit.internal.builders.AnnotatedBuilder,0.0
1062,org.junit.tests.experimental.theories.runner.WithExtendedParameterSources.ShouldRejectTheoriesWithOnlyDisallowedNullData,0.0
1063,org.junit.runner.manipulation.Alphanumeric,0.0
1064,org.junit.tests.experimental.theories.extendingwithstubs.StubbedTheoriesTest,0.0
1065,org.junit.internal.runners.statements.Fail,0.0
1066,org.junit.tests.listening.TestListenerTest.OneTest,0.0
1067,org.junit.tests.experimental.theories.runner.WithUnresolvedGenericTypeVariablesOnTheoryParms.TypeVariableOnWildcardLowerBoundOnTheoryParm,0.0
1068,junit.tests.framework.AllTests,0.0
1069,org.junit.runner.JUnitCoreTest,0.0
1070,org.junit.tests.experimental.theories.runner.UnsuccessfulWithDataPointFields,0.0
1071,junit.tests.SampleJUnit3Tests.FakeClassUnderTest,0.0
1072,org.junit.runner.notification.ConcurrentRunNotifierTest.AbstractConcurrentFailuresTest,0.0
1073,org.junit.runners.parameterized.BlockJUnit4ClassRunnerWithParametersTest,0.0
1074,junit.tests.runner.TextRunnerTest,0.0
1075,org.junit.tests.experimental.theories.runner.WithOnlyTestAnnotations.ErrorWhenTestHasParametersDespiteTheories,0.0
1076,junit.tests.runner.BaseTestRunnerTest,0.0
1077,org.junit.runners.parameterized.TestWithParametersTest.AnotherDummyClass,0.0
1078,org.junit.tests.manipulation.SingleMethodTest.OneTwoSuite,0.0
1079,org.junit.runners.RuleContainerTest.Rule,0.0
1080,org.junit.rules.RuleMemberValidatorTest.TestWithClassRuleMethodThatReturnsMethodRule,0.0
1081,org.junit.tests.manipulation.SortableTest.TestOnlySortableClassRunnerIsSortable.SortableRunner,0.0
1082,junit.tests.framework.TestImplementorTest.DoubleTestCase,0.0
1083,org.junit.tests.experimental.theories.ParameterSignatureTest,0.0
1084,org.junit.experimental.max.MaxHistory,0.0
1085,org.junit.rules.LoggingStatement,0.0
1086,org.junit.tests.running.classes.UseSuiteAsASuperclassTest.TestB,0.0
1087,org.junit.tests.experimental.theories.runner.WithParameterSupplier.TestClassUsingSupplierWithTwoConstructors,0.0
1088,org.junit.tests.running.classes.UseSuiteAsASuperclassTest.TestA,0.0
1089,org.junit.rules.ClassRulesTest.SubclassOfTestWithClassRule,0.0
1090,org.junit.internal.MethodSorterTest.DummySortJvm,0.0
1091,org.junit.AssumptionViolatedExceptionTest.UnserializableClass,0.0
1092,org.junit.internal.runners.JUnit38ClassRunner,0.0
1093,org.junit.tests.experimental.max.MaxStarterTest.HalfMalformedJUnit38TestMethod,0.0
1094,org.junit.experimental.categories.CategoryTest.IgnoredTest,0.0
1095,org.junit.tests.manipulation.ComparatorBasedOrdering,0.0
1096,org.junit.rules.MethodRulesTest.SonOfWrongTypedField,0.0
1097,org.junit.tests.experimental.theories.TestedOnSupplierTest,0.0
1098,org.junit.tests.junit3compatibility.JUnit4TestAdapterTest.TestSuiteFor3,0.0
1099,org.junit.tests.junit3compatibility.JUnit4TestAdapterTest.TestSuiteFor4,0.0
1100,org.junit.runners.model.TestClassTest.TwoConstructors,0.0
1101,org.junit.tests.junit3compatibility.JUnit38ClassRunnerTest.MyTest,0.0
1102,org.junit.validator.AnnotationValidatorFactory,0.0
1103,org.junit.tests.junit3compatibility.ForwardCompatibilityTest.ExceptionInBeforeTest,0.0
1104,org.junit.rules.MethodRulesTest.WrongTypedField,0.0
1105,org.junit.tests.manipulation.SingleMethodTest,0.0
1106,org.junit.internal.management.ReflectiveRuntimeMXBean.Holder,0.0
1107,org.junit.tests.experimental.max.JUnit38SortingTest,0.0
1108,org.junit.rules.BlockJUnit4ClassRunnerOverrideTest.CreateTestDefersToNoArgCreateTestRunner,0.0
1109,org.junit.tests.running.classes.ParameterizedTestTest.UseParameterizedFactoryTest,0.0
1110,org.junit.tests.running.classes.SuiteTest.WithoutDefaultConstructor,0.0
1111,org.junit.internal.runners.model.MultipleFailureException,0.0
1112,junit.runner.Version,0.0
1113,org.junit.rules.DisableOnDebugTest.FailOnExecution,0.0
1114,org.junit.runner.JUnitCommandLineParseResultTest.DummyTest,0.0
1115,org.junit.runners.model.TestClassTest.SuperclassWithField,0.0
1116,org.junit.rules.StopwatchTest.FailedTest,0.0
1117,org.junit.tests.validation.FailedConstructionTest.CantConstruct,0.0
1118,org.junit.runners.model.TestClass.MethodComparator,0.0
1119,org.junit.rules.ClassRulesTest.ClassRulesModifiableList,0.0
1120,org.junit.tests.experimental.theories.runner.SuccessfulWithDataPointFields.OneTestTwoAnnotations,0.0
1121,org.junit.rules.TestRuleTest.MethodBothKindsOfRule,0.0
1122,org.junit.tests.experimental.theories.runner.WithUnresolvedGenericTypeVariablesOnTheoryParms.TypeVariableOnTheoryOnly,0.0
1123,org.junit.tests.running.methods.AnnotationTest.OneTimeTeardown,0.0
1124,org.junit.tests.running.methods.TimeoutTest.InfiniteLoopStuckInMainThreadTest,0.0
1125,org.junit.tests.running.methods.ParameterizedTestMethodTest.EverythingWrong,0.0
1126,org.junit.experimental.categories.JavadocTest.SlowTestSuite,0.0
1127,org.junit.internal.matchers.StacktracePrintingMatcherTest,0.0
1128,org.junit.validator.AnnotationValidatorFactoryTest,0.0
1129,org.junit.tests.listening.RunnerTest.MyListener,0.0
1130,org.junit.rules.DisableOnDebugTest.FailOnExecution.1,0.0
1131,org.junit.rules.TemporaryFolder,1.0
1132,org.junit.internal.requests.ClassRequest.CustomSuiteMethodBuilder,0.0
1133,org.junit.experimental.categories.CategoryTest.SlowTests,0.0
1134,org.junit.tests.manipulation.OrderWithTest.UnOrderableRunnersAreHandledWithoutCrashing.UnOrderableRunner,0.0
1135,org.junit.tests.running.methods.AnnotationTest.SubStaticFieldShadowing.8,0.0
1136,org.junit.tests.SampleJUnit4Tests.TestWithThrowingClassRule,0.0
1137,org.junit.tests.experimental.theories.runner.WithExtendedParameterSources.ParameterAnnotations,0.0
1138,org.junit.rules.ClassRulesTest.CallMethodOnlyOnceRule.Dummy.3,0.0
1139,org.junit.rules.ErrorCollectorTest.ErrorCollectorNotCalledBySuccessfulTest,0.0
1140,org.junit.runner.manipulation.Ordering,0.0
1141,org.junit.tests.manipulation.ReverseAlphanumericSorter,0.0
1142,org.junit.runners.model.AllModelTests,0.0
1143,org.junit.tests.running.classes.SuiteTest.Hercules,0.0
1144,org.junit.validator.AnnotationsValidator.FieldValidator,0.0
1145,org.junit.tests.validation.BadlyFormedClassesTest.BadBeforeMethodWithLegacyRunner,0.0
1146,org.junit.rules.ExpectedExceptionMatcherBuilder,0.0
1147,org.junit.tests.manipulation.SingleMethodTest.OneTimeSetup,0.0
1148,org.junit.tests.experimental.theories.extendingwithstubs.Guesser.GuessMap,0.0
1149,org.junit.tests.experimental.theories.internal.AllMembersSupplierTest.HasDataPointsWithObjectParameter,0.0
1150,org.junit.experimental.categories.CategoryTest.Ancestor,0.0
1151,org.junit.tests.manipulation.OrderWithTest.TestClassRunnerIsSortableViaOrderWith.Unordered,0.0
1152,org.junit.tests.experimental.theories.runner.WithUnresolvedGenericTypeVariablesOnTheoryParms.TypeVariablesAbound,0.0
1153,org.junit.runners.RuleContainer.1,0.0
1154,org.junit.runners.model.TestClass.2,0.0
1155,org.junit.tests.experimental.theories.internal.ParameterizedAssertionErrorTest,0.0
1156,org.junit.runners.model.TestClass.1,0.0
1157,org.junit.rules.TestWatcherTest.Callbacks.NoOpRule,0.0
1158,org.junit.internal.builders.AnnotatedBuilderTest.OuterClass,0.0
1159,org.junit.rules.MethodRulesTest.SonOfNonPublicExampleTest,0.0
1160,org.junit.tests.manipulation.OrderWithTest.TestClassRunnerIsSortableViaOrderWith.SortedReverseAlphanumerically,0.0
1161,org.junit.rules.ErrorCollector,0.0
1162,org.junit.rules.MethodRulesTest,0.0
1163,org.junit.tests.experimental.results.ResultMatchersTest,0.0
1164,org.junit.rules.ErrorCollectorTest.CheckMatcherThatFailsWithProvidedReason,0.0
1165,org.junit.rules.LoggingTestRule,0.0
1166,org.junit.tests.running.classes.ClassLevelMethodsWithIgnoredTestsTest.ClassRuleWithIgnoredTest,0.0
1167,org.junit.rules.TestRuleTest.NoRulesTest,0.0
1168,org.junit.tests.experimental.theories.internal.AllMembersSupplierTest.HasDataPointsListField,0.0
1169,org.junit.experimental.results.FailureList,0.0
1170,org.junit.rules.TestRuleTest.MethodSonOfWrongTypedField,0.0
1171,org.junit.runners.parameterized.BlockJUnit4ClassRunnerWithParametersTest.ClassWithParameterizedAnnotation,0.0
1172,org.junit.runner.FilterOptionIntegrationTest.DummyTestClass01,0.0
1173,org.junit.rules.BlockJUnit4ClassRunnerOverrideTest.OverrideRulesRunner,0.0
1174,org.junit.tests.running.methods.TimeoutTest.WillTimeOut,0.0
1175,org.junit.tests.experimental.max.DescriptionTest.Sweet,0.0
1176,org.junit.experimental.categories.CategoryTest.OneFastSuite,0.0
1177,org.junit.runners.model.TestClassTest.AnotherDummyClass,0.0
1178,org.junit.internal.SerializableMatcherDescription,0.0
1179,junit.tests.runner.ResultTest.SerializationFormat,0.0
1180,org.junit.tests.assertion.MultipleFailureExceptionTest,0.0
1181,org.junit.tests.experimental.theories.runner.SuccessfulWithDataPointFields.HasATwoParameterTheory,0.0
1182,org.junit.rules.ErrorCollectorTest.CheckCallableWithFailingAssumption.5,0.0
1183,org.junit.rules.TestWatchmanTest.FailingTest,0.0
1184,org.junit.rules.MethodRulesTest.NonPublicExampleTest,0.0
1185,org.junit.rules.RuleMemberValidatorTest.TestWithStaticMethodRule,0.0
1186,org.junit.rules.ErrorCollectorTest.CheckRunnableThatThrowsExpectedTypeOfException.7,0.0
1187,org.junit.tests.junit3compatibility.OldTestClassAdaptingListenerTest,0.0
1188,org.junit.tests.experimental.AssumptionTest.HasAssumeWithMessage,0.0
1189,org.junit.rules.ExpectedExceptionTest.UseNoCustomMessage,0.0
1190,org.junit.tests.experimental.theories.internal.AllMembersSupplierTest.HasDataPointsArrayField,0.0
1191,org.junit.rules.MethodRulesTest.HasMethodReturningMethodRule.7,0.0
1192,org.junit.runners.CustomBlockJUnit4ClassRunnerTest.TrackingRunListener,0.0
1193,org.junit.rules.TestRuleTest.MultipleRuleTest,0.0
1194,org.junit.tests.experimental.theories.runner.WithExtendedParameterSources.DataPointMalformedArrayMethods,0.0
1195,org.junit.tests.validation.BadlyFormedClassesTest,0.0
1196,org.junit.experimental.categories.IncludeCategories.IncludesAny,0.0
1197,junit.tests.framework.ThreeTestCases,0.0
1198,org.junit.tests.experimental.theories.runner.WithAutoGeneratedDataPoints.TheoryTestClassWithAutogeneratedParameterValues,0.0
1199,org.junit.experimental.categories.JavadocTest.FastOrSmokeTestSuite,0.0
1200,org.junit.runner.notification.RunNotifier.SafeNotifier,0.0
1201,org.junit.tests.experimental.theories.runner.WithParameterSupplier.SupplierWithTestClassConstructor,0.0
1202,org.junit.experimental.categories.CategoryTest.IncludedTest,0.0
1203,org.junit.experimental.categories.JavadocTest,0.0
1204,org.junit.tests.experimental.AssumptionTest.1,0.0
1205,junit.framework.JUnit4TestCaseFacade,0.0
1206,org.junit.runners.parameterized.ParameterizedNamesTest,0.0
1207,org.junit.tests.experimental.AssumptionTest.2,0.0
1208,org.junit.tests.manipulation.OrderableTest.UnOrderableRunnersAreHandledWithoutCrashing.UnOrderable,0.0
1209,org.junit.rules.MethodRulesTest.CallsMethodReturningRuleOnlyOnce,0.0
1210,org.junit.runners.AllRunnersTests,0.0
1211,org.junit.rules.ClassRulesTest.ClassRuleOrdering,0.0
1212,org.junit.tests.running.core.CommandLineTest.1,0.0
1213,org.junit.experimental.theories.internal.AllMembersSupplier.MethodParameterValue,0.0
1214,junit.samples.money.MoneyBag,0.0
1215,org.junit.tests.experimental.parallel.ParallelMethodTest,0.0
1216,org.junit.tests.experimental.theories.extendingwithstubs.ReguessableValue,0.0
1217,org.junit.tests.running.classes.ParentRunnerTest.NonPublicTestClass,0.0
1218,org.junit.tests.manipulation.SortableTest.UnsortableRunnersAreHandledWithoutCrashing.Unsortable,0.0
1219,org.junit.rules.BlockJUnit4ClassRunnerOverrideTest.OverrideTestRulesTest,0.0
1220,org.junit.runner.manipulation.Filterable,0.0
1221,org.junit.experimental.categories.JavadocTest.A,0.0
1222,org.junit.tests.running.classes.ParentRunnerTest.AssertionErrorAtParentLevelTest,0.0
1223,org.junit.runner.FilterOptionIntegrationTest.TestListener,0.0
1224,junit.tests.framework.TestCaseTest.TornDown,0.0
1225,org.junit.experimental.categories.CategoryTest.SlowTestSuite,0.0
1226,org.junit.tests.listening.TestListenerTest.ExceptionListener,0.0
1227,org.junit.rules.RuleMemberValidatorTest.MethodTestWithMethodRule,0.0
1228,org.junit.rules.TestRuleTest.MethodExampleTest,0.0
1229,junit.tests.extensions.ExtensionTest.4,0.0
1230,junit.tests.extensions.ExtensionTest.3,0.0
1231,junit.tests.extensions.ExtensionTest.2,0.0
1232,junit.tests.extensions.ExtensionTest.1,0.0
1233,org.junit.tests.validation.AllValidationTests,0.0
1234,org.junit.experimental.categories.JavadocTest.B,0.0
1235,org.junit.rules.LoggingMethodRule,0.0
1236,org.junit.rules.ExpectedExceptionTest.ThrowExpectedNullCause,0.0
1237,org.junit.tests.running.methods.AnnotationTest.SuperShadowing,0.0
1238,org.junit.tests.experimental.theories.AssumingInTheoriesTest,0.0
1239,junit.tests.extensions.ExtensionTest.5,0.0
1240,org.junit.internal.runners.model.EachTestNotifier,0.0
1241,org.junit.tests.experimental.theories.runner.WithParameterSupplier.SupplierWithTwoConstructors,0.0
1242,org.junit.tests.running.classes.IgnoreClassTest,0.0
1243,org.junit.rules.RuleMemberValidatorTest.MethodTestWithArbitraryObjectWithRuleAnnotation,0.0
1244,junit.framework.TestFailure,0.0
1245,org.junit.runner.Description,0.0
1246,org.junit.rules.ClassRulesTest.ExampleTestWithCustomClassRule,0.0
1247,org.junit.tests.validation.ValidationTest.NonStaticBeforeClass,0.0
1248,junit.framework.TestSuite.1,0.0
1249,org.junit.runner.Result.SerializedForm,0.0
1250,org.junit.experimental.categories.CategoriesAndParameterizedTest,0.0
1251,org.junit.rules.TestWatcherTest.InterplayWithOtherRules.ErrorCollectorTest,0.0
1252,org.junit.runners.RuleContainerTest.MRule,0.0
1253,org.junit.tests.running.methods.AnnotationTest.SubFieldShadowing.6,0.0
1254,org.junit.rules.AllRulesTests,0.0
1255,junit.tests.runner.TextFeedbackTest.TestResultPrinter,0.0
1256,org.junit.runner.JUnitCommandLineParseResultTest.DummyCategory0,0.0
1257,org.junit.tests.junit3compatibility.ForwardCompatibilityPrintingTest,0.0
1258,junit.extensions.ActiveTestSuite.1,0.0
1259,org.junit.tests.experimental.theories.PotentialAssignmentTest,0.0
1260,org.junit.runner.manipulation.InvalidOrderingException,0.0
1261,org.junit.experimental.categories.MultiCategoryTest.InheritanceAnyTest,0.0
1262,org.junit.internal.runners.statements.FailOnTimeout.Builder,0.0
1263,org.junit.runner.JUnitCommandLineParseResult.CommandLineParserError,0.0
1264,org.junit.tests.running.classes.ParentRunnerTest.ExampleTest,0.0
1265,org.junit.tests.experimental.theories.PotentialAssignmentTest.2,0.0
1266,junit.tests.extensions.ActiveTestTest.SuccessTest,0.0
1267,org.junit.rules.ExpectedExceptionTest.ExpectAssertionErrorWhichIsNotThrown,0.0
1268,org.junit.internal.ExactComparisonCriteria,0.0
1269,org.junit.rules.RuleMemberValidatorTest.MethodTestWithNonStaticClassRule,0.0
1270,org.junit.tests.running.methods.AnnotationTest.SuperStaticFieldShadowing,0.0
1271,org.junit.TestCouldNotBeSkippedException,0.0
1272,org.junit.tests.experimental.theories.PotentialAssignmentTest.1,0.0
1273,org.junit.tests.experimental.theories.runner.FailingDataPointMethods.HasIgnoredFailingMultipleDataPointMethod,0.0
1274,org.junit.tests.experimental.theories.runner.SuccessfulWithDataPointFields.NewObjectEachTime,0.0
1275,org.junit.internal.builders.JUnit3Builder,0.0
1276,org.junit.experimental.categories.CategoryTest.TestSuiteWithNoCategories,0.0
1277,org.junit.internal.builders.IgnoredBuilder,0.0
1278,org.junit.tests.listening.TestListenerTest.ErrorListener,0.0
1279,org.junit.rules.VerifierRuleTest,0.0
1280,org.junit.experimental.theories.internal.SpecificDataPointsSupplier,0.0
1281,org.junit.tests.experimental.theories.runner.WithAutoGeneratedDataPoints.ENUM,0.0
1282,org.junit.rules.ClassRulesTest.MethodExampleTestWithCustomClassRule,0.0
1283,org.junit.tests.running.methods.ParameterizedTestMethodTest,0.0
1284,org.junit.tests.running.classes.ParameterizedTestTest.UseParameterizedFactoryAbstractTest,0.0
1285,org.junit.tests.running.methods.AnnotationTest.TeardownTest,0.0
1286,org.junit.internal.runners.statements.FailOnTimeoutTest.RunForASecond,0.0
1287,org.junit.rules.TempFolderRuleTest.HasTempFolder,0.0
1288,org.junit.runners.parameterized.ParametersRunnerFactory,0.0
1289,org.junit.tests.running.classes.ParentRunnerFilteringTest.1,0.0
1290,org.junit.rules.ExpectedExceptionTest.ThrowExceptionWithExpectedPartOfMessage,0.0
1291,org.junit.tests.experimental.theories.runner.UnsuccessfulWithDataPointFields.DataPointFieldsMustBePublic,0.0
1292,org.junit.tests.running.methods.TestMethodTest.EverythingWrong,0.0
1293,org.junit.tests.experimental.theories.runner.WithAutoGeneratedDataPoints.TheoryTestClassWithSpecificEnumDataPoint,0.0
1294,org.junit.tests.running.methods.ExpectedTest.NoneThrown,0.0
1295,org.junit.tests.running.methods.AnnotationTest.OrderTest,0.0
1296,junit.tests.SampleJUnit3Tests.TestWithThrowingSetUpMethod,0.0
1297,org.junit.AssumptionViolatedExceptionTest.SerializableIsThreeMatcher,0.0
1298,org.junit.experimental.categories.CategoryTest.IncludedExcludedSameSuite,0.0
1299,org.junit.rules.RuleMemberValidatorTest.TestMethodWithNonStaticTestRule,0.0
1300,org.junit.tests.running.methods.AnnotationTest.ErrorInAfterClass,0.0
1301,org.junit.tests.validation.ValidationTest,0.0
1302,org.junit.tests.junit3compatibility.ForwardCompatibilityTest.ErrorTest,0.0
1303,org.junit.tests.experimental.MatcherTest,0.0
1304,org.junit.experimental.categories.JavadocTest.FastTests,0.0
1305,org.junit.rules.TestWatcherTest.CallbackArguments.Finished.6,0.0
1306,org.junit.runners.BlockJUnit4ClassRunner,1.0
1307,org.junit.tests.running.classes.ParameterizedTestTest.AdditionTestWithArray,0.0
1308,org.junit.tests.running.methods.TimeoutTest.InfiniteLoopMultithreaded.ThreadTest,0.0
1309,org.junit.rules.ErrorCollectorTest.CheckMatcherThatDoesNotFailWithoutProvidedReason,0.0
1310,org.junit.tests.SampleJUnit4Tests.TestWithThrowingTestRule,0.0
1311,org.junit.rules.TimeoutRuleTest.HasNullTimeUnit,0.0
1312,org.junit.tests.manipulation.OrderWithTest.TestClassRunnerIsOrderableWithSuiteMethod.OrderedReverseAlphanumerically,0.0
1313,org.junit.tests.manipulation.SingleMethodTest.ParameterizedOneTimeSetup,0.0
1314,org.junit.rules.Verifier.1,0.0
1315,org.junit.tests.experimental.max.MaxStarterTest.MalformedJUnit38TestMethod,0.0
1316,org.junit.tests.experimental.theories.internal.AllMembersSupplierTest,0.0
1317,org.junit.tests.running.classes.ClassLevelMethodsWithIgnoredTestsTest.HasUnfilteredTest,0.0
1318,org.junit.tests.manipulation.OrderableTest.TestClassRunnerIsOrderableWithSuiteMethod.OrderMe,0.0
1319,org.junit.runners.Suite,0.0
1320,org.junit.rules.RuleMemberValidatorTest.TestWithMethodRule.3,0.0
1321,org.junit.tests.running.core.CommandLineTest.Example,0.0
1322,org.junit.internal.runners.rules.RuleMemberValidator.FieldMustBeARule,0.0
1323,org.junit.experimental.categories.MultiCategoryTest.CategoriesTest,0.0
1324,org.junit.tests.experimental.theories.runner.UnsuccessfulWithDataPointFields.TheoriesMustBePublic,0.0
1325,org.junit.tests.running.methods.AnnotationTest.SimpleTestWithFutureProofExplicitRunner,0.0
1326,org.junit.internal.management.ReflectiveThreadMXBean.Holder,0.0
1327,org.junit.internal.requests.ClassRequest.CustomAllDefaultPossibilitiesBuilder,0.0
1328,org.junit.tests.running.methods.AnnotationTest,0.0
1329,org.junit.tests.experimental.theories.runner.WithDataPointMethod,0.0
1330,org.junit.experimental.max.MaxHistory.RememberingListener,0.0
1331,org.junit.rules.RuleMemberValidatorTest.NonPublicTestWithClassRule,0.0
1332,org.junit.experimental.categories.CategoriesAndParameterizedTest.Token,0.0
1333,junit.tests.runner.BaseTestRunnerTest.NonStatic,0.0
1334,org.junit.rules.TestRuleTest.MultipleRuleTest.Increment.3,0.0
1335,org.junit.rules.TestWatchman,0.0
1336,org.junit.rules.ExternalResource.1,0.0
1337,org.junit.runner.Describable,0.0
1338,org.junit.tests.running.classes.ClassLevelMethodsWithIgnoredTestsTest.BeforeClassWithFilteredTest,0.0
1339,org.junit.tests.listening.ListenerTest.OneTest,0.0
1340,org.junit.tests.running.classes.SuiteTest.AllWithBeforeAndAfterClass,0.0
1341,org.junit.rules.ErrorCollectorTest.CheckRunnableThatThrowsNoExceptionAlthoughOneIsExpected,0.0
1342,org.junit.tests.running.classes.ParentRunnerFilteringTest.ExampleSuiteWithUnmodifiableChildList,0.0
1343,org.junit.experimental.theories.internal.BooleanSupplier,0.0
1344,org.junit.runners.model.InitializationError,0.0
1345,org.junit.runners.model.FrameworkFieldTest,0.0
1346,org.junit.tests.running.core.MainRunner.NoExitSecurityManager,0.0
1347,org.junit.internal.runners.TestMethod,0.0
1348,org.junit.rules.TestWatcherTest.Callbacks.ErroneousTestWatcher,0.0
1349,junit.tests.framework.FloatAssertTest,0.0
1350,org.junit.rules.RuleMemberValidatorTest.TestWithProtectedClassRule,0.0
1351,org.junit.runners.parameterized.TestWithParametersTest,0.0
1352,org.junit.runners.ParentRunner.ClassRuleCollector,0.0
1353,org.junit.runner.AllRunnerTests,0.0
1354,org.junit.tests.manipulation.SortableTest.TestClassRunnerIsSortable.SortMe,0.0
1355,org.junit.tests.manipulation.OrderWithTest.UnOrderableRunnersAreHandledWithoutCrashing.UnOrderable,0.0
1356,org.junit.tests.manipulation.OrderWithTest.TestClassRunnerIsSortableViaOrderWith,0.0
1357,org.junit.tests.running.classes.ParameterizedTestTest.BeforeParamAndAfterParam,0.0
1358,org.junit.rules.ClassRulesTest.Counter,0.0
1359,org.junit.experimental.categories.CategoryFilterFactoryTest,0.0
1360,org.junit.tests.junit3compatibility.SuiteMethodTest,0.0
1361,org.junit.validator.PublicClassValidator,0.0
1362,org.junit.experimental.categories.ExcludeCategories.ExcludesAny,0.0
1363,org.junit.rules.TestRuleTest.ExampleTest.1,0.0
1364,junit.framework.JUnit4TestAdapterCache,0.0
1365,org.junit.experimental.categories.CategoryTest.JustA,0.0
1366,org.junit.tests.manipulation.OrderableTest.TestClassRunnerIsOrderable.OrderMe,0.0
1367,org.junit.tests.validation.FailedConstructionTest,0.0
1368,junit.tests.framework.Success,0.0
1369,org.junit.rules.TimeoutRuleTest.AbstractTimeoutTest,0.0
1370,org.junit.tests.running.classes.ParentRunnerFilteringTest.CountingFilter,0.0
1371,org.junit.rules.TestRuleTest.MethodMultipleRuleTest,0.0
1372,org.junit.tests.manipulation.FilterableTest.FilteredRunner,0.0
1373,org.junit.runners.parameterized.ParameterizedNamesTest.ParameterizedWithSpecialCharsInName,0.0
1374,org.junit.experimental.categories.CategoryTest.OneThatIsBothFastAndSlow,0.0
1375,org.junit.tests.running.classes.UseSuiteAsASuperclassTest.AllWithMySuite,0.0
1376,org.junit.tests.running.core.JUnitCoreReturnsCorrectExitCodeTest,0.0
1377,junit.framework.Protectable,0.0
1378,org.junit.experimental.categories.MultiCategoryTest.InheritanceAll,0.0
1379,org.junit.rules.TestRuleTest.BeforesAndAftersAreEnclosedByRule,0.0
1380,org.junit.tests.running.classes.ThreadsTest,0.0
1381,org.junit.validator.AnnotationsValidatorTest.ExampleAnnotationValidator,0.0
1382,org.junit.tests.description.AnnotatedDescriptionTest.ValueAnnotatedClass,0.0
1383,org.junit.rules.Timeout.Builder,0.0
1384,org.junit.runners.CustomBlockJUnit4ClassRunnerTest.CustomBlockJUnit4ClassRunner,0.0
1385,org.junit.tests.junit3compatibility.InitializationErrorForwardCompatibilityTest.ErrorRememberingListener,0.0
1386,org.junit.rules.ExpectedExceptionTest.FailedAssumptionAndExpectException,0.0
1387,org.junit.experimental.categories.MultiCategoryTest.InheritanceAllTest,0.0
1388,org.junit.tests.experimental.theories.runner.WithParameterSupplier.TestClassUsingParameterSupplier,0.0
1389,org.junit.tests.running.methods.TestMethodTest.SuperWrong,0.0
1390,org.junit.rules.RuleMemberValidatorTest.TestWithClassRuleIsImplementationOfMethodRule,0.0
1391,org.junit.tests.running.classes.ParentRunnerTest.Exclude,0.0
1392,org.junit.rules.ExpectedExceptionTest.HasWrongMessage,0.0
1393,org.junit.runner.manipulation.Sortable,0.0
1394,org.junit.runners.model.TestClass.FieldComparator,0.0
1395,junit.framework.TestResult,0.0
1396,org.junit.tests.manipulation.Comparators,0.0
1397,org.junit.tests.manipulation.FilterableTest.FilteredRunner.1,0.0
1398,org.junit.tests.experimental.theories.runner.UnsuccessfulWithDataPointFields.DataPointFieldsMustBeStatic,0.0
1399,org.junit.internal.SerializableValueDescription,0.0
1400,org.junit.runners.Parameterized,0.0
1401,org.junit.tests.running.methods.AnnotationTest.SetupTest,0.0
1402,org.junit.runner.FilterFactoriesTest.FilterFactoryStub,0.0
1403,org.junit.runner.notification.RunNotifierTest.FailureListener,0.0
1404,org.junit.rules.ErrorCollectorTest.AddSingleError,0.0
1405,org.junit.experimental.results.ResultMatchers,0.0
1406,org.junit.runners.parameterized.BlockJUnit4ClassRunnerWithParametersTest.ClassWithPrivateParameter,0.0
1407,org.junit.runners.AllTests,0.0
1408,org.junit.rules.TestWatcherTest.Callbacks.FailingTest,0.0
1409,org.junit.experimental.categories.CategoryTest.VerySlowTests,0.0
1410,org.junit.tests.running.classes.ParameterizedTestTest.MultipleParametersBeforeParamAndAfterParam,0.0
1411,org.junit.experimental.categories.CategoryTest.OneMoreTest,0.0
1412,org.junit.tests.running.classes.ParameterizedTestTest.SingleArgumentTestWithArray,0.0
1413,org.junit.tests.running.classes.SuiteTest.NonPublicSuite,0.0
1414,org.junit.validator.AnnotationsValidatorTest.AnnotationValidatorMethodTest,0.0
1415,org.junit.tests.manipulation.SingleMethodTest.TestTwo,0.0
1416,org.junit.tests.manipulation.SortableTest.UnsortableRunnersAreHandledWithoutCrashing.UnsortableRunner,0.0
1417,org.junit.tests.junit3compatibility.AllTestsTest.OneTest,0.0
1418,org.junit.validator.AllValidatorTests,0.0
1419,org.junit.tests.validation.BadlyFormedClassesTest.NoTests,0.0
1420,org.junit.runners.model.TestClassTest.FieldAnnotated,0.0
1421,junit.runner.TestRunListener,0.0
1422,org.junit.rules.ExpectedExceptionTest.ExpectsMessageMatcher,0.0
1423,org.junit.runners.model.RunnerBuilderStub,0.0
1424,org.junit.rules.TempFolderRuleTest.IncorrectUsage,0.0
1425,org.junit.tests.experimental.theories.runner.FailingDataPointMethods,0.0
1426,org.junit.internal.runners.statements.RunBefores,0.0
1427,org.junit.tests.experimental.theories.runner.WithExtendedParameterSources,0.0
1428,org.junit.tests.running.classes.ParentRunnerTest.AssumptionViolatedAtParentLevelTest,0.0
1429,org.junit.tests.running.methods.ExpectedTest.Expected,0.0
1430,org.junit.rules.NameRulesTest.TestNames,0.0
1431,org.junit.rules.ErrorCollectorTest.CheckRunnableThatThrowsNoExceptionAlthoughOneIsExpected.9,0.0
1432,org.junit.rules.ExpectedExceptionTest.ErrorCollectorShouldFailAlthoughExpectedExceptionDoesNot,0.0
1433,org.junit.tests.experimental.theories.runner.WithUnresolvedGenericTypeVariablesOnTheoryParms.TypeVariableOnWildcardUpperBoundOnTheoryParm,0.0
1434,org.junit.tests.manipulation.SortableTest.TestOnlySortableClassRunnerIsSortable,0.0
1435,org.junit.tests.junit3compatibility.OldTestClassAdaptingListenerTest.1,0.0
1436,org.junit.rules.BlockJUnit4ClassRunnerOverrideTest.FlipBitRule.1,0.0
1437,junit.extensions.RepeatedTest,0.0
1438,org.junit.internal.runners.ErrorReportingRunnerTest.1,0.0
1439,junit.tests.SampleJUnit3Tests,0.0
1440,junit.tests.extensions.ActiveTestTest,0.0
1441,org.junit.experimental.categories.MultiCategoryTest.InheritanceAny,0.0
1442,org.junit.tests.experimental.max.MaxStarterTest.2,0.0
1443,org.junit.runner.FilterFactoriesTest.NonFilterFactory,0.0
1444,org.junit.tests.experimental.max.MaxStarterTest.1,0.0
1445,org.junit.runners.RuleContainer.RuleEntry,0.0
1446,org.junit.tests.running.methods.AnnotationTest.SubShadowing,0.0
1447,org.junit.tests.experimental.theories.runner.SuccessfulWithDataPointFields.PositiveInts,0.0
1448,org.junit.tests.listening.ListenerTest.1,0.0
1449,org.junit.tests.listening.ListenerTest.2,0.0
1450,junit.tests.framework.TestImplementorTest.DoubleTestCase.1,0.0
1451,org.junit.runner.OrderWithValidatorTest.TestWithNoValidationErrors,0.0
1452,org.junit.tests.SampleJUnit4Tests.FakeClassUnderTest,0.0
1453,org.junit.tests.running.methods.TimeoutTest.InfiniteLoopTest,0.0
1454,org.junit.rules.TestRuleTest.CustomTestName,0.0
1455,org.junit.internal.runners.rules.RuleMemberValidator.Builder,0.0
1456,org.junit.tests.experimental.theories.runner.UnsuccessfulWithDataPointFields.HasAFailingTheory,0.0
1457,org.junit.runners.RuleContainerTest,0.0
1458,org.junit.tests.SampleJUnit4Tests.TestWithThrowingMethodRule,0.0
1459,org.junit.runners.model.TestClassTest.OuterClass2,0.0
1460,org.junit.tests.experimental.theories.runner.WithExtendedParameterSources.ShouldFilterOutNullSingleDataPoints,0.0
1461,org.junit.tests.SampleJUnit4Tests.TestWithSuppressedException,0.0
1462,org.junit.tests.running.classes.ParameterizedTestTest.ThreeFailures,0.0
1463,org.junit.tests.manipulation.SingleMethodTest.HasSuiteMethod,0.0
1464,org.junit.rules.TestRuleTest.CallMethodOnlyOnceRule,0.0
1465,org.junit.tests.experimental.theories.internal.AllMembersSupplierTest.HasDataPointsFieldWithNullValue,0.0
1466,org.junit.rules.ExpectedExceptionTest.ThrowExceptionWithMatchingCause,0.0
1467,org.junit.tests.running.AllRunningTests,0.0
1468,org.junit.rules.TestWatcherTest.CallbackArguments.Skipped.3,0.0
1469,org.junit.internal.runners.statements.FailOnTimeoutTest.StuckStatement,0.0
1470,junit.framework.TestResult.1,0.0
1471,org.junit.rules.RuleMemberValidatorTest.TestWithClassRuleMethodReturnsAnArbitraryObject,0.0
1472,org.junit.tests.running.classes.ParameterizedTestTest.AdditionTestWithAnnotatedFields,0.0
