file,class,method,ATFD,ATLD,LAA,FDP,fanin,fanout,wmc,loc,returnsQty,variablesQty,parametersQty,loopQty,anonymousClassesQty,innerClassesQty
C:\Users\sugii syuji\gitProject\junit4\src\main\java\org\junit\runner\notification\RunListener.java,org.junit.runner.notification.RunListener,testAssumptionFailure/1[org.junit.runner.notification.Failure],0.0,0.0,-1.0,0.0,2,0,1,2,0,0,1,0,0,0
C:\Users\sugii syuji\gitProject\junit4\src\main\java\org\junit\runner\notification\RunListener.java,org.junit.runner.notification.RunListener,testFailure/1[org.junit.runner.notification.Failure],0.0,0.0,-1.0,0.0,3,0,1,2,0,0,1,0,0,0
C:\Users\sugii syuji\gitProject\junit4\src\main\java\org\junit\runner\notification\RunListener.java,org.junit.runner.notification.RunListener,testFinished/1[org.junit.runner.Description],0.0,0.0,-1.0,0.0,2,0,1,2,0,0,1,0,0,0
C:\Users\sugii syuji\gitProject\junit4\src\main\java\org\junit\runner\notification\RunListener.java,org.junit.runner.notification.RunListener,testIgnored/1[org.junit.runner.Description],0.0,0.0,-1.0,0.0,2,0,1,2,0,0,1,0,0,0
C:\Users\sugii syuji\gitProject\junit4\src\main\java\org\junit\runner\notification\RunListener.java,org.junit.runner.notification.RunListener,testRunFinished/1[org.junit.runner.Result],0.0,0.0,-1.0,0.0,2,0,1,2,0,0,1,0,0,0
C:\Users\sugii syuji\gitProject\junit4\src\main\java\org\junit\runner\notification\RunListener.java,org.junit.runner.notification.RunListener,testRunStarted/1[org.junit.runner.Description],0.0,0.0,-1.0,0.0,2,0,1,2,0,0,1,0,0,0
C:\Users\sugii syuji\gitProject\junit4\src\main\java\org\junit\runner\notification\RunListener.java,org.junit.runner.notification.RunListener,testStarted/1[org.junit.runner.Description],0.0,0.0,-1.0,0.0,2,0,1,2,0,0,1,0,0,0
C:\Users\sugii syuji\gitProject\junit4\src\main\java\org\junit\runner\notification\RunListener.java,org.junit.runner.notification.RunListener,testSuiteFinished/1[org.junit.runner.Description],0.0,0.0,-1.0,0.0,2,0,1,2,0,0,1,0,0,0
C:\Users\sugii syuji\gitProject\junit4\src\main\java\org\junit\runner\notification\RunListener.java,org.junit.runner.notification.RunListener,testSuiteStarted/1[org.junit.runner.Description],0.0,0.0,-1.0,0.0,2,0,1,2,0,0,1,0,0,0
C:\Users\sugii syuji\gitProject\junit4\src\test\java\org\junit\tests\experimental\AssumptionTest.java,org.junit.tests.experimental.AssumptionTest.2,testAssumptionFailure/1[org.junit.runner.notification.Failure],1.0,0.0,0.0,1.0,0,0,1,3,0,0,1,0,0,0
C:\Users\sugii syuji\gitProject\junit4\src\main\java\org\junit\runners\Parameterized.java,org.junit.runners.Parameterized,validateBeforeParamAndAfterParamMethods/1[java.lang.Integer],4.0,0.0,0.0,4.0,1,4,2,8,0,1,1,0,0,0
C:\Users\sugii syuji\gitProject\junit4\src\main\java\org\junit\experimental\categories\CategoryValidator.java,org.junit.experimental.categories.CategoryValidator,validateAnnotatedMethod/1[org.junit.runners.model.FrameworkMethod],1.0,1.0,0.5,1.0,2,2,4,12,1,2,1,2,0,0
C:\Users\sugii syuji\gitProject\junit4\src\test\java\org\junit\tests\experimental\theories\extendingwithstubs\Guesser.java,org.junit.tests.experimental.theories.extendingwithstubs.Guesser.GuessMap,getGuess/1[org.junit.tests.experimental.theories.extendingwithstubs.MethodCall],2.0,0.0,0.0,2.0,1,2,2,6,1,0,1,0,0,0
C:\Users\sugii syuji\gitProject\junit4\src\main\java\org\junit\experimental\max\MaxCore.java,org.junit.experimental.max.MaxCore,buildRunner/1[org.junit.runner.Description],4.0,2.0,0.33333334,2.0,1,10,5,17,4,2,1,0,0,0
C:\Users\sugii syuji\gitProject\junit4\src\main\java\org\junit\experimental\max\MaxCore.java,org.junit.experimental.max.MaxCore,findLeaves/1[org.junit.runner.Request],2.0,0.0,0.0,2.0,2,3,1,5,1,1,1,0,0,0
C:\Users\sugii syuji\gitProject\junit4\src\main\java\org\junit\experimental\max\MaxCore.java,org.junit.experimental.max.MaxCore,forFolder/1[java.lang.String],0.0,0.0,-1.0,0.0,0,1,1,3,1,0,1,0,0,0
C:\Users\sugii syuji\gitProject\junit4\src\main\java\org\junit\experimental\max\MaxCore.java,org.junit.experimental.max.MaxCore,getMalformedTestClass/1[org.junit.runner.Description],0.0,1.0,1.0,0.0,1,1,2,8,2,0,1,0,0,0
C:\Users\sugii syuji\gitProject\junit4\src\main\java\org\junit\experimental\max\MaxCore.java,org.junit.experimental.max.MaxCore,run/1[org.junit.runner.Request],0.0,0.0,-1.0,0.0,9,2,1,3,1,0,1,0,0,0
C:\Users\sugii syuji\gitProject\junit4\src\main\java\org\junit\experimental\max\MaxCore.java,org.junit.experimental.max.MaxCore,sortRequest/1[org.junit.runner.Request],0.0,0.0,-1.0,0.0,4,3,2,8,2,1,1,0,0,0
C:\Users\sugii syuji\gitProject\junit4\src\main\java\org\junit\experimental\max\MaxCore.java,org.junit.experimental.max.MaxCore,sortedLeavesForTest/1[org.junit.runner.Request],0.0,0.0,-1.0,0.0,7,2,1,3,1,0,1,0,0,0
C:\Users\sugii syuji\gitProject\junit4\src\main\java\org\junit\experimental\max\MaxCore.java,org.junit.experimental.max.MaxCore,storedLocally/1[java.io.File],0.0,0.0,-1.0,0.0,4,1,1,3,1,0,1,0,0,0
C:\Users\sugii syuji\gitProject\junit4\src\test\java\junit\tests\runner\TextFeedbackTest.java,junit.tests.runner.TextFeedbackTest.TestResultPrinter,elapsedTimeAsString/1[long],0.0,0.0,-1.0,0.0,0,0,1,3,1,0,1,0,0,0
C:\Users\sugii syuji\gitProject\junit4\src\test\java\org\junit\tests\experimental\theories\runner\WithAutoGeneratedDataPoints.java,org.junit.tests.experimental.theories.runner.WithAutoGeneratedDataPoints.TheoryTestClassWithSpecificBooleanDataPoint,theory/1[boolean],0.0,0.0,-1.0,0.0,0,0,1,2,0,0,1,0,0,0
C:\Users\sugii syuji\gitProject\junit4\src\main\java\junit\textui\ResultPrinter.java,junit.textui.ResultPrinter,elapsedTimeAsString/1[long],1.0,0.0,0.0,1.0,1,0,1,3,1,0,1,0,0,0
C:\Users\sugii syuji\gitProject\junit4\src\main\java\junit\textui\ResultPrinter.java,junit.textui.ResultPrinter,endTest/1[junit.framework.Test],0.0,0.0,-1.0,0.0,0,0,1,2,0,0,1,0,0,0
C:\Users\sugii syuji\gitProject\junit4\src\main\java\junit\textui\ResultPrinter.java,junit.textui.ResultPrinter,printDefectTrace/1[junit.framework.TestFailure],1.0,1.0,0.5,1.0,1,3,1,3,0,0,1,0,0,0
C:\Users\sugii syuji\gitProject\junit4\src\main\java\junit\textui\ResultPrinter.java,junit.textui.ResultPrinter,printErrors/1[junit.framework.TestResult],0.0,0.0,-1.0,0.0,1,3,1,3,0,0,1,0,0,0
C:\Users\sugii syuji\gitProject\junit4\src\main\java\junit\textui\ResultPrinter.java,junit.textui.ResultPrinter,printFailures/1[junit.framework.TestResult],0.0,0.0,-1.0,0.0,1,3,1,3,0,0,1,0,0,0
C:\Users\sugii syuji\gitProject\junit4\src\main\java\junit\textui\ResultPrinter.java,junit.textui.ResultPrinter,printFooter/1[junit.framework.TestResult],0.0,7.0,1.0,0.0,1,5,3,13,0,0,1,0,0,0
C:\Users\sugii syuji\gitProject\junit4\src\main\java\junit\textui\ResultPrinter.java,junit.textui.ResultPrinter,printHeader/1[long],0.0,2.0,1.0,0.0,1,2,1,4,0,0,1,0,0,0
C:\Users\sugii syuji\gitProject\junit4\src\main\java\junit\textui\ResultPrinter.java,junit.textui.ResultPrinter,startTest/1[junit.framework.Test],0.0,4.0,1.0,0.0,0,1,2,7,0,0,1,0,0,0
C:\Users\sugii syuji\gitProject\junit4\src\main\java\org\junit\rules\Timeout.java,org.junit.rules.Timeout,createFailOnTimeoutStatement/1[org.junit.runners.model.Statement],0.0,3.0,1.0,0.0,1,4,1,3,1,0,1,0,0,0
C:\Users\sugii syuji\gitProject\junit4\src\main\java\org\junit\rules\Timeout.java,org.junit.rules.Timeout,getTimeout/1[java.util.concurrent.TimeUnit],0.0,2.0,1.0,0.0,0,0,1,3,1,0,1,0,0,0
C:\Users\sugii syuji\gitProject\junit4\src\main\java\org\junit\rules\Timeout.java,org.junit.rules.Timeout,millis/1[long],1.0,0.0,0.0,1.0,0,1,1,3,1,0,1,0,0,0
C:\Users\sugii syuji\gitProject\junit4\src\main\java\org\junit\rules\Timeout.java,org.junit.rules.Timeout,seconds/1[long],1.0,0.0,0.0,1.0,0,1,1,3,1,0,1,0,0,0
C:\Users\sugii syuji\gitProject\junit4\src\test\java\org\junit\tests\experimental\theories\internal\AllMembersSupplierTest.java,org.junit.tests.experimental.theories.internal.AllMembersSupplierTest.HasDataPointsWithObjectParameter,theory/1[java.lang.Object],0.0,0.0,-1.0,0.0,0,0,1,2,0,0,1,0,0,0
C:\Users\sugii syuji\gitProject\junit4\src\test\java\org\junit\tests\experimental\theories\extendingwithstubs\StubbedTheories.java,org.junit.tests.experimental.theories.extendingwithstubs.StubbedTheories,methodBlock/1[org.junit.runners.model.FrameworkMethod],1.0,0.0,0.0,1.0,0,2,1,3,1,0,1,0,0,0
C:\Users\sugii syuji\gitProject\junit4\src\main\java\org\junit\internal\Classes.java,org.junit.internal.Classes,getClass/1[java.lang.String],0.0,2.0,1.0,0.0,3,1,1,3,1,0,1,0,0,0
C:\Users\sugii syuji\gitProject\junit4\src\main\java\org\junit\runner\Result.java,org.junit.runner.Result.SerializedForm,deserialize/1[java.io.ObjectInputStream],0.0,0.0,-1.0,0.0,1,1,1,4,1,1,1,0,0,0
C:\Users\sugii syuji\gitProject\junit4\src\main\java\org\junit\runner\Result.java,org.junit.runner.Result.SerializedForm,serialize/1[java.io.ObjectOutputStream],0.0,6.0,1.0,0.0,1,0,1,10,0,1,1,0,0,0
C:\Users\sugii syuji\gitProject\junit4\src\main\java\org\junit\internal\management\ManagementFactory.java,org.junit.internal.management.ManagementFactory.ThreadHolder,getBean/1[java.lang.Object],0.0,0.0,-1.0,0.0,0,2,2,3,1,0,1,0,0,0
C:\Users\sugii syuji\gitProject\junit4\src\test\java\org\junit\tests\experimental\theories\runner\WithAutoGeneratedDataPoints.java,org.junit.tests.experimental.theories.runner.WithAutoGeneratedDataPoints.TheoryTestClassWithAutogeneratedParameterValues,theory/1[boolean],0.0,0.0,-1.0,0.0,0,0,1,2,0,0,1,0,0,0
C:\Users\sugii syuji\gitProject\junit4\src\main\java\org\junit\runners\Parameterized.java,org.junit.runners.Parameterized.AssumptionViolationRunner,run/1[org.junit.runner.notification.RunNotifier],0.0,2.0,1.0,0.0,0,2,1,3,0,0,1,0,0,0
C:\Users\sugii syuji\gitProject\junit4\src\main\java\org\junit\experimental\theories\Theories.java,org.junit.experimental.theories.Theories.TheoryAnchor,handleAssumptionViolation/1[org.junit.internal.AssumptionViolatedException],0.0,0.0,-1.0,0.0,1,0,1,3,0,0,1,0,0,0
C:\Users\sugii syuji\gitProject\junit4\src\main\java\org\junit\experimental\theories\Theories.java,org.junit.experimental.theories.Theories.TheoryAnchor,runWithAssignment/1[org.junit.experimental.theories.internal.Assignments],0.0,0.0,-1.0,0.0,3,3,2,8,0,0,1,0,0,0
C:\Users\sugii syuji\gitProject\junit4\src\main\java\org\junit\experimental\theories\Theories.java,org.junit.experimental.theories.Theories.TheoryAnchor,runWithCompleteAssignment/1[org.junit.experimental.theories.internal.Assignments],4.0,2.0,0.33333334,3.0,1,4,1,35,0,0,1,0,1,0
C:\Users\sugii syuji\gitProject\junit4\src\main\java\org\junit\experimental\theories\Theories.java,org.junit.experimental.theories.Theories.TheoryAnchor,runWithIncompleteAssignment/1[org.junit.experimental.theories.internal.Assignments],0.0,0.0,-1.0,0.0,1,3,2,5,0,0,1,1,0,0
C:\Users\sugii syuji\gitProject\junit4\src\test\java\org\junit\tests\assertion\AssertionTest.java,org.junit.tests.assertion.AssertionTest,throwingRunnable/1[java.lang.Throwable],0.0,0.0,-1.0,0.0,7,1,1,8,1,0,1,0,1,0
C:\Users\sugii syuji\gitProject\junit4\src\test\java\org\junit\tests\experimental\theories\runner\SuccessfulWithDataPointFields.java,org.junit.tests.experimental.theories.runner.SuccessfulWithDataPointFields.PositiveIntsWithMethodParams,haveAPostiveSquare/1[int],0.0,1.0,1.0,0.0,0,2,3,4,0,0,1,0,0,0
C:\Users\sugii syuji\gitProject\junit4\src\test\java\org\junit\tests\experimental\theories\runner\WithExtendedParameterSources.java,org.junit.tests.experimental.theories.runner.WithExtendedParameterSources.DataPointArrayMethod,addToLog/1[java.lang.String],0.0,1.0,1.0,0.0,0,0,1,3,0,0,1,0,0,0
C:\Users\sugii syuji\gitProject\junit4\src\main\java\org\junit\runner\manipulation\Filter.java,org.junit.runner.manipulation.Filter.2,shouldRun/1[org.junit.runner.Description],1.0,0.0,0.0,1.0,1,5,4,11,3,0,1,1,0,0
C:\Users\sugii syuji\gitProject\junit4\src\test\java\junit\tests\runner\TextFeedbackTest.java,junit.tests.runner.TextFeedbackTest.6,printErrors/1[junit.framework.TestResult],1.0,0.0,0.0,1.0,0,1,1,3,0,0,1,0,0,0
C:\Users\sugii syuji\gitProject\junit4\src\test\java\org\junit\tests\experimental\theories\runner\SuccessfulWithDataPointFields.java,org.junit.tests.experimental.theories.runner.SuccessfulWithDataPointFields.BeforeAndAfterOnSameInstance,stringsAreOK/1[java.lang.String],0.0,1.0,1.0,0.0,0,1,2,3,0,0,1,0,0,0
C:\Users\sugii syuji\gitProject\junit4\src\test\java\org\junit\tests\experimental\theories\runner\WithParameterSupplier.java,org.junit.tests.experimental.theories.runner.WithParameterSupplier.TestClassUsingSupplierWithTestClassConstructor,theory/1[java.lang.String],1.0,0.0,0.0,1.0,0,0,1,2,0,0,1,0,0,0
C:\Users\sugii syuji\gitProject\junit4\src\test\java\org\junit\runner\notification\ConcurrentRunNotifierTest.java,org.junit.runner.notification.ConcurrentRunNotifierTest.ExaminedListener,testFailure/1[org.junit.runner.notification.Failure],0.0,1.0,1.0,0.0,0,0,1,3,0,0,1,0,0,0
C:\Users\sugii syuji\gitProject\junit4\src\test\java\org\junit\runner\notification\ConcurrentRunNotifierTest.java,org.junit.runner.notification.ConcurrentRunNotifierTest.ExaminedListener,testStarted/1[org.junit.runner.Description],0.0,1.0,1.0,0.0,0,0,2,5,0,0,1,0,0,0
C:\Users\sugii syuji\gitProject\junit4\src\main\java\org\junit\validator\AnnotationsValidator.java,org.junit.validator.AnnotationsValidator.FieldValidator,getAnnotatablesForTestClass/1[org.junit.runners.model.TestClass],1.0,0.0,0.0,1.0,0,1,1,3,1,0,1,0,0,0
C:\Users\sugii syuji\gitProject\junit4\src\test\java\org\junit\experimental\categories\CategoryFilterFactoryTest.java,org.junit.experimental.categories.CategoryFilterFactoryTest.DummyFilter,shouldRun/1[org.junit.runner.Description],0.0,0.0,-1.0,0.0,0,0,1,3,1,0,1,0,0,0
C:\Users\sugii syuji\gitProject\junit4\src\test\java\org\junit\internal\StackTracesTest.java,org.junit.internal.StackTracesTest.StackTraceLineMatcher,matchesSafely/1[java.lang.String],0.0,0.0,-1.0,0.0,0,1,3,12,2,2,1,0,0,0
C:\Users\sugii syuji\gitProject\junit4\src\test\java\junit\samples\AllTests.java,junit.samples.AllTests,main/1[java.lang.String[]],0.0,0.0,-1.0,0.0,0,2,1,3,0,0,1,0,0,0
C:\Users\sugii syuji\gitProject\junit4\src\main\java\junit\extensions\RepeatedTest.java,junit.extensions.RepeatedTest,run/1[junit.framework.TestResult],0.0,1.0,1.0,0.0,0,1,3,8,0,1,1,1,0,0
C:\Users\sugii syuji\gitProject\junit4\src\main\java\org\junit\experimental\theories\ParameterSignature.java,org.junit.experimental.theories.ParameterSignature,canAcceptValue/1[java.lang.Object],1.0,0.0,0.0,1.0,3,1,2,3,1,0,1,0,0,0
C:\Users\sugii syuji\gitProject\junit4\src\main\java\org\junit\experimental\theories\ParameterSignature.java,org.junit.experimental.theories.ParameterSignature,signatures/1[java.lang.reflect.Method],2.0,0.0,0.0,1.0,9,1,1,3,1,0,1,0,0,0
C:\Users\sugii syuji\gitProject\junit4\src\main\java\junit\framework\TestCase.java,junit.framework.TestCase,assertFalse/1[boolean],0.0,0.0,-1.0,0.0,6,1,1,3,0,0,1,0,0,0
C:\Users\sugii syuji\gitProject\junit4\src\main\java\junit\framework\TestCase.java,junit.framework.TestCase,assertNotNull/1[java.lang.Object],0.0,0.0,-1.0,0.0,2,1,1,3,0,0,1,0,0,0
C:\Users\sugii syuji\gitProject\junit4\src\main\java\junit\framework\TestCase.java,junit.framework.TestCase,assertNull/1[java.lang.Object],0.0,0.0,-1.0,0.0,2,1,1,3,0,0,1,0,0,0
C:\Users\sugii syuji\gitProject\junit4\src\main\java\junit\framework\TestCase.java,junit.framework.TestCase,assertTrue/1[boolean],0.0,0.0,-1.0,0.0,32,1,1,3,0,0,1,0,0,0
C:\Users\sugii syuji\gitProject\junit4\src\main\java\junit\framework\TestCase.java,junit.framework.TestCase,fail/1[java.lang.String],0.0,0.0,-1.0,0.0,9,1,1,3,0,0,1,0,0,0
C:\Users\sugii syuji\gitProject\junit4\src\main\java\junit\framework\TestCase.java,junit.framework.TestCase,failSame/1[java.lang.String],0.0,0.0,-1.0,0.0,0,1,1,3,0,0,1,0,0,0
C:\Users\sugii syuji\gitProject\junit4\src\main\java\junit\framework\TestCase.java,junit.framework.TestCase,run/1[junit.framework.TestResult],0.0,0.0,-1.0,0.0,4,1,1,3,0,0,1,0,0,0
C:\Users\sugii syuji\gitProject\junit4\src\main\java\junit\framework\TestCase.java,junit.framework.TestCase,setName/1[java.lang.String],0.0,1.0,1.0,0.0,1,0,1,3,0,0,1,0,0,0
C:\Users\sugii syuji\gitProject\junit4\src\main\java\org\junit\runner\notification\RunNotifier.java,org.junit.runner.notification.RunNotifier.1,notifyListener/1[org.junit.runner.notification.RunListener],0.0,0.0,-1.0,0.0,0,9,1,3,0,0,1,0,0,0
C:\Users\sugii syuji\gitProject\junit4\src\main\java\org\junit\validator\PublicClassValidator.java,org.junit.validator.PublicClassValidator,validateTestClass/1[org.junit.runners.model.TestClass],1.0,1.0,0.5,1.0,0,2,2,8,2,0,1,0,0,0
C:\Users\sugii syuji\gitProject\junit4\src\main\java\org\junit\validator\AnnotationValidator.java,org.junit.validator.AnnotationValidator,validateAnnotatedClass/1[org.junit.runners.model.TestClass],0.0,1.0,1.0,0.0,1,0,1,3,1,0,1,0,0,0
C:\Users\sugii syuji\gitProject\junit4\src\main\java\org\junit\validator\AnnotationValidator.java,org.junit.validator.AnnotationValidator,validateAnnotatedField/1[org.junit.runners.model.FrameworkField],0.0,1.0,1.0,0.0,1,0,1,3,1,0,1,0,0,0
C:\Users\sugii syuji\gitProject\junit4\src\main\java\org\junit\validator\AnnotationValidator.java,org.junit.validator.AnnotationValidator,validateAnnotatedMethod/1[org.junit.runners.model.FrameworkMethod],0.0,1.0,1.0,0.0,1,0,1,3,1,0,1,0,0,0
C:\Users\sugii syuji\gitProject\junit4\src\test\java\org\junit\internal\StackTracesTest.java,org.junit.internal.StackTracesTest.FramesRemovedMatcher,matchesSafely/1[java.lang.String],0.0,0.0,-1.0,0.0,0,1,3,11,2,1,1,0,0,0
C:\Users\sugii syuji\gitProject\junit4\src\main\java\org\junit\experimental\theories\suppliers\TestedOnSupplier.java,org.junit.experimental.theories.suppliers.TestedOnSupplier,getValueSources/1[org.junit.experimental.theories.ParameterSignature],2.0,0.0,0.0,2.0,1,3,2,9,1,3,1,1,0,0
C:\Users\sugii syuji\gitProject\junit4\src\main\java\org\junit\runner\manipulation\Orderer.java,org.junit.runner.manipulation.Orderer,apply/1[java.lang.Object],0.0,0.0,-1.0,0.0,2,1,2,6,0,1,1,0,0,0
C:\Users\sugii syuji\gitProject\junit4\src\test\java\org\junit\tests\experimental\theories\extendingwithstubs\StubbedTheoriesTest.java,org.junit.tests.experimental.theories.extendingwithstubs.StubbedTheoriesTest,ask/1[org.junit.tests.experimental.theories.extendingwithstubs.Correspondent],1.0,0.0,0.0,1.0,0,2,1,3,0,0,1,0,0,0
C:\Users\sugii syuji\gitProject\junit4\src\test\java\org\junit\tests\experimental\theories\extendingwithstubs\Guesser.java,org.junit.tests.experimental.theories.extendingwithstubs.Guesser,reguesses/1[org.junit.internal.AssumptionViolatedException],4.0,1.0,0.2,1.0,0,1,1,24,1,1,1,0,1,0
C:\Users\sugii syuji\gitProject\junit4\src\test\java\org\junit\tests\running\classes\ParentRunnerTest.java,org.junit.tests.running.classes.ParentRunnerTest.2,describeTo/1[org.hamcrest.Description],0.0,0.0,-1.0,0.0,0,0,1,3,0,0,1,0,0,0
C:\Users\sugii syuji\gitProject\junit4\src\main\java\org\junit\runner\notification\SynchronizedRunListener.java,org.junit.runner.notification.SynchronizedRunListener,equals/1[java.lang.Object],0.0,0.0,-1.0,0.0,0,0,3,10,3,1,1,0,0,0
C:\Users\sugii syuji\gitProject\junit4\src\main\java\org\junit\runner\notification\SynchronizedRunListener.java,org.junit.runner.notification.SynchronizedRunListener,testAssumptionFailure/1[org.junit.runner.notification.Failure],0.0,1.0,1.0,0.0,0,1,1,5,0,0,1,0,0,0
C:\Users\sugii syuji\gitProject\junit4\src\main\java\org\junit\runner\notification\SynchronizedRunListener.java,org.junit.runner.notification.SynchronizedRunListener,testFailure/1[org.junit.runner.notification.Failure],0.0,1.0,1.0,0.0,0,1,1,5,0,0,1,0,0,0
C:\Users\sugii syuji\gitProject\junit4\src\main\java\org\junit\runner\notification\SynchronizedRunListener.java,org.junit.runner.notification.SynchronizedRunListener,testFinished/1[org.junit.runner.Description],0.0,1.0,1.0,0.0,0,1,1,5,0,0,1,0,0,0
C:\Users\sugii syuji\gitProject\junit4\src\main\java\org\junit\runner\notification\SynchronizedRunListener.java,org.junit.runner.notification.SynchronizedRunListener,testIgnored/1[org.junit.runner.Description],0.0,1.0,1.0,0.0,0,1,1,5,0,0,1,0,0,0
C:\Users\sugii syuji\gitProject\junit4\src\main\java\org\junit\runner\notification\SynchronizedRunListener.java,org.junit.runner.notification.SynchronizedRunListener,testRunFinished/1[org.junit.runner.Result],0.0,1.0,1.0,0.0,0,1,1,5,0,0,1,0,0,0
C:\Users\sugii syuji\gitProject\junit4\src\main\java\org\junit\runner\notification\SynchronizedRunListener.java,org.junit.runner.notification.SynchronizedRunListener,testRunStarted/1[org.junit.runner.Description],0.0,1.0,1.0,0.0,0,1,1,5,0,0,1,0,0,0
C:\Users\sugii syuji\gitProject\junit4\src\main\java\org\junit\runner\notification\SynchronizedRunListener.java,org.junit.runner.notification.SynchronizedRunListener,testStarted/1[org.junit.runner.Description],0.0,1.0,1.0,0.0,0,1,1,5,0,0,1,0,0,0
C:\Users\sugii syuji\gitProject\junit4\src\main\java\org\junit\runner\notification\SynchronizedRunListener.java,org.junit.runner.notification.SynchronizedRunListener,testSuiteFinished/1[org.junit.runner.Description],0.0,1.0,1.0,0.0,0,1,1,5,0,0,1,0,0,0
C:\Users\sugii syuji\gitProject\junit4\src\main\java\org\junit\runner\notification\SynchronizedRunListener.java,org.junit.runner.notification.SynchronizedRunListener,testSuiteStarted/1[org.junit.runner.Description],0.0,1.0,1.0,0.0,0,1,1,5,0,0,1,0,0,0
C:\Users\sugii syuji\gitProject\junit4\src\test\java\org\junit\tests\experimental\theories\extendingwithstubs\ReguessableValue.java,org.junit.tests.experimental.theories.extendingwithstubs.ReguessableValue,reguesses/1[org.junit.internal.AssumptionViolatedException],0.0,0.0,-1.0,0.0,1,0,1,1,0,0,1,0,0,0
C:\Users\sugii syuji\gitProject\junit4\src\test\java\org\junit\tests\experimental\theories\runner\WithExtendedParameterSources.java,org.junit.tests.experimental.theories.runner.WithExtendedParameterSources.ShouldFilterOutNullSingleDataPoints,allStringsAreNonNull/1[java.lang.String],0.0,0.0,-1.0,0.0,0,0,1,3,0,0,1,0,0,0
C:\Users\sugii syuji\gitProject\junit4\src\main\java\org\junit\experimental\results\PrintableResult.java,org.junit.experimental.results.PrintableResult,testResult/1[org.junit.runner.Request],0.0,0.0,-1.0,0.0,1,3,1,3,1,0,1,0,0,0
C:\Users\sugii syuji\gitProject\junit4\src\test\java\org\junit\internal\runners\statements\FailOnTimeoutTest.java,org.junit.internal.runners.statements.FailOnTimeoutTest,evaluateWithException/1[java.lang.Exception],2.0,0.0,0.0,1.0,2,1,1,10,1,0,1,0,1,0
C:\Users\sugii syuji\gitProject\junit4\src\test\java\org\junit\internal\runners\statements\FailOnTimeoutTest.java,org.junit.internal.runners.statements.FailOnTimeoutTest,evaluateWithWaitDuration/1[long],2.0,0.0,0.0,1.0,6,1,1,10,1,0,1,0,1,0
C:\Users\sugii syuji\gitProject\junit4\src\test\java\org\junit\tests\experimental\theories\runner\WithExtendedParameterSources.java,org.junit.tests.experimental.theories.runner.WithExtendedParameterSources.DataPointArrays,addToLog/1[java.lang.String],0.0,1.0,1.0,0.0,0,0,1,3,0,0,1,0,0,0
C:\Users\sugii syuji\gitProject\junit4\src\main\java\junit\textui\TestRunner.java,junit.textui.TestRunner,doRun/1[junit.framework.Test],0.0,0.0,-1.0,0.0,6,1,1,3,1,0,1,0,0,0
C:\Users\sugii syuji\gitProject\junit4\src\main\java\junit\textui\TestRunner.java,junit.textui.TestRunner,main/1[java.lang.String[]],1.0,3.0,0.75,1.0,0,3,3,14,0,2,1,0,0,0
C:\Users\sugii syuji\gitProject\junit4\src\main\java\junit\textui\TestRunner.java,junit.textui.TestRunner,pause/1[boolean],0.0,0.0,-1.0,0.0,1,1,3,9,1,0,1,0,0,0
C:\Users\sugii syuji\gitProject\junit4\src\main\java\junit\textui\TestRunner.java,junit.textui.TestRunner,run/1[junit.framework.Test],0.0,0.0,-1.0,0.0,9,2,1,4,1,1,1,0,0,0
C:\Users\sugii syuji\gitProject\junit4\src\main\java\junit\textui\TestRunner.java,junit.textui.TestRunner,runAndWait/1[junit.framework.Test],0.0,0.0,-1.0,0.0,0,2,1,4,0,1,1,0,0,0
C:\Users\sugii syuji\gitProject\junit4\src\main\java\junit\textui\TestRunner.java,junit.textui.TestRunner,runFailed/1[java.lang.String],0.0,1.0,1.0,0.0,0,0,1,4,0,0,1,0,0,0
C:\Users\sugii syuji\gitProject\junit4\src\main\java\junit\textui\TestRunner.java,junit.textui.TestRunner,setPrinter/1[junit.textui.ResultPrinter],0.0,1.0,1.0,0.0,3,0,1,3,0,0,1,0,0,0
C:\Users\sugii syuji\gitProject\junit4\src\main\java\junit\textui\TestRunner.java,junit.textui.TestRunner,start/1[java.lang.String[]],2.0,0.0,0.0,2.0,2,5,9,38,2,7,1,1,0,0
C:\Users\sugii syuji\gitProject\junit4\src\main\java\junit\textui\TestRunner.java,junit.textui.TestRunner,testEnded/1[java.lang.String],0.0,0.0,-1.0,0.0,0,0,1,2,0,0,1,0,0,0
C:\Users\sugii syuji\gitProject\junit4\src\main\java\junit\textui\TestRunner.java,junit.textui.TestRunner,testStarted/1[java.lang.String],0.0,0.0,-1.0,0.0,0,0,1,2,0,0,1,0,0,0
C:\Users\sugii syuji\gitProject\junit4\src\test\java\org\junit\tests\experimental\theories\TheoryTestUtils.java,org.junit.tests.experimental.theories.TheoryTestUtils,potentialAssignments/1[java.lang.reflect.Method],1.0,0.0,0.0,1.0,15,3,1,3,1,0,1,0,0,0
C:\Users\sugii syuji\gitProject\junit4\src\main\java\org\junit\rules\Stopwatch.java,org.junit.rules.Stopwatch,runtime/1[java.util.concurrent.TimeUnit],1.0,1.0,0.5,1.0,3,1,1,3,1,0,1,0,0,0
C:\Users\sugii syuji\gitProject\junit4\src\test\java\org\junit\tests\experimental\theories\internal\AllMembersSupplierTest.java,org.junit.tests.experimental.theories.internal.AllMembersSupplierTest.HasDataPointsListMethod,theory/1[java.lang.String],0.0,0.0,-1.0,0.0,0,0,1,2,0,0,1,0,0,0
C:\Users\sugii syuji\gitProject\junit4\src\test\java\org\junit\tests\running\classes\ParameterizedTestTest.java,org.junit.tests.running.classes.ParameterizedTestTest.BeforeParamAndAfterParamError,beforeParam/1[java.lang.String],0.0,0.0,-1.0,0.0,0,0,1,2,0,0,1,0,0,0
C:\Users\sugii syuji\gitProject\junit4\src\main\java\org\junit\internal\ComparisonCriteria.java,org.junit.internal.ComparisonCriteria,isArray/1[java.lang.Object],1.0,0.0,0.0,1.0,2,0,2,3,1,0,1,0,0,0
C:\Users\sugii syuji\gitProject\junit4\src\main\java\org\junit\internal\ComparisonCriteria.java,org.junit.internal.ComparisonCriteria,objectWithToString/1[java.lang.String],0.0,0.0,-1.0,0.0,1,1,1,8,1,0,1,0,1,0
C:\Users\sugii syuji\gitProject\junit4\src\test\java\org\junit\rules\RuleMemberValidatorTest.java,org.junit.rules.RuleMemberValidatorTest,assertNumberOfErrors/1[int],0.0,0.0,-1.0,0.0,7,1,1,3,0,0,1,0,0,0
C:\Users\sugii syuji\gitProject\junit4\src\test\java\org\junit\rules\RuleMemberValidatorTest.java,org.junit.rules.RuleMemberValidatorTest,assertOneErrorWithMessage/1[java.lang.String],2.0,0.0,0.0,2.0,15,2,1,4,0,0,1,0,0,0
C:\Users\sugii syuji\gitProject\junit4\src\main\java\org\junit\runners\model\FrameworkMember.java,org.junit.runners.model.FrameworkMember,isShadowedBy/1[T],0.0,0.0,-1.0,0.0,0,0,1,1,0,0,1,0,0,0
C:\Users\sugii syuji\gitProject\junit4\src\test\java\org\junit\tests\running\classes\parent\ParentRunnerClassLoaderTest.java,org.junit.tests.running.classes.parent.ParentRunnerClassLoaderTest.VisibleClassLoader,findClass/1[java.lang.String],0.0,0.0,-1.0,0.0,1,0,1,3,1,0,1,0,0,0
C:\Users\sugii syuji\gitProject\junit4\src\test\java\org\junit\tests\experimental\theories\AssumingInTheoriesTest.java,org.junit.tests.experimental.theories.AssumingInTheoriesTest.TheoryWithNoUnassumedParameters,theoryWithNoUnassumedParameters/1[boolean],0.0,0.0,-1.0,0.0,0,1,1,3,0,0,1,0,0,0
C:\Users\sugii syuji\gitProject\junit4\src\test\java\org\junit\rules\EventCollector.java,org.junit.rules.EventCollector.2,describeTo/1[org.hamcrest.Description],0.0,0.0,-1.0,0.0,0,0,1,5,0,0,1,0,0,0
C:\Users\sugii syuji\gitProject\junit4\src\test\java\org\junit\rules\EventCollector.java,org.junit.rules.EventCollector.2,matchesSafely/1[org.junit.rules.EventCollector],0.0,0.0,-1.0,0.0,0,3,2,3,1,0,1,0,0,0
C:\Users\sugii syuji\gitProject\junit4\src\main\java\org\junit\internal\TextListener.java,org.junit.internal.TextListener,elapsedTimeAsString/1[long],1.0,0.0,0.0,1.0,1,0,1,3,1,0,1,0,0,0
C:\Users\sugii syuji\gitProject\junit4\src\main\java\org\junit\internal\TextListener.java,org.junit.internal.TextListener,printFailures/1[org.junit.runner.Result],1.0,2.0,0.6666667,1.0,1,3,4,16,1,2,1,1,0,0
C:\Users\sugii syuji\gitProject\junit4\src\main\java\org\junit\internal\TextListener.java,org.junit.internal.TextListener,printFooter/1[org.junit.runner.Result],4.0,7.0,0.6363636,1.0,1,4,3,13,0,0,1,0,0,0
C:\Users\sugii syuji\gitProject\junit4\src\main\java\org\junit\internal\TextListener.java,org.junit.internal.TextListener,printHeader/1[long],0.0,2.0,1.0,0.0,1,2,1,4,0,0,1,0,0,0
C:\Users\sugii syuji\gitProject\junit4\src\main\java\org\junit\internal\TextListener.java,org.junit.internal.TextListener,testFailure/1[org.junit.runner.notification.Failure],0.0,0.0,-1.0,0.0,0,0,1,3,0,0,1,0,0,0
C:\Users\sugii syuji\gitProject\junit4\src\main\java\org\junit\internal\TextListener.java,org.junit.internal.TextListener,testIgnored/1[org.junit.runner.Description],0.0,0.0,-1.0,0.0,0,0,1,3,0,0,1,0,0,0
C:\Users\sugii syuji\gitProject\junit4\src\main\java\org\junit\internal\TextListener.java,org.junit.internal.TextListener,testRunFinished/1[org.junit.runner.Result],1.0,0.0,0.0,1.0,1,4,1,5,0,0,1,0,0,0
C:\Users\sugii syuji\gitProject\junit4\src\main\java\org\junit\internal\TextListener.java,org.junit.internal.TextListener,testStarted/1[org.junit.runner.Description],0.0,0.0,-1.0,0.0,0,0,1,3,0,0,1,0,0,0
C:\Users\sugii syuji\gitProject\junit4\src\main\java\org\junit\runners\parameterized\BlockJUnit4ClassRunnerWithParameters.java,org.junit.runners.parameterized.BlockJUnit4ClassRunnerWithParameters.RunBeforeParams,invokeMethod/1[org.junit.runners.model.FrameworkMethod],2.0,0.0,0.0,2.0,0,2,2,4,0,1,1,0,0,0
C:\Users\sugii syuji\gitProject\junit4\src\test\java\org\junit\rules\StopwatchTest.java,org.junit.rules.StopwatchTest.AbstractStopwatchTest.3,finished/1[org.junit.runner.Description],0.0,0.0,-1.0,0.0,0,1,1,3,0,0,1,0,0,0
C:\Users\sugii syuji\gitProject\junit4\src\main\java\org\junit\rules\TestName.java,org.junit.rules.TestName,starting/1[org.junit.runner.Description],1.0,1.0,0.5,1.0,0,1,1,3,0,0,1,0,0,0
C:\Users\sugii syuji\gitProject\junit4\src\test\java\org\junit\rules\EventCollector.java,org.junit.rules.EventCollector.4,describeTo/1[org.hamcrest.Description],0.0,0.0,-1.0,0.0,0,0,1,4,0,0,1,0,0,0
C:\Users\sugii syuji\gitProject\junit4\src\test\java\org\junit\rules\EventCollector.java,org.junit.rules.EventCollector.4,matchesSafely/1[org.junit.rules.EventCollector],2.0,0.0,0.0,2.0,0,3,2,6,2,0,1,1,0,0
C:\Users\sugii syuji\gitProject\junit4\src\test\java\junit\tests\runner\TextFeedbackTest.java,junit.tests.runner.TextFeedbackTest.4,printFailures/1[junit.framework.TestResult],1.0,0.0,0.0,1.0,0,1,1,3,0,0,1,0,0,0
C:\Users\sugii syuji\gitProject\junit4\src\main\java\org\junit\runners\ParentRunner.java,org.junit.runners.ParentRunner,childrenInvoker/1[org.junit.runner.notification.RunNotifier],0.0,0.0,-1.0,0.0,0,1,1,8,1,0,1,0,1,0
C:\Users\sugii syuji\gitProject\junit4\src\main\java\org\junit\runners\ParentRunner.java,org.junit.runners.ParentRunner,classBlock/1[org.junit.runner.notification.RunNotifier],0.0,0.0,-1.0,0.0,0,6,2,10,1,1,1,0,0,0
C:\Users\sugii syuji\gitProject\junit4\src\main\java\org\junit\runners\ParentRunner.java,org.junit.runners.ParentRunner,comparator/1[org.junit.runner.manipulation.Sorter],0.0,0.0,-1.0,0.0,0,1,1,8,1,0,1,0,1,0
C:\Users\sugii syuji\gitProject\junit4\src\main\java\org\junit\runners\ParentRunner.java,org.junit.runners.ParentRunner,describeChild/1[T],0.0,0.0,-1.0,0.0,0,0,1,1,0,0,1,0,0,0
C:\Users\sugii syuji\gitProject\junit4\src\main\java\org\junit\runners\ParentRunner.java,org.junit.runners.ParentRunner,filter/1[org.junit.runner.manipulation.Filter],0.0,2.0,1.0,0.0,0,4,5,27,0,3,1,1,0,0
C:\Users\sugii syuji\gitProject\junit4\src\main\java\org\junit\runners\ParentRunner.java,org.junit.runners.ParentRunner,isIgnored/1[T],0.0,0.0,-1.0,0.0,0,0,1,3,1,0,1,0,0,0
C:\Users\sugii syuji\gitProject\junit4\src\main\java\org\junit\runners\ParentRunner.java,org.junit.runners.ParentRunner,order/1[org.junit.runner.manipulation.Orderer],2.0,2.0,0.5,1.0,0,5,5,29,1,5,1,2,0,0
C:\Users\sugii syuji\gitProject\junit4\src\main\java\org\junit\runners\ParentRunner.java,org.junit.runners.ParentRunner,run/1[org.junit.runner.notification.RunNotifier],0.0,1.0,1.0,0.0,0,8,4,20,0,2,1,0,0,0
C:\Users\sugii syuji\gitProject\junit4\src\main\java\org\junit\runners\ParentRunner.java,org.junit.runners.ParentRunner,runChildren/1[org.junit.runner.notification.RunNotifier],0.0,2.0,1.0,0.0,0,4,2,16,0,1,1,1,1,0
C:\Users\sugii syuji\gitProject\junit4\src\main\java\org\junit\runners\ParentRunner.java,org.junit.runners.ParentRunner,setScheduler/1[org.junit.runners.model.RunnerScheduler],0.0,1.0,1.0,0.0,0,0,1,3,0,0,1,0,0,0
C:\Users\sugii syuji\gitProject\junit4\src\main\java\org\junit\runners\ParentRunner.java,org.junit.runners.ParentRunner,sort/1[org.junit.runner.manipulation.Sorter],0.0,3.0,1.0,0.0,0,4,3,17,1,1,1,1,0,0
C:\Users\sugii syuji\gitProject\junit4\src\main\java\org\junit\runners\ParentRunner.java,org.junit.runners.ParentRunner,withAfterClasses/1[org.junit.runners.model.Statement],2.0,0.0,0.0,2.0,0,2,2,4,1,1,1,0,0,0
C:\Users\sugii syuji\gitProject\junit4\src\main\java\org\junit\runners\ParentRunner.java,org.junit.runners.ParentRunner,withBeforeClasses/1[org.junit.runners.model.Statement],2.0,0.0,0.0,2.0,0,2,2,4,1,1,1,0,0,0
C:\Users\sugii syuji\gitProject\junit4\src\main\java\org\junit\runners\ParentRunner.java,org.junit.runners.ParentRunner,withClassRules/1[org.junit.runners.model.Statement],0.0,1.0,1.0,0.0,0,3,2,4,1,1,1,0,0,0
C:\Users\sugii syuji\gitProject\junit4\src\main\java\org\junit\runners\ParentRunner.java,org.junit.runners.ParentRunner,withInterruptIsolation/1[org.junit.runners.model.Statement],0.0,0.0,-1.0,0.0,0,1,1,13,1,0,1,0,1,0
C:\Users\sugii syuji\gitProject\junit4\src\test\java\org\junit\tests\experimental\theories\runner\SuccessfulWithDataPointFields.java,org.junit.tests.experimental.theories.runner.SuccessfulWithDataPointFields.StaticPublicNonDataPoints,onlyAnnotatedFields/1[int],0.0,0.0,-1.0,0.0,0,1,2,3,0,0,1,0,0,0
C:\Users\sugii syuji\gitProject\junit4\src\test\java\org\junit\tests\experimental\theories\runner\WithParameterSupplier.java,org.junit.tests.experimental.theories.runner.WithParameterSupplier.SimpleSupplier,getValueSources/1[org.junit.experimental.theories.ParameterSignature],1.0,0.0,0.0,1.0,0,1,2,7,1,1,1,1,0,0
C:\Users\sugii syuji\gitProject\junit4\src\test\java\org\junit\runner\notification\ConcurrentRunNotifierTest.java,org.junit.runner.notification.ConcurrentRunNotifierTest.ConcurrentRunListener,testStarted/1[org.junit.runner.Description],0.0,0.0,-1.0,0.0,0,0,1,3,0,0,1,0,0,0
C:\Users\sugii syuji\gitProject\junit4\src\main\java\org\junit\experimental\results\ResultMatchers.java,org.junit.experimental.results.ResultMatchers.3,matchesSafely/1[org.junit.experimental.results.PrintableResult],2.0,0.0,0.0,2.0,0,4,2,3,1,0,1,0,0,0
C:\Users\sugii syuji\gitProject\junit4\src\main\java\org\junit\internal\runners\JUnit4ClassRunner.java,org.junit.internal.runners.JUnit4ClassRunner,filter/1[org.junit.runner.manipulation.Filter],0.0,0.0,-1.0,0.0,0,3,4,11,0,2,1,1,0,0
C:\Users\sugii syuji\gitProject\junit4\src\main\java\org\junit\internal\runners\JUnit4ClassRunner.java,org.junit.internal.runners.JUnit4ClassRunner,methodDescription/1[java.lang.reflect.Method],1.0,1.0,0.5,1.0,4,5,1,3,1,0,1,0,0,0
C:\Users\sugii syuji\gitProject\junit4\src\main\java\org\junit\internal\runners\JUnit4ClassRunner.java,org.junit.internal.runners.JUnit4ClassRunner,run/1[org.junit.runner.notification.RunNotifier],0.0,2.0,1.0,0.0,0,4,1,8,0,0,1,0,1,0
C:\Users\sugii syuji\gitProject\junit4\src\main\java\org\junit\internal\runners\JUnit4ClassRunner.java,org.junit.internal.runners.JUnit4ClassRunner,runMethods/1[org.junit.runner.notification.RunNotifier],0.0,1.0,1.0,0.0,1,1,2,5,0,0,1,1,0,0
C:\Users\sugii syuji\gitProject\junit4\src\main\java\org\junit\internal\runners\JUnit4ClassRunner.java,org.junit.internal.runners.JUnit4ClassRunner,sort/1[org.junit.runner.manipulation.Sorter],0.0,1.0,1.0,0.0,0,1,1,8,0,0,1,0,1,0
C:\Users\sugii syuji\gitProject\junit4\src\main\java\org\junit\internal\runners\JUnit4ClassRunner.java,org.junit.internal.runners.JUnit4ClassRunner,testAnnotations/1[java.lang.reflect.Method],1.0,0.0,0.0,1.0,1,0,1,3,1,0,1,0,0,0
C:\Users\sugii syuji\gitProject\junit4\src\main\java\org\junit\internal\runners\JUnit4ClassRunner.java,org.junit.internal.runners.JUnit4ClassRunner,testName/1[java.lang.reflect.Method],1.0,0.0,0.0,1.0,1,0,1,3,1,0,1,0,0,0
C:\Users\sugii syuji\gitProject\junit4\src\main\java\org\junit\internal\runners\JUnit4ClassRunner.java,org.junit.internal.runners.JUnit4ClassRunner,wrapMethod/1[java.lang.reflect.Method],0.0,1.0,1.0,0.0,1,1,1,3,1,0,1,0,0,0
C:\Users\sugii syuji\gitProject\junit4\src\main\java\org\junit\runners\model\FrameworkField.java,org.junit.runners.model.FrameworkField,get/1[java.lang.Object],1.0,0.0,0.0,1.0,1,0,1,3,1,0,1,0,0,0
C:\Users\sugii syuji\gitProject\junit4\src\main\java\org\junit\runners\model\FrameworkField.java,org.junit.runners.model.FrameworkField,isShadowedBy/1[org.junit.runners.model.FrameworkField],0.0,2.0,1.0,0.0,0,1,1,3,1,0,1,0,0,0
C:\Users\sugii syuji\gitProject\junit4\src\main\java\org\junit\internal\runners\ErrorReportingRunner.java,org.junit.internal.runners.ErrorReportingRunner,getCauses/1[java.lang.Throwable],3.0,1.0,0.25,3.0,2,3,5,15,5,0,1,0,0,0
C:\Users\sugii syuji\gitProject\junit4\src\main\java\org\junit\internal\runners\ErrorReportingRunner.java,org.junit.internal.runners.ErrorReportingRunner,run/1[org.junit.runner.notification.RunNotifier],0.0,1.0,1.0,0.0,1,1,2,5,0,0,1,1,0,0
C:\Users\sugii syuji\gitProject\junit4\src\main\java\org\junit\internal\Throwables.java,org.junit.internal.Throwables,getCauseStackTraceLines/1[java.lang.Throwable],1.0,1.0,0.5,1.0,1,2,8,22,2,4,1,2,0,0
C:\Users\sugii syuji\gitProject\junit4\src\main\java\org\junit\internal\Throwables.java,org.junit.internal.Throwables,getFullStackTrace/1[java.lang.Throwable],0.0,0.0,-1.0,0.0,2,0,1,6,1,2,1,0,0,0
C:\Users\sugii syuji\gitProject\junit4\src\main\java\org\junit\internal\Throwables.java,org.junit.internal.Throwables,getStacktrace/1[java.lang.Throwable],0.0,0.0,-1.0,0.0,6,0,1,6,1,2,1,0,0,0
C:\Users\sugii syuji\gitProject\junit4\src\main\java\org\junit\internal\Throwables.java,org.junit.internal.Throwables,getTrimmedStackTrace/1[java.lang.Throwable],0.0,3.0,1.0,0.0,1,4,2,10,2,2,1,0,0,0
C:\Users\sugii syuji\gitProject\junit4\src\main\java\org\junit\internal\Throwables.java,org.junit.internal.Throwables,getTrimmedStackTraceLines/1[java.lang.Throwable],4.0,0.0,0.0,2.0,1,2,5,21,2,4,1,2,0,0
C:\Users\sugii syuji\gitProject\junit4\src\main\java\org\junit\internal\Throwables.java,org.junit.internal.Throwables,hasSuppressed/1[java.lang.Throwable],1.0,1.0,0.5,1.0,1,0,4,12,3,1,1,0,0,0
C:\Users\sugii syuji\gitProject\junit4\src\main\java\org\junit\internal\Throwables.java,org.junit.internal.Throwables,isReflectionMethod/1[java.lang.String],0.0,1.0,1.0,0.0,1,1,1,3,1,0,1,0,0,0
C:\Users\sugii syuji\gitProject\junit4\src\main\java\org\junit\internal\Throwables.java,org.junit.internal.Throwables,isTestFrameworkMethod/1[java.lang.String],0.0,2.0,1.0,0.0,1,1,1,3,1,0,1,0,0,0
C:\Users\sugii syuji\gitProject\junit4\src\main\java\org\junit\internal\Throwables.java,org.junit.internal.Throwables,rethrow/1[java.lang.Throwable],0.0,0.0,-1.0,0.0,1,0,1,3,0,0,1,0,0,0
C:\Users\sugii syuji\gitProject\junit4\src\main\java\org\junit\internal\Throwables.java,org.junit.internal.Throwables,rethrowAsException/1[java.lang.Throwable],0.0,0.0,-1.0,0.0,1,1,1,4,1,0,1,0,0,0
C:\Users\sugii syuji\gitProject\junit4\src\main\java\org\junit\experimental\theories\Theories.java,org.junit.experimental.theories.Theories,methodBlock/1[org.junit.runners.model.FrameworkMethod],1.0,0.0,0.0,1.0,0,2,1,3,1,0,1,0,0,0
C:\Users\sugii syuji\gitProject\junit4\src\main\java\junit\runner\BaseTestRunner.java,junit.runner.BaseTestRunner,elapsedTimeAsString/1[long],1.0,0.0,0.0,1.0,0,0,1,3,1,0,1,0,0,0
C:\Users\sugii syuji\gitProject\junit4\src\main\java\junit\runner\BaseTestRunner.java,junit.runner.BaseTestRunner,endTest/1[junit.framework.Test],0.0,0.0,-1.0,0.0,0,1,1,3,0,0,1,0,0,0
C:\Users\sugii syuji\gitProject\junit4\src\main\java\junit\runner\BaseTestRunner.java,junit.runner.BaseTestRunner,extractClassName/1[java.lang.String],0.0,0.0,-1.0,0.0,2,0,2,6,2,0,1,0,0,0
C:\Users\sugii syuji\gitProject\junit4\src\main\java\junit\runner\BaseTestRunner.java,junit.runner.BaseTestRunner,filterLine/1[java.lang.String],1.0,0.0,0.0,1.0,1,0,3,9,2,2,1,1,0,0
C:\Users\sugii syuji\gitProject\junit4\src\main\java\junit\runner\BaseTestRunner.java,junit.runner.BaseTestRunner,getFilteredTrace/1[java.lang.String],0.0,0.0,-1.0,0.0,3,2,5,21,3,5,1,1,0,0
C:\Users\sugii syuji\gitProject\junit4\src\main\java\junit\runner\BaseTestRunner.java,junit.runner.BaseTestRunner,getFilteredTrace/1[java.lang.Throwable],1.0,1.0,0.5,1.0,0,2,1,3,1,0,1,0,0,0
C:\Users\sugii syuji\gitProject\junit4\src\main\java\junit\runner\BaseTestRunner.java,junit.runner.BaseTestRunner,getPreference/1[java.lang.String],1.0,1.0,0.5,1.0,3,1,1,3,1,0,1,0,0,0
C:\Users\sugii syuji\gitProject\junit4\src\main\java\junit\runner\BaseTestRunner.java,junit.runner.BaseTestRunner,getTest/1[java.lang.String],4.0,1.0,0.2,4.0,3,4,10,51,9,4,1,0,0,0
C:\Users\sugii syuji\gitProject\junit4\src\main\java\junit\runner\BaseTestRunner.java,junit.runner.BaseTestRunner,loadSuiteClass/1[java.lang.String],0.0,0.0,-1.0,0.0,2,0,1,3,1,0,1,0,0,0
C:\Users\sugii syuji\gitProject\junit4\src\main\java\junit\runner\BaseTestRunner.java,junit.runner.BaseTestRunner,processArguments/1[java.lang.String[]],2.0,2.0,0.5,1.0,0,2,6,24,1,2,1,1,0,0
C:\Users\sugii syuji\gitProject\junit4\src\main\java\junit\runner\BaseTestRunner.java,junit.runner.BaseTestRunner,runFailed/1[java.lang.String],0.0,0.0,-1.0,0.0,1,0,1,1,0,0,1,0,0,0
C:\Users\sugii syuji\gitProject\junit4\src\main\java\junit\runner\BaseTestRunner.java,junit.runner.BaseTestRunner,setLoading/1[boolean],0.0,1.0,1.0,0.0,1,0,1,3,0,0,1,0,0,0
C:\Users\sugii syuji\gitProject\junit4\src\main\java\junit\runner\BaseTestRunner.java,junit.runner.BaseTestRunner,setPreferences/1[java.util.Properties],0.0,1.0,1.0,0.0,1,0,1,3,0,0,1,0,0,0
C:\Users\sugii syuji\gitProject\junit4\src\main\java\junit\runner\BaseTestRunner.java,junit.runner.BaseTestRunner,startTest/1[junit.framework.Test],0.0,0.0,-1.0,0.0,0,1,1,3,0,0,1,0,0,0
C:\Users\sugii syuji\gitProject\junit4\src\main\java\junit\runner\BaseTestRunner.java,junit.runner.BaseTestRunner,testEnded/1[java.lang.String],0.0,0.0,-1.0,0.0,1,0,1,1,0,0,1,0,0,0
C:\Users\sugii syuji\gitProject\junit4\src\main\java\junit\runner\BaseTestRunner.java,junit.runner.BaseTestRunner,testStarted/1[java.lang.String],0.0,0.0,-1.0,0.0,1,0,1,1,0,0,1,0,0,0
C:\Users\sugii syuji\gitProject\junit4\src\main\java\junit\runner\BaseTestRunner.java,junit.runner.BaseTestRunner,truncate/1[java.lang.String],0.0,3.0,1.0,0.0,0,0,3,6,1,0,1,0,0,0
C:\Users\sugii syuji\gitProject\junit4\src\main\java\org\junit\runner\manipulation\Filter.java,org.junit.runner.manipulation.Filter,apply/1[java.lang.Object],0.0,0.0,-1.0,0.0,6,1,2,7,1,1,1,0,0,0
C:\Users\sugii syuji\gitProject\junit4\src\main\java\org\junit\runner\manipulation\Filter.java,org.junit.runner.manipulation.Filter,intersect/1[org.junit.runner.manipulation.Filter],0.0,1.0,1.0,0.0,0,1,3,15,2,1,1,0,1,0
C:\Users\sugii syuji\gitProject\junit4\src\main\java\org\junit\runner\manipulation\Filter.java,org.junit.runner.manipulation.Filter,matchMethodDescription/1[org.junit.runner.Description],2.0,0.0,0.0,1.0,2,1,1,19,1,0,1,0,1,0
C:\Users\sugii syuji\gitProject\junit4\src\main\java\org\junit\runner\manipulation\Filter.java,org.junit.runner.manipulation.Filter,shouldRun/1[org.junit.runner.Description],0.0,0.0,-1.0,0.0,4,0,1,1,0,0,1,0,0,0
C:\Users\sugii syuji\gitProject\junit4\src\test\java\org\junit\tests\experimental\theories\internal\AllMembersSupplierTest.java,org.junit.tests.experimental.theories.internal.AllMembersSupplierTest.HasDataPointMethodWithOverlyGeneralTypes,theory/1[java.lang.Object],0.0,0.0,-1.0,0.0,0,0,1,2,0,0,1,0,0,0
C:\Users\sugii syuji\gitProject\junit4\src\test\java\org\junit\rules\BlockJUnit4ClassRunnerOverrideTest.java,org.junit.rules.BlockJUnit4ClassRunnerOverrideTest.OverrideRulesRunner,rules/1[java.lang.Object],0.0,0.0,-1.0,0.0,0,1,1,5,1,1,1,0,0,0
C:\Users\sugii syuji\gitProject\junit4\src\main\java\org\junit\experimental\theories\internal\EnumSupplier.java,org.junit.experimental.theories.internal.EnumSupplier,getValueSources/1[org.junit.experimental.theories.ParameterSignature],1.0,0.0,0.0,1.0,1,1,2,8,1,2,1,1,0,0
C:\Users\sugii syuji\gitProject\junit4\src\main\java\org\junit\runner\Result.java,org.junit.runner.Result.Listener,testAssumptionFailure/1[org.junit.runner.notification.Failure],1.0,0.0,0.0,1.0,0,0,1,3,0,0,1,0,0,0
C:\Users\sugii syuji\gitProject\junit4\src\main\java\org\junit\runner\Result.java,org.junit.runner.Result.Listener,testFailure/1[org.junit.runner.notification.Failure],0.0,0.0,-1.0,0.0,0,0,1,3,0,0,1,0,0,0
C:\Users\sugii syuji\gitProject\junit4\src\main\java\org\junit\runner\Result.java,org.junit.runner.Result.Listener,testFinished/1[org.junit.runner.Description],1.0,0.0,0.0,1.0,0,0,1,3,0,0,1,0,0,0
C:\Users\sugii syuji\gitProject\junit4\src\main\java\org\junit\runner\Result.java,org.junit.runner.Result.Listener,testIgnored/1[org.junit.runner.Description],1.0,0.0,0.0,1.0,0,0,1,3,0,0,1,0,0,0
C:\Users\sugii syuji\gitProject\junit4\src\main\java\org\junit\runner\Result.java,org.junit.runner.Result.Listener,testRunFinished/1[org.junit.runner.Result],1.0,0.0,0.0,1.0,0,0,1,4,0,1,1,0,0,0
C:\Users\sugii syuji\gitProject\junit4\src\main\java\org\junit\runner\Result.java,org.junit.runner.Result.Listener,testRunStarted/1[org.junit.runner.Description],1.0,0.0,0.0,1.0,0,0,1,3,0,0,1,0,0,0
C:\Users\sugii syuji\gitProject\junit4\src\main\java\org\junit\internal\management\ReflectiveThreadMXBean.java,org.junit.internal.management.ReflectiveThreadMXBean,getThreadCpuTime/1[long],3.0,1.0,0.25,1.0,0,0,6,22,1,1,1,0,0,0
C:\Users\sugii syuji\gitProject\junit4\src\test\java\org\junit\internal\MethodSorterTest.java,org.junit.internal.MethodSorterTest.DummySortWithNameAsc,beta/1[int[][]],0.0,0.0,-1.0,0.0,0,0,1,2,0,0,1,0,0,0
C:\Users\sugii syuji\gitProject\junit4\src\test\java\org\junit\internal\MethodSorterTest.java,org.junit.internal.MethodSorterTest.DummySortWithNameAsc,gamma/1[boolean],0.0,0.0,-1.0,0.0,0,0,1,2,0,0,1,0,0,0
C:\Users\sugii syuji\gitProject\junit4\src\main\java\org\junit\internal\runners\JUnit38ClassRunner.java,org.junit.internal.runners.JUnit38ClassRunner,createAdaptingListener/1[org.junit.runner.notification.RunNotifier],0.0,0.0,-1.0,0.0,1,1,1,3,1,0,1,0,0,0
C:\Users\sugii syuji\gitProject\junit4\src\main\java\org\junit\internal\runners\JUnit38ClassRunner.java,org.junit.internal.runners.JUnit38ClassRunner,createSuiteDescription/1[junit.framework.TestSuite],0.0,0.0,-1.0,0.0,1,2,2,5,1,2,1,0,0,0
C:\Users\sugii syuji\gitProject\junit4\src\main\java\org\junit\internal\runners\JUnit38ClassRunner.java,org.junit.internal.runners.JUnit38ClassRunner,filter/1[org.junit.runner.manipulation.Filter],1.0,5.0,0.8333333,1.0,1,11,6,21,0,6,1,1,0,0
C:\Users\sugii syuji\gitProject\junit4\src\main\java\org\junit\internal\runners\JUnit38ClassRunner.java,org.junit.internal.runners.JUnit38ClassRunner,getAnnotations/1[junit.framework.TestCase],4.0,0.0,0.0,4.0,1,1,3,11,2,1,1,0,0,0
C:\Users\sugii syuji\gitProject\junit4\src\main\java\org\junit\internal\runners\JUnit38ClassRunner.java,org.junit.internal.runners.JUnit38ClassRunner,makeDescription/1[junit.framework.Test],7.0,1.0,0.125,5.0,3,13,7,28,5,9,1,1,0,0
C:\Users\sugii syuji\gitProject\junit4\src\main\java\org\junit\internal\runners\JUnit38ClassRunner.java,org.junit.internal.runners.JUnit38ClassRunner,order/1[org.junit.runner.manipulation.Orderer],0.0,2.0,1.0,0.0,0,2,2,6,0,1,1,0,0,0
C:\Users\sugii syuji\gitProject\junit4\src\main\java\org\junit\internal\runners\JUnit38ClassRunner.java,org.junit.internal.runners.JUnit38ClassRunner,run/1[org.junit.runner.notification.RunNotifier],0.0,1.0,1.0,0.0,0,5,1,5,0,1,1,0,0,0
C:\Users\sugii syuji\gitProject\junit4\src\main\java\org\junit\internal\runners\JUnit38ClassRunner.java,org.junit.internal.runners.JUnit38ClassRunner,setTest/1[junit.framework.Test],0.0,1.0,1.0,0.0,2,0,1,3,0,0,1,0,0,0
C:\Users\sugii syuji\gitProject\junit4\src\main\java\org\junit\internal\runners\JUnit38ClassRunner.java,org.junit.internal.runners.JUnit38ClassRunner,sort/1[org.junit.runner.manipulation.Sorter],0.0,2.0,1.0,0.0,0,2,2,6,0,1,1,0,0,0
C:\Users\sugii syuji\gitProject\junit4\src\test\java\junit\tests\extensions\AllTests.java,junit.tests.extensions.AllTests,main/1[java.lang.String[]],0.0,0.0,-1.0,0.0,0,2,1,3,0,0,1,0,0,0
C:\Users\sugii syuji\gitProject\junit4\src\main\java\org\junit\validator\AnnotationsValidator.java,org.junit.validator.AnnotationsValidator,validateTestClass/1[org.junit.runners.model.TestClass],0.0,1.0,1.0,0.0,0,1,2,8,1,2,1,1,0,0
C:\Users\sugii syuji\gitProject\junit4\src\main\java\org\junit\validator\AnnotationValidatorFactory.java,org.junit.validator.AnnotationValidatorFactory,createAnnotationValidator/1[org.junit.validator.ValidateWith],3.0,0.0,0.0,2.0,1,1,3,15,2,3,1,0,0,0
C:\Users\sugii syuji\gitProject\junit4\src\test\java\org\junit\internal\MethodSorterTest.java,org.junit.internal.MethodSorterTest.DummySortJvm,beta/1[int[][]],0.0,0.0,-1.0,0.0,0,0,1,2,0,0,1,0,0,0
C:\Users\sugii syuji\gitProject\junit4\src\test\java\org\junit\internal\MethodSorterTest.java,org.junit.internal.MethodSorterTest.DummySortJvm,gamma/1[boolean],0.0,0.0,-1.0,0.0,0,0,1,2,0,0,1,0,0,0
C:\Users\sugii syuji\gitProject\junit4\src\test\java\org\junit\tests\listening\TextListenerTest.java,org.junit.tests.listening.TextListenerTest,convert/1[java.lang.String],0.0,0.0,-1.0,0.0,3,0,1,6,1,2,1,0,0,0
C:\Users\sugii syuji\gitProject\junit4\src\main\java\org\junit\runner\FilterFactories.java,org.junit.runner.FilterFactories,createFilterFactory/1[java.lang.String],2.0,0.0,0.0,2.0,2,3,2,10,1,1,1,0,0,0
C:\Users\sugii syuji\gitProject\junit4\src\main\java\org\junit\rules\Timeout.java,org.junit.rules.Timeout.Builder,withLookingForStuckThread/1[boolean],0.0,1.0,1.0,0.0,0,0,1,4,1,0,1,0,0,0
C:\Users\sugii syuji\gitProject\junit4\src\test\java\org\junit\tests\experimental\results\PrintableResultTest.java,org.junit.tests.experimental.results.PrintableResultTest,includeMultipleFailures/1[java.lang.String],0.0,0.0,-1.0,0.0,0,4,1,4,0,1,1,0,0,0
C:\Users\sugii syuji\gitProject\junit4\src\main\java\org\junit\experimental\ParallelComputer.java,org.junit.experimental.ParallelComputer,parallelize/1[org.junit.runner.Runner],4.0,0.0,0.0,4.0,2,2,2,21,1,0,1,0,1,0
C:\Users\sugii syuji\gitProject\junit4\src\main\java\org\junit\rules\Stopwatch.java,org.junit.rules.Stopwatch.InternalWatcher,finished/1[org.junit.runner.Description],1.0,0.0,0.0,1.0,0,2,1,3,0,0,1,0,0,0
C:\Users\sugii syuji\gitProject\junit4\src\main\java\org\junit\rules\Stopwatch.java,org.junit.rules.Stopwatch.InternalWatcher,starting/1[org.junit.runner.Description],0.0,0.0,-1.0,0.0,0,1,1,3,0,0,1,0,0,0
C:\Users\sugii syuji\gitProject\junit4\src\main\java\org\junit\rules\Stopwatch.java,org.junit.rules.Stopwatch.InternalWatcher,succeeded/1[org.junit.runner.Description],1.0,0.0,0.0,1.0,0,3,1,4,0,0,1,0,0,0
C:\Users\sugii syuji\gitProject\junit4\src\main\java\junit\framework\AssertionFailedError.java,junit.framework.AssertionFailedError,defaultString/1[java.lang.String],0.0,0.0,-1.0,0.0,1,0,2,3,1,0,1,0,0,0
C:\Users\sugii syuji\gitProject\junit4\src\main\java\org\junit\internal\builders\IgnoredClassRunner.java,org.junit.internal.builders.IgnoredClassRunner,run/1[org.junit.runner.notification.RunNotifier],0.0,1.0,1.0,0.0,0,2,1,3,0,0,1,0,0,0
C:\Users\sugii syuji\gitProject\junit4\src\main\java\org\junit\internal\MethodSorter.java,org.junit.internal.MethodSorter,getSorter/1[org.junit.FixMethodOrder],1.0,1.0,0.5,1.0,1,2,2,6,2,0,1,0,0,0
C:\Users\sugii syuji\gitProject\junit4\src\test\java\org\junit\tests\experimental\theories\runner\TypeMatchingBetweenMultiDataPointsMethod.java,org.junit.tests.experimental.theories.runner.TypeMatchingBetweenMultiDataPointsMethod.WithCorrectlyTypedDataPointsMethod,testTheory/1[java.lang.String[]],0.0,0.0,-1.0,0.0,0,0,1,2,0,0,1,0,0,0
C:\Users\sugii syuji\gitProject\junit4\src\main\java\org\junit\runners\model\MultipleFailureException.java,org.junit.runners.model.MultipleFailureException,printStackTrace/1[java.io.PrintStream],0.0,1.0,1.0,0.0,0,0,2,5,0,0,1,1,0,0
C:\Users\sugii syuji\gitProject\junit4\src\main\java\org\junit\runners\model\MultipleFailureException.java,org.junit.runners.model.MultipleFailureException,printStackTrace/1[java.io.PrintWriter],0.0,1.0,1.0,0.0,0,0,2,5,0,0,1,1,0,0
C:\Users\sugii syuji\gitProject\junit4\src\main\java\org\junit\experimental\theories\internal\AllMembersSupplier.java,org.junit.experimental.theories.internal.AllMembersSupplier,getDataPointsFields/1[org.junit.experimental.theories.ParameterSignature],3.0,0.0,0.0,3.0,1,2,2,8,1,2,1,1,0,0
C:\Users\sugii syuji\gitProject\junit4\src\main\java\org\junit\experimental\theories\internal\AllMembersSupplier.java,org.junit.experimental.theories.internal.AllMembersSupplier,getDataPointsMethods/1[org.junit.experimental.theories.ParameterSignature],2.0,0.0,0.0,2.0,1,1,1,3,1,0,1,0,0,0
C:\Users\sugii syuji\gitProject\junit4\src\main\java\org\junit\experimental\theories\internal\AllMembersSupplier.java,org.junit.experimental.theories.internal.AllMembersSupplier,getSingleDataPointFields/1[org.junit.experimental.theories.ParameterSignature],3.0,0.0,0.0,3.0,1,2,2,8,1,2,1,1,0,0
C:\Users\sugii syuji\gitProject\junit4\src\main\java\org\junit\experimental\theories\internal\AllMembersSupplier.java,org.junit.experimental.theories.internal.AllMembersSupplier,getSingleDataPointMethods/1[org.junit.experimental.theories.ParameterSignature],2.0,0.0,0.0,2.0,1,1,1,3,1,0,1,0,0,0
C:\Users\sugii syuji\gitProject\junit4\src\main\java\org\junit\experimental\theories\internal\AllMembersSupplier.java,org.junit.experimental.theories.internal.AllMembersSupplier,getStaticFieldValue/1[java.lang.reflect.Field],1.0,0.0,0.0,1.0,2,0,3,11,1,0,1,0,0,0
C:\Users\sugii syuji\gitProject\junit4\src\main\java\org\junit\experimental\theories\internal\AllMembersSupplier.java,org.junit.experimental.theories.internal.AllMembersSupplier,getValueSources/1[org.junit.experimental.theories.ParameterSignature],0.0,0.0,-1.0,0.0,7,4,1,8,1,1,1,0,0,0
C:\Users\sugii syuji\gitProject\junit4\src\main\java\org\junit\experimental\theories\Theories.java,org.junit.experimental.theories.Theories.TheoryAnchor.1,methodBlock/1[org.junit.runners.model.FrameworkMethod],1.0,0.0,0.0,1.0,1,1,1,18,1,1,1,0,1,0
C:\Users\sugii syuji\gitProject\junit4\src\main\java\org\junit\internal\management\FakeThreadMXBean.java,org.junit.internal.management.FakeThreadMXBean,getThreadCpuTime/1[long],0.0,0.0,-1.0,0.0,0,0,1,3,0,0,1,0,0,0
C:\Users\sugii syuji\gitProject\junit4\src\test\java\org\junit\tests\experimental\theories\runner\WithParameterSupplier.java,org.junit.tests.experimental.theories.runner.WithParameterSupplier.SupplierWithTwoConstructors,getValueSources/1[org.junit.experimental.theories.ParameterSignature],0.0,0.0,-1.0,0.0,0,0,1,3,1,0,1,0,0,0
C:\Users\sugii syuji\gitProject\junit4\src\test\java\org\junit\runner\FilterFactoriesTest.java,org.junit.runner.FilterFactoriesTest.DummyFilter,shouldRun/1[org.junit.runner.Description],0.0,0.0,-1.0,0.0,0,0,1,3,1,0,1,0,0,0
C:\Users\sugii syuji\gitProject\junit4\src\main\java\org\junit\internal\runners\JUnit38ClassRunner.java,org.junit.internal.runners.JUnit38ClassRunner.OldTestClassAdaptingListener,asDescription/1[junit.framework.Test],1.0,2.0,0.6666667,1.0,3,4,2,7,2,1,1,0,0,0
C:\Users\sugii syuji\gitProject\junit4\src\main\java\org\junit\internal\runners\JUnit38ClassRunner.java,org.junit.internal.runners.JUnit38ClassRunner.OldTestClassAdaptingListener,endTest/1[junit.framework.Test],0.0,0.0,-1.0,0.0,0,2,1,3,0,0,1,0,0,0
C:\Users\sugii syuji\gitProject\junit4\src\main\java\org\junit\internal\runners\JUnit38ClassRunner.java,org.junit.internal.runners.JUnit38ClassRunner.OldTestClassAdaptingListener,getEffectiveClass/1[junit.framework.Test],1.0,0.0,0.0,1.0,1,0,1,3,1,0,1,0,0,0
C:\Users\sugii syuji\gitProject\junit4\src\main\java\org\junit\internal\runners\JUnit38ClassRunner.java,org.junit.internal.runners.JUnit38ClassRunner.OldTestClassAdaptingListener,getName/1[junit.framework.Test],1.0,0.0,0.0,1.0,1,1,2,8,2,0,1,0,0,0
C:\Users\sugii syuji\gitProject\junit4\src\main\java\org\junit\internal\runners\JUnit38ClassRunner.java,org.junit.internal.runners.JUnit38ClassRunner.OldTestClassAdaptingListener,startTest/1[junit.framework.Test],0.0,0.0,-1.0,0.0,0,2,1,3,0,0,1,0,0,0
C:\Users\sugii syuji\gitProject\junit4\src\test\java\org\junit\tests\experimental\theories\runner\WithUnresolvedGenericTypeVariablesOnTheoryParms.java,org.junit.tests.experimental.theories.runner.WithUnresolvedGenericTypeVariablesOnTheoryParms.TypeVariableOnTheoryClass,forItem/1[T],0.0,0.0,-1.0,0.0,0,0,1,2,0,0,1,0,0,0
C:\Users\sugii syuji\gitProject\junit4\src\main\java\org\junit\experimental\theories\internal\Assignments.java,org.junit.experimental.theories.internal.Assignments,assignNext/1[org.junit.experimental.theories.PotentialAssignment],0.0,2.0,1.0,0.0,2,1,1,5,1,1,1,0,0,0
C:\Users\sugii syuji\gitProject\junit4\src\main\java\org\junit\experimental\theories\internal\Assignments.java,org.junit.experimental.theories.internal.Assignments,generateAssignmentsFromTypeAlone/1[org.junit.experimental.theories.ParameterSignature],5.0,0.0,0.0,5.0,1,5,4,12,3,1,1,0,0,0
C:\Users\sugii syuji\gitProject\junit4\src\main\java\org\junit\experimental\theories\internal\Assignments.java,org.junit.experimental.theories.internal.Assignments,getArgumentStrings/1[boolean],3.0,0.0,0.0,3.0,1,1,2,7,1,2,1,1,0,0
C:\Users\sugii syuji\gitProject\junit4\src\main\java\org\junit\experimental\theories\internal\Assignments.java,org.junit.experimental.theories.internal.Assignments,getSupplier/1[org.junit.experimental.theories.ParameterSignature],1.0,1.0,0.5,1.0,1,4,2,9,2,1,1,0,0,0
C:\Users\sugii syuji\gitProject\junit4\src\main\java\org\junit\internal\runners\statements\RunBefores.java,org.junit.internal.runners.statements.RunBefores,invokeMethod/1[org.junit.runners.model.FrameworkMethod],0.0,1.0,1.0,0.0,1,1,1,3,0,0,1,0,0,0
C:\Users\sugii syuji\gitProject\junit4\src\main\java\org\junit\experimental\categories\Categories.java,org.junit.experimental.categories.Categories.CategoryFilter,categories/1[org.junit.runner.Description],0.0,0.0,-1.0,0.0,1,2,1,6,1,1,1,0,0,0
C:\Users\sugii syuji\gitProject\junit4\src\main\java\org\junit\experimental\categories\Categories.java,org.junit.experimental.categories.Categories.CategoryFilter,directCategories/1[org.junit.runner.Description],2.0,0.0,0.0,2.0,1,2,3,7,2,1,1,0,0,0
C:\Users\sugii syuji\gitProject\junit4\src\main\java\org\junit\experimental\categories\Categories.java,org.junit.experimental.categories.Categories.CategoryFilter,hasCorrectCategoryAnnotation/1[org.junit.runner.Description],0.0,6.0,1.0,0.0,1,3,8,29,6,1,1,0,0,0
C:\Users\sugii syuji\gitProject\junit4\src\main\java\org\junit\experimental\categories\Categories.java,org.junit.experimental.categories.Categories.CategoryFilter,parentDescription/1[org.junit.runner.Description],1.0,0.0,0.0,1.0,1,2,2,4,1,1,1,0,0,0
C:\Users\sugii syuji\gitProject\junit4\src\main\java\org\junit\experimental\categories\Categories.java,org.junit.experimental.categories.Categories.CategoryFilter,shouldRun/1[org.junit.runner.Description],1.0,0.0,0.0,1.0,1,3,4,11,3,0,1,1,0,0
C:\Users\sugii syuji\gitProject\junit4\src\main\java\org\junit\internal\Checks.java,org.junit.internal.Checks,notNull/1[T],0.0,0.0,-1.0,0.0,0,0,2,6,1,0,1,0,0,0
C:\Users\sugii syuji\gitProject\junit4\src\main\java\org\junit\runner\JUnitCommandLineParseResult.java,org.junit.runner.JUnitCommandLineParseResult,applyFilterSpecs/1[org.junit.runner.Request],0.0,1.0,1.0,0.0,1,3,3,12,2,1,1,1,0,0
C:\Users\sugii syuji\gitProject\junit4\src\main\java\org\junit\runner\JUnitCommandLineParseResult.java,org.junit.runner.JUnitCommandLineParseResult,createRequest/1[org.junit.runner.Computer],0.0,1.0,1.0,0.0,6,4,2,9,2,1,1,0,0,0
C:\Users\sugii syuji\gitProject\junit4\src\main\java\org\junit\runner\JUnitCommandLineParseResult.java,org.junit.runner.JUnitCommandLineParseResult,errorReport/1[java.lang.Throwable],0.0,1.0,1.0,0.0,2,1,1,3,1,0,1,0,0,0
C:\Users\sugii syuji\gitProject\junit4\src\main\java\org\junit\runner\JUnitCommandLineParseResult.java,org.junit.runner.JUnitCommandLineParseResult,parse/1[java.lang.String[]],0.0,0.0,-1.0,0.0,1,2,1,5,1,1,1,0,0,0
C:\Users\sugii syuji\gitProject\junit4\src\main\java\org\junit\runner\JUnitCommandLineParseResult.java,org.junit.runner.JUnitCommandLineParseResult,parseArgs/1[java.lang.String[]],0.0,0.0,-1.0,0.0,1,2,1,3,0,0,1,0,0,0
C:\Users\sugii syuji\gitProject\junit4\src\main\java\org\junit\runner\JUnitCommandLineParseResult.java,org.junit.runner.JUnitCommandLineParseResult,parseOptions/1[java.lang.String[]],4.0,0.0,0.0,1.0,9,2,8,34,3,3,1,1,0,0
C:\Users\sugii syuji\gitProject\junit4\src\main\java\org\junit\runner\JUnitCommandLineParseResult.java,org.junit.runner.JUnitCommandLineParseResult,parseParameters/1[java.lang.String[]],1.0,0.0,0.0,1.0,3,1,3,10,0,0,1,1,0,0
C:\Users\sugii syuji\gitProject\junit4\src\test\java\org\junit\internal\MethodSorterTest.java,org.junit.internal.MethodSorterTest.DummySortWithDefault,beta/1[int[][]],0.0,0.0,-1.0,0.0,0,0,1,2,0,0,1,0,0,0
C:\Users\sugii syuji\gitProject\junit4\src\test\java\org\junit\internal\MethodSorterTest.java,org.junit.internal.MethodSorterTest.DummySortWithDefault,gamma/1[boolean],0.0,0.0,-1.0,0.0,0,0,1,2,0,0,1,0,0,0
C:\Users\sugii syuji\gitProject\junit4\src\test\java\org\junit\tests\running\methods\TimeoutTest.java,org.junit.tests.running.methods.TimeoutTest.InfiniteLoopMultithreaded,failure/1[boolean],0.0,0.0,-1.0,0.0,2,1,3,12,0,3,1,1,0,0
C:\Users\sugii syuji\gitProject\junit4\src\main\java\org\junit\runners\RuleContainer.java,org.junit.runners.RuleContainer,add/1[org.junit.rules.MethodRule],0.0,0.0,-1.0,0.0,4,0,1,3,0,0,1,0,0,0
C:\Users\sugii syuji\gitProject\junit4\src\main\java\org\junit\runners\RuleContainer.java,org.junit.runners.RuleContainer,add/1[org.junit.rules.TestRule],0.0,0.0,-1.0,0.0,4,0,1,3,0,0,1,0,0,0
C:\Users\sugii syuji\gitProject\junit4\src\main\java\org\junit\runner\notification\RunNotifier.java,org.junit.runner.notification.RunNotifier.5,notifyListener/1[org.junit.runner.notification.RunListener],0.0,0.0,-1.0,0.0,0,9,1,3,0,0,1,0,0,0
C:\Users\sugii syuji\gitProject\junit4\src\main\java\org\junit\runner\notification\RunNotifier.java,org.junit.runner.notification.RunNotifier,addFirstListener/1[org.junit.runner.notification.RunListener],0.0,0.0,-1.0,0.0,4,1,2,6,0,0,1,0,0,0
C:\Users\sugii syuji\gitProject\junit4\src\main\java\org\junit\runner\notification\RunNotifier.java,org.junit.runner.notification.RunNotifier,addListener/1[org.junit.runner.notification.RunListener],0.0,0.0,-1.0,0.0,9,1,2,6,0,0,1,0,0,0
C:\Users\sugii syuji\gitProject\junit4\src\main\java\org\junit\runner\notification\RunNotifier.java,org.junit.runner.notification.RunNotifier,fireTestAssumptionFailed/1[org.junit.runner.notification.Failure],0.0,0.0,-1.0,0.0,2,2,1,8,0,0,1,0,1,0
C:\Users\sugii syuji\gitProject\junit4\src\main\java\org\junit\runner\notification\RunNotifier.java,org.junit.runner.notification.RunNotifier,fireTestFailure/1[org.junit.runner.notification.Failure],0.0,1.0,1.0,0.0,7,1,1,3,0,0,1,0,0,0
C:\Users\sugii syuji\gitProject\junit4\src\main\java\org\junit\runner\notification\RunNotifier.java,org.junit.runner.notification.RunNotifier,fireTestFinished/1[org.junit.runner.Description],0.0,0.0,-1.0,0.0,5,2,1,8,0,0,1,0,1,0
C:\Users\sugii syuji\gitProject\junit4\src\main\java\org\junit\runner\notification\RunNotifier.java,org.junit.runner.notification.RunNotifier,fireTestIgnored/1[org.junit.runner.Description],0.0,0.0,-1.0,0.0,4,2,1,8,0,0,1,0,1,0
C:\Users\sugii syuji\gitProject\junit4\src\main\java\org\junit\runner\notification\RunNotifier.java,org.junit.runner.notification.RunNotifier,fireTestRunFinished/1[org.junit.runner.Result],0.0,0.0,-1.0,0.0,2,2,1,8,0,0,1,0,1,0
C:\Users\sugii syuji\gitProject\junit4\src\main\java\org\junit\runner\notification\RunNotifier.java,org.junit.runner.notification.RunNotifier,fireTestRunStarted/1[org.junit.runner.Description],0.0,0.0,-1.0,0.0,1,2,1,8,0,0,1,0,1,0
C:\Users\sugii syuji\gitProject\junit4\src\main\java\org\junit\runner\notification\RunNotifier.java,org.junit.runner.notification.RunNotifier,fireTestStarted/1[org.junit.runner.Description],0.0,1.0,1.0,0.0,11,3,2,11,0,0,1,0,1,0
C:\Users\sugii syuji\gitProject\junit4\src\main\java\org\junit\runner\notification\RunNotifier.java,org.junit.runner.notification.RunNotifier,fireTestSuiteFinished/1[org.junit.runner.Description],0.0,0.0,-1.0,0.0,1,2,1,8,0,0,1,0,1,0
C:\Users\sugii syuji\gitProject\junit4\src\main\java\org\junit\runner\notification\RunNotifier.java,org.junit.runner.notification.RunNotifier,fireTestSuiteStarted/1[org.junit.runner.Description],0.0,0.0,-1.0,0.0,1,2,1,8,0,0,1,0,1,0
C:\Users\sugii syuji\gitProject\junit4\src\main\java\org\junit\runner\notification\RunNotifier.java,org.junit.runner.notification.RunNotifier,removeListener/1[org.junit.runner.notification.RunListener],0.0,0.0,-1.0,0.0,6,1,2,6,0,0,1,0,0,0
C:\Users\sugii syuji\gitProject\junit4\src\main\java\org\junit\runner\notification\RunNotifier.java,org.junit.runner.notification.RunNotifier,wrapIfNotThreadSafe/1[org.junit.runner.notification.RunListener],2.0,0.0,0.0,2.0,5,1,2,3,1,0,1,0,0,0
C:\Users\sugii syuji\gitProject\junit4\src\test\java\org\junit\tests\junit3compatibility\ForwardCompatibilityPrintingTest.java,org.junit.tests.junit3compatibility.ForwardCompatibilityPrintingTest,expected/1[java.lang.String[]],1.0,0.0,0.0,1.0,2,0,2,8,1,3,1,1,0,0
C:\Users\sugii syuji\gitProject\junit4\src\test\java\org\junit\runner\notification\RunNotifierTest.java,org.junit.runner.notification.RunNotifierTest.FailureListener,testFailure/1[org.junit.runner.notification.Failure],0.0,1.0,1.0,0.0,0,0,1,3,0,0,1,0,0,0
C:\Users\sugii syuji\gitProject\junit4\src\main\java\org\junit\runner\Runner.java,org.junit.runner.Runner,run/1[org.junit.runner.notification.RunNotifier],0.0,0.0,-1.0,0.0,3,0,1,1,0,0,1,0,0,0
C:\Users\sugii syuji\gitProject\junit4\src\test\java\junit\samples\money\MoneyBag.java,junit.samples.money.MoneyBag,add/1[junit.samples.money.IMoney],0.0,0.0,-1.0,0.0,1,1,1,3,1,0,1,0,0,0
C:\Users\sugii syuji\gitProject\junit4\src\test\java\junit\samples\money\MoneyBag.java,junit.samples.money.MoneyBag,addMoney/1[junit.samples.money.Money],0.0,0.0,-1.0,0.0,1,1,1,3,1,0,1,0,0,0
C:\Users\sugii syuji\gitProject\junit4\src\test\java\junit\samples\money\MoneyBag.java,junit.samples.money.MoneyBag,addMoneyBag/1[junit.samples.money.MoneyBag],0.0,0.0,-1.0,0.0,0,1,1,3,1,0,1,0,0,0
C:\Users\sugii syuji\gitProject\junit4\src\test\java\junit\samples\money\MoneyBag.java,junit.samples.money.MoneyBag,appendBag/1[junit.samples.money.MoneyBag],0.0,1.0,1.0,0.0,1,1,2,5,0,0,1,1,0,0
C:\Users\sugii syuji\gitProject\junit4\src\test\java\junit\samples\money\MoneyBag.java,junit.samples.money.MoneyBag,appendMoney/1[junit.samples.money.Money],0.0,0.0,-1.0,0.0,4,4,4,14,3,2,1,0,0,0
C:\Users\sugii syuji\gitProject\junit4\src\test\java\junit\samples\money\MoneyBag.java,junit.samples.money.MoneyBag,appendTo/1[junit.samples.money.MoneyBag],0.0,0.0,-1.0,0.0,0,1,1,3,0,0,1,0,0,0
C:\Users\sugii syuji\gitProject\junit4\src\test\java\junit\samples\money\MoneyBag.java,junit.samples.money.MoneyBag,contains/1[junit.samples.money.Money],0.0,0.0,-1.0,0.0,1,3,3,5,2,1,1,0,0,0
C:\Users\sugii syuji\gitProject\junit4\src\test\java\junit\samples\money\MoneyBag.java,junit.samples.money.MoneyBag,equals/1[java.lang.Object],0.0,1.0,1.0,0.0,0,3,7,20,5,1,1,1,0,0
C:\Users\sugii syuji\gitProject\junit4\src\test\java\junit\samples\money\MoneyBag.java,junit.samples.money.MoneyBag,findMoney/1[java.lang.String],0.0,1.0,1.0,0.0,2,1,3,8,2,0,1,1,0,0
C:\Users\sugii syuji\gitProject\junit4\src\test\java\junit\samples\money\MoneyBag.java,junit.samples.money.MoneyBag,multiply/1[int],0.0,1.0,1.0,0.0,0,3,3,9,1,1,1,1,0,0
C:\Users\sugii syuji\gitProject\junit4\src\test\java\junit\samples\money\MoneyBag.java,junit.samples.money.MoneyBag,subtract/1[junit.samples.money.IMoney],0.0,0.0,-1.0,0.0,0,2,1,3,1,0,1,0,0,0
C:\Users\sugii syuji\gitProject\junit4\src\main\java\org\junit\runner\notification\RunNotifier.java,org.junit.runner.notification.RunNotifier.4,notifyListener/1[org.junit.runner.notification.RunListener],0.0,0.0,-1.0,0.0,0,9,1,3,0,0,1,0,0,0
C:\Users\sugii syuji\gitProject\junit4\src\test\java\org\junit\tests\experimental\theories\runner\FailingDataPointMethods.java,org.junit.tests.experimental.theories.runner.FailingDataPointMethods.HasIgnoredFailingSingleDataPointMethod,theory/1[int],0.0,0.0,-1.0,0.0,0,0,1,2,0,0,1,0,0,0
C:\Users\sugii syuji\gitProject\junit4\src\test\java\junit\samples\money\MoneyTest.java,junit.samples.money.MoneyTest,main/1[java.lang.String[]],0.0,1.0,1.0,0.0,0,1,1,3,0,0,1,0,0,0
C:\Users\sugii syuji\gitProject\junit4\src\test\java\org\junit\tests\experimental\theories\runner\WithDataPointMethod.java,org.junit.tests.experimental.theories.runner.WithDataPointMethod.HasDataPointMethod,allIntsOk/1[int],0.0,0.0,-1.0,0.0,0,0,1,2,0,0,1,0,0,0
C:\Users\sugii syuji\gitProject\junit4\src\test\java\org\junit\runner\FilterFactoriesTest.java,org.junit.runner.FilterFactoriesTest.NonInstantiableFilterFactory,createFilter/1[org.junit.runner.FilterFactoryParams],0.0,0.0,-1.0,0.0,0,1,1,3,0,0,1,0,0,0
C:\Users\sugii syuji\gitProject\junit4\src\main\java\org\junit\runners\parameterized\TestWithParameters.java,org.junit.runners.parameterized.TestWithParameters,equals/1[java.lang.Object],2.0,0.0,0.0,1.0,0,1,4,13,4,1,1,0,0,0
C:\Users\sugii syuji\gitProject\junit4\src\test\java\org\junit\tests\experimental\theories\internal\ParameterizedAssertionErrorTest.java,org.junit.tests.experimental.theories.internal.ParameterizedAssertionErrorTest,isNotEqualToNull/1[org.junit.experimental.theories.internal.ParameterizedAssertionError],0.0,0.0,-1.0,0.0,0,2,1,3,0,0,1,0,0,0
C:\Users\sugii syuji\gitProject\junit4\src\test\java\junit\tests\runner\BaseTestRunnerTest.java,junit.tests.runner.BaseTestRunnerTest.MockRunner,runFailed/1[java.lang.String],0.0,1.0,1.0,0.0,0,0,1,3,0,0,1,0,0,0
C:\Users\sugii syuji\gitProject\junit4\src\test\java\junit\tests\runner\BaseTestRunnerTest.java,junit.tests.runner.BaseTestRunnerTest.MockRunner,testEnded/1[java.lang.String],0.0,0.0,-1.0,0.0,0,0,1,2,0,0,1,0,0,0
C:\Users\sugii syuji\gitProject\junit4\src\test\java\junit\tests\runner\BaseTestRunnerTest.java,junit.tests.runner.BaseTestRunnerTest.MockRunner,testStarted/1[java.lang.String],0.0,0.0,-1.0,0.0,0,0,1,2,0,0,1,0,0,0
C:\Users\sugii syuji\gitProject\junit4\src\test\java\org\junit\tests\TestSystem.java,org.junit.tests.TestSystem,exit/1[int],0.0,1.0,1.0,0.0,0,0,1,3,0,0,1,0,0,0
C:\Users\sugii syuji\gitProject\junit4\src\main\java\org\junit\runner\manipulation\Filter.java,org.junit.runner.manipulation.Filter.3,shouldRun/1[org.junit.runner.Description],0.0,0.0,-1.0,0.0,1,5,1,3,1,0,1,0,0,0
C:\Users\sugii syuji\gitProject\junit4\src\test\java\org\junit\tests\experimental\theories\runner\UnsuccessfulWithDataPointFields.java,org.junit.tests.experimental.theories.runner.UnsuccessfulWithDataPointFields.HasAFailingTheory,everythingIsZero/1[int],0.0,0.0,-1.0,0.0,0,0,1,3,0,0,1,0,0,0
C:\Users\sugii syuji\gitProject\junit4\src\main\java\org\junit\runners\Parameterized.java,org.junit.runners.Parameterized.RunnersFactory,getParametersMethod/1[org.junit.runners.model.TestClass],3.0,0.0,0.0,2.0,1,4,4,9,1,1,1,1,0,0
C:\Users\sugii syuji\gitProject\junit4\src\main\java\org\junit\runners\Parameterized.java,org.junit.runners.Parameterized.RunnersFactory,normalizeParameters/1[java.lang.Object],0.0,0.0,-1.0,0.0,2,0,2,3,1,0,1,0,0,0
C:\Users\sugii syuji\gitProject\junit4\src\test\java\org\junit\tests\experimental\theories\runner\WithParameterSupplier.java,org.junit.tests.experimental.theories.runner.WithParameterSupplier.TestClassUsingSupplierWithTwoConstructors,theory/1[java.lang.String],1.0,0.0,0.0,1.0,0,0,1,2,0,0,1,0,0,0
C:\Users\sugii syuji\gitProject\junit4\src\test\java\junit\tests\framework\TestCaseTest.java,junit.tests.framework.TestCaseTest,verifyError/1[junit.framework.TestCase],0.0,0.0,-1.0,0.0,6,5,4,6,0,1,1,0,0,0
C:\Users\sugii syuji\gitProject\junit4\src\test\java\junit\tests\framework\TestCaseTest.java,junit.tests.framework.TestCaseTest,verifyFailure/1[junit.framework.TestCase],0.0,0.0,-1.0,0.0,1,5,4,6,0,1,1,0,0,0
C:\Users\sugii syuji\gitProject\junit4\src\test\java\junit\tests\framework\TestCaseTest.java,junit.tests.framework.TestCaseTest,verifySuccess/1[junit.framework.TestCase],0.0,0.0,-1.0,0.0,1,5,4,6,0,1,1,0,0,0
C:\Users\sugii syuji\gitProject\junit4\src\test\java\junit\tests\framework\OneTestCase.java,junit.tests.framework.OneTestCase,testCase/1[int],0.0,0.0,-1.0,0.0,0,0,1,2,0,0,1,0,0,0
C:\Users\sugii syuji\gitProject\junit4\src\test\java\junit\tests\framework\TestListenerTest.java,junit.tests.framework.TestListenerTest,endTest/1[junit.framework.Test],0.0,1.0,1.0,0.0,0,0,1,3,0,0,1,0,0,0
C:\Users\sugii syuji\gitProject\junit4\src\test\java\junit\tests\framework\TestListenerTest.java,junit.tests.framework.TestListenerTest,startTest/1[junit.framework.Test],0.0,1.0,1.0,0.0,0,0,1,3,0,0,1,0,0,0
C:\Users\sugii syuji\gitProject\junit4\src\main\java\org\junit\experimental\ParallelComputer.java,org.junit.experimental.ParallelComputer.1,schedule/1[java.lang.Runnable],0.0,0.0,-1.0,0.0,0,0,1,3,0,0,1,0,0,0
C:\Users\sugii syuji\gitProject\junit4\src\test\java\org\junit\rules\RuleChainTest.java,org.junit.rules.RuleChainTest.LoggingRule,finished/1[org.junit.runner.Description],0.0,1.0,1.0,0.0,0,0,1,3,0,0,1,0,0,0
C:\Users\sugii syuji\gitProject\junit4\src\test\java\org\junit\rules\RuleChainTest.java,org.junit.rules.RuleChainTest.LoggingRule,starting/1[org.junit.runner.Description],0.0,1.0,1.0,0.0,0,0,1,3,0,0,1,0,0,0
C:\Users\sugii syuji\gitProject\junit4\src\test\java\org\junit\tests\experimental\theories\internal\AllMembersSupplierTest.java,org.junit.tests.experimental.theories.internal.AllMembersSupplierTest.HasDataPointsListFieldWithOverlyGenericTypes,theory/1[java.lang.String],0.0,0.0,-1.0,0.0,0,0,1,2,0,0,1,0,0,0
C:\Users\sugii syuji\gitProject\junit4\src\test\java\org\junit\tests\running\core\SystemExitTest.java,org.junit.tests.running.core.SystemExitTest.Exit,main/1[java.lang.String[]],1.0,0.0,0.0,1.0,0,0,1,3,0,0,1,0,0,0
C:\Users\sugii syuji\gitProject\junit4\src\test\java\junit\tests\AllTests.java,junit.tests.AllTests,main/1[java.lang.String[]],0.0,0.0,-1.0,0.0,0,2,1,3,0,0,1,0,0,0
C:\Users\sugii syuji\gitProject\junit4\src\main\java\org\junit\validator\AnnotationsValidator.java,org.junit.validator.AnnotationsValidator.MethodValidator,getAnnotatablesForTestClass/1[org.junit.runners.model.TestClass],1.0,0.0,0.0,1.0,0,1,1,3,1,0,1,0,0,0
C:\Users\sugii syuji\gitProject\junit4\src\test\java\org\junit\rules\TemporaryFolderUsageTest.java,org.junit.rules.TemporaryFolderUsageTest,assertFileDoesNotExist/1[java.io.File],0.0,0.0,-1.0,0.0,1,1,1,3,0,0,1,0,0,0
C:\Users\sugii syuji\gitProject\junit4\src\test\java\org\junit\rules\TemporaryFolderUsageTest.java,org.junit.rules.TemporaryFolderUsageTest,assertFileExists/1[java.io.File],0.0,0.0,-1.0,0.0,2,2,1,4,0,0,1,0,0,0
C:\Users\sugii syuji\gitProject\junit4\src\test\java\org\junit\rules\TemporaryFolderUsageTest.java,org.junit.rules.TemporaryFolderUsageTest,assertFileIsDirectory/1[java.io.File],0.0,0.0,-1.0,0.0,7,2,1,4,0,0,1,0,0,0
C:\Users\sugii syuji\gitProject\junit4\src\test\java\org\junit\tests\experimental\max\DescriptionTest.java,org.junit.tests.experimental.max.DescriptionTest.1URLClassLoader2,findClass/1[java.lang.String],0.0,0.0,-1.0,0.0,1,0,1,3,1,0,1,0,0,0
C:\Users\sugii syuji\gitProject\junit4\src\test\java\org\junit\tests\experimental\AssumptionTest.java,org.junit.tests.experimental.AssumptionTest.1,testAssumptionFailure/1[org.junit.runner.notification.Failure],0.0,0.0,-1.0,0.0,0,0,1,3,0,0,1,0,0,0
C:\Users\sugii syuji\gitProject\junit4\src\main\java\junit\framework\Assert.java,junit.framework.Assert,assertFalse/1[boolean],0.0,0.0,-1.0,0.0,1,1,1,3,0,0,1,0,0,0
C:\Users\sugii syuji\gitProject\junit4\src\main\java\junit\framework\Assert.java,junit.framework.Assert,assertNotNull/1[java.lang.Object],0.0,0.0,-1.0,0.0,1,1,1,3,0,0,1,0,0,0
C:\Users\sugii syuji\gitProject\junit4\src\main\java\junit\framework\Assert.java,junit.framework.Assert,assertNull/1[java.lang.Object],0.0,0.0,-1.0,0.0,1,1,2,5,0,0,1,0,0,0
C:\Users\sugii syuji\gitProject\junit4\src\main\java\junit\framework\Assert.java,junit.framework.Assert,assertTrue/1[boolean],0.0,0.0,-1.0,0.0,1,1,1,3,0,0,1,0,0,0
C:\Users\sugii syuji\gitProject\junit4\src\main\java\junit\framework\Assert.java,junit.framework.Assert,fail/1[java.lang.String],0.0,0.0,-1.0,0.0,6,2,2,6,0,0,1,0,0,0
C:\Users\sugii syuji\gitProject\junit4\src\main\java\junit\framework\Assert.java,junit.framework.Assert,failSame/1[java.lang.String],0.0,0.0,-1.0,0.0,2,1,2,4,0,1,1,0,0,0
C:\Users\sugii syuji\gitProject\junit4\src\main\java\junit\extensions\TestDecorator.java,junit.extensions.TestDecorator,basicRun/1[junit.framework.TestResult],0.0,0.0,-1.0,0.0,2,1,1,3,0,0,1,0,0,0
C:\Users\sugii syuji\gitProject\junit4\src\main\java\junit\extensions\TestDecorator.java,junit.extensions.TestDecorator,run/1[junit.framework.TestResult],0.0,0.0,-1.0,0.0,0,1,1,3,0,0,1,0,0,0
C:\Users\sugii syuji\gitProject\junit4\src\test\java\org\junit\runner\notification\SynchronizedRunListenerTest.java,org.junit.runner.notification.SynchronizedRunListenerTest,wrap/1[org.junit.runner.notification.RunListener],0.0,0.0,-1.0,0.0,3,1,1,3,1,0,1,0,0,0
C:\Users\sugii syuji\gitProject\junit4\src\main\java\org\junit\internal\runners\statements\FailOnTimeout.java,org.junit.internal.runners.statements.FailOnTimeout,cpuTime/1[java.lang.Thread],3.0,0.0,0.0,3.0,1,3,3,11,2,1,1,0,0,0
C:\Users\sugii syuji\gitProject\junit4\src\main\java\org\junit\internal\runners\statements\FailOnTimeout.java,org.junit.internal.runners.statements.FailOnTimeout,createTimeoutException/1[java.lang.Thread],4.0,5.0,0.5555556,2.0,1,4,4,17,2,4,1,0,0,0
C:\Users\sugii syuji\gitProject\junit4\src\main\java\org\junit\internal\runners\statements\FailOnTimeout.java,org.junit.internal.runners.statements.FailOnTimeout,getStackTrace/1[java.lang.Thread],1.0,0.0,0.0,1.0,1,0,2,8,2,0,1,0,0,0
C:\Users\sugii syuji\gitProject\junit4\src\main\java\org\junit\internal\runners\statements\FailOnTimeout.java,org.junit.internal.runners.statements.FailOnTimeout,getStuckThread/1[java.lang.Thread],3.0,1.0,0.25,2.0,1,2,7,18,2,4,1,1,0,0
C:\Users\sugii syuji\gitProject\junit4\src\main\java\org\junit\internal\runners\statements\FailOnTimeout.java,org.junit.internal.runners.statements.FailOnTimeout,getThreadsInGroup/1[java.lang.ThreadGroup],0.0,0.0,-1.0,0.0,1,0,3,13,2,5,1,1,0,0
C:\Users\sugii syuji\gitProject\junit4\src\main\java\junit\framework\JUnit4TestAdapterCache.java,junit.framework.JUnit4TestAdapterCache,asTest/1[org.junit.runner.Description],1.0,0.0,0.0,1.0,5,2,3,11,2,0,1,0,0,0
C:\Users\sugii syuji\gitProject\junit4\src\main\java\junit\framework\JUnit4TestAdapterCache.java,junit.framework.JUnit4TestAdapterCache,asTestList/1[org.junit.runner.Description],1.0,0.0,0.0,1.0,1,3,3,12,2,1,1,1,0,0
C:\Users\sugii syuji\gitProject\junit4\src\main\java\junit\framework\JUnit4TestAdapterCache.java,junit.framework.JUnit4TestAdapterCache,createTest/1[org.junit.runner.Description],2.0,0.0,0.0,1.0,1,7,3,12,2,1,1,1,0,0
C:\Users\sugii syuji\gitProject\junit4\src\main\java\org\junit\runner\notification\RunNotifier.java,org.junit.runner.notification.RunNotifier.2,notifyListener/1[org.junit.runner.notification.RunListener],0.0,0.0,-1.0,0.0,0,9,1,3,0,0,1,0,0,0
C:\Users\sugii syuji\gitProject\junit4\src\test\java\org\junit\tests\experimental\theories\runner\WithParameterSupplier.java,org.junit.tests.experimental.theories.runner.WithParameterSupplier.SupplierWithUnknownConstructor,getValueSources/1[org.junit.experimental.theories.ParameterSignature],0.0,0.0,-1.0,0.0,0,0,1,3,1,0,1,0,0,0
C:\Users\sugii syuji\gitProject\junit4\src\test\java\org\junit\tests\experimental\theories\runner\WithExtendedParameterSources.java,org.junit.tests.experimental.theories.runner.WithExtendedParameterSources.ShouldFilterOutNullElementsFromDataPointArrays,allStringsAreNonNull/1[java.lang.String],0.0,0.0,-1.0,0.0,0,0,1,3,0,0,1,0,0,0
C:\Users\sugii syuji\gitProject\junit4\src\test\java\org\junit\tests\running\core\MainRunner.java,org.junit.tests.running.core.MainRunner,runWithCheckForSystemExit/1[java.lang.Runnable],8.0,0.0,0.0,2.0,2,2,2,19,2,2,1,0,0,0
C:\Users\sugii syuji\gitProject\junit4\src\test\java\org\junit\runner\FilterOptionIntegrationTest.java,org.junit.runner.FilterOptionIntegrationTest.TestListener,testFinished/1[org.junit.runner.Description],1.0,0.0,0.0,1.0,0,1,1,3,0,0,1,0,0,0
C:\Users\sugii syuji\gitProject\junit4\src\test\java\org\junit\runner\FilterOptionIntegrationTest.java,org.junit.runner.FilterOptionIntegrationTest.TestListener,testStarted/1[org.junit.runner.Description],1.0,0.0,0.0,1.0,0,1,1,3,0,0,1,0,0,0
C:\Users\sugii syuji\gitProject\junit4\src\test\java\org\junit\rules\BlockJUnit4ClassRunnerOverrideTest.java,org.junit.rules.BlockJUnit4ClassRunnerOverrideTest.OverrideTestRulesRunner,getTestRules/1[java.lang.Object],1.0,0.0,0.0,1.0,0,1,1,10,1,1,1,0,1,0
C:\Users\sugii syuji\gitProject\junit4\src\test\java\org\junit\tests\experimental\max\MaxStarterTest.java,org.junit.tests.experimental.max.MaxStarterTest.1,testRunFinished/1[org.junit.runner.Result],1.0,0.0,0.0,1.0,0,1,1,3,0,0,1,0,0,0
C:\Users\sugii syuji\gitProject\junit4\src\test\java\org\junit\tests\experimental\theories\runner\WithExtendedParameterSources.java,org.junit.tests.experimental.theories.runner.WithExtendedParameterSources.ParameterAnnotations,everythingIsOne/1[int],0.0,0.0,-1.0,0.0,0,0,1,3,0,0,1,0,0,0
C:\Users\sugii syuji\gitProject\junit4\src\test\java\org\junit\tests\running\classes\ParameterizedTestTest.java,org.junit.tests.running.classes.ParameterizedTestTest.BadNumberOfAnnotatedFieldTest,fib/1[int],0.0,0.0,-1.0,0.0,1,0,1,3,1,0,1,0,0,0
C:\Users\sugii syuji\gitProject\junit4\src\test\java\org\junit\tests\experimental\theories\ParameterSignatureTest.java,org.junit.tests.experimental.theories.ParameterSignatureTest,foo/1[int],0.0,0.0,-1.0,0.0,0,0,1,2,0,0,1,0,0,0
C:\Users\sugii syuji\gitProject\junit4\src\test\java\org\junit\tests\experimental\theories\ParameterSignatureTest.java,org.junit.tests.experimental.theories.ParameterSignatureTest,intMethod/1[int],0.0,0.0,-1.0,0.0,0,0,1,2,0,0,1,0,0,0
C:\Users\sugii syuji\gitProject\junit4\src\test\java\org\junit\tests\experimental\theories\ParameterSignatureTest.java,org.junit.tests.experimental.theories.ParameterSignatureTest,integerMethod/1[java.lang.Integer],0.0,0.0,-1.0,0.0,0,0,1,2,0,0,1,0,0,0
C:\Users\sugii syuji\gitProject\junit4\src\test\java\org\junit\tests\experimental\theories\ParameterSignatureTest.java,org.junit.tests.experimental.theories.ParameterSignatureTest,numberMethod/1[java.lang.Number],0.0,0.0,-1.0,0.0,0,0,1,2,0,0,1,0,0,0
C:\Users\sugii syuji\gitProject\junit4\src\main\java\org\junit\experimental\theories\internal\ParameterizedAssertionError.java,org.junit.experimental.theories.internal.ParameterizedAssertionError,equals/1[java.lang.Object],0.0,0.0,-1.0,0.0,1,0,1,3,1,0,1,0,0,0
C:\Users\sugii syuji\gitProject\junit4\src\main\java\org\junit\experimental\theories\internal\ParameterizedAssertionError.java,org.junit.experimental.theories.internal.ParameterizedAssertionError,stringValueOf/1[java.lang.Object],0.0,0.0,-1.0,0.0,1,0,2,8,2,0,1,0,0,0
C:\Users\sugii syuji\gitProject\junit4\src\main\java\org\junit\internal\ArrayComparisonFailure.java,org.junit.internal.ArrayComparisonFailure,addDimension/1[int],0.0,0.0,-1.0,0.0,2,0,1,3,0,0,1,0,0,0
C:\Users\sugii syuji\gitProject\junit4\src\main\java\org\junit\internal\runners\MethodRoadie.java,org.junit.internal.runners.MethodRoadie,addFailure/1[java.lang.Throwable],0.0,1.0,1.0,0.0,4,2,1,3,0,0,1,0,0,0
C:\Users\sugii syuji\gitProject\junit4\src\main\java\org\junit\internal\runners\MethodRoadie.java,org.junit.internal.runners.MethodRoadie,runBeforesThenTestThenAfters/1[java.lang.Runnable],0.0,0.0,-1.0,0.0,2,2,3,14,0,0,1,0,0,0
C:\Users\sugii syuji\gitProject\junit4\src\main\java\org\junit\internal\runners\MethodRoadie.java,org.junit.internal.runners.MethodRoadie,runWithTimeout/1[long],4.0,0.0,0.0,2.0,1,2,1,30,0,0,1,0,1,0
C:\Users\sugii syuji\gitProject\junit4\src\main\java\org\junit\internal\matchers\TypeSafeMatcher.java,org.junit.internal.matchers.TypeSafeMatcher,isMatchesSafelyMethod/1[java.lang.reflect.Method],2.0,0.0,0.0,2.0,0,0,2,3,1,0,1,0,0,0
C:\Users\sugii syuji\gitProject\junit4\src\main\java\org\junit\internal\matchers\TypeSafeMatcher.java,org.junit.internal.matchers.TypeSafeMatcher,matches/1[java.lang.Object],0.0,0.0,-1.0,0.0,0,1,2,3,1,0,1,0,0,0
C:\Users\sugii syuji\gitProject\junit4\src\main\java\org\junit\internal\matchers\TypeSafeMatcher.java,org.junit.internal.matchers.TypeSafeMatcher,matchesSafely/1[T],0.0,0.0,-1.0,0.0,0,0,1,1,0,0,1,0,0,0
C:\Users\sugii syuji\gitProject\junit4\src\main\java\org\junit\runner\Result.java,org.junit.runner.Result,readObject/1[java.io.ObjectInputStream],0.0,1.0,1.0,0.0,0,1,1,3,0,0,1,0,0,0
C:\Users\sugii syuji\gitProject\junit4\src\main\java\org\junit\runner\Result.java,org.junit.runner.Result,writeObject/1[java.io.ObjectOutputStream],0.0,0.0,-1.0,0.0,0,2,1,4,0,1,1,0,0,0
C:\Users\sugii syuji\gitProject\junit4\src\test\java\org\junit\tests\experimental\theories\runner\FailingDataPointMethods.java,org.junit.tests.experimental.theories.runner.FailingDataPointMethods.HasIgnoredFailingMultipleDataPointMethod,theory/1[int],0.0,0.0,-1.0,0.0,0,0,1,2,0,0,1,0,0,0
C:\Users\sugii syuji\gitProject\junit4\src\test\java\org\junit\tests\junit3compatibility\ForwardCompatibilityPrintingTest.java,org.junit.tests.junit3compatibility.ForwardCompatibilityPrintingTest.TestResultPrinter,elapsedTimeAsString/1[long],0.0,0.0,-1.0,0.0,0,0,1,3,1,0,1,0,0,0
C:\Users\sugii syuji\gitProject\junit4\src\main\java\org\junit\rules\ExternalResource.java,org.junit.rules.ExternalResource,statement/1[org.junit.runners.model.Statement],0.0,0.0,-1.0,0.0,1,1,1,24,1,0,1,0,1,0
C:\Users\sugii syuji\gitProject\junit4\src\test\java\org\junit\tests\experimental\theories\internal\AllMembersSupplierTest.java,org.junit.tests.experimental.theories.internal.AllMembersSupplierTest.HasDataPointsArrayField,theory/1[java.lang.String],0.0,0.0,-1.0,0.0,0,0,1,2,0,0,1,0,0,0
C:\Users\sugii syuji\gitProject\junit4\src\main\java\org\junit\rules\ExpectedException.java,org.junit.rules.ExpectedException,expectMessage/1[java.lang.String],0.0,0.0,-1.0,0.0,26,1,1,3,0,0,1,0,0,0
C:\Users\sugii syuji\gitProject\junit4\src\main\java\org\junit\rules\ExpectedException.java,org.junit.rules.ExpectedException,handleException/1[java.lang.Throwable],0.0,0.0,-1.0,0.0,1,3,2,8,0,0,1,0,0,0
C:\Users\sugii syuji\gitProject\junit4\src\main\java\org\junit\rules\ExpectedException.java,org.junit.rules.ExpectedException,reportMissingExceptionWithMessage/1[java.lang.String],0.0,1.0,1.0,0.0,2,0,1,4,1,0,1,0,0,0
C:\Users\sugii syuji\gitProject\junit4\src\test\java\org\junit\rules\StopwatchTest.java,org.junit.rules.StopwatchTest,simulateTimePassing/1[long],0.0,1.0,1.0,0.0,8,0,1,3,0,0,1,0,0,0
C:\Users\sugii syuji\gitProject\junit4\src\main\java\org\junit\rules\TestWatchman.java,org.junit.rules.TestWatchman,finished/1[org.junit.runners.model.FrameworkMethod],0.0,0.0,-1.0,0.0,1,0,1,2,0,0,1,0,0,0
C:\Users\sugii syuji\gitProject\junit4\src\main\java\org\junit\rules\TestWatchman.java,org.junit.rules.TestWatchman,starting/1[org.junit.runners.model.FrameworkMethod],0.0,0.0,-1.0,0.0,1,0,1,2,0,0,1,0,0,0
C:\Users\sugii syuji\gitProject\junit4\src\main\java\org\junit\rules\TestWatchman.java,org.junit.rules.TestWatchman,succeeded/1[org.junit.runners.model.FrameworkMethod],0.0,0.0,-1.0,0.0,1,0,1,2,0,0,1,0,0,0
C:\Users\sugii syuji\gitProject\junit4\src\test\java\org\junit\internal\ArrayComparisonFailureTest.java,org.junit.internal.ArrayComparisonFailureTest,assertFailureSerializableFromOthers/1[java.lang.String],3.0,0.0,0.0,1.0,2,7,2,12,0,1,1,0,0,0
C:\Users\sugii syuji\gitProject\junit4\src\test\java\org\junit\internal\ArrayComparisonFailureTest.java,org.junit.internal.ArrayComparisonFailureTest,deserializeFailureFromFile/1[java.lang.String],2.0,0.0,0.0,2.0,1,0,1,5,1,2,1,0,0,0
C:\Users\sugii syuji\gitProject\junit4\src\test\java\org\junit\rules\TempFolderRuleTest.java,org.junit.rules.TempFolderRuleTest,getPosixFilePermissions/1[java.io.File],3.0,0.0,0.0,2.0,1,1,3,18,1,7,1,1,0,0
C:\Users\sugii syuji\gitProject\junit4\src\main\java\org\junit\experimental\results\ResultMatchers.java,org.junit.experimental.results.ResultMatchers.1,matchesSafely/1[org.junit.experimental.results.PrintableResult],0.0,0.0,-1.0,0.0,0,4,2,3,1,0,1,0,0,0
C:\Users\sugii syuji\gitProject\junit4\src\test\java\org\junit\tests\experimental\theories\runner\WithDataPointMethod.java,org.junit.tests.experimental.theories.runner.WithDataPointMethod.HasDateMethod,allIntsOk/1[int],0.0,0.0,-1.0,0.0,0,0,1,2,0,0,1,0,0,0
C:\Users\sugii syuji\gitProject\junit4\src\test\java\org\junit\tests\experimental\theories\runner\WithDataPointMethod.java,org.junit.tests.experimental.theories.runner.WithDataPointMethod.HasDateMethod,onlyDatesOk/1[java.util.Date],0.0,0.0,-1.0,0.0,0,0,1,2,0,0,1,0,0,0
C:\Users\sugii syuji\gitProject\junit4\src\test\java\org\junit\tests\experimental\theories\runner\WithDataPointMethod.java,org.junit.tests.experimental.theories.runner.WithDataPointMethod.HasDateMethod,onlyStringsOk/1[java.lang.String],0.0,0.0,-1.0,0.0,0,0,1,2,0,0,1,0,0,0
C:\Users\sugii syuji\gitProject\junit4\src\main\java\org\junit\rules\TestWatcher.java,org.junit.rules.TestWatcher,finished/1[org.junit.runner.Description],0.0,0.0,-1.0,0.0,1,0,1,2,0,0,1,0,0,0
C:\Users\sugii syuji\gitProject\junit4\src\main\java\org\junit\rules\TestWatcher.java,org.junit.rules.TestWatcher,starting/1[org.junit.runner.Description],0.0,0.0,-1.0,0.0,1,0,1,2,0,0,1,0,0,0
C:\Users\sugii syuji\gitProject\junit4\src\main\java\org\junit\rules\TestWatcher.java,org.junit.rules.TestWatcher,succeeded/1[org.junit.runner.Description],0.0,0.0,-1.0,0.0,1,0,1,2,0,0,1,0,0,0
C:\Users\sugii syuji\gitProject\junit4\src\test\java\org\junit\tests\experimental\theories\runner\FailingDataPointMethods.java,org.junit.tests.experimental.theories.runner.FailingDataPointMethods.HasFailingDataPointArrayMethod,theory/1[int],0.0,0.0,-1.0,0.0,0,0,1,2,0,0,1,0,0,0
C:\Users\sugii syuji\gitProject\junit4\src\test\java\org\junit\tests\experimental\theories\runner\UnsuccessfulWithDataPointFields.java,org.junit.tests.experimental.theories.runner.UnsuccessfulWithDataPointFields.DataPointMethodsMustBePublic,numbers/1[int],0.0,0.0,-1.0,0.0,0,0,1,2,0,0,1,0,0,0
C:\Users\sugii syuji\gitProject\junit4\src\main\java\org\junit\experimental\theories\internal\SpecificDataPointsSupplier.java,org.junit.experimental.theories.internal.SpecificDataPointsSupplier,getDataPointsFields/1[org.junit.experimental.theories.ParameterSignature],5.0,0.0,0.0,5.0,0,3,3,12,1,4,1,1,0,0
C:\Users\sugii syuji\gitProject\junit4\src\main\java\org\junit\experimental\theories\internal\SpecificDataPointsSupplier.java,org.junit.experimental.theories.internal.SpecificDataPointsSupplier,getDataPointsMethods/1[org.junit.experimental.theories.ParameterSignature],5.0,0.0,0.0,5.0,0,4,3,12,1,4,1,1,0,0
C:\Users\sugii syuji\gitProject\junit4\src\main\java\org\junit\experimental\theories\internal\SpecificDataPointsSupplier.java,org.junit.experimental.theories.internal.SpecificDataPointsSupplier,getSingleDataPointFields/1[org.junit.experimental.theories.ParameterSignature],5.0,0.0,0.0,5.0,0,3,3,12,1,4,1,1,0,0
C:\Users\sugii syuji\gitProject\junit4\src\main\java\org\junit\experimental\theories\internal\SpecificDataPointsSupplier.java,org.junit.experimental.theories.internal.SpecificDataPointsSupplier,getSingleDataPointMethods/1[org.junit.experimental.theories.ParameterSignature],5.0,0.0,0.0,5.0,0,4,3,12,1,4,1,1,0,0
C:\Users\sugii syuji\gitProject\junit4\src\main\java\org\junit\internal\matchers\ThrowableMessageMatcher.java,org.junit.internal.matchers.ThrowableMessageMatcher,matchesSafely/1[T],1.0,0.0,0.0,1.0,0,0,1,3,1,0,1,0,0,0
C:\Users\sugii syuji\gitProject\junit4\src\test\java\org\junit\runner\notification\RunNotifierTest.java,org.junit.runner.notification.RunNotifierTest.CorruptListener,testFailure/1[org.junit.runner.notification.Failure],0.0,0.0,-1.0,0.0,0,0,1,3,0,0,1,0,0,0
C:\Users\sugii syuji\gitProject\junit4\src\test\java\org\junit\runner\notification\RunNotifierTest.java,org.junit.runner.notification.RunNotifierTest.CorruptListener,testRunFinished/1[org.junit.runner.Result],0.0,0.0,-1.0,0.0,0,0,1,3,0,0,1,0,0,0
C:\Users\sugii syuji\gitProject\junit4\src\test\java\org\junit\tests\experimental\theories\runner\SuccessfulWithDataPointFields.java,org.junit.tests.experimental.theories.runner.SuccessfulWithDataPointFields.DifferentTypesInConstructor,yesIndeed/1[java.lang.String],0.0,0.0,-1.0,0.0,0,0,1,2,0,0,1,0,0,0
C:\Users\sugii syuji\gitProject\junit4\src\main\java\org\junit\runners\Suite.java,org.junit.runners.Suite,describeChild/1[org.junit.runner.Runner],1.0,0.0,0.0,1.0,0,1,1,3,1,0,1,0,0,0
C:\Users\sugii syuji\gitProject\junit4\src\main\java\org\junit\runner\notification\RunNotifier.java,org.junit.runner.notification.RunNotifier.7,notifyListener/1[org.junit.runner.notification.RunListener],0.0,0.0,-1.0,0.0,0,9,1,3,0,0,1,0,0,0
C:\Users\sugii syuji\gitProject\junit4\src\main\java\org\junit\ComparisonFailure.java,org.junit.ComparisonFailure.ComparisonCompactor,compact/1[java.lang.String],0.0,5.0,1.0,0.0,1,6,4,11,2,3,1,0,0,0
C:\Users\sugii syuji\gitProject\junit4\src\main\java\org\junit\ComparisonFailure.java,org.junit.ComparisonFailure.ComparisonCompactor,sharedSuffix/1[java.lang.String],0.0,0.0,-1.0,0.0,1,0,3,10,1,2,1,1,0,0
C:\Users\sugii syuji\gitProject\junit4\src\test\java\org\junit\tests\experimental\theories\runner\UnsuccessfulWithDataPointFields.java,org.junit.tests.experimental.theories.runner.UnsuccessfulWithDataPointFields.DataPointMethodsMustBeStatic,numbers/1[int],0.0,0.0,-1.0,0.0,0,0,1,2,0,0,1,0,0,0
C:\Users\sugii syuji\gitProject\junit4\src\test\java\org\junit\tests\experimental\theories\extendingwithstubs\Guesser.java,org.junit.tests.experimental.theories.extendingwithstubs.Guesser.1,append/1[char],0.0,0.0,-1.0,0.0,0,0,1,2,0,0,1,0,0,0
C:\Users\sugii syuji\gitProject\junit4\src\test\java\org\junit\tests\experimental\theories\extendingwithstubs\Guesser.java,org.junit.tests.experimental.theories.extendingwithstubs.Guesser.1,appendValue/1[java.lang.Object],0.0,0.0,-1.0,0.0,0,1,1,4,1,0,1,0,0,0
C:\Users\sugii syuji\gitProject\junit4\src\test\java\org\junit\tests\experimental\theories\extendingwithstubs\Guesser.java,org.junit.tests.experimental.theories.extendingwithstubs.Guesser.1,noteValue/1[java.lang.Object],1.0,4.0,0.8,1.0,1,3,2,9,1,1,1,0,0,0
C:\Users\sugii syuji\gitProject\junit4\src\test\java\org\junit\tests\experimental\theories\runner\WithParameterSupplier.java,org.junit.tests.experimental.theories.runner.WithParameterSupplier.TestClassUsingParameterSupplier,theoryMethod/1[java.lang.String],1.0,0.0,0.0,1.0,0,0,1,2,0,0,1,0,0,0
C:\Users\sugii syuji\gitProject\junit4\src\main\java\org\junit\runner\notification\RunNotifier.java,org.junit.runner.notification.RunNotifier.8,notifyListener/1[org.junit.runner.notification.RunListener],0.0,0.0,-1.0,0.0,0,9,1,3,0,0,1,0,0,0
C:\Users\sugii syuji\gitProject\junit4\src\main\java\org\junit\validator\AnnotationsValidator.java,org.junit.validator.AnnotationsValidator.AnnotatableValidator,getAnnotatablesForTestClass/1[org.junit.runners.model.TestClass],0.0,0.0,-1.0,0.0,0,0,1,1,0,0,1,0,0,0
C:\Users\sugii syuji\gitProject\junit4\src\main\java\org\junit\validator\AnnotationsValidator.java,org.junit.validator.AnnotationsValidator.AnnotatableValidator,validateAnnotatable/1[T],3.0,0.0,0.0,3.0,0,3,3,13,1,5,1,1,0,0
C:\Users\sugii syuji\gitProject\junit4\src\main\java\org\junit\validator\AnnotationsValidator.java,org.junit.validator.AnnotationsValidator.AnnotatableValidator,validateTestClass/1[org.junit.runners.model.TestClass],0.0,1.0,1.0,0.0,0,2,2,8,1,2,1,1,0,0
C:\Users\sugii syuji\gitProject\junit4\src\test\java\org\junit\internal\StackTracesTest.java,org.junit.internal.StackTracesTest.ExceptionMessageMatcher,matchesSafely/1[java.lang.String],0.0,0.0,-1.0,0.0,0,0,1,3,1,0,1,0,0,0
C:\Users\sugii syuji\gitProject\junit4\src\test\java\org\junit\tests\experimental\theories\runner\WithParameterSupplier.java,org.junit.tests.experimental.theories.runner.WithParameterSupplier.SupplierWithTestClassConstructor,getValueSources/1[org.junit.experimental.theories.ParameterSignature],0.0,0.0,-1.0,0.0,0,0,1,3,1,0,1,0,0,0
C:\Users\sugii syuji\gitProject\junit4\src\test\java\org\junit\rules\EventCollector.java,org.junit.rules.EventCollector,hasNumberOfAssumptionFailures/1[int],0.0,0.0,-1.0,0.0,2,0,1,13,1,0,1,0,1,0
C:\Users\sugii syuji\gitProject\junit4\src\test\java\org\junit\rules\EventCollector.java,org.junit.rules.EventCollector,hasNumberOfFailures/1[int],0.0,0.0,-1.0,0.0,3,0,1,17,1,0,1,0,1,0
C:\Users\sugii syuji\gitProject\junit4\src\test\java\org\junit\rules\EventCollector.java,org.junit.rules.EventCollector,hasSingleFailureWithMessage/1[java.lang.String],0.0,0.0,-1.0,0.0,4,1,1,3,1,0,1,0,0,0
C:\Users\sugii syuji\gitProject\junit4\src\test\java\org\junit\rules\EventCollector.java,org.junit.rules.EventCollector,testAssumptionFailure/1[org.junit.runner.notification.Failure],0.0,0.0,-1.0,0.0,0,0,1,3,0,0,1,0,0,0
C:\Users\sugii syuji\gitProject\junit4\src\test\java\org\junit\rules\EventCollector.java,org.junit.rules.EventCollector,testFailure/1[org.junit.runner.notification.Failure],0.0,0.0,-1.0,0.0,0,0,1,3,0,0,1,0,0,0
C:\Users\sugii syuji\gitProject\junit4\src\test\java\org\junit\rules\EventCollector.java,org.junit.rules.EventCollector,testFinished/1[org.junit.runner.Description],0.0,0.0,-1.0,0.0,0,0,1,3,0,0,1,0,0,0
C:\Users\sugii syuji\gitProject\junit4\src\test\java\org\junit\rules\EventCollector.java,org.junit.rules.EventCollector,testIgnored/1[org.junit.runner.Description],0.0,0.0,-1.0,0.0,0,0,1,3,0,0,1,0,0,0
C:\Users\sugii syuji\gitProject\junit4\src\test\java\org\junit\rules\EventCollector.java,org.junit.rules.EventCollector,testRunFinished/1[org.junit.runner.Result],0.0,0.0,-1.0,0.0,0,0,1,3,0,0,1,0,0,0
C:\Users\sugii syuji\gitProject\junit4\src\test\java\org\junit\rules\EventCollector.java,org.junit.rules.EventCollector,testRunStarted/1[org.junit.runner.Description],0.0,0.0,-1.0,0.0,0,0,1,3,0,0,1,0,0,0
C:\Users\sugii syuji\gitProject\junit4\src\test\java\org\junit\rules\EventCollector.java,org.junit.rules.EventCollector,testStarted/1[org.junit.runner.Description],0.0,0.0,-1.0,0.0,0,0,1,3,0,0,1,0,0,0
C:\Users\sugii syuji\gitProject\junit4\src\test\java\junit\samples\SimpleTest.java,junit.samples.SimpleTest,main/1[java.lang.String[]],0.0,0.0,-1.0,0.0,0,2,1,3,0,0,1,0,0,0
C:\Users\sugii syuji\gitProject\junit4\src\test\java\org\junit\runners\CustomBlockJUnit4ClassRunnerTest.java,org.junit.runners.CustomBlockJUnit4ClassRunnerTest.TrackingRunListener,testFailure/1[org.junit.runner.notification.Failure],0.0,0.0,-1.0,0.0,0,0,1,3,0,0,1,0,0,0
C:\Users\sugii syuji\gitProject\junit4\src\test\java\org\junit\runners\CustomBlockJUnit4ClassRunnerTest.java,org.junit.runners.CustomBlockJUnit4ClassRunnerTest.TrackingRunListener,testFinished/1[org.junit.runner.Description],0.0,0.0,-1.0,0.0,0,0,1,3,0,0,1,0,0,0
C:\Users\sugii syuji\gitProject\junit4\src\test\java\org\junit\runners\CustomBlockJUnit4ClassRunnerTest.java,org.junit.runners.CustomBlockJUnit4ClassRunnerTest.TrackingRunListener,testStarted/1[org.junit.runner.Description],0.0,0.0,-1.0,0.0,0,0,1,3,0,0,1,0,0,0
C:\Users\sugii syuji\gitProject\junit4\src\main\java\org\junit\runners\model\TestClass.java,org.junit.runners.model.TestClass,equals/1[java.lang.Object],2.0,2.0,0.5,1.0,5,0,5,13,4,1,1,0,0,0
C:\Users\sugii syuji\gitProject\junit4\src\test\java\org\junit\runner\JUnitCommandLineParseResultTest.java,org.junit.runner.JUnitCommandLineParseResultTest.FilterFactoryStub,createFilter/1[org.junit.runner.FilterFactoryParams],0.0,0.0,-1.0,0.0,0,1,1,3,0,0,1,0,0,0
C:\Users\sugii syuji\gitProject\junit4\src\test\java\org\junit\tests\running\core\MainRunner.java,org.junit.tests.running.core.MainRunner.NoExitSecurityManager,checkExit/1[int],0.0,0.0,-1.0,0.0,0,1,1,3,0,0,1,0,0,0
C:\Users\sugii syuji\gitProject\junit4\src\test\java\org\junit\tests\running\core\MainRunner.java,org.junit.tests.running.core.MainRunner.NoExitSecurityManager,checkPermission/1[java.security.Permission],1.0,0.0,0.0,1.0,0,0,2,5,0,0,1,0,0,0
C:\Users\sugii syuji\gitProject\junit4\src\test\java\org\junit\tests\experimental\theories\runner\SuccessfulWithDataPointFields.java,org.junit.tests.experimental.theories.runner.SuccessfulWithDataPointFields.OneTestTwoAnnotations,stringsAreOK/1[java.lang.String],0.0,1.0,1.0,0.0,0,0,1,3,0,0,1,0,0,0
C:\Users\sugii syuji\gitProject\junit4\src\main\java\org\junit\rules\RuleChain.java,org.junit.rules.RuleChain,around/1[org.junit.rules.TestRule],0.0,1.0,1.0,0.0,2,1,2,9,1,1,1,0,0,0
C:\Users\sugii syuji\gitProject\junit4\src\main\java\org\junit\rules\RuleChain.java,org.junit.rules.RuleChain,outerRule/1[org.junit.rules.TestRule],0.0,0.0,-1.0,0.0,0,2,1,3,1,0,1,0,0,0
C:\Users\sugii syuji\gitProject\junit4\src\test\java\org\junit\tests\experimental\theories\TestedOnSupplierTest.java,org.junit.tests.experimental.theories.TestedOnSupplierTest,foo/1[int],0.0,0.0,-1.0,0.0,0,0,1,2,0,0,1,0,0,0
C:\Users\sugii syuji\gitProject\junit4\src\test\java\org\junit\tests\experimental\theories\extendingwithstubs\MethodCall.java,org.junit.tests.experimental.theories.extendingwithstubs.MethodCall,equals/1[java.lang.Object],0.0,2.0,1.0,0.0,0,0,1,4,1,1,1,0,0,0
C:\Users\sugii syuji\gitProject\junit4\src\test\java\org\junit\tests\experimental\theories\extendingwithstubs\MethodCall.java,org.junit.tests.experimental.theories.extendingwithstubs.MethodCall,stringableObject/1[java.lang.Object],0.0,0.0,-1.0,0.0,0,2,1,3,1,0,1,0,0,0
C:\Users\sugii syuji\gitProject\junit4\src\main\java\org\junit\rules\TemporaryFolder.java,org.junit.rules.TemporaryFolder.Builder,parentFolder/1[java.io.File],0.0,1.0,1.0,0.0,0,0,1,4,1,0,1,0,0,0
C:\Users\sugii syuji\gitProject\junit4\src\test\java\org\junit\samples\ListTest.java,org.junit.samples.ListTest,main/1[java.lang.String[]],0.0,0.0,-1.0,0.0,0,2,1,3,0,0,1,0,0,0
C:\Users\sugii syuji\gitProject\junit4\src\main\java\org\junit\internal\runners\statements\RunAfters.java,org.junit.internal.runners.statements.RunAfters,invokeMethod/1[org.junit.runners.model.FrameworkMethod],0.0,1.0,1.0,0.0,1,1,1,3,0,0,1,0,0,0
C:\Users\sugii syuji\gitProject\junit4\src\main\java\org\junit\runner\Description.java,org.junit.runner.Description,addChild/1[org.junit.runner.Description],0.0,0.0,-1.0,0.0,6,0,1,3,0,0,1,0,0,0
C:\Users\sugii syuji\gitProject\junit4\src\main\java\org\junit\runner\Description.java,org.junit.runner.Description,equals/1[java.lang.Object],0.0,0.0,-1.0,0.0,6,0,2,7,2,1,1,0,0,0
C:\Users\sugii syuji\gitProject\junit4\src\test\java\org\junit\tests\running\classes\ParentRunnerFilteringTest.java,org.junit.tests.running.classes.ParentRunnerFilteringTest,notThisMethodName/1[java.lang.String],2.0,0.0,0.0,1.0,3,0,1,11,1,0,1,0,1,0
C:\Users\sugii syuji\gitProject\junit4\src\main\java\org\junit\runners\BlockJUnit4ClassRunner.java,org.junit.runners.BlockJUnit4ClassRunner,createTest/1[org.junit.runners.model.FrameworkMethod],0.0,0.0,-1.0,0.0,1,1,1,3,1,0,1,0,0,0
C:\Users\sugii syuji\gitProject\junit4\src\main\java\org\junit\runners\BlockJUnit4ClassRunner.java,org.junit.runners.BlockJUnit4ClassRunner,describeChild/1[org.junit.runners.model.FrameworkMethod],4.0,0.0,0.0,4.0,2,5,2,8,1,1,1,0,0,0
C:\Users\sugii syuji\gitProject\junit4\src\main\java\org\junit\runners\BlockJUnit4ClassRunner.java,org.junit.runners.BlockJUnit4ClassRunner,getExpectedException/1[org.junit.Test],1.0,0.0,0.0,1.0,1,1,3,8,2,0,1,0,0,0
C:\Users\sugii syuji\gitProject\junit4\src\main\java\org\junit\runners\BlockJUnit4ClassRunner.java,org.junit.runners.BlockJUnit4ClassRunner,getTestRules/1[java.lang.Object],7.0,0.0,0.0,4.0,1,4,1,6,1,1,1,0,0,0
C:\Users\sugii syuji\gitProject\junit4\src\main\java\org\junit\runners\BlockJUnit4ClassRunner.java,org.junit.runners.BlockJUnit4ClassRunner,getTimeout/1[org.junit.Test],0.0,0.0,-1.0,0.0,1,1,2,6,2,0,1,0,0,0
C:\Users\sugii syuji\gitProject\junit4\src\main\java\org\junit\runners\BlockJUnit4ClassRunner.java,org.junit.runners.BlockJUnit4ClassRunner,isIgnored/1[org.junit.runners.model.FrameworkMethod],2.0,0.0,0.0,2.0,1,1,2,3,1,0,1,0,0,0
C:\Users\sugii syuji\gitProject\junit4\src\main\java\org\junit\runners\BlockJUnit4ClassRunner.java,org.junit.runners.BlockJUnit4ClassRunner,methodBlock/1[org.junit.runners.model.FrameworkMethod],0.0,0.0,-1.0,0.0,1,10,2,22,2,2,1,0,1,0
C:\Users\sugii syuji\gitProject\junit4\src\main\java\org\junit\runners\BlockJUnit4ClassRunner.java,org.junit.runners.BlockJUnit4ClassRunner,rules/1[java.lang.Object],7.0,0.0,0.0,4.0,1,4,1,6,1,1,1,0,0,0
C:\Users\sugii syuji\gitProject\junit4\src\main\java\org\junit\runners\BlockJUnit4ClassRunner.java,org.junit.runners.BlockJUnit4ClassRunner,testName/1[org.junit.runners.model.FrameworkMethod],1.0,0.0,0.0,1.0,1,1,1,3,1,0,1,0,0,0
C:\Users\sugii syuji\gitProject\junit4\src\test\java\org\junit\tests\running\classes\ParameterizedTestTest.java,org.junit.tests.running.classes.ParameterizedTestTest.MultipleBeforeParamAndAfterParam,after1/1[java.lang.String],1.0,0.0,0.0,1.0,0,0,1,3,0,0,1,0,0,0
C:\Users\sugii syuji\gitProject\junit4\src\test\java\org\junit\tests\running\classes\ParameterizedTestTest.java,org.junit.tests.running.classes.ParameterizedTestTest.MultipleBeforeParamAndAfterParam,before2/1[java.lang.String],1.0,0.0,0.0,1.0,0,0,1,3,0,0,1,0,0,0
C:\Users\sugii syuji\gitProject\junit4\src\main\java\org\junit\internal\RealSystem.java,org.junit.internal.RealSystem,exit/1[int],0.0,0.0,-1.0,0.0,0,0,1,3,0,0,1,0,0,0
C:\Users\sugii syuji\gitProject\junit4\src\test\java\org\junit\rules\TestWatchmanTest.java,org.junit.rules.TestWatchmanTest.LoggingTestWatchman,finished/1[org.junit.runners.model.FrameworkMethod],0.0,0.0,-1.0,0.0,0,0,1,3,0,0,1,0,0,0
C:\Users\sugii syuji\gitProject\junit4\src\test\java\org\junit\rules\TestWatchmanTest.java,org.junit.rules.TestWatchmanTest.LoggingTestWatchman,starting/1[org.junit.runners.model.FrameworkMethod],0.0,0.0,-1.0,0.0,0,0,1,3,0,0,1,0,0,0
C:\Users\sugii syuji\gitProject\junit4\src\test\java\org\junit\rules\TestWatchmanTest.java,org.junit.rules.TestWatchmanTest.LoggingTestWatchman,succeeded/1[org.junit.runners.model.FrameworkMethod],0.0,0.0,-1.0,0.0,0,0,1,3,0,0,1,0,0,0
C:\Users\sugii syuji\gitProject\junit4\src\main\java\junit\framework\TestSuite.java,junit.framework.TestSuite,addTest/1[junit.framework.Test],0.0,0.0,-1.0,0.0,18,0,1,3,0,0,1,0,0,0
C:\Users\sugii syuji\gitProject\junit4\src\main\java\junit\framework\TestSuite.java,junit.framework.TestSuite,isPublicTestMethod/1[java.lang.reflect.Method],1.0,0.0,0.0,1.0,1,1,1,3,1,0,1,0,0,0
C:\Users\sugii syuji\gitProject\junit4\src\main\java\junit\framework\TestSuite.java,junit.framework.TestSuite,isTestMethod/1[java.lang.reflect.Method],4.0,0.0,0.0,3.0,2,0,2,3,1,0,1,0,0,0
C:\Users\sugii syuji\gitProject\junit4\src\main\java\junit\framework\TestSuite.java,junit.framework.TestSuite,run/1[junit.framework.TestResult],0.0,1.0,1.0,0.0,4,2,3,8,0,0,1,1,0,0
C:\Users\sugii syuji\gitProject\junit4\src\main\java\junit\framework\TestSuite.java,junit.framework.TestSuite,setName/1[java.lang.String],0.0,1.0,1.0,0.0,3,0,1,3,0,0,1,0,0,0
C:\Users\sugii syuji\gitProject\junit4\src\main\java\junit\framework\TestSuite.java,junit.framework.TestSuite,testAt/1[int],1.0,0.0,0.0,1.0,4,0,1,3,1,0,1,0,0,0
C:\Users\sugii syuji\gitProject\junit4\src\main\java\junit\framework\TestSuite.java,junit.framework.TestSuite,warning/1[java.lang.String],0.0,0.0,-1.0,0.0,4,1,1,8,1,0,1,0,1,0
C:\Users\sugii syuji\gitProject\junit4\src\test\java\org\junit\internal\runners\ErrorReportingRunnerTest.java,org.junit.internal.runners.ErrorReportingRunnerTest.1,fireTestFailure/1[org.junit.runner.notification.Failure],0.0,0.0,-1.0,0.0,0,0,1,4,0,0,1,0,0,0
C:\Users\sugii syuji\gitProject\junit4\src\main\java\org\junit\runner\OrderWithValidator.java,org.junit.runner.OrderWithValidator,validateAnnotatedClass/1[org.junit.runners.model.TestClass],2.0,0.0,0.0,2.0,2,1,2,6,2,0,1,0,0,0
C:\Users\sugii syuji\gitProject\junit4\src\main\java\org\junit\matchers\JUnitMatchers.java,org.junit.matchers.JUnitMatchers,containsString/1[java.lang.String],0.0,0.0,-1.0,0.0,0,0,1,3,1,0,1,0,0,0
C:\Users\sugii syuji\gitProject\junit4\src\main\java\org\junit\matchers\JUnitMatchers.java,org.junit.matchers.JUnitMatchers,hasItem/1[T],0.0,0.0,-1.0,0.0,0,0,1,3,1,0,1,0,0,0
C:\Users\sugii syuji\gitProject\junit4\src\main\java\org\junit\matchers\JUnitMatchers.java,org.junit.matchers.JUnitMatchers,hasItems/1[T[]],0.0,0.0,-1.0,0.0,0,0,1,3,1,0,1,0,0,0
C:\Users\sugii syuji\gitProject\junit4\src\test\java\org\junit\tests\experimental\theories\runner\FailingDataPointMethods.java,org.junit.tests.experimental.theories.runner.FailingDataPointMethods.HasWronglyIgnoredFailingSingleDataPointMethod,theory/1[int],0.0,0.0,-1.0,0.0,0,0,1,2,0,0,1,0,0,0
C:\Users\sugii syuji\gitProject\junit4\src\test\java\org\junit\tests\junit3compatibility\ForwardCompatibilityTest.java,org.junit.tests.junit3compatibility.ForwardCompatibilityTest.1,endTest/1[junit.framework.Test],0.0,0.0,-1.0,0.0,0,0,1,3,0,0,1,0,0,0
C:\Users\sugii syuji\gitProject\junit4\src\test\java\org\junit\tests\junit3compatibility\ForwardCompatibilityTest.java,org.junit.tests.junit3compatibility.ForwardCompatibilityTest.1,startTest/1[junit.framework.Test],0.0,0.0,-1.0,0.0,0,0,1,3,0,0,1,0,0,0
C:\Users\sugii syuji\gitProject\junit4\src\test\java\org\junit\tests\running\methods\TestMethodTest.java,org.junit.tests.running.methods.TestMethodTest.Confused,a/1[java.lang.Object],0.0,0.0,-1.0,0.0,0,0,1,2,0,0,1,0,0,0
C:\Users\sugii syuji\gitProject\junit4\src\test\java\org\junit\tests\running\methods\TestMethodTest.java,org.junit.tests.running.methods.TestMethodTest.EverythingWrong,argumentsA/1[int],0.0,0.0,-1.0,0.0,0,0,1,2,0,0,1,0,0,0
C:\Users\sugii syuji\gitProject\junit4\src\test\java\org\junit\tests\running\methods\TestMethodTest.java,org.junit.tests.running.methods.TestMethodTest.EverythingWrong,argumentsAC/1[int],0.0,0.0,-1.0,0.0,0,0,1,2,0,0,1,0,0,0
C:\Users\sugii syuji\gitProject\junit4\src\test\java\org\junit\tests\running\methods\TestMethodTest.java,org.junit.tests.running.methods.TestMethodTest.EverythingWrong,argumentsB/1[int],0.0,0.0,-1.0,0.0,0,0,1,2,0,0,1,0,0,0
C:\Users\sugii syuji\gitProject\junit4\src\test\java\org\junit\tests\running\methods\TestMethodTest.java,org.junit.tests.running.methods.TestMethodTest.EverythingWrong,argumentsBC/1[int],0.0,0.0,-1.0,0.0,0,0,1,2,0,0,1,0,0,0
C:\Users\sugii syuji\gitProject\junit4\src\test\java\org\junit\tests\running\methods\TestMethodTest.java,org.junit.tests.running.methods.TestMethodTest.EverythingWrong,argumentsT/1[int],0.0,0.0,-1.0,0.0,0,0,1,2,0,0,1,0,0,0
C:\Users\sugii syuji\gitProject\junit4\src\main\java\org\junit\internal\Throwables.java,org.junit.internal.Throwables.1,get/1[int],1.0,0.0,0.0,1.0,0,0,1,3,1,0,1,0,0,0
C:\Users\sugii syuji\gitProject\junit4\src\test\java\org\junit\internal\MethodSorterTest.java,org.junit.internal.MethodSorterTest.DummySortWithoutAnnotation,beta/1[int[][]],0.0,0.0,-1.0,0.0,0,0,1,2,0,0,1,0,0,0
C:\Users\sugii syuji\gitProject\junit4\src\test\java\org\junit\internal\MethodSorterTest.java,org.junit.internal.MethodSorterTest.DummySortWithoutAnnotation,gamma/1[boolean],0.0,0.0,-1.0,0.0,0,0,1,2,0,0,1,0,0,0
C:\Users\sugii syuji\gitProject\junit4\src\test\java\org\junit\tests\experimental\theories\runner\TypeMatchingBetweenMultiDataPointsMethod.java,org.junit.tests.experimental.theories.runner.TypeMatchingBetweenMultiDataPointsMethod.WithWrongfullyTypedDataPointsMethod,testTheory/1[java.lang.String[]],0.0,0.0,-1.0,0.0,0,0,1,2,0,0,1,0,0,0
C:\Users\sugii syuji\gitProject\junit4\src\test\java\org\junit\tests\experimental\theories\extendingwithstubs\GuesserQueue.java,org.junit.tests.experimental.theories.extendingwithstubs.GuesserQueue,remove/1[int],0.0,2.0,1.0,0.0,1,0,1,4,1,0,1,0,0,0
C:\Users\sugii syuji\gitProject\junit4\src\test\java\org\junit\tests\experimental\theories\extendingwithstubs\GuesserQueue.java,org.junit.tests.experimental.theories.extendingwithstubs.GuesserQueue,update/1[org.junit.internal.AssumptionViolatedException],0.0,1.0,1.0,0.0,1,1,2,5,0,0,1,0,0,0
C:\Users\sugii syuji\gitProject\junit4\src\test\java\org\junit\tests\experimental\theories\runner\FailingDataPointMethods.java,org.junit.tests.experimental.theories.runner.FailingDataPointMethods.HasWronglyIgnoredFailingMultipleDataPointMethod,theory/1[int],0.0,0.0,-1.0,0.0,0,0,1,2,0,0,1,0,0,0
C:\Users\sugii syuji\gitProject\junit4\src\main\java\org\junit\runners\ParentRunner.java,org.junit.runners.ParentRunner.1,schedule/1[java.lang.Runnable],0.0,0.0,-1.0,0.0,0,0,1,3,0,0,1,0,0,0
C:\Users\sugii syuji\gitProject\junit4\src\test\java\org\junit\tests\experimental\theories\runner\WithExtendedParameterSources.java,org.junit.tests.experimental.theories.runner.WithExtendedParameterSources.ShouldRejectTheoriesWithOnlyDisallowedNullData,allStringsAreNonNull/1[java.lang.String],0.0,0.0,-1.0,0.0,0,0,1,2,0,0,1,0,0,0
C:\Users\sugii syuji\gitProject\junit4\src\test\java\org\junit\runner\FilterOptionIntegrationTest.java,org.junit.runner.FilterOptionIntegrationTest,runJUnit/1[java.lang.String[]],0.0,0.0,-1.0,0.0,4,1,1,3,1,0,1,0,0,0
C:\Users\sugii syuji\gitProject\junit4\src\test\java\org\junit\tests\experimental\theories\runner\UnsuccessfulWithDataPointFields.java,org.junit.tests.experimental.theories.runner.UnsuccessfulWithDataPointFields.TheoriesMustBePublic,numbers/1[int],0.0,0.0,-1.0,0.0,0,0,1,2,0,0,1,0,0,0
C:\Users\sugii syuji\gitProject\junit4\src\main\java\junit\framework\JUnit4TestAdapter.java,junit.framework.JUnit4TestAdapter,filter/1[org.junit.runner.manipulation.Filter],0.0,1.0,1.0,0.0,0,1,1,3,0,0,1,0,0,0
C:\Users\sugii syuji\gitProject\junit4\src\main\java\junit\framework\JUnit4TestAdapter.java,junit.framework.JUnit4TestAdapter,isIgnored/1[org.junit.runner.Description],2.0,0.0,0.0,2.0,1,1,2,3,1,0,1,0,0,0
C:\Users\sugii syuji\gitProject\junit4\src\main\java\junit\framework\JUnit4TestAdapter.java,junit.framework.JUnit4TestAdapter,order/1[org.junit.runner.manipulation.Orderer],0.0,1.0,1.0,0.0,0,1,1,3,0,0,1,0,0,0
C:\Users\sugii syuji\gitProject\junit4\src\main\java\junit\framework\JUnit4TestAdapter.java,junit.framework.JUnit4TestAdapter,removeIgnored/1[org.junit.runner.Description],2.0,0.0,0.0,1.0,2,6,4,13,2,2,1,1,0,0
C:\Users\sugii syuji\gitProject\junit4\src\main\java\junit\framework\JUnit4TestAdapter.java,junit.framework.JUnit4TestAdapter,run/1[junit.framework.TestResult],1.0,0.0,0.0,1.0,0,2,1,3,0,0,1,0,0,0
C:\Users\sugii syuji\gitProject\junit4\src\main\java\junit\framework\JUnit4TestAdapter.java,junit.framework.JUnit4TestAdapter,sort/1[org.junit.runner.manipulation.Sorter],0.0,1.0,1.0,0.0,0,1,1,3,0,0,1,0,0,0
C:\Users\sugii syuji\gitProject\junit4\src\main\java\org\junit\runner\notification\RunNotifier.java,org.junit.runner.notification.RunNotifier.6,notifyListener/1[org.junit.runner.notification.RunListener],0.0,0.0,-1.0,0.0,0,9,2,5,0,0,1,1,0,0
C:\Users\sugii syuji\gitProject\junit4\src\test\java\org\junit\tests\experimental\theories\internal\SpecificDataPointsSupplierTest.java,org.junit.tests.experimental.theories.internal.SpecificDataPointsSupplierTest,methodWantingAllNamedStrings/1[java.lang.String],0.0,0.0,-1.0,0.0,0,0,1,2,0,0,1,0,0,0
C:\Users\sugii syuji\gitProject\junit4\src\test\java\org\junit\tests\experimental\theories\internal\SpecificDataPointsSupplierTest.java,org.junit.tests.experimental.theories.internal.SpecificDataPointsSupplierTest,methodWantingAnyString/1[java.lang.String],0.0,0.0,-1.0,0.0,0,0,1,2,0,0,1,0,0,0
C:\Users\sugii syuji\gitProject\junit4\src\test\java\org\junit\tests\experimental\theories\internal\SpecificDataPointsSupplierTest.java,org.junit.tests.experimental.theories.internal.SpecificDataPointsSupplierTest,methodWantingNamedFieldString/1[java.lang.String],0.0,0.0,-1.0,0.0,0,0,1,2,0,0,1,0,0,0
C:\Users\sugii syuji\gitProject\junit4\src\test\java\org\junit\tests\experimental\theories\internal\SpecificDataPointsSupplierTest.java,org.junit.tests.experimental.theories.internal.SpecificDataPointsSupplierTest,methodWantingNamedMethodString/1[java.lang.String],0.0,0.0,-1.0,0.0,0,0,1,2,0,0,1,0,0,0
C:\Users\sugii syuji\gitProject\junit4\src\test\java\org\junit\tests\experimental\theories\internal\SpecificDataPointsSupplierTest.java,org.junit.tests.experimental.theories.internal.SpecificDataPointsSupplierTest,methodWantingNamedSingleFieldString/1[java.lang.String],0.0,0.0,-1.0,0.0,0,0,1,2,0,0,1,0,0,0
C:\Users\sugii syuji\gitProject\junit4\src\test\java\org\junit\tests\experimental\theories\internal\SpecificDataPointsSupplierTest.java,org.junit.tests.experimental.theories.internal.SpecificDataPointsSupplierTest,methodWantingNamedSingleMethodString/1[java.lang.String],0.0,0.0,-1.0,0.0,0,0,1,2,0,0,1,0,0,0
C:\Users\sugii syuji\gitProject\junit4\src\test\java\org\junit\tests\experimental\theories\internal\SpecificDataPointsSupplierTest.java,org.junit.tests.experimental.theories.internal.SpecificDataPointsSupplierTest,methodWantingWrongNamedString/1[java.lang.String],0.0,0.0,-1.0,0.0,0,0,1,2,0,0,1,0,0,0
C:\Users\sugii syuji\gitProject\junit4\src\test\java\org\junit\tests\experimental\theories\internal\SpecificDataPointsSupplierTest.java,org.junit.tests.experimental.theories.internal.SpecificDataPointsSupplierTest,signature/1[java.lang.String],4.0,0.0,0.0,4.0,6,1,1,3,1,0,1,0,0,0
C:\Users\sugii syuji\gitProject\junit4\src\test\java\org\junit\rules\TestWatcherTest.java,org.junit.rules.TestWatcherTest.Callbacks.ErroneousTestWatcher,finished/1[org.junit.runner.Description],0.0,0.0,-1.0,0.0,0,0,1,3,0,0,1,0,0,0
C:\Users\sugii syuji\gitProject\junit4\src\test\java\org\junit\rules\TestWatcherTest.java,org.junit.rules.TestWatcherTest.Callbacks.ErroneousTestWatcher,starting/1[org.junit.runner.Description],0.0,0.0,-1.0,0.0,0,0,1,3,0,0,1,0,0,0
C:\Users\sugii syuji\gitProject\junit4\src\test\java\org\junit\rules\TestWatcherTest.java,org.junit.rules.TestWatcherTest.Callbacks.ErroneousTestWatcher,succeeded/1[org.junit.runner.Description],0.0,0.0,-1.0,0.0,0,0,1,3,0,0,1,0,0,0
C:\Users\sugii syuji\gitProject\junit4\src\test\java\org\junit\tests\experimental\max\MaxStarterTest.java,org.junit.tests.experimental.max.MaxStarterTest.2,shouldRun/1[org.junit.runner.Description],0.0,0.0,-1.0,0.0,1,5,1,3,1,0,1,0,0,0
C:\Users\sugii syuji\gitProject\junit4\src\test\java\org\junit\runner\notification\RunNotifierTest.java,org.junit.runner.notification.RunNotifierTest.CountingListener,testStarted/1[org.junit.runner.Description],0.0,0.0,-1.0,0.0,0,0,1,3,0,0,1,0,0,0
C:\Users\sugii syuji\gitProject\junit4\src\main\java\org\junit\ComparisonFailure.java,org.junit.ComparisonFailure.ComparisonCompactor.DiffExtractor,extractDiff/1[java.lang.String],2.0,0.0,0.0,1.0,2,0,1,3,1,0,1,0,0,0
C:\Users\sugii syuji\gitProject\junit4\src\test\java\org\junit\tests\running\classes\ParentRunnerTest.java,org.junit.tests.running.classes.ParentRunnerTest.1,schedule/1[java.lang.Runnable],2.0,0.0,0.0,1.0,0,0,1,5,0,0,1,0,0,0
C:\Users\sugii syuji\gitProject\junit4\src\main\java\org\junit\rules\ErrorCollector.java,org.junit.rules.ErrorCollector,addError/1[java.lang.Throwable],1.0,0.0,0.0,1.0,7,0,3,13,0,1,1,0,0,0
C:\Users\sugii syuji\gitProject\junit4\src\main\java\org\junit\runner\manipulation\Filter.java,org.junit.runner.manipulation.Filter.1,apply/1[java.lang.Object],0.0,0.0,-1.0,0.0,0,0,1,2,0,0,1,0,0,0
C:\Users\sugii syuji\gitProject\junit4\src\main\java\org\junit\runner\manipulation\Filter.java,org.junit.runner.manipulation.Filter.1,intersect/1[org.junit.runner.manipulation.Filter],0.0,0.0,-1.0,0.0,0,0,1,3,1,0,1,0,0,0
C:\Users\sugii syuji\gitProject\junit4\src\main\java\org\junit\runner\manipulation\Filter.java,org.junit.runner.manipulation.Filter.1,shouldRun/1[org.junit.runner.Description],0.0,0.0,-1.0,0.0,1,5,1,3,1,0,1,0,0,0
C:\Users\sugii syuji\gitProject\junit4\src\main\java\org\junit\internal\Throwables.java,org.junit.internal.Throwables.State.3,processLine/1[java.lang.String],0.0,2.0,1.0,0.0,0,2,3,9,3,0,1,0,0,0
C:\Users\sugii syuji\gitProject\junit4\src\main\java\org\junit\experimental\max\MaxHistory.java,org.junit.experimental.max.MaxHistory,forFolder/1[java.io.File],0.0,0.0,-1.0,0.0,1,2,3,12,2,0,1,0,0,0
C:\Users\sugii syuji\gitProject\junit4\src\main\java\org\junit\experimental\max\MaxHistory.java,org.junit.experimental.max.MaxHistory,getFailureTimestamp/1[org.junit.runner.Description],1.0,0.0,0.0,1.0,1,1,1,3,1,0,1,0,0,0
C:\Users\sugii syuji\gitProject\junit4\src\main\java\org\junit\experimental\max\MaxHistory.java,org.junit.experimental.max.MaxHistory,getTestDuration/1[org.junit.runner.Description],1.0,0.0,0.0,1.0,1,1,1,3,1,0,1,0,0,0
C:\Users\sugii syuji\gitProject\junit4\src\main\java\org\junit\experimental\max\MaxHistory.java,org.junit.experimental.max.MaxHistory,isNewTest/1[org.junit.runner.Description],0.0,0.0,-1.0,0.0,1,1,1,3,1,0,1,0,0,0
C:\Users\sugii syuji\gitProject\junit4\src\main\java\org\junit\experimental\max\MaxHistory.java,org.junit.experimental.max.MaxHistory,readHistory/1[java.io.File],0.0,0.0,-1.0,0.0,1,1,2,20,1,2,1,0,0,0
C:\Users\sugii syuji\gitProject\junit4\src\main\java\org\junit\validator\AnnotationsValidator.java,org.junit.validator.AnnotationsValidator.ClassValidator,getAnnotatablesForTestClass/1[org.junit.runners.model.TestClass],0.0,0.0,-1.0,0.0,0,0,1,3,1,0,1,0,0,0
C:\Users\sugii syuji\gitProject\junit4\src\test\java\org\junit\runner\notification\SynchronizedRunListenerTest.java,org.junit.runner.notification.SynchronizedRunListenerTest.MethodSignature,equals/1[java.lang.Object],0.0,0.0,-1.0,0.0,0,0,3,10,3,1,1,0,0,0
C:\Users\sugii syuji\gitProject\junit4\src\main\java\org\junit\experimental\categories\CategoryFilterFactory.java,org.junit.experimental.categories.CategoryFilterFactory,createFilter/1[org.junit.runner.FilterFactoryParams],1.0,0.0,0.0,1.0,2,4,2,8,1,0,1,0,0,0
C:\Users\sugii syuji\gitProject\junit4\src\main\java\org\junit\experimental\categories\CategoryFilterFactory.java,org.junit.experimental.categories.CategoryFilterFactory,parseCategories/1[java.lang.String],2.0,0.0,0.0,2.0,1,1,2,8,1,2,1,1,0,0
C:\Users\sugii syuji\gitProject\junit4\src\main\java\org\junit\experimental\theories\internal\BooleanSupplier.java,org.junit.experimental.theories.internal.BooleanSupplier,getValueSources/1[org.junit.experimental.theories.ParameterSignature],0.0,0.0,-1.0,0.0,1,1,1,3,1,0,1,0,0,0
C:\Users\sugii syuji\gitProject\junit4\src\test\java\org\junit\tests\experimental\theories\runner\WithExtendedParameterSources.java,org.junit.tests.experimental.theories.runner.WithExtendedParameterSources.DataPointMalformedArrayMethods,addToLog/1[java.lang.String],0.0,1.0,1.0,0.0,0,0,1,3,0,0,1,0,0,0
C:\Users\sugii syuji\gitProject\junit4\src\test\java\org\junit\tests\experimental\theories\runner\WithUnresolvedGenericTypeVariablesOnTheoryParms.java,org.junit.tests.experimental.theories.runner.WithUnresolvedGenericTypeVariablesOnTheoryParms.TypeVariableOnArrayTypeOnTheoryParm,forItems/1[T[]],0.0,0.0,-1.0,0.0,0,0,1,2,0,0,1,0,0,0
C:\Users\sugii syuji\gitProject\junit4\src\test\java\org\junit\tests\experimental\theories\runner\WithNamedDataPoints.java,org.junit.tests.experimental.theories.runner.WithNamedDataPoints.HasSpecificDatapointsParameters,theory/1[java.lang.String],0.0,0.0,-1.0,0.0,0,0,1,2,0,0,1,0,0,0
C:\Users\sugii syuji\gitProject\junit4\src\main\java\org\junit\runners\parameterized\BlockJUnit4ClassRunnerWithParametersFactory.java,org.junit.runners.parameterized.BlockJUnit4ClassRunnerWithParametersFactory,createRunnerForTestWithParameters/1[org.junit.runners.parameterized.TestWithParameters],0.0,0.0,-1.0,0.0,0,1,1,3,1,0,1,0,0,0
C:\Users\sugii syuji\gitProject\junit4\src\test\java\org\junit\rules\BlockJUnit4ClassRunnerOverrideTest.java,org.junit.rules.BlockJUnit4ClassRunnerOverrideTest.OverrideCreateTestRunner,createTest/1[org.junit.runners.model.FrameworkMethod],1.0,0.0,0.0,1.0,0,1,1,5,1,1,1,0,0,0
C:\Users\sugii syuji\gitProject\junit4\src\test\java\org\junit\tests\running\methods\TimeoutTest.java,org.junit.tests.running.methods.TimeoutTest.TimeoutSubclass,getTimeoutFromSuperclass/1[java.util.concurrent.TimeUnit],1.0,0.0,0.0,1.0,1,0,1,3,1,0,1,0,0,0
C:\Users\sugii syuji\gitProject\junit4\src\test\java\org\junit\tests\experimental\theories\runner\WithExtendedParameterSources.java,org.junit.tests.experimental.theories.runner.WithExtendedParameterSources.DataPointArrayToBeUsedForWholeParameter,addToLog/1[java.lang.String[]],0.0,1.0,1.0,0.0,0,0,1,3,0,0,1,0,0,0
C:\Users\sugii syuji\gitProject\junit4\src\main\java\org\junit\Assert.java,org.junit.Assert,assertFalse/1[boolean],0.0,0.0,-1.0,0.0,20,1,1,3,0,0,1,0,0,0
C:\Users\sugii syuji\gitProject\junit4\src\main\java\org\junit\Assert.java,org.junit.Assert,assertNotNull/1[java.lang.Object],0.0,0.0,-1.0,0.0,2,1,1,3,0,0,1,0,0,0
C:\Users\sugii syuji\gitProject\junit4\src\main\java\org\junit\Assert.java,org.junit.Assert,assertNull/1[java.lang.Object],0.0,0.0,-1.0,0.0,5,1,1,3,0,0,1,0,0,0
C:\Users\sugii syuji\gitProject\junit4\src\main\java\org\junit\Assert.java,org.junit.Assert,assertTrue/1[boolean],0.0,0.0,-1.0,0.0,98,1,1,3,0,0,1,0,0,0
C:\Users\sugii syuji\gitProject\junit4\src\main\java\org\junit\Assert.java,org.junit.Assert,buildPrefix/1[java.lang.String],0.0,0.0,-1.0,0.0,1,0,3,3,1,0,1,0,0,0
C:\Users\sugii syuji\gitProject\junit4\src\main\java\org\junit\Assert.java,org.junit.Assert,fail/1[java.lang.String],0.0,0.0,-1.0,0.0,41,0,2,6,0,0,1,0,0,0
C:\Users\sugii syuji\gitProject\junit4\src\main\java\org\junit\Assert.java,org.junit.Assert,failSame/1[java.lang.String],0.0,0.0,-1.0,0.0,1,1,2,7,0,1,1,0,0,0
C:\Users\sugii syuji\gitProject\junit4\src\main\java\org\junit\internal\management\ManagementFactory.java,org.junit.internal.management.ManagementFactory.RuntimeHolder,getBean/1[java.lang.Object],0.0,0.0,-1.0,0.0,0,2,2,3,1,0,1,0,0,0
C:\Users\sugii syuji\gitProject\junit4\src\test\java\org\junit\runners\CustomBlockJUnit4ClassRunnerTest.java,org.junit.runners.CustomBlockJUnit4ClassRunnerTest.CustomBlockJUnit4ClassRunner,methodBlock/1[org.junit.runners.model.FrameworkMethod],1.0,0.0,0.0,1.0,0,1,2,6,1,0,1,0,0,0
C:\Users\sugii syuji\gitProject\junit4\src\main\java\org\junit\runners\model\RunnerBuilder.java,org.junit.runners.model.RunnerBuilder,configureRunner/1[org.junit.runner.Runner],3.0,0.0,0.0,3.0,1,5,2,8,0,3,1,0,0,0
C:\Users\sugii syuji\gitProject\junit4\src\test\java\junit\tests\runner\TextRunnerTest.java,junit.tests.runner.TextRunnerTest.1,write/1[int],0.0,0.0,-1.0,0.0,0,0,1,2,0,0,1,0,0,0
C:\Users\sugii syuji\gitProject\junit4\src\main\java\org\junit\rules\TemporaryFolder.java,org.junit.rules.TemporaryFolder,createTemporaryFolderIn/1[java.io.File],1.0,0.0,0.0,1.0,2,2,6,23,2,2,1,0,0,0
C:\Users\sugii syuji\gitProject\junit4\src\main\java\org\junit\rules\TemporaryFolder.java,org.junit.rules.TemporaryFolder,createTemporaryFolderWithFileApi/1[java.io.File],0.0,3.0,1.0,0.0,1,0,3,16,1,6,1,1,0,0
C:\Users\sugii syuji\gitProject\junit4\src\main\java\org\junit\rules\TemporaryFolder.java,org.junit.rules.TemporaryFolder,createTemporaryFolderWithNioApi/1[java.io.File],8.0,2.0,0.2,3.0,1,0,2,16,1,7,1,0,0,0
C:\Users\sugii syuji\gitProject\junit4\src\main\java\org\junit\rules\TemporaryFolder.java,org.junit.rules.TemporaryFolder,newFile/1[java.lang.String],0.0,1.0,1.0,0.0,8,1,2,7,1,1,1,0,0,0
C:\Users\sugii syuji\gitProject\junit4\src\main\java\org\junit\rules\TemporaryFolder.java,org.junit.rules.TemporaryFolder,newFolder/1[java.lang.String],0.0,0.0,-1.0,0.0,9,1,1,3,1,0,1,0,0,0
C:\Users\sugii syuji\gitProject\junit4\src\main\java\org\junit\rules\TemporaryFolder.java,org.junit.rules.TemporaryFolder,newFolder/1[java.lang.String[]],5.0,1.0,0.16666667,2.0,8,1,9,31,1,4,1,2,0,0
C:\Users\sugii syuji\gitProject\junit4\src\main\java\org\junit\rules\TemporaryFolder.java,org.junit.rules.TemporaryFolder,recursiveDelete/1[java.io.File],0.0,0.0,-1.0,0.0,2,1,5,14,3,1,1,1,0,0
C:\Users\sugii syuji\gitProject\junit4\src\main\java\org\junit\internal\management\ManagementFactory.java,org.junit.internal.management.ManagementFactory.FactoryHolder,getBeanObject/1[java.lang.String],1.0,1.0,0.5,1.0,0,0,7,18,2,0,1,0,0,0
C:\Users\sugii syuji\gitProject\junit4\src\main\java\org\junit\internal\runners\model\EachTestNotifier.java,org.junit.internal.runners.model.EachTestNotifier,addFailedAssumption/1[org.junit.internal.AssumptionViolatedException],0.0,1.0,1.0,0.0,2,2,1,3,0,0,1,0,0,0
C:\Users\sugii syuji\gitProject\junit4\src\main\java\org\junit\internal\runners\model\EachTestNotifier.java,org.junit.internal.runners.model.EachTestNotifier,addFailure/1[java.lang.Throwable],0.0,1.0,1.0,0.0,3,3,2,8,0,0,1,0,0,0
C:\Users\sugii syuji\gitProject\junit4\src\main\java\org\junit\internal\runners\model\EachTestNotifier.java,org.junit.internal.runners.model.EachTestNotifier,addMultipleFailureException/1[org.junit.runners.model.MultipleFailureException],1.0,0.0,0.0,1.0,1,2,2,5,0,0,1,1,0,0
C:\Users\sugii syuji\gitProject\junit4\src\test\java\org\junit\tests\running\methods\ParameterizedTestMethodTest.java,org.junit.tests.running.methods.ParameterizedTestMethodTest.EverythingWrong,argumentsA/1[int],0.0,0.0,-1.0,0.0,0,0,1,2,0,0,1,0,0,0
C:\Users\sugii syuji\gitProject\junit4\src\test\java\org\junit\tests\running\methods\ParameterizedTestMethodTest.java,org.junit.tests.running.methods.ParameterizedTestMethodTest.EverythingWrong,argumentsAC/1[int],0.0,0.0,-1.0,0.0,0,0,1,2,0,0,1,0,0,0
C:\Users\sugii syuji\gitProject\junit4\src\test\java\org\junit\tests\running\methods\ParameterizedTestMethodTest.java,org.junit.tests.running.methods.ParameterizedTestMethodTest.EverythingWrong,argumentsB/1[int],0.0,0.0,-1.0,0.0,0,0,1,2,0,0,1,0,0,0
C:\Users\sugii syuji\gitProject\junit4\src\test\java\org\junit\tests\running\methods\ParameterizedTestMethodTest.java,org.junit.tests.running.methods.ParameterizedTestMethodTest.EverythingWrong,argumentsBC/1[int],0.0,0.0,-1.0,0.0,0,0,1,2,0,0,1,0,0,0
C:\Users\sugii syuji\gitProject\junit4\src\test\java\org\junit\tests\running\methods\ParameterizedTestMethodTest.java,org.junit.tests.running.methods.ParameterizedTestMethodTest.EverythingWrong,argumentsT/1[int],0.0,0.0,-1.0,0.0,0,0,1,2,0,0,1,0,0,0
C:\Users\sugii syuji\gitProject\junit4\src\main\java\org\junit\internal\matchers\ThrowableCauseMatcher.java,org.junit.internal.matchers.ThrowableCauseMatcher,matchesSafely/1[T],1.0,0.0,0.0,1.0,0,0,1,3,1,0,1,0,0,0
C:\Users\sugii syuji\gitProject\junit4\src\main\java\org\junit\experimental\max\MaxHistory.java,org.junit.experimental.max.MaxHistory.TestComparator,getFailure/1[org.junit.runner.Description],1.0,0.0,0.0,1.0,1,1,2,7,2,1,1,0,0,0
C:\Users\sugii syuji\gitProject\junit4\src\test\java\org\junit\tests\experimental\theories\extendingwithstubs\StubbedTheories.java,org.junit.tests.experimental.theories.extendingwithstubs.StubbedTheories.StubbedTheoryAnchor,createGuesserQueue/1[org.junit.experimental.theories.internal.Assignments],2.0,0.0,0.0,2.0,1,7,2,9,2,2,1,0,0,0
C:\Users\sugii syuji\gitProject\junit4\src\test\java\org\junit\tests\experimental\theories\extendingwithstubs\StubbedTheories.java,org.junit.tests.experimental.theories.extendingwithstubs.StubbedTheories.StubbedTheoryAnchor,handleAssumptionViolation/1[org.junit.internal.AssumptionViolatedException],0.0,1.0,1.0,0.0,0,1,2,6,0,0,1,1,0,0
C:\Users\sugii syuji\gitProject\junit4\src\test\java\org\junit\tests\experimental\theories\extendingwithstubs\StubbedTheories.java,org.junit.tests.experimental.theories.extendingwithstubs.StubbedTheories.StubbedTheoryAnchor,runWithIncompleteAssignment/1[org.junit.experimental.theories.internal.Assignments],0.0,0.0,-1.0,0.0,0,4,2,6,0,1,1,1,0,0
C:\Users\sugii syuji\gitProject\junit4\src\main\java\org\junit\experimental\theories\ParameterSupplier.java,org.junit.experimental.theories.ParameterSupplier,getValueSources/1[org.junit.experimental.theories.ParameterSignature],0.0,0.0,-1.0,0.0,1,0,1,1,0,0,1,0,0,0
C:\Users\sugii syuji\gitProject\junit4\src\test\java\org\junit\tests\experimental\theories\runner\UnsuccessfulWithDataPointFields.java,org.junit.tests.experimental.theories.runner.UnsuccessfulWithDataPointFields.NullsOK,everythingIsA/1[java.lang.String],0.0,0.0,-1.0,0.0,0,0,1,3,0,0,1,0,0,0
C:\Users\sugii syuji\gitProject\junit4\src\test\java\org\junit\tests\junit3compatibility\InitializationErrorForwardCompatibilityTest.java,org.junit.tests.junit3compatibility.InitializationErrorForwardCompatibilityTest.ErrorRememberingListener,endTest/1[junit.framework.Test],0.0,0.0,-1.0,0.0,0,0,1,2,0,0,1,0,0,0
C:\Users\sugii syuji\gitProject\junit4\src\test\java\org\junit\tests\junit3compatibility\InitializationErrorForwardCompatibilityTest.java,org.junit.tests.junit3compatibility.InitializationErrorForwardCompatibilityTest.ErrorRememberingListener,startTest/1[junit.framework.Test],0.0,0.0,-1.0,0.0,0,0,1,2,0,0,1,0,0,0
C:\Users\sugii syuji\gitProject\junit4\src\test\java\org\junit\tests\experimental\theories\runner\SuccessfulWithDataPointFields.java,org.junit.tests.experimental.theories.runner.SuccessfulWithDataPointFields.NewObjectEachTime,addToEmptyList/1[java.lang.String],0.0,0.0,-1.0,0.0,0,0,1,4,0,0,1,0,0,0
C:\Users\sugii syuji\gitProject\junit4\src\test\java\org\junit\tests\experimental\theories\runner\WithUnresolvedGenericTypeVariablesOnTheoryParms.java,org.junit.tests.experimental.theories.runner.WithUnresolvedGenericTypeVariablesOnTheoryParms.TypeVariableOnTheoryParm,forItem/1[T],0.0,0.0,-1.0,0.0,0,0,1,2,0,0,1,0,0,0
C:\Users\sugii syuji\gitProject\junit4\src\main\java\org\junit\runner\manipulation\Ordering.java,org.junit.runner.manipulation.Ordering,apply/1[java.lang.Object],0.0,0.0,-1.0,0.0,2,2,2,6,0,1,1,0,0,0
C:\Users\sugii syuji\gitProject\junit4\src\main\java\org\junit\runner\manipulation\Ordering.java,org.junit.runner.manipulation.Ordering,shuffledBy/1[java.util.Random],0.0,0.0,-1.0,0.0,0,1,1,13,1,0,1,0,1,0
C:\Users\sugii syuji\gitProject\junit4\src\main\java\org\junit\Assume.java,org.junit.Assume,assumeFalse/1[boolean],0.0,0.0,-1.0,0.0,1,1,1,3,0,0,1,0,0,0
C:\Users\sugii syuji\gitProject\junit4\src\main\java\org\junit\Assume.java,org.junit.Assume,assumeNoException/1[java.lang.Throwable],0.0,0.0,-1.0,0.0,1,1,1,3,0,0,1,0,0,0
C:\Users\sugii syuji\gitProject\junit4\src\main\java\org\junit\Assume.java,org.junit.Assume,assumeNotNull/1[java.lang.Object[]],0.0,0.0,-1.0,0.0,6,1,1,4,0,0,1,0,0,0
C:\Users\sugii syuji\gitProject\junit4\src\main\java\org\junit\Assume.java,org.junit.Assume,assumeTrue/1[boolean],0.0,0.0,-1.0,0.0,20,1,1,3,0,0,1,0,0,0
C:\Users\sugii syuji\gitProject\junit4\src\test\java\org\junit\tests\experimental\theories\internal\AllMembersSupplierTest.java,org.junit.tests.experimental.theories.internal.AllMembersSupplierTest.HasDataPointsListField,theory/1[java.lang.String],0.0,0.0,-1.0,0.0,0,0,1,2,0,0,1,0,0,0
C:\Users\sugii syuji\gitProject\junit4\src\main\java\org\junit\internal\Throwables.java,org.junit.internal.Throwables.State.4,processLine/1[java.lang.String],0.0,0.0,-1.0,0.0,0,2,3,9,3,0,1,0,0,0
C:\Users\sugii syuji\gitProject\junit4\src\main\java\org\junit\runners\parameterized\BlockJUnit4ClassRunnerWithParameters.java,org.junit.runners.parameterized.BlockJUnit4ClassRunnerWithParameters,classBlock/1[org.junit.runner.notification.RunNotifier],0.0,0.0,-1.0,0.0,0,3,1,6,1,1,1,0,0,0
C:\Users\sugii syuji\gitProject\junit4\src\main\java\org\junit\runners\parameterized\BlockJUnit4ClassRunnerWithParameters.java,org.junit.runners.parameterized.BlockJUnit4ClassRunnerWithParameters,testName/1[org.junit.runners.model.FrameworkMethod],1.0,1.0,0.5,1.0,0,2,1,3,1,0,1,0,0,0
C:\Users\sugii syuji\gitProject\junit4\src\main\java\org\junit\runners\parameterized\BlockJUnit4ClassRunnerWithParameters.java,org.junit.runners.parameterized.BlockJUnit4ClassRunnerWithParameters,withAfterParams/1[org.junit.runners.model.Statement],3.0,0.0,0.0,3.0,1,3,2,4,1,1,1,0,0,0
C:\Users\sugii syuji\gitProject\junit4\src\main\java\org\junit\runners\parameterized\BlockJUnit4ClassRunnerWithParameters.java,org.junit.runners.parameterized.BlockJUnit4ClassRunnerWithParameters,withBeforeParams/1[org.junit.runners.model.Statement],3.0,0.0,0.0,3.0,1,3,2,4,1,1,1,0,0,0
C:\Users\sugii syuji\gitProject\junit4\src\main\java\org\junit\runners\parameterized\BlockJUnit4ClassRunnerWithParameters.java,org.junit.runners.parameterized.BlockJUnit4ClassRunnerWithParameters.RunAfterParams,invokeMethod/1[org.junit.runners.model.FrameworkMethod],2.0,0.0,0.0,2.0,0,2,2,4,0,1,1,0,0,0
C:\Users\sugii syuji\gitProject\junit4\src\main\java\org\junit\internal\runners\TestMethod.java,org.junit.internal.runners.TestMethod,invoke/1[java.lang.Object],0.0,0.0,-1.0,0.0,1,0,1,3,0,0,1,0,0,0
C:\Users\sugii syuji\gitProject\junit4\src\main\java\org\junit\internal\runners\TestMethod.java,org.junit.internal.runners.TestMethod,isUnexpected/1[java.lang.Throwable],1.0,1.0,0.5,1.0,1,1,1,3,1,0,1,0,0,0
C:\Users\sugii syuji\gitProject\junit4\src\main\java\org\junit\internal\runners\ClassRoadie.java,org.junit.internal.runners.ClassRoadie,addFailure/1[java.lang.Throwable],0.0,1.0,1.0,0.0,2,2,1,3,0,0,1,0,0,0
C:\Users\sugii syuji\gitProject\junit4\src\main\java\junit\framework\JUnit4TestCaseFacade.java,junit.framework.JUnit4TestCaseFacade,run/1[junit.framework.TestResult],0.0,0.0,-1.0,0.0,0,0,1,3,0,0,1,0,0,0
C:\Users\sugii syuji\gitProject\junit4\src\main\java\org\junit\experimental\results\ResultMatchers.java,org.junit.experimental.results.ResultMatchers.4,matchesSafely/1[org.junit.experimental.results.PrintableResult],0.0,0.0,-1.0,0.0,0,4,2,3,1,0,1,0,0,0
C:\Users\sugii syuji\gitProject\junit4\src\test\java\org\junit\runner\notification\SynchronizedRunListenerTest.java,org.junit.runner.notification.SynchronizedRunListenerTest.NamedListener,equals/1[java.lang.Object],0.0,0.0,-1.0,0.0,1,0,3,10,3,1,1,0,0,0
C:\Users\sugii syuji\gitProject\junit4\src\main\java\junit\runner\Version.java,junit.runner.Version,main/1[java.lang.String[]],0.0,0.0,-1.0,0.0,0,1,1,3,0,0,1,0,0,0
C:\Users\sugii syuji\gitProject\junit4\src\test\java\org\junit\rules\EventCollector.java,org.junit.rules.EventCollector.1,describeTo/1[org.hamcrest.Description],0.0,0.0,-1.0,0.0,0,0,1,5,0,0,1,0,0,0
C:\Users\sugii syuji\gitProject\junit4\src\test\java\org\junit\rules\EventCollector.java,org.junit.rules.EventCollector.1,matchesSafely/1[org.junit.rules.EventCollector],0.0,0.0,-1.0,0.0,0,3,2,3,1,0,1,0,0,0
C:\Users\sugii syuji\gitProject\junit4\src\main\java\org\junit\experimental\max\MaxHistory.java,org.junit.experimental.max.MaxHistory.RememberingListener,testFailure/1[org.junit.runner.notification.Failure],1.0,1.0,0.5,1.0,0,2,1,3,0,0,1,0,0,0
C:\Users\sugii syuji\gitProject\junit4\src\main\java\org\junit\experimental\max\MaxHistory.java,org.junit.experimental.max.MaxHistory.RememberingListener,testFinished/1[org.junit.runner.Description],1.0,0.0,0.0,1.0,0,1,1,5,0,2,1,0,0,0
C:\Users\sugii syuji\gitProject\junit4\src\main\java\org\junit\experimental\max\MaxHistory.java,org.junit.experimental.max.MaxHistory.RememberingListener,testRunFinished/1[org.junit.runner.Result],0.0,0.0,-1.0,0.0,0,1,1,3,0,0,1,0,0,0
C:\Users\sugii syuji\gitProject\junit4\src\main\java\org\junit\experimental\max\MaxHistory.java,org.junit.experimental.max.MaxHistory.RememberingListener,testStarted/1[org.junit.runner.Description],0.0,0.0,-1.0,0.0,0,0,1,3,0,0,1,0,0,0
C:\Users\sugii syuji\gitProject\junit4\src\test\java\junit\tests\runner\AllTests.java,junit.tests.runner.AllTests,main/1[java.lang.String[]],0.0,0.0,-1.0,0.0,0,2,1,3,0,0,1,0,0,0
C:\Users\sugii syuji\gitProject\junit4\src\main\java\org\junit\experimental\results\ResultMatchers.java,org.junit.experimental.results.ResultMatchers,failureCountIs/1[int],0.0,0.0,-1.0,0.0,13,0,1,11,1,0,1,0,1,0
C:\Users\sugii syuji\gitProject\junit4\src\main\java\org\junit\experimental\results\ResultMatchers.java,org.junit.experimental.results.ResultMatchers,hasFailureContaining/1[java.lang.String],0.0,0.0,-1.0,0.0,8,0,1,11,1,0,1,0,1,0
C:\Users\sugii syuji\gitProject\junit4\src\main\java\org\junit\experimental\results\ResultMatchers.java,org.junit.experimental.results.ResultMatchers,hasSingleFailureContaining/1[java.lang.String],0.0,0.0,-1.0,0.0,20,0,1,11,1,0,1,0,1,0
C:\Users\sugii syuji\gitProject\junit4\src\test\java\org\junit\internal\StackTracesTest.java,org.junit.internal.StackTracesTest,at/1[java.lang.String],0.0,0.0,-1.0,0.0,9,1,1,3,1,0,1,0,0,0
C:\Users\sugii syuji\gitProject\junit4\src\test\java\org\junit\internal\StackTracesTest.java,org.junit.internal.StackTracesTest,message/1[java.lang.String],0.0,0.0,-1.0,0.0,9,1,1,3,1,0,1,0,0,0
C:\Users\sugii syuji\gitProject\junit4\src\test\java\org\junit\tests\experimental\theories\runner\WithOnlyTestAnnotations.java,org.junit.tests.experimental.theories.runner.WithOnlyTestAnnotations.ErrorWhenTestHasParametersDespiteTheories,testMethod/1[int],0.0,0.0,-1.0,0.0,0,0,1,2,0,0,1,0,0,0
C:\Users\sugii syuji\gitProject\junit4\src\main\java\org\junit\experimental\results\ResultMatchers.java,org.junit.experimental.results.ResultMatchers.2,matches/1[java.lang.Object],0.0,0.0,-1.0,0.0,0,1,1,3,1,0,1,0,0,0
C:\Users\sugii syuji\gitProject\junit4\src\test\java\org\junit\tests\experimental\theories\internal\AllMembersSupplierTest.java,org.junit.tests.experimental.theories.internal.AllMembersSupplierTest.HasDataPointsArrayWithMatchingButInaccurateTypes,theory/1[java.lang.Integer],0.0,0.0,-1.0,0.0,0,0,1,2,0,0,1,0,0,0
C:\Users\sugii syuji\gitProject\junit4\src\test\java\org\junit\tests\running\classes\ParameterizedTestTest.java,org.junit.tests.running.classes.ParameterizedTestTest.BadIndexForAnnotatedFieldTest,fib/1[int],0.0,0.0,-1.0,0.0,1,0,1,3,1,0,1,0,0,0
C:\Users\sugii syuji\gitProject\junit4\src\main\java\org\junit\internal\matchers\StacktracePrintingMatcher.java,org.junit.internal.matchers.StacktracePrintingMatcher,matchesSafely/1[T],0.0,0.0,-1.0,0.0,0,0,1,3,1,0,1,0,0,0
C:\Users\sugii syuji\gitProject\junit4\src\main\java\org\junit\internal\matchers\StacktracePrintingMatcher.java,org.junit.internal.matchers.StacktracePrintingMatcher,readStacktrace/1[java.lang.Throwable],1.0,0.0,0.0,1.0,0,1,1,3,1,0,1,0,0,0
C:\Users\sugii syuji\gitProject\junit4\src\test\java\org\junit\rules\LoggingTestWatcher.java,org.junit.rules.LoggingTestWatcher,finished/1[org.junit.runner.Description],0.0,0.0,-1.0,0.0,0,0,1,3,0,0,1,0,0,0
C:\Users\sugii syuji\gitProject\junit4\src\test\java\org\junit\rules\LoggingTestWatcher.java,org.junit.rules.LoggingTestWatcher,starting/1[org.junit.runner.Description],0.0,0.0,-1.0,0.0,0,0,1,3,0,0,1,0,0,0
C:\Users\sugii syuji\gitProject\junit4\src\test\java\org\junit\rules\LoggingTestWatcher.java,org.junit.rules.LoggingTestWatcher,succeeded/1[org.junit.runner.Description],0.0,0.0,-1.0,0.0,0,0,1,3,0,0,1,0,0,0
C:\Users\sugii syuji\gitProject\junit4\src\main\java\org\junit\runner\notification\RunNotifier.java,org.junit.runner.notification.RunNotifier.9,notifyListener/1[org.junit.runner.notification.RunListener],0.0,0.0,-1.0,0.0,0,9,1,3,0,0,1,0,0,0
C:\Users\sugii syuji\gitProject\junit4\src\main\java\org\junit\runners\model\FrameworkMethod.java,org.junit.runners.model.FrameworkMethod,equals/1[java.lang.Object],0.0,0.0,-1.0,0.0,0,0,2,6,2,0,1,0,0,0
C:\Users\sugii syuji\gitProject\junit4\src\main\java\org\junit\runners\model\FrameworkMethod.java,org.junit.runners.model.FrameworkMethod,isShadowedBy/1[org.junit.runners.model.FrameworkMethod],3.0,4.0,0.5714286,1.0,0,2,5,14,4,1,1,1,0,0
C:\Users\sugii syuji\gitProject\junit4\src\main\java\org\junit\runners\model\FrameworkMethod.java,org.junit.runners.model.FrameworkMethod,producesType/1[java.lang.reflect.Type],2.0,0.0,0.0,2.0,0,1,2,3,1,0,1,0,0,0
C:\Users\sugii syuji\gitProject\junit4\src\test\java\org\junit\rules\TestWatcherTest.java,org.junit.rules.TestWatcherTest.CallbackArguments.Succeeded.1,succeeded/1[org.junit.runner.Description],1.0,0.0,0.0,1.0,0,0,1,3,0,0,1,0,0,0
C:\Users\sugii syuji\gitProject\junit4\src\test\java\org\junit\tests\experimental\theories\runner\UnsuccessfulWithDataPointFields.java,org.junit.tests.experimental.theories.runner.UnsuccessfulWithDataPointFields.DataPointFieldsMustBePublic,numbers/1[int],0.0,0.0,-1.0,0.0,0,0,1,2,0,0,1,0,0,0
C:\Users\sugii syuji\gitProject\junit4\src\test\java\org\junit\rules\EventCollector.java,org.junit.rules.EventCollector.3,describeTo/1[org.hamcrest.Description],0.0,0.0,-1.0,0.0,0,0,1,4,0,0,1,0,0,0
C:\Users\sugii syuji\gitProject\junit4\src\test\java\org\junit\rules\EventCollector.java,org.junit.rules.EventCollector.3,matchesSafely/1[org.junit.rules.EventCollector],2.0,0.0,0.0,2.0,0,3,1,3,1,0,1,0,0,0
C:\Users\sugii syuji\gitProject\junit4\src\test\java\org\junit\tests\experimental\theories\extendingwithstubs\GuesserQueue.java,org.junit.tests.experimental.theories.extendingwithstubs.GuesserQueue.ReguessableDecorator,reguesses/1[org.junit.internal.AssumptionViolatedException],0.0,0.0,-1.0,0.0,0,0,1,3,1,0,1,0,0,0
C:\Users\sugii syuji\gitProject\junit4\src\test\java\org\junit\tests\experimental\theories\runner\FailingDataPointMethods.java,org.junit.tests.experimental.theories.runner.FailingDataPointMethods.HasFailingSingleDataPointMethod,theory/1[int],0.0,0.0,-1.0,0.0,0,0,1,2,0,0,1,0,0,0
C:\Users\sugii syuji\gitProject\junit4\src\test\java\junit\tests\framework\TestImplementorTest.java,junit.tests.framework.TestImplementorTest.DoubleTestCase,run/1[junit.framework.TestResult],0.0,0.0,-1.0,0.0,1,4,1,12,0,1,1,0,1,0
C:\Users\sugii syuji\gitProject\junit4\src\test\java\org\junit\rules\TempFolderRuleTest.java,org.junit.rules.TempFolderRuleTest.CreatesSubFolder,join/1[java.lang.String[]],1.0,0.0,0.0,1.0,3,0,2,7,1,1,1,1,0,0
C:\Users\sugii syuji\gitProject\junit4\src\test\java\junit\tests\runner\TextFeedbackTest.java,junit.tests.runner.TextFeedbackTest,expected/1[java.lang.String[]],1.0,0.0,0.0,1.0,5,0,2,8,1,3,1,1,0,0
C:\Users\sugii syuji\gitProject\junit4\src\test\java\junit\tests\runner\TextFeedbackTest.java,junit.tests.runner.TextFeedbackTest,main/1[java.lang.String[]],0.0,1.0,1.0,0.0,0,1,1,3,0,0,1,0,0,0
C:\Users\sugii syuji\gitProject\junit4\src\test\java\org\junit\tests\experimental\theories\runner\WithParameterSupplier.java,org.junit.tests.experimental.theories.runner.WithParameterSupplier.TestClassUsingSupplierWithUnknownConstructor,theory/1[java.lang.String],1.0,0.0,0.0,1.0,0,0,1,2,0,0,1,0,0,0
C:\Users\sugii syuji\gitProject\junit4\src\main\java\junit\extensions\TestSetup.java,junit.extensions.TestSetup,run/1[junit.framework.TestResult],0.0,1.0,1.0,0.0,4,2,1,11,0,1,1,0,1,0
C:\Users\sugii syuji\gitProject\junit4\src\main\java\junit\framework\ComparisonCompactor.java,junit.framework.ComparisonCompactor,compact/1[java.lang.String],0.0,6.0,1.0,0.0,20,5,4,10,2,2,1,0,0,0
C:\Users\sugii syuji\gitProject\junit4\src\main\java\junit\framework\ComparisonCompactor.java,junit.framework.ComparisonCompactor,compactString/1[java.lang.String],0.0,6.0,1.0,0.0,1,2,3,10,1,1,1,0,0,0
C:\Users\sugii syuji\gitProject\junit4\src\test\java\junit\tests\runner\ResultTest.java,junit.tests.runner.ResultTest,assertResultSerializable/1[org.junit.runner.Result],1.0,0.0,0.0,1.0,3,1,1,10,0,5,1,0,0,0
C:\Users\sugii syuji\gitProject\junit4\src\test\java\junit\tests\framework\AllTests.java,junit.tests.framework.AllTests,main/1[java.lang.String[]],0.0,0.0,-1.0,0.0,0,2,1,3,0,0,1,0,0,0
C:\Users\sugii syuji\gitProject\junit4\src\test\java\org\junit\tests\running\classes\ParameterizedTestTest.java,org.junit.tests.running.classes.ParameterizedTestTest.BeforeParamAndAfterParam,beforeParam/1[java.lang.String],1.0,0.0,0.0,1.0,0,0,1,3,0,0,1,0,0,0
C:\Users\sugii syuji\gitProject\junit4\src\test\java\org\junit\tests\running\methods\TimeoutTest.java,org.junit.tests.running.methods.TimeoutTest,stackForException/1[java.lang.Throwable],0.0,0.0,-1.0,0.0,2,0,1,6,1,2,1,0,0,0
C:\Users\sugii syuji\gitProject\junit4\src\test\java\org\junit\runner\RunnerSpy.java,org.junit.runner.RunnerSpy,run/1[org.junit.runner.notification.RunNotifier],0.0,0.0,-1.0,0.0,0,0,1,2,0,0,1,0,0,0
C:\Users\sugii syuji\gitProject\junit4\src\main\java\org\junit\runner\JUnitCore.java,org.junit.runner.JUnitCore,addListener/1[org.junit.runner.notification.RunListener],0.0,0.0,-1.0,0.0,9,1,1,3,0,0,1,0,0,0
C:\Users\sugii syuji\gitProject\junit4\src\main\java\org\junit\runner\JUnitCore.java,org.junit.runner.JUnitCore,main/1[java.lang.String[]],0.0,0.0,-1.0,0.0,0,4,2,4,0,1,1,0,0,0
C:\Users\sugii syuji\gitProject\junit4\src\main\java\org\junit\runner\JUnitCore.java,org.junit.runner.JUnitCore,removeListener/1[org.junit.runner.notification.RunListener],0.0,0.0,-1.0,0.0,1,1,1,3,0,0,1,0,0,0
C:\Users\sugii syuji\gitProject\junit4\src\main\java\org\junit\runner\JUnitCore.java,org.junit.runner.JUnitCore,run/1[junit.framework.Test],0.0,0.0,-1.0,0.0,0,2,1,3,1,0,1,0,0,0
C:\Users\sugii syuji\gitProject\junit4\src\main\java\org\junit\runner\JUnitCore.java,org.junit.runner.JUnitCore,run/1[org.junit.runner.Request],1.0,0.0,0.0,1.0,9,2,1,3,1,0,1,0,0,0
C:\Users\sugii syuji\gitProject\junit4\src\main\java\org\junit\runner\JUnitCore.java,org.junit.runner.JUnitCore,run/1[org.junit.runner.Runner],1.0,1.0,0.5,1.0,6,8,1,14,1,2,1,0,0,0
C:\Users\sugii syuji\gitProject\junit4\src\test\java\org\junit\tests\experimental\theories\runner\SuccessfulWithDataPointFields.java,org.junit.tests.experimental.theories.runner.SuccessfulWithDataPointFields.BeforeAndAfterEachTime,stringsAreOK/1[java.lang.String],0.0,0.0,-1.0,0.0,0,0,1,2,0,0,1,0,0,0
C:\Users\sugii syuji\gitProject\junit4\src\main\java\junit\extensions\ActiveTestSuite.java,junit.extensions.ActiveTestSuite,run/1[junit.framework.TestResult],0.0,1.0,1.0,0.0,0,1,1,5,0,0,1,0,0,0
C:\Users\sugii syuji\gitProject\junit4\src\test\java\org\junit\tests\experimental\MatcherTest.java,org.junit.tests.experimental.MatcherTest,failure/1[java.lang.String],1.0,0.0,0.0,1.0,0,1,1,3,1,0,1,0,0,0
C:\Users\sugii syuji\gitProject\junit4\src\main\java\junit\framework\TestResult.java,junit.framework.TestResult,addListener/1[junit.framework.TestListener],0.0,0.0,-1.0,0.0,3,0,1,3,0,0,1,0,0,0
C:\Users\sugii syuji\gitProject\junit4\src\main\java\junit\framework\TestResult.java,junit.framework.TestResult,endTest/1[junit.framework.Test],0.0,0.0,-1.0,0.0,3,2,2,5,0,0,1,1,0,0
C:\Users\sugii syuji\gitProject\junit4\src\main\java\junit\framework\TestResult.java,junit.framework.TestResult,removeListener/1[junit.framework.TestListener],0.0,0.0,-1.0,0.0,0,0,1,3,0,0,1,0,0,0
C:\Users\sugii syuji\gitProject\junit4\src\main\java\junit\framework\TestResult.java,junit.framework.TestResult,run/1[junit.framework.TestCase],0.0,0.0,-1.0,0.0,1,4,1,11,0,1,1,0,1,0
C:\Users\sugii syuji\gitProject\junit4\src\main\java\junit\framework\TestResult.java,junit.framework.TestResult,startTest/1[junit.framework.Test],0.0,1.0,1.0,0.0,3,3,2,9,0,1,1,1,0,0
C:\Users\sugii syuji\gitProject\junit4\src\test\java\org\junit\tests\experimental\theories\runner\WhenNoParametersMatch.java,org.junit.tests.experimental.theories.runner.WhenNoParametersMatch.AssumptionsFail,nonZeroIntsAreFun/1[int],0.0,1.0,1.0,0.0,0,1,1,3,0,0,1,0,0,0
C:\Users\sugii syuji\gitProject\junit4\src\main\java\org\junit\internal\runners\statements\FailOnTimeout.java,org.junit.internal.runners.statements.FailOnTimeout.Builder,build/1[org.junit.runners.model.Statement],0.0,0.0,-1.0,0.0,4,1,2,6,1,0,1,0,0,0
C:\Users\sugii syuji\gitProject\junit4\src\main\java\org\junit\internal\runners\statements\FailOnTimeout.java,org.junit.internal.runners.statements.FailOnTimeout.Builder,withLookingForStuckThread/1[boolean],0.0,1.0,1.0,0.0,1,0,1,4,1,0,1,0,0,0
C:\Users\sugii syuji\gitProject\junit4\src\main\java\org\junit\runner\Request.java,org.junit.runner.Request,filterWith/1[org.junit.runner.Description],0.0,0.0,-1.0,0.0,1,2,1,3,1,0,1,0,0,0
C:\Users\sugii syuji\gitProject\junit4\src\main\java\org\junit\runner\Request.java,org.junit.runner.Request,filterWith/1[org.junit.runner.manipulation.Filter],0.0,0.0,-1.0,0.0,8,1,1,3,1,0,1,0,0,0
C:\Users\sugii syuji\gitProject\junit4\src\main\java\org\junit\runner\Request.java,org.junit.runner.Request,orderWith/1[org.junit.runner.manipulation.Ordering],0.0,0.0,-1.0,0.0,0,1,1,3,1,0,1,0,0,0
C:\Users\sugii syuji\gitProject\junit4\src\main\java\org\junit\runner\Request.java,org.junit.runner.Request,runner/1[org.junit.runner.Runner],0.0,0.0,-1.0,0.0,3,1,1,8,1,0,1,0,1,0
C:\Users\sugii syuji\gitProject\junit4\src\main\java\junit\framework\JUnit4TestAdapterCache.java,junit.framework.JUnit4TestAdapterCache.1,testFailure/1[org.junit.runner.notification.Failure],2.0,0.0,0.0,1.0,0,4,1,3,0,0,1,0,0,0
C:\Users\sugii syuji\gitProject\junit4\src\main\java\junit\framework\JUnit4TestAdapterCache.java,junit.framework.JUnit4TestAdapterCache.1,testFinished/1[org.junit.runner.Description],0.0,0.0,-1.0,0.0,0,2,1,3,0,0,1,0,0,0
C:\Users\sugii syuji\gitProject\junit4\src\main\java\junit\framework\JUnit4TestAdapterCache.java,junit.framework.JUnit4TestAdapterCache.1,testStarted/1[org.junit.runner.Description],0.0,0.0,-1.0,0.0,0,2,1,3,0,0,1,0,0,0
C:\Users\sugii syuji\gitProject\junit4\src\test\java\org\junit\tests\experimental\results\ResultMatchersTest.java,org.junit.tests.experimental.results.ResultMatchersTest,hasFailuresDescriptionReflectsInput/1[int],0.0,0.0,-1.0,0.0,0,1,1,3,0,0,1,0,0,0
C:\Users\sugii syuji\gitProject\junit4\src\main\java\org\junit\runner\notification\RunNotifier.java,org.junit.runner.notification.RunNotifier.3,notifyListener/1[org.junit.runner.notification.RunListener],0.0,0.0,-1.0,0.0,0,9,1,3,0,0,1,0,0,0
C:\Users\sugii syuji\gitProject\junit4\src\main\java\org\junit\runner\manipulation\Sorter.java,org.junit.runner.manipulation.Sorter,apply/1[java.lang.Object],0.0,0.0,-1.0,0.0,3,1,2,6,0,1,1,0,0,0
C:\Users\sugii syuji\gitProject\junit4\src\test\java\junit\samples\money\Money.java,junit.samples.money.Money,add/1[junit.samples.money.IMoney],0.0,0.0,-1.0,0.0,9,1,1,3,1,0,1,0,0,0
C:\Users\sugii syuji\gitProject\junit4\src\test\java\junit\samples\money\Money.java,junit.samples.money.Money,addMoney/1[junit.samples.money.Money],0.0,0.0,-1.0,0.0,0,4,2,6,2,0,1,0,0,0
C:\Users\sugii syuji\gitProject\junit4\src\test\java\junit\samples\money\Money.java,junit.samples.money.Money,addMoneyBag/1[junit.samples.money.MoneyBag],0.0,0.0,-1.0,0.0,0,1,1,3,1,0,1,0,0,0
C:\Users\sugii syuji\gitProject\junit4\src\test\java\junit\samples\money\Money.java,junit.samples.money.Money,appendTo/1[junit.samples.money.MoneyBag],0.0,0.0,-1.0,0.0,0,1,1,3,0,0,1,0,0,0
C:\Users\sugii syuji\gitProject\junit4\src\test\java\junit\samples\money\Money.java,junit.samples.money.Money,equals/1[java.lang.Object],0.0,0.0,-1.0,0.0,6,4,4,12,3,1,1,0,0,0
C:\Users\sugii syuji\gitProject\junit4\src\test\java\junit\samples\money\Money.java,junit.samples.money.Money,multiply/1[int],0.0,0.0,-1.0,0.0,3,3,1,3,1,0,1,0,0,0
C:\Users\sugii syuji\gitProject\junit4\src\test\java\junit\samples\money\Money.java,junit.samples.money.Money,subtract/1[junit.samples.money.IMoney],0.0,0.0,-1.0,0.0,4,2,1,3,1,0,1,0,0,0
C:\Users\sugii syuji\gitProject\junit4\src\main\java\org\junit\internal\Throwables.java,org.junit.internal.Throwables.State.2,processLine/1[java.lang.String],0.0,2.0,1.0,0.0,0,2,2,6,2,0,1,0,0,0
C:\Users\sugii syuji\gitProject\junit4\src\main\java\org\junit\runner\notification\RunNotifier.java,org.junit.runner.notification.RunNotifier.SafeNotifier,notifyListener/1[org.junit.runner.notification.RunListener],0.0,0.0,-1.0,0.0,1,0,1,1,0,0,1,0,0,0
C:\Users\sugii syuji\gitProject\junit4\src\test\java\org\junit\tests\experimental\theories\runner\UnsuccessfulWithDataPointFields.java,org.junit.tests.experimental.theories.runner.UnsuccessfulWithDataPointFields.DataPointFieldsMustBeStatic,numbers/1[int],0.0,0.0,-1.0,0.0,0,0,1,2,0,0,1,0,0,0
C:\Users\sugii syuji\gitProject\junit4\src\test\java\org\junit\runner\FilterFactoriesTest.java,org.junit.runner.FilterFactoriesTest.FilterFactoryStub,createFilter/1[org.junit.runner.FilterFactoryParams],1.0,0.0,0.0,1.0,0,2,1,3,1,0,1,0,0,0
