C:\Users\syuuj\gitProject\junit4\src\main\java\junit\extensions\ActiveTestSuite.java
C:\Users\syuuj\gitProject\junit4\src\main\java\junit\extensions\RepeatedTest.java
C:\Users\syuuj\gitProject\junit4\src\main\java\junit\extensions\TestDecorator.java
C:\Users\syuuj\gitProject\junit4\src\main\java\junit\extensions\TestSetup.java
C:\Users\syuuj\gitProject\junit4\src\main\java\junit\framework\Assert.java
C:\Users\syuuj\gitProject\junit4\src\main\java\junit\framework\AssertionFailedError.java
C:\Users\syuuj\gitProject\junit4\src\main\java\junit\framework\ComparisonCompactor.java
C:\Users\syuuj\gitProject\junit4\src\main\java\junit\framework\ComparisonFailure.java
C:\Users\syuuj\gitProject\junit4\src\main\java\junit\framework\JUnit4TestAdapter.java
C:\Users\syuuj\gitProject\junit4\src\main\java\junit\framework\JUnit4TestAdapterCache.java
C:\Users\syuuj\gitProject\junit4\src\main\java\junit\framework\JUnit4TestCaseFacade.java
C:\Users\syuuj\gitProject\junit4\src\main\java\junit\framework\Protectable.java
C:\Users\syuuj\gitProject\junit4\src\main\java\junit\framework\Test.java
C:\Users\syuuj\gitProject\junit4\src\main\java\junit\framework\TestCase.java
C:\Users\syuuj\gitProject\junit4\src\main\java\junit\framework\TestFailure.java
C:\Users\syuuj\gitProject\junit4\src\main\java\junit\framework\TestListener.java
C:\Users\syuuj\gitProject\junit4\src\main\java\junit\framework\TestResult.java
C:\Users\syuuj\gitProject\junit4\src\main\java\junit\framework\TestSuite.java
C:\Users\syuuj\gitProject\junit4\src\main\java\junit\runner\BaseTestRunner.java
C:\Users\syuuj\gitProject\junit4\src\main\java\junit\runner\TestRunListener.java
C:\Users\syuuj\gitProject\junit4\src\main\java\junit\runner\Version.java
C:\Users\syuuj\gitProject\junit4\src\main\java\junit\textui\ResultPrinter.java
C:\Users\syuuj\gitProject\junit4\src\main\java\junit\textui\TestRunner.java
C:\Users\syuuj\gitProject\junit4\src\main\java\org\junit\After.java
C:\Users\syuuj\gitProject\junit4\src\main\java\org\junit\AfterClass.java
C:\Users\syuuj\gitProject\junit4\src\main\java\org\junit\Assert.java
C:\Users\syuuj\gitProject\junit4\src\main\java\org\junit\Assume.java
C:\Users\syuuj\gitProject\junit4\src\main\java\org\junit\AssumptionViolatedException.java
C:\Users\syuuj\gitProject\junit4\src\main\java\org\junit\Before.java
C:\Users\syuuj\gitProject\junit4\src\main\java\org\junit\BeforeClass.java
C:\Users\syuuj\gitProject\junit4\src\main\java\org\junit\ClassRule.java
C:\Users\syuuj\gitProject\junit4\src\main\java\org\junit\ComparisonFailure.java
C:\Users\syuuj\gitProject\junit4\src\main\java\org\junit\FixMethodOrder.java
C:\Users\syuuj\gitProject\junit4\src\main\java\org\junit\Ignore.java
C:\Users\syuuj\gitProject\junit4\src\main\java\org\junit\Rule.java
C:\Users\syuuj\gitProject\junit4\src\main\java\org\junit\Test.java
C:\Users\syuuj\gitProject\junit4\src\main\java\org\junit\TestCouldNotBeSkippedException.java
C:\Users\syuuj\gitProject\junit4\src\main\java\org\junit\experimental\ParallelComputer.java
C:\Users\syuuj\gitProject\junit4\src\main\java\org\junit\experimental\categories\Categories.java
C:\Users\syuuj\gitProject\junit4\src\main\java\org\junit\experimental\categories\Category.java
C:\Users\syuuj\gitProject\junit4\src\main\java\org\junit\experimental\categories\CategoryFilterFactory.java
C:\Users\syuuj\gitProject\junit4\src\main\java\org\junit\experimental\categories\CategoryValidator.java
C:\Users\syuuj\gitProject\junit4\src\main\java\org\junit\experimental\categories\ExcludeCategories.java
C:\Users\syuuj\gitProject\junit4\src\main\java\org\junit\experimental\categories\IncludeCategories.java
C:\Users\syuuj\gitProject\junit4\src\main\java\org\junit\experimental\max\CouldNotReadCoreException.java
C:\Users\syuuj\gitProject\junit4\src\main\java\org\junit\experimental\max\MaxCore.java
C:\Users\syuuj\gitProject\junit4\src\main\java\org\junit\experimental\max\MaxHistory.java
C:\Users\syuuj\gitProject\junit4\src\main\java\org\junit\experimental\results\FailureList.java
C:\Users\syuuj\gitProject\junit4\src\main\java\org\junit\experimental\results\PrintableResult.java
C:\Users\syuuj\gitProject\junit4\src\main\java\org\junit\experimental\results\ResultMatchers.java
C:\Users\syuuj\gitProject\junit4\src\main\java\org\junit\experimental\runners\Enclosed.java
C:\Users\syuuj\gitProject\junit4\src\main\java\org\junit\experimental\theories\DataPoint.java
C:\Users\syuuj\gitProject\junit4\src\main\java\org\junit\experimental\theories\DataPoints.java
C:\Users\syuuj\gitProject\junit4\src\main\java\org\junit\experimental\theories\FromDataPoints.java
C:\Users\syuuj\gitProject\junit4\src\main\java\org\junit\experimental\theories\ParameterSignature.java
C:\Users\syuuj\gitProject\junit4\src\main\java\org\junit\experimental\theories\ParametersSuppliedBy.java
C:\Users\syuuj\gitProject\junit4\src\main\java\org\junit\experimental\theories\ParameterSupplier.java
C:\Users\syuuj\gitProject\junit4\src\main\java\org\junit\experimental\theories\PotentialAssignment.java
C:\Users\syuuj\gitProject\junit4\src\main\java\org\junit\experimental\theories\Theories.java
C:\Users\syuuj\gitProject\junit4\src\main\java\org\junit\experimental\theories\Theory.java
C:\Users\syuuj\gitProject\junit4\src\main\java\org\junit\experimental\theories\internal\AllMembersSupplier.java
C:\Users\syuuj\gitProject\junit4\src\main\java\org\junit\experimental\theories\internal\Assignments.java
C:\Users\syuuj\gitProject\junit4\src\main\java\org\junit\experimental\theories\internal\BooleanSupplier.java
C:\Users\syuuj\gitProject\junit4\src\main\java\org\junit\experimental\theories\internal\EnumSupplier.java
C:\Users\syuuj\gitProject\junit4\src\main\java\org\junit\experimental\theories\internal\ParameterizedAssertionError.java
C:\Users\syuuj\gitProject\junit4\src\main\java\org\junit\experimental\theories\internal\SpecificDataPointsSupplier.java
C:\Users\syuuj\gitProject\junit4\src\main\java\org\junit\experimental\theories\suppliers\TestedOn.java
C:\Users\syuuj\gitProject\junit4\src\main\java\org\junit\experimental\theories\suppliers\TestedOnSupplier.java
C:\Users\syuuj\gitProject\junit4\src\main\java\org\junit\function\ThrowingRunnable.java
C:\Users\syuuj\gitProject\junit4\src\main\java\org\junit\internal\ArrayComparisonFailure.java
C:\Users\syuuj\gitProject\junit4\src\main\java\org\junit\internal\AssumptionViolatedException.java
C:\Users\syuuj\gitProject\junit4\src\main\java\org\junit\internal\Checks.java
C:\Users\syuuj\gitProject\junit4\src\main\java\org\junit\internal\Classes.java
C:\Users\syuuj\gitProject\junit4\src\main\java\org\junit\internal\ComparisonCriteria.java
C:\Users\syuuj\gitProject\junit4\src\main\java\org\junit\internal\ExactComparisonCriteria.java
C:\Users\syuuj\gitProject\junit4\src\main\java\org\junit\internal\InexactComparisonCriteria.java
C:\Users\syuuj\gitProject\junit4\src\main\java\org\junit\internal\JUnitSystem.java
C:\Users\syuuj\gitProject\junit4\src\main\java\org\junit\internal\MethodSorter.java
C:\Users\syuuj\gitProject\junit4\src\main\java\org\junit\internal\RealSystem.java
C:\Users\syuuj\gitProject\junit4\src\main\java\org\junit\internal\TextListener.java
C:\Users\syuuj\gitProject\junit4\src\main\java\org\junit\internal\Throwables.java
C:\Users\syuuj\gitProject\junit4\src\main\java\org\junit\internal\builders\AllDefaultPossibilitiesBuilder.java
C:\Users\syuuj\gitProject\junit4\src\main\java\org\junit\internal\builders\AnnotatedBuilder.java
C:\Users\syuuj\gitProject\junit4\src\main\java\org\junit\internal\builders\IgnoredBuilder.java
C:\Users\syuuj\gitProject\junit4\src\main\java\org\junit\internal\builders\IgnoredClassRunner.java
C:\Users\syuuj\gitProject\junit4\src\main\java\org\junit\internal\builders\JUnit3Builder.java
C:\Users\syuuj\gitProject\junit4\src\main\java\org\junit\internal\builders\JUnit4Builder.java
C:\Users\syuuj\gitProject\junit4\src\main\java\org\junit\internal\builders\NullBuilder.java
C:\Users\syuuj\gitProject\junit4\src\main\java\org\junit\internal\builders\SuiteMethodBuilder.java
C:\Users\syuuj\gitProject\junit4\src\main\java\org\junit\internal\management\FakeRuntimeMXBean.java
C:\Users\syuuj\gitProject\junit4\src\main\java\org\junit\internal\management\FakeThreadMXBean.java
C:\Users\syuuj\gitProject\junit4\src\main\java\org\junit\internal\management\ManagementFactory.java
C:\Users\syuuj\gitProject\junit4\src\main\java\org\junit\internal\management\ReflectiveRuntimeMXBean.java
C:\Users\syuuj\gitProject\junit4\src\main\java\org\junit\internal\management\ReflectiveThreadMXBean.java
C:\Users\syuuj\gitProject\junit4\src\main\java\org\junit\internal\management\RuntimeMXBean.java
C:\Users\syuuj\gitProject\junit4\src\main\java\org\junit\internal\management\ThreadMXBean.java
C:\Users\syuuj\gitProject\junit4\src\main\java\org\junit\internal\matchers\StacktracePrintingMatcher.java
C:\Users\syuuj\gitProject\junit4\src\main\java\org\junit\internal\matchers\ThrowableCauseMatcher.java
C:\Users\syuuj\gitProject\junit4\src\main\java\org\junit\internal\matchers\ThrowableMessageMatcher.java
C:\Users\syuuj\gitProject\junit4\src\main\java\org\junit\internal\matchers\TypeSafeMatcher.java
C:\Users\syuuj\gitProject\junit4\src\main\java\org\junit\internal\requests\ClassRequest.java
C:\Users\syuuj\gitProject\junit4\src\main\java\org\junit\internal\requests\FilterRequest.java
C:\Users\syuuj\gitProject\junit4\src\main\java\org\junit\internal\requests\MemoizingRequest.java
C:\Users\syuuj\gitProject\junit4\src\main\java\org\junit\internal\requests\OrderingRequest.java
C:\Users\syuuj\gitProject\junit4\src\main\java\org\junit\internal\requests\SortingRequest.java
C:\Users\syuuj\gitProject\junit4\src\main\java\org\junit\internal\runners\ClassRoadie.java
C:\Users\syuuj\gitProject\junit4\src\main\java\org\junit\internal\runners\ErrorReportingRunner.java
C:\Users\syuuj\gitProject\junit4\src\main\java\org\junit\internal\runners\FailedBefore.java
C:\Users\syuuj\gitProject\junit4\src\main\java\org\junit\internal\runners\InitializationError.java
C:\Users\syuuj\gitProject\junit4\src\main\java\org\junit\internal\runners\JUnit38ClassRunner.java
C:\Users\syuuj\gitProject\junit4\src\main\java\org\junit\internal\runners\JUnit4ClassRunner.java
C:\Users\syuuj\gitProject\junit4\src\main\java\org\junit\internal\runners\MethodRoadie.java
C:\Users\syuuj\gitProject\junit4\src\main\java\org\junit\internal\runners\MethodValidator.java
C:\Users\syuuj\gitProject\junit4\src\main\java\org\junit\internal\runners\SuiteMethod.java
C:\Users\syuuj\gitProject\junit4\src\main\java\org\junit\internal\runners\TestClass.java
C:\Users\syuuj\gitProject\junit4\src\main\java\org\junit\internal\runners\TestMethod.java
C:\Users\syuuj\gitProject\junit4\src\main\java\org\junit\internal\runners\model\EachTestNotifier.java
C:\Users\syuuj\gitProject\junit4\src\main\java\org\junit\internal\runners\model\MultipleFailureException.java
C:\Users\syuuj\gitProject\junit4\src\main\java\org\junit\internal\runners\model\ReflectiveCallable.java
C:\Users\syuuj\gitProject\junit4\src\main\java\org\junit\internal\runners\rules\RuleMemberValidator.java
C:\Users\syuuj\gitProject\junit4\src\main\java\org\junit\internal\runners\rules\ValidationError.java
C:\Users\syuuj\gitProject\junit4\src\main\java\org\junit\internal\runners\statements\ExpectException.java
C:\Users\syuuj\gitProject\junit4\src\main\java\org\junit\internal\runners\statements\Fail.java
C:\Users\syuuj\gitProject\junit4\src\main\java\org\junit\internal\runners\statements\FailOnTimeout.java
C:\Users\syuuj\gitProject\junit4\src\main\java\org\junit\internal\runners\statements\InvokeMethod.java
C:\Users\syuuj\gitProject\junit4\src\main\java\org\junit\internal\runners\statements\RunAfters.java
C:\Users\syuuj\gitProject\junit4\src\main\java\org\junit\internal\runners\statements\RunBefores.java
C:\Users\syuuj\gitProject\junit4\src\main\java\org\junit\matchers\JUnitMatchers.java
C:\Users\syuuj\gitProject\junit4\src\main\java\org\junit\rules\DisableOnDebug.java
C:\Users\syuuj\gitProject\junit4\src\main\java\org\junit\rules\ErrorCollector.java
C:\Users\syuuj\gitProject\junit4\src\main\java\org\junit\rules\ExpectedException.java
C:\Users\syuuj\gitProject\junit4\src\main\java\org\junit\rules\ExpectedExceptionMatcherBuilder.java
C:\Users\syuuj\gitProject\junit4\src\main\java\org\junit\rules\ExternalResource.java
C:\Users\syuuj\gitProject\junit4\src\main\java\org\junit\rules\MethodRule.java
C:\Users\syuuj\gitProject\junit4\src\main\java\org\junit\rules\RuleChain.java
C:\Users\syuuj\gitProject\junit4\src\main\java\org\junit\rules\RunRules.java
C:\Users\syuuj\gitProject\junit4\src\main\java\org\junit\rules\Stopwatch.java
C:\Users\syuuj\gitProject\junit4\src\main\java\org\junit\rules\TemporaryFolder.java
C:\Users\syuuj\gitProject\junit4\src\main\java\org\junit\rules\TestName.java
C:\Users\syuuj\gitProject\junit4\src\main\java\org\junit\rules\TestRule.java
C:\Users\syuuj\gitProject\junit4\src\main\java\org\junit\rules\TestWatcher.java
C:\Users\syuuj\gitProject\junit4\src\main\java\org\junit\rules\TestWatchman.java
C:\Users\syuuj\gitProject\junit4\src\main\java\org\junit\rules\Timeout.java
C:\Users\syuuj\gitProject\junit4\src\main\java\org\junit\rules\Verifier.java
C:\Users\syuuj\gitProject\junit4\src\main\java\org\junit\runner\Computer.java
C:\Users\syuuj\gitProject\junit4\src\main\java\org\junit\runner\Describable.java
C:\Users\syuuj\gitProject\junit4\src\main\java\org\junit\runner\Description.java
C:\Users\syuuj\gitProject\junit4\src\main\java\org\junit\runner\FilterFactories.java
C:\Users\syuuj\gitProject\junit4\src\main\java\org\junit\runner\FilterFactory.java
C:\Users\syuuj\gitProject\junit4\src\main\java\org\junit\runner\FilterFactoryParams.java
C:\Users\syuuj\gitProject\junit4\src\main\java\org\junit\runner\JUnitCommandLineParseResult.java
C:\Users\syuuj\gitProject\junit4\src\main\java\org\junit\runner\JUnitCore.java
C:\Users\syuuj\gitProject\junit4\src\main\java\org\junit\runner\OrderWith.java
C:\Users\syuuj\gitProject\junit4\src\main\java\org\junit\runner\OrderWithValidator.java
C:\Users\syuuj\gitProject\junit4\src\main\java\org\junit\runner\Request.java
C:\Users\syuuj\gitProject\junit4\src\main\java\org\junit\runner\Result.java
C:\Users\syuuj\gitProject\junit4\src\main\java\org\junit\runner\Runner.java
C:\Users\syuuj\gitProject\junit4\src\main\java\org\junit\runner\RunWith.java
C:\Users\syuuj\gitProject\junit4\src\main\java\org\junit\runner\manipulation\Alphanumeric.java
C:\Users\syuuj\gitProject\junit4\src\main\java\org\junit\runner\manipulation\Filter.java
C:\Users\syuuj\gitProject\junit4\src\main\java\org\junit\runner\manipulation\Filterable.java
C:\Users\syuuj\gitProject\junit4\src\main\java\org\junit\runner\manipulation\InvalidOrderingException.java
C:\Users\syuuj\gitProject\junit4\src\main\java\org\junit\runner\manipulation\NoTestsRemainException.java
C:\Users\syuuj\gitProject\junit4\src\main\java\org\junit\runner\manipulation\Orderable.java
C:\Users\syuuj\gitProject\junit4\src\main\java\org\junit\runner\manipulation\Orderer.java
C:\Users\syuuj\gitProject\junit4\src\main\java\org\junit\runner\manipulation\Ordering.java
C:\Users\syuuj\gitProject\junit4\src\main\java\org\junit\runner\manipulation\Sortable.java
C:\Users\syuuj\gitProject\junit4\src\main\java\org\junit\runner\manipulation\Sorter.java
C:\Users\syuuj\gitProject\junit4\src\main\java\org\junit\runner\notification\Failure.java
C:\Users\syuuj\gitProject\junit4\src\main\java\org\junit\runner\notification\RunListener.java
C:\Users\syuuj\gitProject\junit4\src\main\java\org\junit\runner\notification\RunNotifier.java
C:\Users\syuuj\gitProject\junit4\src\main\java\org\junit\runner\notification\StoppedByUserException.java
C:\Users\syuuj\gitProject\junit4\src\main\java\org\junit\runner\notification\SynchronizedRunListener.java
C:\Users\syuuj\gitProject\junit4\src\main\java\org\junit\runners\AllTests.java
C:\Users\syuuj\gitProject\junit4\src\main\java\org\junit\runners\BlockJUnit4ClassRunner.java
C:\Users\syuuj\gitProject\junit4\src\main\java\org\junit\runners\JUnit4.java
C:\Users\syuuj\gitProject\junit4\src\main\java\org\junit\runners\MethodSorters.java
C:\Users\syuuj\gitProject\junit4\src\main\java\org\junit\runners\Parameterized.java
C:\Users\syuuj\gitProject\junit4\src\main\java\org\junit\runners\ParentRunner.java
C:\Users\syuuj\gitProject\junit4\src\main\java\org\junit\runners\RuleContainer.java
C:\Users\syuuj\gitProject\junit4\src\main\java\org\junit\runners\Suite.java
C:\Users\syuuj\gitProject\junit4\src\main\java\org\junit\runners\model\Annotatable.java
C:\Users\syuuj\gitProject\junit4\src\main\java\org\junit\runners\model\FrameworkField.java
C:\Users\syuuj\gitProject\junit4\src\main\java\org\junit\runners\model\FrameworkMember.java
C:\Users\syuuj\gitProject\junit4\src\main\java\org\junit\runners\model\FrameworkMethod.java
C:\Users\syuuj\gitProject\junit4\src\main\java\org\junit\runners\model\InitializationError.java
C:\Users\syuuj\gitProject\junit4\src\main\java\org\junit\runners\model\InvalidTestClassError.java
C:\Users\syuuj\gitProject\junit4\src\main\java\org\junit\runners\model\MemberValueConsumer.java
C:\Users\syuuj\gitProject\junit4\src\main\java\org\junit\runners\model\MultipleFailureException.java
C:\Users\syuuj\gitProject\junit4\src\main\java\org\junit\runners\model\NoGenericTypeParametersValidator.java
C:\Users\syuuj\gitProject\junit4\src\main\java\org\junit\runners\model\RunnerBuilder.java
C:\Users\syuuj\gitProject\junit4\src\main\java\org\junit\runners\model\RunnerScheduler.java
C:\Users\syuuj\gitProject\junit4\src\main\java\org\junit\runners\model\Statement.java
C:\Users\syuuj\gitProject\junit4\src\main\java\org\junit\runners\model\TestClass.java
C:\Users\syuuj\gitProject\junit4\src\main\java\org\junit\runners\model\TestTimedOutException.java
C:\Users\syuuj\gitProject\junit4\src\main\java\org\junit\runners\parameterized\BlockJUnit4ClassRunnerWithParameters.java
C:\Users\syuuj\gitProject\junit4\src\main\java\org\junit\runners\parameterized\BlockJUnit4ClassRunnerWithParametersFactory.java
C:\Users\syuuj\gitProject\junit4\src\main\java\org\junit\runners\parameterized\ParametersRunnerFactory.java
C:\Users\syuuj\gitProject\junit4\src\main\java\org\junit\runners\parameterized\TestWithParameters.java
C:\Users\syuuj\gitProject\junit4\src\main\java\org\junit\validator\AnnotationsValidator.java
C:\Users\syuuj\gitProject\junit4\src\main\java\org\junit\validator\AnnotationValidator.java
C:\Users\syuuj\gitProject\junit4\src\main\java\org\junit\validator\AnnotationValidatorFactory.java
C:\Users\syuuj\gitProject\junit4\src\main\java\org\junit\validator\PublicClassValidator.java
C:\Users\syuuj\gitProject\junit4\src\main\java\org\junit\validator\TestClassValidator.java
C:\Users\syuuj\gitProject\junit4\src\main\java\org\junit\validator\ValidateWith.java
C:\Users\syuuj\gitProject\junit4\src\test\java\junit\samples\AllTests.java
C:\Users\syuuj\gitProject\junit4\src\test\java\junit\samples\ListTest.java
C:\Users\syuuj\gitProject\junit4\src\test\java\junit\samples\SimpleTest.java
C:\Users\syuuj\gitProject\junit4\src\test\java\junit\samples\money\IMoney.java
C:\Users\syuuj\gitProject\junit4\src\test\java\junit\samples\money\Money.java
C:\Users\syuuj\gitProject\junit4\src\test\java\junit\samples\money\MoneyBag.java
C:\Users\syuuj\gitProject\junit4\src\test\java\junit\samples\money\MoneyTest.java
C:\Users\syuuj\gitProject\junit4\src\test\java\junit\tests\AllTests.java
C:\Users\syuuj\gitProject\junit4\src\test\java\junit\tests\WasRun.java
C:\Users\syuuj\gitProject\junit4\src\test\java\junit\tests\extensions\ActiveTestTest.java
C:\Users\syuuj\gitProject\junit4\src\test\java\junit\tests\extensions\AllTests.java
C:\Users\syuuj\gitProject\junit4\src\test\java\junit\tests\extensions\ExtensionTest.java
C:\Users\syuuj\gitProject\junit4\src\test\java\junit\tests\extensions\RepeatedTestTest.java
C:\Users\syuuj\gitProject\junit4\src\test\java\junit\tests\framework\AllTests.java
C:\Users\syuuj\gitProject\junit4\src\test\java\junit\tests\framework\AssertionFailedErrorTest.java
C:\Users\syuuj\gitProject\junit4\src\test\java\junit\tests\framework\AssertTest.java
C:\Users\syuuj\gitProject\junit4\src\test\java\junit\tests\framework\ComparisonCompactorTest.java
C:\Users\syuuj\gitProject\junit4\src\test\java\junit\tests\framework\ComparisonFailureTest.java
C:\Users\syuuj\gitProject\junit4\src\test\java\junit\tests\framework\DoublePrecisionAssertTest.java
C:\Users\syuuj\gitProject\junit4\src\test\java\junit\tests\framework\Failure.java
C:\Users\syuuj\gitProject\junit4\src\test\java\junit\tests\framework\FloatAssertTest.java
C:\Users\syuuj\gitProject\junit4\src\test\java\junit\tests\framework\InheritedTestCase.java
C:\Users\syuuj\gitProject\junit4\src\test\java\junit\tests\framework\NoArgTestCaseTest.java
C:\Users\syuuj\gitProject\junit4\src\test\java\junit\tests\framework\NoTestCaseClass.java
C:\Users\syuuj\gitProject\junit4\src\test\java\junit\tests\framework\NoTestCases.java
C:\Users\syuuj\gitProject\junit4\src\test\java\junit\tests\framework\NotPublicTestCase.java
C:\Users\syuuj\gitProject\junit4\src\test\java\junit\tests\framework\NotVoidTestCase.java
C:\Users\syuuj\gitProject\junit4\src\test\java\junit\tests\framework\OneTestCase.java
C:\Users\syuuj\gitProject\junit4\src\test\java\junit\tests\framework\OverrideTestCase.java
C:\Users\syuuj\gitProject\junit4\src\test\java\junit\tests\framework\Success.java
C:\Users\syuuj\gitProject\junit4\src\test\java\junit\tests\framework\SuiteTest.java
C:\Users\syuuj\gitProject\junit4\src\test\java\junit\tests\framework\TestCaseTest.java
C:\Users\syuuj\gitProject\junit4\src\test\java\junit\tests\framework\TestImplementorTest.java
C:\Users\syuuj\gitProject\junit4\src\test\java\junit\tests\framework\TestListenerTest.java
C:\Users\syuuj\gitProject\junit4\src\test\java\junit\tests\framework\ThreeTestCases.java
C:\Users\syuuj\gitProject\junit4\src\test\java\junit\tests\runner\AllTests.java
C:\Users\syuuj\gitProject\junit4\src\test\java\junit\tests\runner\BaseTestRunnerTest.java
C:\Users\syuuj\gitProject\junit4\src\test\java\junit\tests\runner\ResultTest.java
C:\Users\syuuj\gitProject\junit4\src\test\java\junit\tests\runner\StackFilterTest.java
C:\Users\syuuj\gitProject\junit4\src\test\java\junit\tests\runner\TextFeedbackTest.java
C:\Users\syuuj\gitProject\junit4\src\test\java\junit\tests\runner\TextRunnerSingleMethodTest.java
C:\Users\syuuj\gitProject\junit4\src\test\java\junit\tests\runner\TextRunnerTest.java
C:\Users\syuuj\gitProject\junit4\src\test\java\org\junit\AssumptionViolatedExceptionTest.java
C:\Users\syuuj\gitProject\junit4\src\test\java\org\junit\experimental\categories\AllCategoriesTests.java
C:\Users\syuuj\gitProject\junit4\src\test\java\org\junit\experimental\categories\CategoriesAndParameterizedTest.java
C:\Users\syuuj\gitProject\junit4\src\test\java\org\junit\experimental\categories\CategoryFilterFactoryTest.java
C:\Users\syuuj\gitProject\junit4\src\test\java\org\junit\experimental\categories\CategoryTest.java
C:\Users\syuuj\gitProject\junit4\src\test\java\org\junit\experimental\categories\CategoryValidatorTest.java
C:\Users\syuuj\gitProject\junit4\src\test\java\org\junit\experimental\categories\JavadocTest.java
C:\Users\syuuj\gitProject\junit4\src\test\java\org\junit\experimental\categories\MultiCategoryTest.java
C:\Users\syuuj\gitProject\junit4\src\test\java\org\junit\internal\AllInternalTests.java
C:\Users\syuuj\gitProject\junit4\src\test\java\org\junit\internal\ArrayComparisonFailureTest.java
C:\Users\syuuj\gitProject\junit4\src\test\java\org\junit\internal\ChecksTest.java
C:\Users\syuuj\gitProject\junit4\src\test\java\org\junit\internal\MethodSorterTest.java
C:\Users\syuuj\gitProject\junit4\src\test\java\org\junit\internal\StackTracesTest.java
C:\Users\syuuj\gitProject\junit4\src\test\java\org\junit\internal\builders\AnnotatedBuilderTest.java
C:\Users\syuuj\gitProject\junit4\src\test\java\org\junit\internal\matchers\StacktracePrintingMatcherTest.java
C:\Users\syuuj\gitProject\junit4\src\test\java\org\junit\internal\matchers\ThrowableCauseMatcherTest.java
C:\Users\syuuj\gitProject\junit4\src\test\java\org\junit\internal\runners\ErrorReportingRunnerTest.java
C:\Users\syuuj\gitProject\junit4\src\test\java\org\junit\internal\runners\statements\ExpectExceptionTest.java
C:\Users\syuuj\gitProject\junit4\src\test\java\org\junit\internal\runners\statements\FailOnTimeoutTest.java
C:\Users\syuuj\gitProject\junit4\src\test\java\org\junit\rules\AllRulesTests.java
C:\Users\syuuj\gitProject\junit4\src\test\java\org\junit\rules\BlockJUnit4ClassRunnerOverrideTest.java
C:\Users\syuuj\gitProject\junit4\src\test\java\org\junit\rules\ClassRulesTest.java
C:\Users\syuuj\gitProject\junit4\src\test\java\org\junit\rules\DisableOnDebugTest.java
C:\Users\syuuj\gitProject\junit4\src\test\java\org\junit\rules\ErrorCollectorTest.java
C:\Users\syuuj\gitProject\junit4\src\test\java\org\junit\rules\EventCollector.java
C:\Users\syuuj\gitProject\junit4\src\test\java\org\junit\rules\ExpectedExceptionTest.java
C:\Users\syuuj\gitProject\junit4\src\test\java\org\junit\rules\ExternalResourceRuleTest.java
C:\Users\syuuj\gitProject\junit4\src\test\java\org\junit\rules\LoggingMethodRule.java
C:\Users\syuuj\gitProject\junit4\src\test\java\org\junit\rules\LoggingStatement.java
C:\Users\syuuj\gitProject\junit4\src\test\java\org\junit\rules\LoggingTestRule.java
C:\Users\syuuj\gitProject\junit4\src\test\java\org\junit\rules\LoggingTestWatcher.java
C:\Users\syuuj\gitProject\junit4\src\test\java\org\junit\rules\MethodRulesTest.java
C:\Users\syuuj\gitProject\junit4\src\test\java\org\junit\rules\NameRulesTest.java
C:\Users\syuuj\gitProject\junit4\src\test\java\org\junit\rules\RuleChainTest.java
C:\Users\syuuj\gitProject\junit4\src\test\java\org\junit\rules\RuleMemberValidatorTest.java
C:\Users\syuuj\gitProject\junit4\src\test\java\org\junit\rules\StopwatchTest.java
C:\Users\syuuj\gitProject\junit4\src\test\java\org\junit\rules\TempFolderRuleTest.java
C:\Users\syuuj\gitProject\junit4\src\test\java\org\junit\rules\TemporaryFolderRuleAssuredDeletionTest.java
C:\Users\syuuj\gitProject\junit4\src\test\java\org\junit\rules\TemporaryFolderUsageTest.java
C:\Users\syuuj\gitProject\junit4\src\test\java\org\junit\rules\TestRuleTest.java
C:\Users\syuuj\gitProject\junit4\src\test\java\org\junit\rules\TestWatcherTest.java
C:\Users\syuuj\gitProject\junit4\src\test\java\org\junit\rules\TestWatchmanTest.java
C:\Users\syuuj\gitProject\junit4\src\test\java\org\junit\rules\TimeoutRuleTest.java
C:\Users\syuuj\gitProject\junit4\src\test\java\org\junit\rules\VerifierRuleTest.java
C:\Users\syuuj\gitProject\junit4\src\test\java\org\junit\runner\AllRunnerTests.java
C:\Users\syuuj\gitProject\junit4\src\test\java\org\junit\runner\FilterFactoriesTest.java
C:\Users\syuuj\gitProject\junit4\src\test\java\org\junit\runner\FilterOptionIntegrationTest.java
C:\Users\syuuj\gitProject\junit4\src\test\java\org\junit\runner\JUnitCommandLineParseResultTest.java
C:\Users\syuuj\gitProject\junit4\src\test\java\org\junit\runner\JUnitCoreTest.java
C:\Users\syuuj\gitProject\junit4\src\test\java\org\junit\runner\OrderWithValidatorTest.java
C:\Users\syuuj\gitProject\junit4\src\test\java\org\junit\runner\RequestTest.java
C:\Users\syuuj\gitProject\junit4\src\test\java\org\junit\runner\RunnerSpy.java
C:\Users\syuuj\gitProject\junit4\src\test\java\org\junit\runner\notification\AllNotificationTests.java
C:\Users\syuuj\gitProject\junit4\src\test\java\org\junit\runner\notification\ConcurrentRunNotifierTest.java
C:\Users\syuuj\gitProject\junit4\src\test\java\org\junit\runner\notification\RunNotifierTest.java
C:\Users\syuuj\gitProject\junit4\src\test\java\org\junit\runner\notification\SynchronizedRunListenerTest.java
C:\Users\syuuj\gitProject\junit4\src\test\java\org\junit\runners\AllRunnersTests.java
C:\Users\syuuj\gitProject\junit4\src\test\java\org\junit\runners\CustomBlockJUnit4ClassRunnerTest.java
C:\Users\syuuj\gitProject\junit4\src\test\java\org\junit\runners\RuleContainerTest.java
C:\Users\syuuj\gitProject\junit4\src\test\java\org\junit\runners\model\AllModelTests.java
C:\Users\syuuj\gitProject\junit4\src\test\java\org\junit\runners\model\FrameworkFieldTest.java
C:\Users\syuuj\gitProject\junit4\src\test\java\org\junit\runners\model\FrameworkMethodTest.java
C:\Users\syuuj\gitProject\junit4\src\test\java\org\junit\runners\model\InvalidTestClassErrorTest.java
C:\Users\syuuj\gitProject\junit4\src\test\java\org\junit\runners\model\RunnerBuilderStub.java
C:\Users\syuuj\gitProject\junit4\src\test\java\org\junit\runners\model\TestClassTest.java
C:\Users\syuuj\gitProject\junit4\src\test\java\org\junit\runners\parameterized\AllParameterizedTests.java
C:\Users\syuuj\gitProject\junit4\src\test\java\org\junit\runners\parameterized\BlockJUnit4ClassRunnerWithParametersTest.java
C:\Users\syuuj\gitProject\junit4\src\test\java\org\junit\runners\parameterized\ParameterizedNamesTest.java
C:\Users\syuuj\gitProject\junit4\src\test\java\org\junit\runners\parameterized\TestWithParametersTest.java
C:\Users\syuuj\gitProject\junit4\src\test\java\org\junit\samples\AllSamplesTests.java
C:\Users\syuuj\gitProject\junit4\src\test\java\org\junit\samples\ListTest.java
C:\Users\syuuj\gitProject\junit4\src\test\java\org\junit\samples\SimpleTest.java
C:\Users\syuuj\gitProject\junit4\src\test\java\org\junit\samples\money\MoneyTest.java
C:\Users\syuuj\gitProject\junit4\src\test\java\org\junit\tests\AllTests.java
C:\Users\syuuj\gitProject\junit4\src\test\java\org\junit\tests\ObjectContractTest.java
C:\Users\syuuj\gitProject\junit4\src\test\java\org\junit\tests\SampleJUnit4Tests.java
C:\Users\syuuj\gitProject\junit4\src\test\java\org\junit\tests\TestSystem.java
C:\Users\syuuj\gitProject\junit4\src\test\java\org\junit\tests\assertion\AllAssertionTests.java
C:\Users\syuuj\gitProject\junit4\src\test\java\org\junit\tests\assertion\AssertionTest.java
C:\Users\syuuj\gitProject\junit4\src\test\java\org\junit\tests\assertion\ComparisonFailureTest.java
C:\Users\syuuj\gitProject\junit4\src\test\java\org\junit\tests\assertion\MultipleFailureExceptionTest.java
C:\Users\syuuj\gitProject\junit4\src\test\java\org\junit\tests\deprecated\AllDeprecatedTests.java
C:\Users\syuuj\gitProject\junit4\src\test\java\org\junit\tests\deprecated\JUnit4ClassRunnerTest.java
C:\Users\syuuj\gitProject\junit4\src\test\java\org\junit\tests\description\AllDescriptionTests.java
C:\Users\syuuj\gitProject\junit4\src\test\java\org\junit\tests\description\AnnotatedDescriptionTest.java
C:\Users\syuuj\gitProject\junit4\src\test\java\org\junit\tests\description\SuiteDescriptionTest.java
C:\Users\syuuj\gitProject\junit4\src\test\java\org\junit\tests\description\TestDescriptionMethodNameTest.java
C:\Users\syuuj\gitProject\junit4\src\test\java\org\junit\tests\description\TestDescriptionTest.java
C:\Users\syuuj\gitProject\junit4\src\test\java\org\junit\tests\experimental\AllExperimentalTests.java
C:\Users\syuuj\gitProject\junit4\src\test\java\org\junit\tests\experimental\AssumptionTest.java
C:\Users\syuuj\gitProject\junit4\src\test\java\org\junit\tests\experimental\MatcherTest.java
C:\Users\syuuj\gitProject\junit4\src\test\java\org\junit\tests\experimental\max\AllMaxTests.java
C:\Users\syuuj\gitProject\junit4\src\test\java\org\junit\tests\experimental\max\DescriptionTest.java
C:\Users\syuuj\gitProject\junit4\src\test\java\org\junit\tests\experimental\max\JUnit38SortingTest.java
C:\Users\syuuj\gitProject\junit4\src\test\java\org\junit\tests\experimental\max\MaxStarterTest.java
C:\Users\syuuj\gitProject\junit4\src\test\java\org\junit\tests\experimental\parallel\AllParallelTests.java
C:\Users\syuuj\gitProject\junit4\src\test\java\org\junit\tests\experimental\parallel\ParallelClassTest.java
C:\Users\syuuj\gitProject\junit4\src\test\java\org\junit\tests\experimental\parallel\ParallelMethodTest.java
C:\Users\syuuj\gitProject\junit4\src\test\java\org\junit\tests\experimental\results\AllResultsTests.java
C:\Users\syuuj\gitProject\junit4\src\test\java\org\junit\tests\experimental\results\PrintableResultTest.java
C:\Users\syuuj\gitProject\junit4\src\test\java\org\junit\tests\experimental\results\ResultMatchersTest.java
C:\Users\syuuj\gitProject\junit4\src\test\java\org\junit\tests\experimental\theories\AllTheoriesTests.java
C:\Users\syuuj\gitProject\junit4\src\test\java\org\junit\tests\experimental\theories\AssumingInTheoriesTest.java
C:\Users\syuuj\gitProject\junit4\src\test\java\org\junit\tests\experimental\theories\ParameterSignatureTest.java
C:\Users\syuuj\gitProject\junit4\src\test\java\org\junit\tests\experimental\theories\PotentialAssignmentTest.java
C:\Users\syuuj\gitProject\junit4\src\test\java\org\junit\tests\experimental\theories\TestedOnSupplierTest.java
C:\Users\syuuj\gitProject\junit4\src\test\java\org\junit\tests\experimental\theories\TheoryTestUtils.java
C:\Users\syuuj\gitProject\junit4\src\test\java\org\junit\tests\experimental\theories\extendingwithstubs\Correspondent.java
C:\Users\syuuj\gitProject\junit4\src\test\java\org\junit\tests\experimental\theories\extendingwithstubs\Guesser.java
C:\Users\syuuj\gitProject\junit4\src\test\java\org\junit\tests\experimental\theories\extendingwithstubs\GuesserQueue.java
C:\Users\syuuj\gitProject\junit4\src\test\java\org\junit\tests\experimental\theories\extendingwithstubs\MethodCall.java
C:\Users\syuuj\gitProject\junit4\src\test\java\org\junit\tests\experimental\theories\extendingwithstubs\ReguessableValue.java
C:\Users\syuuj\gitProject\junit4\src\test\java\org\junit\tests\experimental\theories\extendingwithstubs\StringableObject.java
C:\Users\syuuj\gitProject\junit4\src\test\java\org\junit\tests\experimental\theories\extendingwithstubs\Stub.java
C:\Users\syuuj\gitProject\junit4\src\test\java\org\junit\tests\experimental\theories\extendingwithstubs\StubbedTheories.java
C:\Users\syuuj\gitProject\junit4\src\test\java\org\junit\tests\experimental\theories\extendingwithstubs\StubbedTheoriesTest.java
C:\Users\syuuj\gitProject\junit4\src\test\java\org\junit\tests\experimental\theories\internal\AllMembersSupplierTest.java
C:\Users\syuuj\gitProject\junit4\src\test\java\org\junit\tests\experimental\theories\internal\AllTheoriesInternalTests.java
C:\Users\syuuj\gitProject\junit4\src\test\java\org\junit\tests\experimental\theories\internal\ParameterizedAssertionErrorTest.java
C:\Users\syuuj\gitProject\junit4\src\test\java\org\junit\tests\experimental\theories\internal\SpecificDataPointsSupplierTest.java
C:\Users\syuuj\gitProject\junit4\src\test\java\org\junit\tests\experimental\theories\runner\AllTheoriesRunnerTests.java
C:\Users\syuuj\gitProject\junit4\src\test\java\org\junit\tests\experimental\theories\runner\FailingDataPointMethods.java
C:\Users\syuuj\gitProject\junit4\src\test\java\org\junit\tests\experimental\theories\runner\SuccessfulWithDataPointFields.java
C:\Users\syuuj\gitProject\junit4\src\test\java\org\junit\tests\experimental\theories\runner\TheoriesPerformanceTest.java
C:\Users\syuuj\gitProject\junit4\src\test\java\org\junit\tests\experimental\theories\runner\TypeMatchingBetweenMultiDataPointsMethod.java
C:\Users\syuuj\gitProject\junit4\src\test\java\org\junit\tests\experimental\theories\runner\UnsuccessfulWithDataPointFields.java
C:\Users\syuuj\gitProject\junit4\src\test\java\org\junit\tests\experimental\theories\runner\WhenNoParametersMatch.java
C:\Users\syuuj\gitProject\junit4\src\test\java\org\junit\tests\experimental\theories\runner\WithAutoGeneratedDataPoints.java
C:\Users\syuuj\gitProject\junit4\src\test\java\org\junit\tests\experimental\theories\runner\WithDataPointMethod.java
C:\Users\syuuj\gitProject\junit4\src\test\java\org\junit\tests\experimental\theories\runner\WithExtendedParameterSources.java
C:\Users\syuuj\gitProject\junit4\src\test\java\org\junit\tests\experimental\theories\runner\WithNamedDataPoints.java
C:\Users\syuuj\gitProject\junit4\src\test\java\org\junit\tests\experimental\theories\runner\WithOnlyTestAnnotations.java
C:\Users\syuuj\gitProject\junit4\src\test\java\org\junit\tests\experimental\theories\runner\WithParameterSupplier.java
C:\Users\syuuj\gitProject\junit4\src\test\java\org\junit\tests\experimental\theories\runner\WithUnresolvedGenericTypeVariablesOnTheoryParms.java
C:\Users\syuuj\gitProject\junit4\src\test\java\org\junit\tests\junit3compatibility\AllJUnit3CompatibilityTests.java
C:\Users\syuuj\gitProject\junit4\src\test\java\org\junit\tests\junit3compatibility\AllTestsTest.java
C:\Users\syuuj\gitProject\junit4\src\test\java\org\junit\tests\junit3compatibility\ClassRequestTest.java
C:\Users\syuuj\gitProject\junit4\src\test\java\org\junit\tests\junit3compatibility\ForwardCompatibilityPrintingTest.java
C:\Users\syuuj\gitProject\junit4\src\test\java\org\junit\tests\junit3compatibility\ForwardCompatibilityTest.java
C:\Users\syuuj\gitProject\junit4\src\test\java\org\junit\tests\junit3compatibility\InitializationErrorForwardCompatibilityTest.java
C:\Users\syuuj\gitProject\junit4\src\test\java\org\junit\tests\junit3compatibility\JUnit38ClassRunnerTest.java
C:\Users\syuuj\gitProject\junit4\src\test\java\org\junit\tests\junit3compatibility\JUnit4TestAdapterTest.java
C:\Users\syuuj\gitProject\junit4\src\test\java\org\junit\tests\junit3compatibility\OldTestClassAdaptingListenerTest.java
C:\Users\syuuj\gitProject\junit4\src\test\java\org\junit\tests\junit3compatibility\OldTests.java
C:\Users\syuuj\gitProject\junit4\src\test\java\org\junit\tests\junit3compatibility\SuiteMethodTest.java
C:\Users\syuuj\gitProject\junit4\src\test\java\org\junit\tests\listening\AllListeningTests.java
C:\Users\syuuj\gitProject\junit4\src\test\java\org\junit\tests\listening\ListenerTest.java
C:\Users\syuuj\gitProject\junit4\src\test\java\org\junit\tests\listening\RunnerTest.java
C:\Users\syuuj\gitProject\junit4\src\test\java\org\junit\tests\listening\TestListenerTest.java
C:\Users\syuuj\gitProject\junit4\src\test\java\org\junit\tests\listening\TextListenerTest.java
C:\Users\syuuj\gitProject\junit4\src\test\java\org\junit\tests\listening\UserStopTest.java
C:\Users\syuuj\gitProject\junit4\src\test\java\org\junit\tests\manipulation\AllManipulationTests.java
C:\Users\syuuj\gitProject\junit4\src\test\java\org\junit\tests\manipulation\AlphanumericOrdering.java
C:\Users\syuuj\gitProject\junit4\src\test\java\org\junit\tests\manipulation\ComparatorBasedOrdering.java
C:\Users\syuuj\gitProject\junit4\src\test\java\org\junit\tests\manipulation\Comparators.java
C:\Users\syuuj\gitProject\junit4\src\test\java\org\junit\tests\manipulation\FilterableTest.java
C:\Users\syuuj\gitProject\junit4\src\test\java\org\junit\tests\manipulation\FilterTest.java
C:\Users\syuuj\gitProject\junit4\src\test\java\org\junit\tests\manipulation\OrderableTest.java
C:\Users\syuuj\gitProject\junit4\src\test\java\org\junit\tests\manipulation\OrderWithTest.java
C:\Users\syuuj\gitProject\junit4\src\test\java\org\junit\tests\manipulation\ReverseAlphanumericOrdering.java
C:\Users\syuuj\gitProject\junit4\src\test\java\org\junit\tests\manipulation\ReverseAlphanumericSorter.java
C:\Users\syuuj\gitProject\junit4\src\test\java\org\junit\tests\manipulation\SingleMethodTest.java
C:\Users\syuuj\gitProject\junit4\src\test\java\org\junit\tests\manipulation\SortableTest.java
C:\Users\syuuj\gitProject\junit4\src\test\java\org\junit\tests\running\AllRunningTests.java
C:\Users\syuuj\gitProject\junit4\src\test\java\org\junit\tests\running\classes\AllClassesTests.java
C:\Users\syuuj\gitProject\junit4\src\test\java\org\junit\tests\running\classes\BlockJUnit4ClassRunnerTest.java
C:\Users\syuuj\gitProject\junit4\src\test\java\org\junit\tests\running\classes\ClassLevelMethodsWithIgnoredTestsTest.java
C:\Users\syuuj\gitProject\junit4\src\test\java\org\junit\tests\running\classes\EnclosedTest.java
C:\Users\syuuj\gitProject\junit4\src\test\java\org\junit\tests\running\classes\IgnoreClassTest.java
C:\Users\syuuj\gitProject\junit4\src\test\java\org\junit\tests\running\classes\ParameterizedTestTest.java
C:\Users\syuuj\gitProject\junit4\src\test\java\org\junit\tests\running\classes\ParentRunnerFilteringTest.java
C:\Users\syuuj\gitProject\junit4\src\test\java\org\junit\tests\running\classes\ParentRunnerTest.java
C:\Users\syuuj\gitProject\junit4\src\test\java\org\junit\tests\running\classes\RunWithTest.java
C:\Users\syuuj\gitProject\junit4\src\test\java\org\junit\tests\running\classes\SuiteTest.java
C:\Users\syuuj\gitProject\junit4\src\test\java\org\junit\tests\running\classes\ThreadsTest.java
C:\Users\syuuj\gitProject\junit4\src\test\java\org\junit\tests\running\classes\UseSuiteAsASuperclassTest.java
C:\Users\syuuj\gitProject\junit4\src\test\java\org\junit\tests\running\classes\parent\ParentRunnerClassLoaderTest.java
C:\Users\syuuj\gitProject\junit4\src\test\java\org\junit\tests\running\classes\parent\TestWithClassRule.java
C:\Users\syuuj\gitProject\junit4\src\test\java\org\junit\tests\running\core\AllCoreTests.java
C:\Users\syuuj\gitProject\junit4\src\test\java\org\junit\tests\running\core\CommandLineTest.java
C:\Users\syuuj\gitProject\junit4\src\test\java\org\junit\tests\running\core\JUnitCoreReturnsCorrectExitCodeTest.java
C:\Users\syuuj\gitProject\junit4\src\test\java\org\junit\tests\running\core\MainRunner.java
C:\Users\syuuj\gitProject\junit4\src\test\java\org\junit\tests\running\core\SystemExitTest.java
C:\Users\syuuj\gitProject\junit4\src\test\java\org\junit\tests\running\methods\AllMethodsTests.java
C:\Users\syuuj\gitProject\junit4\src\test\java\org\junit\tests\running\methods\AnnotationTest.java
C:\Users\syuuj\gitProject\junit4\src\test\java\org\junit\tests\running\methods\ExpectedTest.java
C:\Users\syuuj\gitProject\junit4\src\test\java\org\junit\tests\running\methods\InheritedTestTest.java
C:\Users\syuuj\gitProject\junit4\src\test\java\org\junit\tests\running\methods\ParameterizedTestMethodTest.java
C:\Users\syuuj\gitProject\junit4\src\test\java\org\junit\tests\running\methods\TestMethodTest.java
C:\Users\syuuj\gitProject\junit4\src\test\java\org\junit\tests\running\methods\TimeoutTest.java
C:\Users\syuuj\gitProject\junit4\src\test\java\org\junit\tests\validation\AllValidationTests.java
C:\Users\syuuj\gitProject\junit4\src\test\java\org\junit\tests\validation\BadlyFormedClassesTest.java
C:\Users\syuuj\gitProject\junit4\src\test\java\org\junit\tests\validation\FailedConstructionTest.java
C:\Users\syuuj\gitProject\junit4\src\test\java\org\junit\tests\validation\ValidationTest.java
C:\Users\syuuj\gitProject\junit4\src\test\java\org\junit\tests\validation\anotherpackage\Sub.java
C:\Users\syuuj\gitProject\junit4\src\test\java\org\junit\tests\validation\anotherpackage\Super.java
C:\Users\syuuj\gitProject\junit4\src\test\java\org\junit\validator\AllValidatorTests.java
C:\Users\syuuj\gitProject\junit4\src\test\java\org\junit\validator\AnnotationsValidatorTest.java
C:\Users\syuuj\gitProject\junit4\src\test\java\org\junit\validator\AnnotationValidatorFactoryTest.java
C:\Users\syuuj\gitProject\junit4\src\test\java\org\junit\validator\PublicClassValidatorTest.java

